Log file open, 03/13/17 22:20:16
LogInit:Display: Running engine for game: DestinyRedux
LogPlatformFile: Not using cached read wrapper
LogInit:Display: RandInit(-213842264) SRandInit(-213842264).
LogTaskGraph: Started task graph with 5 named threads and 8 total threads with 1 sets of task threads.
LogStats: Stats thread started at 0.247338
LogInit: Using libcurl 7.47.1
LogInit:  - built for x86_64-pc-win32
LogInit:  - supports SSL with OpenSSL/1.0.2g
LogInit:  - supports HTTP deflate (compression) using libz 1.2.8
LogInit:  - other features:
LogInit:      CURL_VERSION_SSL
LogInit:      CURL_VERSION_LIBZ
LogInit:      CURL_VERSION_IPV6
LogInit:      CURL_VERSION_ASYNCHDNS
LogInit:      CURL_VERSION_LARGEFILE
LogInit:      CURL_VERSION_IDN
LogInit:  CurlRequestOptions (configurable via config and command line):
LogInit:  - bVerifyPeer = false  - Libcurl will NOT verify peer certificate
LogInit:  - bUseHttpProxy = false  - Libcurl will NOT use HTTP proxy
LogInit:  - bDontReuseConnections = false  - Libcurl will reuse connections
LogInit:  - CertBundlePath = nullptr  - Libcurl will use whatever was configured at build time.
LogInit: WinSock: version 1.1 (2.2), MaxSocks=32767, MaxUdp=65467
LogInit: Build: ++UE4+Release-4.15-CL-3299760
LogInit: Engine Version: 4.15.0-3299760+++UE4+Release-4.15
LogInit: Compatible Engine Version: 4.15.0-3299760+++UE4+Release-4.15
LogInit: Net CL: 3299760
LogDevObjectVersion: Number of dev versions registered: 14
LogDevObjectVersion:   Dev-Blueprints (B0D832E4-1F89-4F0D-ACCF-7EB736FD4AA2): 8
LogDevObjectVersion:   Dev-Build (E1C64328-A22C-4D53-A36C-8E866417BD8C): 0
LogDevObjectVersion:   Dev-Core (375EC13C-06E4-48FB-B500-84F0262A717E): 2
LogDevObjectVersion:   Dev-Editor (E4B068ED-F494-42E9-A231-DA0B2E46BB41): 14
LogDevObjectVersion:   Dev-Framework (CFFC743F-43B0-4480-9391-14DF171D2073): 22
LogDevObjectVersion:   Dev-Mobile (B02B49B5-BB20-44E9-A304-32B752E40360): 0
LogDevObjectVersion:   Dev-Networking (A4E4105C-59A1-49B5-A7C5-40C4547EDFEE): 0
LogDevObjectVersion:   Dev-Online (39C831C9-5AE6-47DC-9A44-9C173E1C8E7C): 0
LogDevObjectVersion:   Dev-Physics (78F01B33-EBEA-4F98-B9B4-84EACCB95AA2): 0
LogDevObjectVersion:   Dev-Platform (6631380F-2D4D-43E0-8009-CF276956A95A): 0
LogDevObjectVersion:   Dev-Rendering (12F88B9F-8875-4AFC-A67C-D90C383ABD29): 12
LogDevObjectVersion:   Dev-Sequencer (7B5AE74C-D270-4C10-A958-57980B212A5A): 3
LogDevObjectVersion:   Dev-VR (D7296918-1DD6-4BDD-9DE2-64A83CC13884): 0
LogDevObjectVersion:   Dev-LoadTimes (C2A15278-BFE7-4AFE-6C17-90FF531DF755): 1
LogInit: Compiled (64-bit): Feb 14 2017 02:04:14
LogInit: Compiled with Visual C++: 19.00.23026.00
LogInit: Build Configuration: Development
LogInit: Branch Name: ++UE4+Release-4.15
LogInit: Command line:  
LogInit: Base directory: C:/Program Files/Epic Games/UE_4.15/Engine/Binaries/Win64/
LogInit: Installed Engine Build: 1
LogInit: Presizing for max 8388607 objects, including 0 objects not considered by GC, pre-allocating 0 bytes for permanent pool.
LogInit: Object subsystem initialized
[2017.03.14-05.20.17:803][  0]LogInit: Selected Device Profile: [Windows]
[2017.03.14-05.20.17:803][  0]LogInit: Applying CVar settings loaded from the selected device profile: [Windows]
[2017.03.14-05.20.17:871][  0]LogInit: Computer: CLU
[2017.03.14-05.20.17:871][  0]LogInit: User: Steven4K
[2017.03.14-05.20.17:871][  0]LogInit: CPU Page size=65536, Cores=4
[2017.03.14-05.20.17:871][  0]LogInit: High frequency timer resolution =3.914068 MHz
[2017.03.14-05.20.17:871][  0]LogMemory: Memory total: Physical=16.0GB (16GB approx)
[2017.03.14-05.20.17:871][  0]LogMemory: Platform Memory Stats for Windows
[2017.03.14-05.20.17:871][  0]LogMemory: Process Physical Memory: 265.21 MB used, 265.21 MB peak
[2017.03.14-05.20.17:871][  0]LogMemory: Process Virtual Memory: 262.71 MB used, 262.71 MB peak
[2017.03.14-05.20.17:871][  0]LogMemory: Physical Memory: 5006.33 MB used,  11326.78 MB free, 16333.11 MB total
[2017.03.14-05.20.17:871][  0]LogMemory: Virtual Memory: 646.07 MB used,  11326.78 MB free, 134217728.00 MB total
[2017.03.14-05.20.18:309][  0]LogTextLocalizationManager: No specific translations for ('en-US') exist, so ('en') translations will be used.
[2017.03.14-05.20.21:282][  0]LogD3D11RHI: D3D11 adapters:
[2017.03.14-05.20.21:308][  0]LogD3D11RHI:    0. 'NVIDIA GeForce GTX 1080' (Feature Level 11_0)
[2017.03.14-05.20.21:308][  0]LogD3D11RHI:       8110/0/8166 MB DedicatedVideo/DedicatedSystem/SharedSystem, Outputs:1, VendorId:0x10de
[2017.03.14-05.20.21:309][  0]LogD3D11RHI:    1. 'Microsoft Basic Render Driver' (Feature Level 11_0)
[2017.03.14-05.20.21:309][  0]LogD3D11RHI:       0/0/8166 MB DedicatedVideo/DedicatedSystem/SharedSystem, Outputs:0, VendorId:0x1414
[2017.03.14-05.20.21:309][  0]LogD3D11RHI: Chosen D3D11 Adapter: 0
[2017.03.14-05.20.21:312][  0]LogD3D11RHI: Creating new Direct3DDevice
[2017.03.14-05.20.21:312][  0]LogD3D11RHI:     GPU DeviceId: 0x1b80 (for the marketing name, search the web for "GPU Device Id")
[2017.03.14-05.20.21:312][  0]LogWindows: EnumDisplayDevices:
[2017.03.14-05.20.21:312][  0]LogWindows:    0. 'NVIDIA GeForce GTX 1080' (P:0 D:0)
[2017.03.14-05.20.21:312][  0]LogWindows:    1. 'NVIDIA GeForce GTX 1080' (P:1 D:1)
[2017.03.14-05.20.21:312][  0]LogWindows:    2. 'NVIDIA GeForce GTX 1080' (P:0 D:0)
[2017.03.14-05.20.21:312][  0]LogWindows:    3. 'NVIDIA GeForce GTX 1080' (P:0 D:0)
[2017.03.14-05.20.21:312][  0]LogWindows: DebugString: FoundDriverCount:4 
[2017.03.14-05.20.21:312][  0]LogD3D11RHI:     Adapter Name: NVIDIA GeForce GTX 1080
[2017.03.14-05.20.21:312][  0]LogD3D11RHI:   Driver Version: 378.66 (internal:21.21.13.7866, unified:378.66)
[2017.03.14-05.20.21:312][  0]LogD3D11RHI:      Driver Date: 2-9-2017
[2017.03.14-05.20.21:312][  0]LogRHI: Texture pool is 1361 MB (70% of 1945 MB)
[2017.03.14-05.20.21:322][  0]LogD3D11RHI: Async texture creation enabled
[2017.03.14-05.20.21:331][  0]LogD3D11RHI: GPU Timing Frequency: 1000.000000 (Debug: 2 1)
[2017.03.14-05.20.21:379][  0]LogShaderCompilers: Guid format shader working directory is -15 characters bigger than the processId version (../../../../../../Users/Steven4K/Desktop/ReDestiny/DestinyRedux/Intermediate/Shaders/WorkingDirectory/10636/).
[2017.03.14-05.20.21:379][  0]LogShaderCompilers: Cleaned the shader compiler working directory 'C:/Users/Steven4K/AppData/Local/Temp/UnrealShaderWorkingDir/B57056F54DD0797AF4E80C8F4EDD38B1/'.
[2017.03.14-05.20.21:379][  0]LogShaderCompilers:Display: Using Local Shader Compiler.
[2017.03.14-05.20.24:546][  0]LogTemp:Display: Loaded TP AllDesktopTargetPlatform
[2017.03.14-05.20.24:587][  0]LogTemp:Display: Loaded TP MacClientTargetPlatform
[2017.03.14-05.20.24:629][  0]LogTemp:Display: Loaded TP MacNoEditorTargetPlatform
[2017.03.14-05.20.24:671][  0]LogTemp:Display: Loaded TP MacServerTargetPlatform
[2017.03.14-05.20.24:731][  0]LogTemp:Display: Loaded TP MacTargetPlatform
[2017.03.14-05.20.24:773][  0]LogTemp:Display: Loaded TP WindowsClientTargetPlatform
[2017.03.14-05.20.24:815][  0]LogTemp:Display: Loaded TP WindowsNoEditorTargetPlatform
[2017.03.14-05.20.24:857][  0]LogTemp:Display: Loaded TP WindowsServerTargetPlatform
[2017.03.14-05.20.24:892][  0]LogTemp:Display: Loaded TP WindowsTargetPlatform
[2017.03.14-05.20.24:967][  0]LogTemp:Display: Loaded TP AndroidTargetPlatform
[2017.03.14-05.20.25:008][  0]LogTemp:Display: Loaded TP Android_ASTCTargetPlatform
[2017.03.14-05.20.25:047][  0]LogTemp:Display: Loaded TP Android_ATCTargetPlatform
[2017.03.14-05.20.25:089][  0]LogTemp:Display: Loaded TP Android_DXTTargetPlatform
[2017.03.14-05.20.25:129][  0]LogTemp:Display: Loaded TP Android_ETC1TargetPlatform
[2017.03.14-05.20.25:169][  0]LogTemp:Display: Loaded TP Android_ETC2TargetPlatform
[2017.03.14-05.20.25:254][  0]LogTemp:Display: Loaded TP Android_MultiTargetPlatform
[2017.03.14-05.20.25:254][  0]LogTemp:Display: Loaded TP Android_PVRTCTargetPlatform
[2017.03.14-05.20.25:282][  0]LogTemp:Display: Loaded TP HTML5TargetPlatform
[2017.03.14-05.20.25:437][  0]LogTemp:Display: Loaded TP IOSTargetPlatform
[2017.03.14-05.20.25:463][  0]LogTemp:Display: Loaded TP TVOSTargetPlatform
[2017.03.14-05.20.25:503][  0]LogTemp:Display: Loaded TP LinuxClientTargetPlatform
[2017.03.14-05.20.25:542][  0]LogTemp:Display: Loaded TP LinuxNoEditorTargetPlatform
[2017.03.14-05.20.25:582][  0]LogTemp:Display: Loaded TP LinuxServerTargetPlatform
[2017.03.14-05.20.25:639][  0]LogTemp:Display: Loaded TP LinuxTargetPlatform
[2017.03.14-05.20.25:639][  0]LogTargetPlatformManager:Display: Building Assets For Windows
[2017.03.14-05.20.26:615][  0]LogDerivedDataCache:Display: Max Cache Size: 512 MB
[2017.03.14-05.20.27:060][  0]LogDerivedDataCache: Loaded boot cache 0.44s 50MB C:/Users/Steven4K/AppData/Local/UnrealEngine/4.15/DerivedDataCache/Boot.ddc.
[2017.03.14-05.20.27:060][  0]LogDerivedDataCache:Display: Loaded Boot cache: C:/Users/Steven4K/AppData/Local/UnrealEngine/4.15/DerivedDataCache/Boot.ddc
[2017.03.14-05.20.27:060][  0]LogDerivedDataCache: FDerivedDataBackendGraph:  Pak pak cache file ../../../../../../Users/Steven4K/Desktop/ReDestiny/DestinyRedux/DerivedDataCache/DDC.ddp not found, will not use a pak cache.
[2017.03.14-05.20.27:060][  0]LogDerivedDataCache: Unable to find inner node Pak for hierarchical cache Hierarchy.
[2017.03.14-05.20.27:060][  0]LogDerivedDataCache: FDerivedDataBackendGraph:  CompressedPak pak cache file ../../../../../../Users/Steven4K/Desktop/ReDestiny/DestinyRedux/DerivedDataCache/Compressed.ddp not found, will not use a pak cache.
[2017.03.14-05.20.27:060][  0]LogDerivedDataCache: Unable to find inner node CompressedPak for hierarchical cache Hierarchy.
[2017.03.14-05.20.27:117][  0]LogDerivedDataCache:Display: Pak cache opened for reading ../../../Engine/DerivedDataCache/Compressed.ddp.
[2017.03.14-05.20.27:129][  0]LogDerivedDataCache: Using Local data cache path C:/Users/Steven4K/AppData/Local/UnrealEngine/Common/DerivedDataCache: Writable
[2017.03.14-05.20.27:135][  0]LogSlate: Using Freetype 2.6.0
[2017.03.14-05.20.27:185][  0]LogSlate: SlateFontCache - WITH_FREETYPE: 1, WITH_HARFBUZZ: 1
[2017.03.14-05.20.27:185][  0]LogSlate: SlateFontCache - WITH_FREETYPE: 1, WITH_HARFBUZZ: 1
[2017.03.14-05.20.32:959][  0]LogInit: Selected Device Profile: [Windows]
[2017.03.14-05.20.32:961][  0]LogContentStreaming: Texture pool size is 0.00 MB
[2017.03.14-05.20.33:223][  0]LogMeshUtilities: Using QuadricMeshReduction for automatic static mesh reduction
[2017.03.14-05.20.33:272][  0]LogSimplygon: Simplygon DLL not present - disabling.
[2017.03.14-05.20.33:310][  0]LogMeshUtilities: Using SimplygonSwarm for distributed automatic mesh merging
[2017.03.14-05.20.33:310][  0]LogMeshUtilities: No automatic skeletal mesh reduction module available
[2017.03.14-05.20.33:310][  0]LogMeshUtilities: No automatic mesh merging module available
[2017.03.14-05.20.36:659][  0]LogNetVersion: GetLocalNetworkVersion: CL: 3299760, ProjectName: destinyredux, ProjectVersion: , EngineNetworkVersion: 2, GameNetworkVersion: 0, NetworkChecksum: 2158004914
[2017.03.14-05.20.36:699][  0]LogAssetRegistry: FAssetRegistry took 0.0214 seconds to start up
[2017.03.14-05.20.36:777][  0]LogPackageLocalizationCache: Processed 3 localized package path(s) for 2 prioritized culture(s) in 0.062447 seconds
[2017.03.14-05.20.36:781][  0]LogUObjectArray: 32476 objects as part of root set at end of initial load.
[2017.03.14-05.20.36:781][  0]LogUObjectAllocator: 7073592 out of 0 bytes used by permanent object pool.
[2017.03.14-05.20.36:781][  0]LogUObjectArray: CloseDisregardForGC: 0/0 objects in disregard for GC pool
[2017.03.14-05.20.58:627][  0]LogTcpMessaging: Initializing TcpMessaging bridge
[2017.03.14-05.20.58:661][  0]LogUdpMessaging: Initializing bridge on interface 0.0.0.0:0 to multicast group 230.0.0.1:6666.
[2017.03.14-05.20.59:562][  0]LogMaterial: Uniform references updated for custom material expression Custom.
[2017.03.14-05.21.00:120][  0]SourceControl: Info Source control is disabled
[2017.03.14-05.21.00:487][  0]SourceControl: Info Source control is disabled
[2017.03.14-05.21.00:527][  0]SourceControl: Info Source control is disabled
[2017.03.14-05.21.00:563][  0]SourceControl: Info Source control is disabled
[2017.03.14-05.21.01:871][  0]LogEngine: Initializing Engine...
[2017.03.14-05.21.02:511][  0]LogHMD: Failed to initialize OpenVR with code 108
[2017.03.14-05.21.04:210][  0]LogAIModule: Creating AISystem for world Untitled
[2017.03.14-05.21.04:227][  0]LogInit: XAudio2 using 'Speakers (High Definition Audio Device)' : 2 channels at 44.1 kHz using 16 bits per sample (channel mask 0x3)
[2017.03.14-05.21.04:237][  0]LogInit: FAudioDevice initialized.
[2017.03.14-05.21.04:263][  0]LogDerivedDataCache: Saved boot cache 0.03s 50MB C:/Users/Steven4K/AppData/Local/UnrealEngine/4.15/DerivedDataCache/Boot.ddc.
[2017.03.14-05.21.04:268][  0]LogInit: Texture streaming: Enabled
[2017.03.14-05.21.04:346][  0]LogEngineSessionManager: EngineSessionManager initialized
[2017.03.14-05.21.04:346][  0]LogEngineSessionManager: EngineSessionManager sent abnormal shutdown report. Type=AbnormalShutdown, SessionId={E655734F-4078-8809-5407-20AC4372BCF2}
[2017.03.14-05.21.04:415][  0]LogInit: Transaction tracking system initialized
[2017.03.14-05.21.04:678][  0]BlueprintLog: New page: Editor Load
[2017.03.14-05.21.05:384][  0]LocalizationService: Info Localization service is disabled
[2017.03.14-05.21.06:002][  0]LogConsoleResponse:Display: 
[2017.03.14-05.21.08:349][  0]LogCook:Display: Max memory allowance for cook 16384mb min free memory 0mb
[2017.03.14-05.21.08:349][  0]LogCook:Display: Mobile HDR setting 1
[2017.03.14-05.21.09:323][  0]LogFileCache: Scanning file cache for directory 'C:/Users/Steven4K/Desktop/ReDestiny/DestinyRedux/Content/' took 0.02s
[2017.03.14-05.21.09:896][  0]SourceControl: Info Source control is disabled
[2017.03.14-05.21.09:896][  0]Cmd: MAP LOAD FILE="../../../../../../Users/Steven4K/Desktop/ReDestiny/DestinyRedux/Content/ReDestiny/Maps/Level_ShipModular.umap" TEMPLATE=0 SHOWPROGRESS=1 FEATURELEVEL=3
[2017.03.14-05.21.09:896][  0]LightingResults: New page: Lighting Build
[2017.03.14-05.21.09:926][  0]MapCheck: New page: Map Check
[2017.03.14-05.21.09:926][  0]LightingResults: New page: Lighting Build
[2017.03.14-05.21.10:853][  0]LogStats: UGameplayTagsManager::ConstructGameplayTagTree: Construct from data asset -  0.000 s
[2017.03.14-05.21.10:853][  0]LogStats: UGameplayTagsManager::ConstructGameplayTagTree: ImportINI -  0.000 s
[2017.03.14-05.21.10:853][  0]LogStats: UGameplayTagsManager::ConstructGameplayTagTree: GameplayTagTreeChangedEvent.Broadcast -  0.000 s
[2017.03.14-05.21.11:868][  0]LogLinker: Can't find file '/Game/ReDestiny/Textures/ButtonIcons/XboxOne/XboxMainButton'
[2017.03.14-05.21.11:869][  0]LogLinker: Can't find file '/Game/ReDestiny/Textures/ButtonIcons/XboxOne/XboxMainButton'
[2017.03.14-05.21.13:853][  0]LogProperty:Error: UStructProperty::Serialize Loading: Property 'StructProperty /Game/ReDestiny/Widgets/CharacterSelect/CharSelect_SingleChar.CharSelect_SingleChar_C:SetNameplate.CallFunc_GetDataTableRowFromName_OutRow'. Unknown structure.
[2017.03.14-05.21.14:134][  0]LogProperty:Error: UStructProperty::Serialize Loading: Property 'StructProperty /Game/ReDestiny/Widgets/Kiosks/Collection_6Column.Collection_6Column_C:SetEachItem.CallFunc_GetDataTableRowFromName_OutRow'. Unknown structure.
[2017.03.14-05.21.23:084][  0]LogAIModule: Creating AISystem for world Level_ShipModular
[2017.03.14-05.21.23:138][  0]LogEditorServer: Finished looking for orphan Actors (0.000 secs)
[2017.03.14-05.21.23:139][  0]Cmd: MAP CHECKDEP NOCLEARLOG
[2017.03.14-05.21.23:198][  0]MapCheck: Info Map check complete: 0 Error(s), 0 Warning(s), took 58.797ms to complete.
[2017.03.14-05.21.23:198][  0]LogFileHelpers: Loading map 'Level_ShipModular' took 13.302
[2017.03.14-05.21.23:473][  0]LogCollectionManager: Loaded 0 collections in 0.001998 seconds
[2017.03.14-05.21.23:541][  0]LogFileCache: Scanning file cache for directory 'C:/Users/Steven4K/Desktop/ReDestiny/DestinyRedux/Saved/Collections/' took 0.01s
[2017.03.14-05.21.23:541][  0]LogFileCache: Scanning file cache for directory 'C:/Users/Steven4K/Desktop/ReDestiny/DestinyRedux/Content/Developers/Steven4K/Collections/' took 0.01s
[2017.03.14-05.21.23:541][  0]LogFileCache: Scanning file cache for directory 'C:/Users/Steven4K/Desktop/ReDestiny/DestinyRedux/Content/Collections/' took 0.01s
[2017.03.14-05.21.23:541][  0]LogCollectionManager: Rebuilt the GUID cache for 0 collections in 0.000001 seconds
[2017.03.14-05.21.23:548][  0]LogContentBrowser: Native class hierarchy populated in 0.0065 seconds. Added 2244 classes and 450 folders.
[2017.03.14-05.21.23:597][  0]LogContentBrowser: Native class hierarchy updated for 'WidgetCarousel' in 0.0004 seconds. Added 0 classes and 0 folders.
[2017.03.14-05.21.24:516][  0]LogContentBrowser: Native class hierarchy updated for 'AddContentDialog' in 0.0004 seconds. Added 0 classes and 0 folders.
[2017.03.14-05.21.24:551][  0]LogContentBrowser: Native class hierarchy updated for 'SceneOutliner' in 0.0004 seconds. Added 1 classes and 2 folders.
[2017.03.14-05.21.24:589][  0]LogCrashTracker: Crashtracker disabled due to settings.
[2017.03.14-05.21.24:596][  0]LogUObjectGlobals:Warning: Failed to find object 'Class None.'
[2017.03.14-05.21.24:652][  0]LogContentBrowser: Native class hierarchy updated for 'HierarchicalLODOutliner' in 0.0006 seconds. Added 1 classes and 2 folders.
[2017.03.14-05.21.24:653][  0]LogLoad: (Engine Initialization) Total time: 71.78 seconds
[2017.03.14-05.21.24:653][  0]LogLoad: (Engine Initialization) Total Blueprint compile time: 1.25 seconds
[2017.03.14-05.21.24:653][  0]LogExternalProfiler: Found external profiler: VSPerf
[2017.03.14-05.21.24:653][  0]LogExternalProfiler: Using external profiler: VSPerf
[2017.03.14-05.21.24:992][  0]LogOcInput: OculusInput pre-init called
[2017.03.14-05.21.25:011][  0]LogContentStreaming: Texture pool size now 1000 MB
[2017.03.14-05.21.25:041][  0]LogSlate: Took 0.029188 seconds to synchronously load lazily loaded font '../../../Engine/Content/Slate/Fonts/Roboto-Regular.ttf' (155K)
[2017.03.14-05.21.25:055][  0]LogSlate: Took 0.010922 seconds to synchronously load lazily loaded font '../../../Engine/Content/Slate/Fonts/Roboto-Bold.ttf' (160K)
[2017.03.14-05.21.25:070][  0]LogSlate: Took 0.011619 seconds to synchronously load lazily loaded font '../../../Engine/Content/Editor/Slate/Fonts/FontAwesome.ttf' (139K)
[2017.03.14-05.21.25:403][  0]LogSlate: Took 0.024221 seconds to synchronously load lazily loaded font '../../../Engine/Content/Slate/Fonts/Roboto-Light.ttf' (159K)
[2017.03.14-05.21.25:429][  1]LogRenderer: Reallocating scene render targets to support 1016x556 NumSamples 1 (Frame:2).
[2017.03.14-05.21.25:444][  1]LogAssetRegistry: Asset discovery search completed in 48.7658 seconds
[2017.03.14-05.21.25:444][  1]LogCollectionManager: Rebuilt the object cache for 0 collections in 0.000006 seconds (found 0 objects)
[2017.03.14-05.21.25:444][  1]LogCollectionManager: Fixed up redirectors for 0 collections in 0.000024 seconds (updated 0 objects)
[2017.03.14-05.21.26:104][  3]LogSlate: Took 0.000213 seconds to synchronously load lazily loaded font '../../../Engine/Content/Slate/Fonts/Roboto-Light.ttf' (159K)
[2017.03.14-05.21.36:867][914]LogSlate: Took 0.000104 seconds to synchronously load lazily loaded font '../../../Engine/Content/Slate/Fonts/Roboto-Light.ttf' (159K)
[2017.03.14-05.22.56:434][447]LogSavePackage: Save=3.74ms
[2017.03.14-05.22.56:434][447]LogSavePackage: Moving '../../../../../../Users/Steven4K/Desktop/ReDestiny/DestinyRedux/Saved/S_Nameplate9960CA104C2E45014D3DC9A95E114C7D.tmp' to '../../../../../../Users/Steven4K/Desktop/ReDestiny/DestinyRedux/Content/ReDestiny/Blueprints/Structures/S_Nameplate.uasset'
[2017.03.14-05.22.56:437][447]LogSavePackage:Display: Finished SavePackage ../../../../../../Users/Steven4K/Desktop/ReDestiny/DestinyRedux/Content/ReDestiny/Blueprints/Structures/S_Nameplate.uasset
[2017.03.14-05.22.59:885][849]LogSavePackage: Save=6.23ms
[2017.03.14-05.22.59:885][849]LogSavePackage: Moving '../../../../../../Users/Steven4K/Desktop/ReDestiny/DestinyRedux/Saved/DT_AllNameplates3638E47444B93994901996B17478450F.tmp' to '../../../../../../Users/Steven4K/Desktop/ReDestiny/DestinyRedux/Content/ReDestiny/Blueprints/DataTables/DT_AllNameplates.uasset'
[2017.03.14-05.22.59:887][849]LogSavePackage:Display: Finished SavePackage ../../../../../../Users/Steven4K/Desktop/ReDestiny/DestinyRedux/Content/ReDestiny/Blueprints/DataTables/DT_AllNameplates.uasset
[2017.03.14-05.26.03:800][283]LogFactory: FactoryCreateFile: CurveBase with ReimportCurveFactory (0 1 C:\Users\Steven4K\Downloads\ReDestiny_Nameplates - Sheet1.csv)
[2017.03.14-05.26.15:492][283]LogEnum:Warning: In asset 'None', there is an enum property of type 'E_EmblemGroup' with an invalid value of 'Unknown'
[2017.03.14-05.26.15:492][283]LogEnum:Warning: In asset 'None', there is an enum property of type 'E_Rarity' with an invalid value of 'Uncommon'
[2017.03.14-05.26.15:516][283]LogCSVImportFactory: Imported DataTable 'ReDestiny_Nameplates_-_Sheet1' - 0 Problems
[2017.03.14-05.30.04:586][842]LogEnum:Warning: In asset 'None', there is an enum property of type 'E_EmblemGroup' with an invalid value of 'Vendor'
[2017.03.14-05.30.04:586][842]LogEnum:Warning: In asset 'None', there is an enum property of type 'E_Rarity' with an invalid value of 'Uncommon'
[2017.03.14-05.30.04:586][842]LogCSVImportFactory: Imported DataTable 'ReDestiny_Nameplates_-_Sheet1' - 0 Problems
[2017.03.14-05.30.24:982][801]LogEnum:Warning: In asset 'None', there is an enum property of type 'E_EmblemGroup' with an invalid value of 'asdf'
[2017.03.14-05.30.24:982][801]LogEnum:Warning: In asset 'None', there is an enum property of type 'E_EmblemGroup' with an invalid value of 'asdf'
[2017.03.14-05.30.24:982][801]LogEnum:Warning: In asset 'None', there is an enum property of type 'E_Rarity' with an invalid value of 'Uncommon'
[2017.03.14-05.30.24:982][801]LogCSVImportFactory: Imported DataTable 'ReDestiny_Nameplates_-_Sheet1' - 0 Problems
[2017.03.14-05.32.21:450][828]LogFileHelpers: Editor autosave (incl. sublevels) for '/Game/ReDestiny/Maps/Level_ShipModular' took 0.068
[2017.03.14-05.32.21:451][828]OBJ SavePackage: Generating thumbnails for [0] asset(s) in package [/Game/ReDestiny/Widgets/Kiosks/Collection_6Column] ([1] browsable assets)...
[2017.03.14-05.32.21:451][828]OBJ SavePackage: Finished generating thumbnails for package [/Game/ReDestiny/Widgets/Kiosks/Collection_6Column]
[2017.03.14-05.32.21:525][828]LogSavePackage: Save=23.02ms
[2017.03.14-05.32.21:525][828]LogSavePackage: Moving '../../../../../../Users/Steven4K/Desktop/ReDestiny/DestinyRedux/Saved/Collection_6Column_Auto1F72F8B7E4647C178FA6200BFCAE82A8B.tmp' to '../../../../../../Users/Steven4K/Desktop/ReDestiny/DestinyRedux/Saved/Autosaves/Game/ReDestiny/Widgets/Kiosks/Collection_6Column_Auto1.uasset'
[2017.03.14-05.32.21:526][828]LogSavePackage:Display: Finished SavePackage ../../../../../../Users/Steven4K/Desktop/ReDestiny/DestinyRedux/Saved/Autosaves/Game/ReDestiny/Widgets/Kiosks/Collection_6Column_Auto1.uasset
[2017.03.14-05.32.21:527][828]OBJ SavePackage: Generating thumbnails for [0] asset(s) in package [/Game/ReDestiny/Widgets/CharacterSelect/CharSelect_SingleChar] ([1] browsable assets)...
[2017.03.14-05.32.21:527][828]OBJ SavePackage: Finished generating thumbnails for package [/Game/ReDestiny/Widgets/CharacterSelect/CharSelect_SingleChar]
[2017.03.14-05.32.21:605][828]LogSavePackage: Save=30.26ms
[2017.03.14-05.32.21:605][828]LogSavePackage: Moving '../../../../../../Users/Steven4K/Desktop/ReDestiny/DestinyRedux/Saved/CharSelect_SingleChar_Auto1B800CA994824C59768BB08817CBF11EF.tmp' to '../../../../../../Users/Steven4K/Desktop/ReDestiny/DestinyRedux/Saved/Autosaves/Game/ReDestiny/Widgets/CharacterSelect/CharSelect_SingleChar_Auto1.uasset'
[2017.03.14-05.32.21:621][828]LogSavePackage:Display: Finished SavePackage ../../../../../../Users/Steven4K/Desktop/ReDestiny/DestinyRedux/Saved/Autosaves/Game/ReDestiny/Widgets/CharacterSelect/CharSelect_SingleChar_Auto1.uasset
[2017.03.14-05.32.21:622][828]OBJ SavePackage: Generating thumbnails for [0] asset(s) in package [/Game/ReDestiny/Blueprints/DataTables/ReDestiny_Nameplates_-_Sheet1] ([1] browsable assets)...
[2017.03.14-05.32.21:622][828]OBJ SavePackage: Finished generating thumbnails for package [/Game/ReDestiny/Blueprints/DataTables/ReDestiny_Nameplates_-_Sheet1]
[2017.03.14-05.32.21:626][828]LogSavePackage: Save=3.16ms
[2017.03.14-05.32.21:626][828]LogSavePackage: Moving '../../../../../../Users/Steven4K/Desktop/ReDestiny/DestinyRedux/Saved/ReDestiny_Nameplates_-_Sheet1_Auto1AA2EA3094786F5E74CE4FD9C93A6E226.tmp' to '../../../../../../Users/Steven4K/Desktop/ReDestiny/DestinyRedux/Saved/Autosaves/Game/ReDestiny/Blueprints/DataTables/ReDestiny_Nameplates_-_Sheet1_Auto1.uasset'
[2017.03.14-05.32.21:627][828]LogSavePackage:Display: Finished SavePackage ../../../../../../Users/Steven4K/Desktop/ReDestiny/DestinyRedux/Saved/Autosaves/Game/ReDestiny/Blueprints/DataTables/ReDestiny_Nameplates_-_Sheet1_Auto1.uasset
[2017.03.14-05.32.21:627][828]LogFileHelpers: Auto-saving content packages took 0.176
[2017.03.14-05.32.29:068][637]LogEnum:Warning: In asset 'None', there is an enum property of type 'E_EmblemGroup' with an invalid value of 'asdf'
[2017.03.14-05.32.29:068][637]LogEnum:Warning: In asset 'None', there is an enum property of type 'E_EmblemGroup' with an invalid value of 'asdf'
[2017.03.14-05.32.29:068][637]LogEnum:Warning: In asset 'None', there is an enum property of type 'E_Rarity' with an invalid value of 'Uncommon'
[2017.03.14-05.32.29:068][637]LogCSVImportFactory: Imported DataTable 'ReDestiny_Nameplates_-_Sheet1' - 0 Problems
[2017.03.14-05.33.57:325][167]LogEnum:Warning: In asset 'None', there is an enum property of type 'E_EmblemGroup' with an invalid value of 'asdf'
[2017.03.14-05.33.57:325][167]LogEnum:Warning: In asset 'None', there is an enum property of type 'E_EmblemGroup' with an invalid value of 'asdf'
[2017.03.14-05.33.57:325][167]LogEnum:Warning: In asset 'None', there is an enum property of type 'E_Rarity' with an invalid value of 'Uncommon'
[2017.03.14-05.33.57:325][167]LogCSVImportFactory: Imported DataTable 'ReDestiny_Nameplates_-_Sheet1' - 0 Problems
[2017.03.14-05.35.50:505][918]LogEnum:Warning: In asset 'None', there is an enum property of type 'E_EmblemGroup' with an invalid value of 'asdf'
[2017.03.14-05.35.50:505][918]LogEnum:Warning: In asset 'None', there is an enum property of type 'E_EmblemGroup' with an invalid value of 'asdf'
[2017.03.14-05.35.50:505][918]LogEnum:Warning: In asset 'None', there is an enum property of type 'E_Rarity' with an invalid value of 'Uncommon'
[2017.03.14-05.35.50:505][918]LogCSVImportFactory: Imported DataTable 'ReDestiny_Nameplates_-_Sheet1' - 0 Problems
[2017.03.14-05.36.57:242][685]LogSavePackage: Save=3.82ms
[2017.03.14-05.36.57:242][685]LogSavePackage: Moving '../../../../../../Users/Steven4K/Desktop/ReDestiny/DestinyRedux/Saved/ReDestiny_Nameplates_-_Sheet137E9AA014071327995AF00BBD727A732.tmp' to '../../../../../../Users/Steven4K/Desktop/ReDestiny/DestinyRedux/Content/ReDestiny/Blueprints/DataTables/ReDestiny_Nameplates_-_Sheet1.uasset'
[2017.03.14-05.36.57:247][685]LogSavePackage:Display: Finished SavePackage ../../../../../../Users/Steven4K/Desktop/ReDestiny/DestinyRedux/Content/ReDestiny/Blueprints/DataTables/ReDestiny_Nameplates_-_Sheet1.uasset
[2017.03.14-05.36.57:331][685]LogSavePackage: Save=30.15ms
[2017.03.14-05.36.57:331][685]LogSavePackage: Moving '../../../../../../Users/Steven4K/Desktop/ReDestiny/DestinyRedux/Saved/CharSelect_SingleChar4DDCAC974171AE8660070CAB2EC029BD.tmp' to '../../../../../../Users/Steven4K/Desktop/ReDestiny/DestinyRedux/Content/ReDestiny/Widgets/CharacterSelect/CharSelect_SingleChar.uasset'
[2017.03.14-05.36.57:334][685]LogSavePackage:Display: Finished SavePackage ../../../../../../Users/Steven4K/Desktop/ReDestiny/DestinyRedux/Content/ReDestiny/Widgets/CharacterSelect/CharSelect_SingleChar.uasset
[2017.03.14-05.36.57:405][685]LogSavePackage: Save=21.83ms
[2017.03.14-05.36.57:405][685]LogSavePackage: Moving '../../../../../../Users/Steven4K/Desktop/ReDestiny/DestinyRedux/Saved/Collection_6Column3A3CCF1D4FE3485B6C731AB34F12D3B6.tmp' to '../../../../../../Users/Steven4K/Desktop/ReDestiny/DestinyRedux/Content/ReDestiny/Widgets/Kiosks/Collection_6Column.uasset'
[2017.03.14-05.36.57:407][685]LogSavePackage:Display: Finished SavePackage ../../../../../../Users/Steven4K/Desktop/ReDestiny/DestinyRedux/Content/ReDestiny/Widgets/Kiosks/Collection_6Column.uasset
[2017.03.14-05.36.57:500][685]LogWindowsTextInputMethodSystem:Display: IME system now deactivated.
[2017.03.14-05.36.57:664][686]Cmd: QUIT_EDITOR
[2017.03.14-05.36.57:705][686]LogExit: Preparing to exit.
[2017.03.14-05.36.58:000][686]LogDirectoryWatcher: A directory notification for 'C:/Users/Steven4K/Desktop/ReDestiny/DestinyRedux/Content/' was aborted.
[2017.03.14-05.36.58:031][686]LogExit: Editor shut down
[2017.03.14-05.36.58:031][686]LogExit: Transaction tracking system shut down
[2017.03.14-05.36.58:089][686]LogObj: Freed 0b from 0 cluster array pools.
[2017.03.14-05.36.58:089][686]LogExit: Object subsystem successfully closed.
[2017.03.14-05.36.58:103][686]LogD3D11RHI: Shutdown
[2017.03.14-05.36.58:103][686]LogD3D11RHI: CleanupD3DDevice
[2017.03.14-05.36.58:168][686]LogD3D11RHI: ~FD3D11DynamicRHI
[2017.03.14-05.36.58:178][686]LogModuleManager: Shutting down and abandoning module DataTableEditor (498)
[2017.03.14-05.36.58:178][686]LogModuleManager: Shutting down and abandoning module HierarchicalLODOutliner (496)
[2017.03.14-05.36.58:178][686]LogModuleManager: Shutting down and abandoning module CrashTracker (494)
[2017.03.14-05.36.58:178][686]LogModuleManager: Shutting down and abandoning module SceneOutliner (492)
[2017.03.14-05.36.58:178][686]LogModuleManager: Shutting down and abandoning module AddContentDialog (490)
[2017.03.14-05.36.58:178][686]LogDirectoryWatcher: A directory notification for 'C:/Program Files/Epic Games/UE_4.15/FeaturePacks/' was aborted.
[2017.03.14-05.36.58:179][686]LogModuleManager: Shutting down and abandoning module WidgetCarousel (489)
[2017.03.14-05.36.58:179][686]LogModuleManager: Shutting down and abandoning module EditorWidgets (486)
[2017.03.14-05.36.58:179][686]LogModuleManager: Shutting down and abandoning module CollectionManager (484)
[2017.03.14-05.36.58:179][686]LogDirectoryWatcher: A directory notification for 'C:/Users/Steven4K/Desktop/ReDestiny/DestinyRedux/Content/Collections/' was aborted.
[2017.03.14-05.36.58:179][686]LogDirectoryWatcher: A directory notification for 'C:/Users/Steven4K/Desktop/ReDestiny/DestinyRedux/Content/Developers/Steven4K/Collections/' was aborted.
[2017.03.14-05.36.58:179][686]LogDirectoryWatcher: A directory notification for 'C:/Users/Steven4K/Desktop/ReDestiny/DestinyRedux/Saved/Collections/' was aborted.
[2017.03.14-05.36.58:179][686]LogModuleManager: Shutting down and abandoning module StatsViewer (482)
[2017.03.14-05.36.58:179][686]LogModuleManager: Shutting down and abandoning module FoliageEdit (480)
[2017.03.14-05.36.58:179][686]LogModuleManager: Shutting down and abandoning module LandscapeEditor (478)
[2017.03.14-05.36.58:179][686]LogModuleManager: Shutting down and abandoning module SceneDepthPickerMode (476)
[2017.03.14-05.36.58:179][686]LogModuleManager: Shutting down and abandoning module ActorPickerMode (474)
[2017.03.14-05.36.58:179][686]LogModuleManager: Shutting down and abandoning module GeometryMode (472)
[2017.03.14-05.36.58:179][686]LogModuleManager: Shutting down and abandoning module TextureAlignMode (470)
[2017.03.14-05.36.58:179][686]LogModuleManager: Shutting down and abandoning module BspMode (468)
[2017.03.14-05.36.58:179][686]LogModuleManager: Shutting down and abandoning module HardwareSurvey (466)
[2017.03.14-05.36.58:179][686]LogModuleManager: Shutting down and abandoning module SequenceRecorderSections (464)
[2017.03.14-05.36.58:179][686]LogModuleManager: Shutting down and abandoning module AutomationWorker (462)
[2017.03.14-05.36.58:179][686]LogModuleManager: Shutting down and abandoning module MatineeToLevelSequence (460)
[2017.03.14-05.36.58:179][686]LogModuleManager: Shutting down and abandoning module LevelSequenceEditor (458)
[2017.03.14-05.36.58:179][686]LogModuleManager: Shutting down and abandoning module PlacementMode (457)
[2017.03.14-05.36.58:179][686]LogModuleManager: Shutting down and abandoning module WmfMediaFactory (454)
[2017.03.14-05.36.58:179][686]LogModuleManager: Shutting down and abandoning module WmfMediaEditor (452)
[2017.03.14-05.36.58:179][686]LogModuleManager: Shutting down and abandoning module MfMediaFactory (450)
[2017.03.14-05.36.58:179][686]LogModuleManager: Shutting down and abandoning module MfMediaEditor (448)
[2017.03.14-05.36.58:179][686]LogModuleManager: Shutting down and abandoning module AvfMediaFactory (446)
[2017.03.14-05.36.58:179][686]LogModuleManager: Shutting down and abandoning module AvfMediaEditor (444)
[2017.03.14-05.36.58:179][686]LogModuleManager: Shutting down and abandoning module AndroidMediaFactory (442)
[2017.03.14-05.36.58:179][686]LogModuleManager: Shutting down and abandoning module Media (441)
[2017.03.14-05.36.58:179][686]LogModuleManager: Shutting down and abandoning module AndroidMediaEditor (438)
[2017.03.14-05.36.58:179][686]LogModuleManager: Shutting down and abandoning module CharacterAI (436)
[2017.03.14-05.36.58:179][686]LogModuleManager: Shutting down and abandoning module AudioCapture (434)
[2017.03.14-05.36.58:179][686]LogModuleManager: Shutting down and abandoning module SequenceRecorder (433)
[2017.03.14-05.36.58:179][686]LogModuleManager: Shutting down and abandoning module SmartSnapping (430)
[2017.03.14-05.36.58:179][686]LogModuleManager: Shutting down and abandoning module SessionServices (428)
[2017.03.14-05.36.58:179][686]LogModuleManager: Shutting down and abandoning module ViewportSnapping (426)
[2017.03.14-05.36.58:179][686]LogModuleManager: Shutting down and abandoning module ViewportInteraction (424)
[2017.03.14-05.36.58:179][686]LogModuleManager: Shutting down and abandoning module LogVisualizer (422)
[2017.03.14-05.36.58:179][686]LogModuleManager: Shutting down and abandoning module IntroTutorials (420)
[2017.03.14-05.36.58:179][686]LogModuleManager: Shutting down and abandoning module GameProjectGeneration (419)
[2017.03.14-05.36.58:179][686]LogModuleManager: Shutting down and abandoning module EditorLiveStreaming (416)
[2017.03.14-05.36.58:179][686]LogModuleManager: Shutting down and abandoning module IOSPlatformEditor (414)
[2017.03.14-05.36.58:179][686]LogModuleManager: Shutting down and abandoning module HTML5PlatformEditor (412)
[2017.03.14-05.36.58:179][686]LogModuleManager: Shutting down and abandoning module AndroidPlatformEditor (410)
[2017.03.14-05.36.58:179][686]LogModuleManager: Shutting down and abandoning module AndroidDeviceDetection (409)
[2017.03.14-05.36.59:049][686]LogModuleManager: Shutting down and abandoning module IOSRuntimeSettings (406)
[2017.03.14-05.36.59:049][686]LogModuleManager: Shutting down and abandoning module AndroidRuntimeSettings (404)
[2017.03.14-05.36.59:049][686]LogModuleManager: Shutting down and abandoning module InputBindingEditor (402)
[2017.03.14-05.36.59:049][686]LogModuleManager: Shutting down and abandoning module NiagaraEditor (400)
[2017.03.14-05.36.59:049][686]LogModuleManager: Shutting down and abandoning module MergeActors (398)
[2017.03.14-05.36.59:049][686]LogModuleManager: Shutting down and abandoning module SizeMap (396)
[2017.03.14-05.36.59:049][686]LogModuleManager: Shutting down and abandoning module TreeMap (394)
[2017.03.14-05.36.59:049][686]LogModuleManager: Shutting down and abandoning module ReferenceViewer (392)
[2017.03.14-05.36.59:049][686]LogModuleManager: Shutting down and abandoning module LocalizationDashboard (390)
[2017.03.14-05.36.59:049][686]LogModuleManager: Shutting down and abandoning module LocalizationService (389)
[2017.03.14-05.36.59:049][686]LogModuleManager: Shutting down and abandoning module HardwareTargeting (386)
[2017.03.14-05.36.59:049][686]LogModuleManager: Shutting down and abandoning module DeviceProfileEditor (384)
[2017.03.14-05.36.59:049][686]LogModuleManager: Shutting down and abandoning module UndoHistory (382)
[2017.03.14-05.36.59:049][686]LogModuleManager: Shutting down and abandoning module UserFeedback (380)
[2017.03.14-05.36.59:049][686]LogModuleManager: Shutting down and abandoning module XmlParser (378)
[2017.03.14-05.36.59:049][686]LogModuleManager: Shutting down and abandoning module Blutility (376)
[2017.03.14-05.36.59:049][686]LogModuleManager: Shutting down and abandoning module ProjectSettingsViewer (374)
[2017.03.14-05.36.59:049][686]LogModuleManager: Shutting down and abandoning module ProjectTargetPlatformEditor (373)
[2017.03.14-05.36.59:049][686]LogModuleManager: Shutting down and abandoning module EditorSettingsViewer (370)
[2017.03.14-05.36.59:049][686]LogModuleManager: Shutting down and abandoning module SettingsEditor (368)
[2017.03.14-05.36.59:049][686]LogModuleManager: Shutting down and abandoning module ProjectLauncher (366)
[2017.03.14-05.36.59:049][686]LogModuleManager: Shutting down and abandoning module SessionFrontend (364)
[2017.03.14-05.36.59:049][686]LogModuleManager: Shutting down and abandoning module ProfilerClient (362)
[2017.03.14-05.36.59:049][686]LogModuleManager: Shutting down and abandoning module DeviceManager (360)
[2017.03.14-05.36.59:049][686]LogModuleManager: Shutting down and abandoning module TargetDeviceServices (359)
[2017.03.14-05.36.59:091][686]LogModuleManager: Shutting down and abandoning module AutomationController (356)
[2017.03.14-05.36.59:091][686]LogModuleManager: Shutting down and abandoning module AutomationWindow (354)
[2017.03.14-05.36.59:091][686]LogModuleManager: Shutting down and abandoning module Layers (352)
[2017.03.14-05.36.59:091][686]LogModuleManager: Shutting down and abandoning module ComponentVisualizers (350)
[2017.03.14-05.36.59:091][686]LogModuleManager: Shutting down and abandoning module DetailCustomizations (348)
[2017.03.14-05.36.59:091][686]LogModuleManager: Shutting down and abandoning module PackagesDialog (346)
[2017.03.14-05.36.59:091][686]LogModuleManager: Shutting down and abandoning module Persona (344)
[2017.03.14-05.36.59:091][686]LogModuleManager: Shutting down and abandoning module AnimGraph (343)
[2017.03.14-05.36.59:091][686]LogModuleManager: Shutting down and abandoning module Kismet (340)
[2017.03.14-05.36.59:093][686]LogModuleManager: Shutting down and abandoning module GraphEditor (338)
[2017.03.14-05.36.59:093][686]LogModuleManager: Shutting down and abandoning module ClassViewer (336)
[2017.03.14-05.36.59:093][686]LogModuleManager: Shutting down and abandoning module Toolbox (334)
[2017.03.14-05.36.59:093][686]LogModuleManager: Shutting down and abandoning module ModuleUI (332)
[2017.03.14-05.36.59:093][686]LogModuleManager: Shutting down and abandoning module MovieSceneTools (330)
[2017.03.14-05.36.59:093][686]LogModuleManager: Shutting down and abandoning module OutputLog (328)
[2017.03.14-05.36.59:093][686]LogModuleManager: Shutting down and abandoning module GammaUI (326)
[2017.03.14-05.36.59:093][686]LogModuleManager: Shutting down and abandoning module Documentation (324)
[2017.03.14-05.36.59:093][686]LogModuleManager: Shutting down and abandoning module Niagara (322)
[2017.03.14-05.36.59:093][686]LogModuleManager: Shutting down and abandoning module StreamingPauseRendering (320)
[2017.03.14-05.36.59:093][686]LogModuleManager: Shutting down and abandoning module AnalyticsET (318)
[2017.03.14-05.36.59:093][686]LogModuleManager: Shutting down and abandoning module PortalServices (316)
[2017.03.14-05.36.59:093][686]LogModuleManager: Shutting down and abandoning module PortalRpc (314)
[2017.03.14-05.36.59:093][686]LogModuleManager: Shutting down and abandoning module MessagingRpc (312)
[2017.03.14-05.36.59:093][686]LogModuleManager: Shutting down and abandoning module AIModule (310)
[2017.03.14-05.36.59:093][686]LogModuleManager: Shutting down and abandoning module GameplayDebugger (309)
[2017.03.14-05.36.59:093][686]LogModuleManager: Shutting down and abandoning module AITestSuite (307)
[2017.03.14-05.36.59:093][686]LogModuleManager: Shutting down and abandoning module ProfilerService (304)
[2017.03.14-05.36.59:257][686]LogModuleManager: Shutting down and abandoning module TaskGraph (302)
[2017.03.14-05.36.59:257][686]LogModuleManager: Shutting down and abandoning module SteamVRController (300)
[2017.03.14-05.36.59:257][686]LogModuleManager: Shutting down and abandoning module SteamVR (298)
[2017.03.14-05.36.59:257][686]LogModuleManager: Shutting down and abandoning module ProceduralMeshComponentEditor (296)
[2017.03.14-05.36.59:257][686]LogModuleManager: Shutting down and abandoning module ProceduralMeshComponent (294)
[2017.03.14-05.36.59:257][686]LogModuleManager: Shutting down and abandoning module OculusLibrary (292)
[2017.03.14-05.36.59:257][686]LogModuleManager: Shutting down and abandoning module OculusInput (290)
[2017.03.14-05.36.59:257][686]LogModuleManager: Shutting down and abandoning module MobilePatchingUtils (288)
[2017.03.14-05.36.59:257][686]LogModuleManager: Shutting down and abandoning module CustomMeshComponent (286)
[2017.03.14-05.36.59:257][686]LogModuleManager: Shutting down and abandoning module CableComponent (284)
[2017.03.14-05.36.59:258][686]LogModuleManager: Shutting down and abandoning module ArchVisCharacter (282)
[2017.03.14-05.36.59:258][686]LogModuleManager: Shutting down and abandoning module MediaPlayerEditor (280)
[2017.03.14-05.36.59:258][686]LogModuleManager: Shutting down and abandoning module HTML5Networking (278)
[2017.03.14-05.36.59:258][686]LogModuleManager: Shutting down and abandoning module AlembicImporter (276)
[2017.03.14-05.36.59:258][686]LogModuleManager: Shutting down and abandoning module AlembicLibrary (275)
[2017.03.14-05.36.59:258][686]LogModuleManager: Shutting down and abandoning module GeometryCache (274)
[2017.03.14-05.36.59:258][686]LogModuleManager: Shutting down and abandoning module GeometryCacheEd (273)
[2017.03.14-05.36.59:258][686]LogModuleManager: Shutting down and abandoning module SuperSearchEditor (268)
[2017.03.14-05.36.59:258][686]LogModuleManager: Shutting down and abandoning module SuperSearch (267)
[2017.03.14-05.36.59:258][686]LogModuleManager: Shutting down and abandoning module SpeedTreeImporter (264)
[2017.03.14-05.36.59:258][686]LogModuleManager: Shutting down and abandoning module PluginBrowser (262)
[2017.03.14-05.36.59:258][686]LogModuleManager: Shutting down and abandoning module MobileLauncherProfileWizard (260)
[2017.03.14-05.36.59:258][686]LogModuleManager: Shutting down and abandoning module EpicSurvey (258)
[2017.03.14-05.36.59:258][686]LogModuleManager: Shutting down and abandoning module VisualStudioSourceCodeAccess (256)
[2017.03.14-05.36.59:258][686]LogModuleManager: Shutting down and abandoning module DesktopPlatform (255)
[2017.03.14-05.36.59:258][686]LogModuleManager: Shutting down and abandoning module UObjectPlugin (252)
[2017.03.14-05.36.59:258][686]LogModuleManager: Shutting down and abandoning module SubversionSourceControl (250)
[2017.03.14-05.36.59:258][686]LogModuleManager: Shutting down and abandoning module PerforceSourceControl (248)
[2017.03.14-05.36.59:258][686]LogModuleManager: Shutting down and abandoning module GitSourceControl (246)
[2017.03.14-05.36.59:258][686]LogModuleManager: Shutting down and abandoning module SourceControl (245)
[2017.03.14-05.36.59:258][686]LogModuleManager: Shutting down and abandoning module LightPropagationVolumeEditor (242)
[2017.03.14-05.36.59:258][686]LogModuleManager: Shutting down and abandoning module PaperTiledImporter (240)
[2017.03.14-05.36.59:258][686]LogModuleManager: Shutting down and abandoning module PaperSpriteSheetImporter (238)
[2017.03.14-05.36.59:258][686]LogModuleManager: Shutting down and abandoning module Paper2DEditor (236)
[2017.03.14-05.36.59:258][686]LogModuleManager: Shutting down and abandoning module MeshPaint (235)
[2017.03.14-05.36.59:258][686]LogModuleManager: Shutting down and abandoning module LevelEditor (233)
[2017.03.14-05.36.59:258][686]LogModuleManager: Shutting down and abandoning module PixelInspectorModule (232)
[2017.03.14-05.36.59:258][686]LogModuleManager: Shutting down and abandoning module MainFrame (230)
[2017.03.14-05.36.59:258][686]LogModuleManager: Shutting down and abandoning module HotReload (229)
[2017.03.14-05.36.59:259][686]LogModuleManager: Shutting down and abandoning module ContentBrowser (225)
[2017.03.14-05.36.59:259][686]LogModuleManager: Shutting down and abandoning module PhysXVehiclesEditor (222)
[2017.03.14-05.36.59:259][686]LogModuleManager: Shutting down and abandoning module PhysXVehicles (220)
[2017.03.14-05.36.59:259][686]LogModuleManager: Shutting down and abandoning module LocationServicesBPLibrary (218)
[2017.03.14-05.36.59:259][686]LogModuleManager: Shutting down and abandoning module UdpMessaging (216)
[2017.03.14-05.36.59:360][686]LogModuleManager: Shutting down and abandoning module TcpMessaging (214)
[2017.03.14-05.36.59:461][686]LogModuleManager: Shutting down and abandoning module GameplayTagsEditor (212)
[2017.03.14-05.36.59:461][686]LogModuleManager: Shutting down and abandoning module FacialAnimationEditor (210)
[2017.03.14-05.36.59:461][686]LogModuleManager: Shutting down and abandoning module FacialAnimation (208)
[2017.03.14-05.36.59:461][686]LogModuleManager: Shutting down and abandoning module LightPropagationVolumeRuntime (206)
[2017.03.14-05.36.59:461][686]LogModuleManager: Shutting down and abandoning module Paper2D (204)
[2017.03.14-05.36.59:461][686]LogModuleManager: Shutting down and abandoning module WindowsMoviePlayer (202)
[2017.03.14-05.36.59:461][686]LogModuleManager: Shutting down and abandoning module WmfMedia (200)
[2017.03.14-05.36.59:461][686]LogModuleManager: Shutting down and abandoning module MfMedia (198)
[2017.03.14-05.36.59:461][686]LogModuleManager: Shutting down and abandoning module MediaAssets (196)
[2017.03.14-05.36.59:461][686]LogModuleManager: Shutting down and abandoning module GameLiveStreaming (194)
[2017.03.14-05.36.59:461][686]LogModuleManager: Shutting down and abandoning module VREditor (192)
[2017.03.14-05.36.59:461][686]LogModuleManager: Shutting down and abandoning module GameplayTasksEditor (190)
[2017.03.14-05.36.59:461][686]LogModuleManager: Shutting down and abandoning module BehaviorTreeEditor (188)
[2017.03.14-05.36.59:461][686]LogModuleManager: Shutting down and abandoning module FunctionalTesting (186)
[2017.03.14-05.36.59:461][686]LogModuleManager: Shutting down and abandoning module CollisionAnalyzer (184)
[2017.03.14-05.36.59:461][686]LogModuleManager: Shutting down and abandoning module UMG (182)
[2017.03.14-05.36.59:461][686]LogModuleManager: Shutting down and abandoning module UMGEditor (181)
[2017.03.14-05.36.59:461][686]LogModuleManager: Shutting down and abandoning module Sequencer (180)
[2017.03.14-05.36.59:461][686]LogModuleManager: Shutting down and abandoning module AssetTools (178)
[2017.03.14-05.36.59:462][686]LogModuleManager: Shutting down and abandoning module MessageLog (177)
[2017.03.14-05.36.59:462][686]LogModuleManager: Shutting down and abandoning module WorkspaceMenuStructure (176)
[2017.03.14-05.36.59:462][686]LogModuleManager: Shutting down and abandoning module SlateReflector (170)
[2017.03.14-05.36.59:462][686]LogModuleManager: Shutting down and abandoning module Slate (168)
[2017.03.14-05.36.59:462][686]LogModuleManager: Shutting down and abandoning module EditorStyle (166)
[2017.03.14-05.36.59:463][686]LogModuleManager: Shutting down and abandoning module SourceCodeAccess (164)
[2017.03.14-05.36.59:463][686]LogModuleManager: Shutting down and abandoning module HeadMountedDisplay (162)
[2017.03.14-05.36.59:463][686]LogModuleManager: Shutting down and abandoning module XAudio2 (160)
[2017.03.14-05.36.59:463][686]LogModuleManager: Shutting down and abandoning module Networking (158)
[2017.03.14-05.36.59:463][686]LogModuleManager: Shutting down and abandoning module Core (156)
[2017.03.14-05.36.59:463][686]LogModuleManager: Shutting down and abandoning module AssetRegistry (154)
[2017.03.14-05.36.59:601][686]LogDirectoryWatcher: A directory notification for '../../../Engine/Content/' was aborted.
[2017.03.14-05.36.59:601][686]LogDirectoryWatcher: A directory notification for '../../../../../../Users/Steven4K/Desktop/ReDestiny/DestinyRedux/Content/' was aborted.
[2017.03.14-05.36.59:601][686]LogDirectoryWatcher: A directory notification for '../../../Engine/Plugins/2D/Paper2D/Content/' was aborted.
[2017.03.14-05.36.59:601][686]LogModuleManager: Shutting down and abandoning module DirectoryWatcher (153)
[2017.03.14-05.36.59:601][686]LogModuleManager: Shutting down and abandoning module KismetCompiler (150)
[2017.03.14-05.36.59:601][686]LogModuleManager: Shutting down and abandoning module PhysXFormats (148)
[2017.03.14-05.36.59:601][686]LogModuleManager: Shutting down and abandoning module MeshUtilities (146)
[2017.03.14-05.36.59:601][686]LogModuleManager: Shutting down and abandoning module SimplygonSwarm (145)
[2017.03.14-05.36.59:601][686]LogModuleManager: Shutting down and abandoning module SimplygonMeshReduction (143)
[2017.03.14-05.36.59:601][686]LogModuleManager: Shutting down and abandoning module QuadricMeshReduction (141)
[2017.03.14-05.36.59:601][686]LogModuleManager: Shutting down and abandoning module PropertyEditor (139)
[2017.03.14-05.36.59:601][686]LogModuleManager: Shutting down and abandoning module DerivedDataCache (136)
[2017.03.14-05.36.59:677][686]LogDerivedDataCache: Shutdown
[2017.03.14-05.36.59:677][686]LogModuleManager: Shutting down and abandoning module TargetPlatform (134)
[2017.03.14-05.36.59:677][686]LogModuleManager: Shutting down and abandoning module VulkanShaderFormat (133)
[2017.03.14-05.36.59:677][686]LogModuleManager: Shutting down and abandoning module ShaderFormatOpenGL (131)
[2017.03.14-05.36.59:677][686]LogModuleManager: Shutting down and abandoning module ShaderFormatD3D (129)
[2017.03.14-05.36.59:677][686]LogModuleManager: Shutting down and abandoning module MetalShaderFormat (127)
[2017.03.14-05.36.59:677][686]LogModuleManager: Shutting down and abandoning module TextureFormatUncompressed (125)
[2017.03.14-05.36.59:677][686]LogModuleManager: Shutting down and abandoning module TextureFormatPVR (123)
[2017.03.14-05.36.59:677][686]LogModuleManager: Shutting down and abandoning module TextureFormatDXT (121)
[2017.03.14-05.36.59:677][686]LogModuleManager: Shutting down and abandoning module TextureFormatIntelISPCTexComp (119)
[2017.03.14-05.36.59:677][686]LogModuleManager: Shutting down and abandoning module TextureFormatASTC (117)
[2017.03.14-05.36.59:677][686]LogModuleManager: Shutting down and abandoning module ImageWrapper (116)
[2017.03.14-05.36.59:677][686]LogModuleManager: Shutting down and abandoning module TextureFormatAndroid (113)
[2017.03.14-05.36.59:677][686]LogModuleManager: Shutting down and abandoning module AudioFormatOpus (111)
[2017.03.14-05.36.59:677][686]LogModuleManager: Shutting down and abandoning module AudioFormatOgg (109)
[2017.03.14-05.36.59:677][686]LogModuleManager: Shutting down and abandoning module AudioFormatADPCM (107)
[2017.03.14-05.36.59:677][686]LogModuleManager: Shutting down and abandoning module LinuxTargetPlatform (105)
[2017.03.14-05.36.59:677][686]LogModuleManager: Shutting down and abandoning module LinuxServerTargetPlatform (103)
[2017.03.14-05.36.59:677][686]LogModuleManager: Shutting down and abandoning module LinuxNoEditorTargetPlatform (101)
[2017.03.14-05.36.59:677][686]LogModuleManager: Shutting down and abandoning module LinuxClientTargetPlatform (99)
[2017.03.14-05.36.59:677][686]LogModuleManager: Shutting down and abandoning module TVOSTargetPlatform (97)
[2017.03.14-05.36.59:677][686]LogModuleManager: Shutting down and abandoning module Messaging (95)
[2017.03.14-05.36.59:677][686]LogModuleManager: Shutting down and abandoning module IOSTargetPlatform (93)
[2017.03.14-05.36.59:677][686]LogModuleManager: Shutting down and abandoning module HTML5TargetPlatform (91)
[2017.03.14-05.36.59:677][686]LogModuleManager: Shutting down and abandoning module Android_PVRTCTargetPlatform (89)
[2017.03.14-05.36.59:677][686]LogModuleManager: Shutting down and abandoning module Android_MultiTargetPlatform (87)
[2017.03.14-05.36.59:677][686]LogModuleManager: Shutting down and abandoning module Android_ETC2TargetPlatform (85)
[2017.03.14-05.36.59:677][686]LogModuleManager: Shutting down and abandoning module Android_ETC1TargetPlatform (83)
[2017.03.14-05.36.59:677][686]LogModuleManager: Shutting down and abandoning module Android_DXTTargetPlatform (81)
[2017.03.14-05.36.59:677][686]LogModuleManager: Shutting down and abandoning module Android_ATCTargetPlatform (79)
[2017.03.14-05.36.59:677][686]LogModuleManager: Shutting down and abandoning module Android_ASTCTargetPlatform (77)
[2017.03.14-05.36.59:677][686]LogModuleManager: Shutting down and abandoning module AndroidTargetPlatform (75)
[2017.03.14-05.36.59:677][686]LogModuleManager: Shutting down and abandoning module WindowsTargetPlatform (73)
[2017.03.14-05.36.59:677][686]LogModuleManager: Shutting down and abandoning module WindowsServerTargetPlatform (71)
[2017.03.14-05.36.59:677][686]LogModuleManager: Shutting down and abandoning module WindowsNoEditorTargetPlatform (69)
[2017.03.14-05.36.59:677][686]LogModuleManager: Shutting down and abandoning module WindowsClientTargetPlatform (67)
[2017.03.14-05.36.59:677][686]LogModuleManager: Shutting down and abandoning module MacTargetPlatform (65)
[2017.03.14-05.36.59:677][686]LogModuleManager: Shutting down and abandoning module MacServerTargetPlatform (63)
[2017.03.14-05.36.59:677][686]LogModuleManager: Shutting down and abandoning module MacNoEditorTargetPlatform (61)
[2017.03.14-05.36.59:677][686]LogModuleManager: Shutting down and abandoning module MacClientTargetPlatform (59)
[2017.03.14-05.36.59:677][686]LogModuleManager: Shutting down and abandoning module AllDesktopTargetPlatform (57)
[2017.03.14-05.36.59:677][686]LogModuleManager: Shutting down and abandoning module InputCore (54)
[2017.03.14-05.36.59:677][686]LogModuleManager: Shutting down and abandoning module Settings (52)
[2017.03.14-05.36.59:677][686]LogModuleManager: Shutting down and abandoning module OculusRift (50)
[2017.03.14-05.36.59:677][686]LogModuleManager: Shutting down and abandoning module ExampleDeviceProfileSelector (48)
[2017.03.14-05.36.59:677][686]LogModuleManager: Shutting down and abandoning module OnlineBlueprintSupport (46)
[2017.03.14-05.36.59:677][686]LogModuleManager: Shutting down and abandoning module OnlineSubsystem (42)
[2017.03.14-05.36.59:677][686]LogOnline:Display: OSS: FOnlineSubsystemNull::Shutdown()
[2017.03.14-05.36.59:678][686]LogOnline:Display: Unloading online subsystem: NULL
[2017.03.14-05.36.59:678][686]LogModuleManager: Shutting down and abandoning module XMPP (37)
[2017.03.14-05.36.59:678][686]LogModuleManager: Shutting down and abandoning module HTTP (35)
[2017.03.14-05.36.59:678][686]LogHttp:Display: Http module shutting down, but needs to wait on 1 outstanding Http requests:
[2017.03.14-05.36.59:678][686]LogHttp:Display: 	verb=[POST] url=[https://datarouter.ol.epicgames.com/datarouter/api/v1/public/data?SessionID=%7BD4C33BC7-4123-F7A8-557F-CDBF9E8DA673%7D&AppID=UEEditor.Rocket.Release&AppVersion=4.15.0-3299760%2B%2B%2BUE4%2BRelease-4.15&UserID=6b2ddadf4c5a8bbf49ba50ae59c652c1%7C049a09598b90443da8e8e30d4d2b8ded%7C732e9ea2-b7f5-4be8-a08a-9afd69cb1240&AppEnvironment=datacollector-binary&UploadType=eteventstream] status=Processing
[2017.03.14-05.36.59:704][686]LogModuleManager: Shutting down and abandoning module SSL (34)
[2017.03.14-05.36.59:706][686]LogModuleManager: Shutting down and abandoning module AudioEditor (30)
[2017.03.14-05.36.59:706][686]LogModuleManager: Shutting down and abandoning module TextureCompressor (28)
[2017.03.14-05.36.59:706][686]LogModuleManager: Shutting down and abandoning module ShaderCore (26)
[2017.03.14-05.36.59:706][686]LogModuleManager: Shutting down and abandoning module Landscape (24)
[2017.03.14-05.36.59:706][686]LogModuleManager: Shutting down and abandoning module SlateRHIRenderer (22)
[2017.03.14-05.36.59:708][686]LogModuleManager: Shutting down and abandoning module OpenGLDrv (20)
[2017.03.14-05.36.59:708][686]LogModuleManager: Shutting down and abandoning module D3D11RHI (18)
[2017.03.14-05.36.59:708][686]LogModuleManager: Shutting down and abandoning module AnimGraphRuntime (16)
[2017.03.14-05.36.59:708][686]LogModuleManager: Shutting down and abandoning module Renderer (14)
[2017.03.14-05.36.59:708][686]LogModuleManager: Shutting down and abandoning module Engine (12)
[2017.03.14-05.36.59:708][686]LogModuleManager: Shutting down and abandoning module CoreUObject (10)
[2017.03.14-05.36.59:708][686]LogModuleManager: Shutting down and abandoning module NetworkFile (8)
[2017.03.14-05.36.59:708][686]LogModuleManager: Shutting down and abandoning module StreamingFile (6)
[2017.03.14-05.36.59:708][686]LogModuleManager: Shutting down and abandoning module SandboxFile (4)
[2017.03.14-05.36.59:708][686]LogModuleManager: Shutting down and abandoning module PakFile (2)
[2017.03.14-05.36.59:709][686]LogExit: Exiting.
[2017.03.14-05.36.59:710][686]Log file closed, 03/13/17 22:36:59
