Log file open, 04/14/17 08:13:52
LogInit:Display: Running engine for game: DestinyRedux
LogPlatformFile: Not using cached read wrapper
LogInit:Display: RandInit(2073293560) SRandInit(2073293560).
LogTaskGraph: Started task graph with 5 named threads and 8 total threads with 1 sets of task threads.
LogStats: Stats thread started at 0.178929
LogInit: Using libcurl 7.47.1
LogInit:  - built for x86_64-pc-win32
LogInit:  - supports SSL with OpenSSL/1.0.2g
LogInit:  - supports HTTP deflate (compression) using libz 1.2.8
LogInit:  - other features:
LogInit:      CURL_VERSION_SSL
LogInit:      CURL_VERSION_LIBZ
LogInit:      CURL_VERSION_IPV6
LogInit:      CURL_VERSION_ASYNCHDNS
LogInit:      CURL_VERSION_LARGEFILE
LogInit:      CURL_VERSION_IDN
LogInit:  CurlRequestOptions (configurable via config and command line):
LogInit:  - bVerifyPeer = false  - Libcurl will NOT verify peer certificate
LogInit:  - bUseHttpProxy = false  - Libcurl will NOT use HTTP proxy
LogInit:  - bDontReuseConnections = false  - Libcurl will reuse connections
LogInit:  - CertBundlePath = nullptr  - Libcurl will use whatever was configured at build time.
LogInit: WinSock: version 1.1 (2.2), MaxSocks=32767, MaxUdp=65467
LogInit: Build: ++UE4+Release-4.15-CL-3348071
LogInit: Engine Version: 4.15.1-3348071+++UE4+Release-4.15
LogInit: Compatible Engine Version: 4.15.0-3299760+++UE4+Release-4.15
LogInit: Net CL: 3299760
LogDevObjectVersion: Number of dev versions registered: 14
LogDevObjectVersion:   Dev-Blueprints (B0D832E4-1F89-4F0D-ACCF-7EB736FD4AA2): 8
LogDevObjectVersion:   Dev-Build (E1C64328-A22C-4D53-A36C-8E866417BD8C): 0
LogDevObjectVersion:   Dev-Core (375EC13C-06E4-48FB-B500-84F0262A717E): 2
LogDevObjectVersion:   Dev-Editor (E4B068ED-F494-42E9-A231-DA0B2E46BB41): 14
LogDevObjectVersion:   Dev-Framework (CFFC743F-43B0-4480-9391-14DF171D2073): 22
LogDevObjectVersion:   Dev-Mobile (B02B49B5-BB20-44E9-A304-32B752E40360): 0
LogDevObjectVersion:   Dev-Networking (A4E4105C-59A1-49B5-A7C5-40C4547EDFEE): 0
LogDevObjectVersion:   Dev-Online (39C831C9-5AE6-47DC-9A44-9C173E1C8E7C): 0
LogDevObjectVersion:   Dev-Physics (78F01B33-EBEA-4F98-B9B4-84EACCB95AA2): 0
LogDevObjectVersion:   Dev-Platform (6631380F-2D4D-43E0-8009-CF276956A95A): 0
LogDevObjectVersion:   Dev-Rendering (12F88B9F-8875-4AFC-A67C-D90C383ABD29): 12
LogDevObjectVersion:   Dev-Sequencer (7B5AE74C-D270-4C10-A958-57980B212A5A): 3
LogDevObjectVersion:   Dev-VR (D7296918-1DD6-4BDD-9DE2-64A83CC13884): 0
LogDevObjectVersion:   Dev-LoadTimes (C2A15278-BFE7-4AFE-6C17-90FF531DF755): 1
LogInit: Compiled (64-bit): Mar 15 2017 16:52:47
LogInit: Compiled with Visual C++: 19.00.23026.00
LogInit: Build Configuration: Development
LogInit: Branch Name: ++UE4+Release-4.15
LogInit: Command line:  
LogInit: Base directory: C:/Program Files/Epic Games/UE_4.15/Engine/Binaries/Win64/
LogInit: Installed Engine Build: 1
LogInit: Presizing for max 8388607 objects, including 0 objects not considered by GC, pre-allocating 0 bytes for permanent pool.
LogInit: Object subsystem initialized
[2017.04.14-15.13.54:109][  0]LogInit: Selected Device Profile: [Windows]
[2017.04.14-15.13.54:109][  0]LogInit: Applying CVar settings loaded from the selected device profile: [Windows]
[2017.04.14-15.13.54:288][  0]LogInit: Computer: CLU
[2017.04.14-15.13.54:288][  0]LogInit: User: Steven4K
[2017.04.14-15.13.54:288][  0]LogInit: CPU Page size=65536, Cores=4
[2017.04.14-15.13.54:288][  0]LogInit: High frequency timer resolution =3.914058 MHz
[2017.04.14-15.13.54:290][  0]LogMemory: Memory total: Physical=16.0GB (16GB approx)
[2017.04.14-15.13.54:297][  0]LogMemory: Platform Memory Stats for Windows
[2017.04.14-15.13.54:297][  0]LogMemory: Process Physical Memory: 264.54 MB used, 264.54 MB peak
[2017.04.14-15.13.54:297][  0]LogMemory: Process Virtual Memory: 262.55 MB used, 262.55 MB peak
[2017.04.14-15.13.54:297][  0]LogMemory: Physical Memory: 3176.22 MB used,  13156.89 MB free, 16333.11 MB total
[2017.04.14-15.13.54:297][  0]LogMemory: Virtual Memory: 646.81 MB used,  13156.89 MB free, 134217728.00 MB total
[2017.04.14-15.13.55:629][  0]LogTextLocalizationManager: No specific translations for ('en-US') exist, so ('en') translations will be used.
[2017.04.14-15.14.01:165][  0]LogD3D11RHI: D3D11 adapters:
[2017.04.14-15.14.01:238][  0]LogD3D11RHI:    0. 'NVIDIA GeForce GTX 1080' (Feature Level 11_0)
[2017.04.14-15.14.01:238][  0]LogD3D11RHI:       8110/0/8166 MB DedicatedVideo/DedicatedSystem/SharedSystem, Outputs:1, VendorId:0x10de
[2017.04.14-15.14.01:239][  0]LogD3D11RHI:    1. 'Microsoft Basic Render Driver' (Feature Level 11_0)
[2017.04.14-15.14.01:239][  0]LogD3D11RHI:       0/0/8166 MB DedicatedVideo/DedicatedSystem/SharedSystem, Outputs:0, VendorId:0x1414
[2017.04.14-15.14.01:239][  0]LogD3D11RHI: Chosen D3D11 Adapter: 0
[2017.04.14-15.14.01:272][  0]LogD3D11RHI: Creating new Direct3DDevice
[2017.04.14-15.14.01:272][  0]LogD3D11RHI:     GPU DeviceId: 0x1b80 (for the marketing name, search the web for "GPU Device Id")
[2017.04.14-15.14.01:272][  0]LogWindows: EnumDisplayDevices:
[2017.04.14-15.14.01:272][  0]LogWindows:    0. 'NVIDIA GeForce GTX 1080' (P:1 D:1)
[2017.04.14-15.14.01:272][  0]LogWindows:    1. 'NVIDIA GeForce GTX 1080' (P:0 D:0)
[2017.04.14-15.14.01:273][  0]LogWindows:    2. 'NVIDIA GeForce GTX 1080' (P:0 D:0)
[2017.04.14-15.14.01:273][  0]LogWindows:    3. 'NVIDIA GeForce GTX 1080' (P:0 D:0)
[2017.04.14-15.14.01:273][  0]LogWindows: DebugString: FoundDriverCount:4 
[2017.04.14-15.14.01:273][  0]LogD3D11RHI:     Adapter Name: NVIDIA GeForce GTX 1080
[2017.04.14-15.14.01:273][  0]LogD3D11RHI:   Driver Version: 381.65 (internal:22.21.13.8165, unified:381.65)
[2017.04.14-15.14.01:273][  0]LogD3D11RHI:      Driver Date: 3-31-2017
[2017.04.14-15.14.01:273][  0]LogRHI: Texture pool is 1361 MB (70% of 1945 MB)
[2017.04.14-15.14.01:341][  0]LogD3D11RHI: Async texture creation enabled
[2017.04.14-15.14.01:506][  0]LogD3D11RHI: GPU Timing Frequency: 1000.000000 (Debug: 2 1)
[2017.04.14-15.14.01:648][  0]LogShaderCompilers: Guid format shader working directory is -15 characters bigger than the processId version (../../../../../../Users/Steven4K/Desktop/ReDestiny/DestinyRedux/Intermediate/Shaders/WorkingDirectory/12304/).
[2017.04.14-15.14.01:648][  0]LogShaderCompilers: Cleaned the shader compiler working directory 'C:/Users/Steven4K/AppData/Local/Temp/UnrealShaderWorkingDir/FAE07DB54EC3385C4D5891976982F6DE/'.
[2017.04.14-15.14.01:648][  0]LogShaderCompilers:Display: Using Local Shader Compiler.
[2017.04.14-15.14.08:122][  0]LogTemp:Display: Loaded TP AllDesktopTargetPlatform
[2017.04.14-15.14.08:162][  0]LogTemp:Display: Loaded TP MacClientTargetPlatform
[2017.04.14-15.14.08:215][  0]LogTemp:Display: Loaded TP MacNoEditorTargetPlatform
[2017.04.14-15.14.08:255][  0]LogTemp:Display: Loaded TP MacServerTargetPlatform
[2017.04.14-15.14.08:352][  0]LogTemp:Display: Loaded TP MacTargetPlatform
[2017.04.14-15.14.08:393][  0]LogTemp:Display: Loaded TP WindowsClientTargetPlatform
[2017.04.14-15.14.08:433][  0]LogTemp:Display: Loaded TP WindowsNoEditorTargetPlatform
[2017.04.14-15.14.08:495][  0]LogTemp:Display: Loaded TP WindowsServerTargetPlatform
[2017.04.14-15.14.08:534][  0]LogTemp:Display: Loaded TP WindowsTargetPlatform
[2017.04.14-15.14.08:606][  0]LogTemp:Display: Loaded TP AndroidTargetPlatform
[2017.04.14-15.14.08:662][  0]LogTemp:Display: Loaded TP Android_ASTCTargetPlatform
[2017.04.14-15.14.08:701][  0]LogTemp:Display: Loaded TP Android_ATCTargetPlatform
[2017.04.14-15.14.08:739][  0]LogTemp:Display: Loaded TP Android_DXTTargetPlatform
[2017.04.14-15.14.08:778][  0]LogTemp:Display: Loaded TP Android_ETC1TargetPlatform
[2017.04.14-15.14.08:817][  0]LogTemp:Display: Loaded TP Android_ETC2TargetPlatform
[2017.04.14-15.14.08:901][  0]LogTemp:Display: Loaded TP Android_MultiTargetPlatform
[2017.04.14-15.14.08:901][  0]LogTemp:Display: Loaded TP Android_PVRTCTargetPlatform
[2017.04.14-15.14.08:927][  0]LogTemp:Display: Loaded TP HTML5TargetPlatform
[2017.04.14-15.14.09:164][  0]LogTemp:Display: Loaded TP IOSTargetPlatform
[2017.04.14-15.14.09:188][  0]LogTemp:Display: Loaded TP TVOSTargetPlatform
[2017.04.14-15.14.09:227][  0]LogTemp:Display: Loaded TP LinuxClientTargetPlatform
[2017.04.14-15.14.09:266][  0]LogTemp:Display: Loaded TP LinuxNoEditorTargetPlatform
[2017.04.14-15.14.09:307][  0]LogTemp:Display: Loaded TP LinuxServerTargetPlatform
[2017.04.14-15.14.09:428][  0]LogTemp:Display: Loaded TP LinuxTargetPlatform
[2017.04.14-15.14.09:428][  0]LogTargetPlatformManager:Display: Building Assets For Windows
[2017.04.14-15.14.10:937][  0]LogDerivedDataCache:Display: Max Cache Size: 512 MB
[2017.04.14-15.14.11:504][  0]LogDerivedDataCache: Loaded boot cache 0.52s 50MB C:/Users/Steven4K/AppData/Local/UnrealEngine/4.15/DerivedDataCache/Boot.ddc.
[2017.04.14-15.14.11:504][  0]LogDerivedDataCache:Display: Loaded Boot cache: C:/Users/Steven4K/AppData/Local/UnrealEngine/4.15/DerivedDataCache/Boot.ddc
[2017.04.14-15.14.11:504][  0]LogDerivedDataCache: FDerivedDataBackendGraph:  Pak pak cache file ../../../../../../Users/Steven4K/Desktop/ReDestiny/DestinyRedux/DerivedDataCache/DDC.ddp not found, will not use a pak cache.
[2017.04.14-15.14.11:504][  0]LogDerivedDataCache: Unable to find inner node Pak for hierarchical cache Hierarchy.
[2017.04.14-15.14.11:504][  0]LogDerivedDataCache: FDerivedDataBackendGraph:  CompressedPak pak cache file ../../../../../../Users/Steven4K/Desktop/ReDestiny/DestinyRedux/DerivedDataCache/Compressed.ddp not found, will not use a pak cache.
[2017.04.14-15.14.11:504][  0]LogDerivedDataCache: Unable to find inner node CompressedPak for hierarchical cache Hierarchy.
[2017.04.14-15.14.11:580][  0]LogDerivedDataCache:Display: Pak cache opened for reading ../../../Engine/DerivedDataCache/Compressed.ddp.
[2017.04.14-15.14.11:592][  0]LogDerivedDataCache: Using Local data cache path C:/Users/Steven4K/AppData/Local/UnrealEngine/Common/DerivedDataCache: Writable
[2017.04.14-15.14.11:814][  0]LogSlate: Using Freetype 2.6.0
[2017.04.14-15.14.11:910][  0]LogSlate: SlateFontCache - WITH_FREETYPE: 1, WITH_HARFBUZZ: 1
[2017.04.14-15.14.11:910][  0]LogSlate: SlateFontCache - WITH_FREETYPE: 1, WITH_HARFBUZZ: 1
[2017.04.14-15.14.23:012][  0]LogInit: Selected Device Profile: [Windows]
[2017.04.14-15.14.23:071][  0]LogContentStreaming: Texture pool size is 0.00 MB
[2017.04.14-15.14.23:647][  0]LogMeshUtilities: Using QuadricMeshReduction for automatic static mesh reduction
[2017.04.14-15.14.23:722][  0]LogSimplygon: Simplygon DLL not present - disabling.
[2017.04.14-15.14.23:781][  0]LogMeshUtilities: Using SimplygonSwarm for distributed automatic mesh merging
[2017.04.14-15.14.23:781][  0]LogMeshUtilities: No automatic skeletal mesh reduction module available
[2017.04.14-15.14.23:781][  0]LogMeshUtilities: No automatic mesh merging module available
[2017.04.14-15.14.28:179][  0]LogNetVersion: GetLocalNetworkVersion: CL: 3299760, ProjectName: destinyredux, ProjectVersion: , EngineNetworkVersion: 2, GameNetworkVersion: 0, NetworkChecksum: 2158004914
[2017.04.14-15.14.28:286][  0]LogAssetRegistry: FAssetRegistry took 0.0219 seconds to start up
[2017.04.14-15.14.28:675][  0]LogPackageLocalizationCache: Processed 3 localized package path(s) for 2 prioritized culture(s) in 0.070569 seconds
[2017.04.14-15.14.28:716][  0]LogUObjectArray: 32493 objects as part of root set at end of initial load.
[2017.04.14-15.14.28:716][  0]LogUObjectAllocator: 7077032 out of 0 bytes used by permanent object pool.
[2017.04.14-15.14.28:716][  0]LogUObjectArray: CloseDisregardForGC: 0/0 objects in disregard for GC pool
[2017.04.14-15.14.48:260][  0]LogTcpMessaging: Initializing TcpMessaging bridge
[2017.04.14-15.14.48:301][  0]LogUdpMessaging: Initializing bridge on interface 0.0.0.0:0 to multicast group 230.0.0.1:6666.
[2017.04.14-15.14.50:007][  0]LogMaterial: Uniform references updated for custom material expression Custom.
[2017.04.14-15.14.50:838][  0]SourceControl: Info Source control is disabled
[2017.04.14-15.14.51:171][  0]SourceControl: Info Source control is disabled
[2017.04.14-15.14.51:271][  0]SourceControl: Info Source control is disabled
[2017.04.14-15.14.51:360][  0]SourceControl: Info Source control is disabled
[2017.04.14-15.14.53:913][  0]LogEngine: Initializing Engine...
[2017.04.14-15.14.54:636][  0]LogHMD: Failed to initialize OpenVR with code 108
[2017.04.14-15.14.56:914][  0]LogAIModule: Creating AISystem for world Untitled
[2017.04.14-15.14.57:132][  0]LogInit: XAudio2 using 'Speakers (High Definition Audio Device)' : 2 channels at 44.1 kHz using 16 bits per sample (channel mask 0x3)
[2017.04.14-15.14.57:353][  0]LogInit: FAudioDevice initialized.
[2017.04.14-15.14.57:477][  0]LogDerivedDataCache: Saved boot cache 0.12s 50MB C:/Users/Steven4K/AppData/Local/UnrealEngine/4.15/DerivedDataCache/Boot.ddc.
[2017.04.14-15.14.57:486][  0]LogInit: Texture streaming: Enabled
[2017.04.14-15.14.58:136][  0]LogEngineSessionManager: EngineSessionManager initialized
[2017.04.14-15.14.58:624][  0]LogInit: Transaction tracking system initialized
[2017.04.14-15.15.00:517][  0]BlueprintLog: New page: Editor Load
[2017.04.14-15.15.04:356][  0]LocalizationService: Info Localization service is disabled
[2017.04.14-15.15.06:204][  0]LogConsoleResponse:Display: 
[2017.04.14-15.15.10:528][  0]LogFileCache: Scanning file cache for directory 'C:/Users/Steven4K/Desktop/ReDestiny/DestinyRedux/Content/' took 0.02s
[2017.04.14-15.15.10:528][  0]LogCook:Display: Max memory allowance for cook 16384mb min free memory 0mb
[2017.04.14-15.15.10:528][  0]LogCook:Display: Mobile HDR setting 1
[2017.04.14-15.15.15:614][  0]SourceControl: Info Source control is disabled
[2017.04.14-15.15.15:783][  0]Cmd: MAP LOAD FILE="../../../../../../Users/Steven4K/Desktop/ReDestiny/DestinyRedux/Content/ReDestiny/Maps/Level_ShipModular.umap" TEMPLATE=0 SHOWPROGRESS=1 FEATURELEVEL=3
[2017.04.14-15.15.15:813][  0]LightingResults: New page: Lighting Build
[2017.04.14-15.15.15:952][  0]MapCheck: New page: Map Check
[2017.04.14-15.15.15:952][  0]LightingResults: New page: Lighting Build
[2017.04.14-15.15.20:701][  0]LogStats: UGameplayTagsManager::ConstructGameplayTagTree: Construct from data asset -  0.000 s
[2017.04.14-15.15.20:710][  0]LogStats: UGameplayTagsManager::ConstructGameplayTagTree: ImportINI -  0.006 s
[2017.04.14-15.15.20:710][  0]LogStats: UGameplayTagsManager::ConstructGameplayTagTree: GameplayTagTreeChangedEvent.Broadcast -  0.000 s
[2017.04.14-15.15.22:992][  0]LogLinker: Can't find file '/Game/ReDestiny/Textures/ButtonIcons/XboxOne/XboxMainButton'
[2017.04.14-15.15.22:992][  0]LogLinker: Can't find file '/Game/ReDestiny/Textures/ButtonIcons/XboxOne/XboxMainButton'
[2017.04.14-15.16.15:358][  0]LogAIModule: Creating AISystem for world Level_ShipModular
[2017.04.14-15.16.15:750][  0]LogEditorServer: Finished looking for orphan Actors (0.000 secs)
[2017.04.14-15.16.15:855][  0]Cmd: MAP CHECKDEP NOCLEARLOG
[2017.04.14-15.16.15:978][  0]MapCheck: Info Map check complete: 0 Error(s), 0 Warning(s), took 122.995ms to complete.
[2017.04.14-15.16.15:978][  0]LogFileHelpers: Loading map 'Level_ShipModular' took 60.253
[2017.04.14-15.16.18:245][  0]LogCollectionManager: Loaded 1 collections in 0.073974 seconds
[2017.04.14-15.16.18:595][  0]LogFileCache: Scanning file cache for directory 'C:/Users/Steven4K/Desktop/ReDestiny/DestinyRedux/Saved/Collections/' took 0.01s
[2017.04.14-15.16.18:595][  0]LogFileCache: Scanning file cache for directory 'C:/Users/Steven4K/Desktop/ReDestiny/DestinyRedux/Content/Developers/Steven4K/Collections/' took 0.01s
[2017.04.14-15.16.18:595][  0]LogFileCache: Scanning file cache for directory 'C:/Users/Steven4K/Desktop/ReDestiny/DestinyRedux/Content/Collections/' took 0.01s
[2017.04.14-15.16.18:595][  0]LogCollectionManager: Rebuilt the GUID cache for 1 collections in 0.000010 seconds
[2017.04.14-15.16.18:671][  0]LogCollectionManager: Rebuilt the hierarchy cache for 1 collections in 0.000002 seconds
[2017.04.14-15.16.18:702][  0]LogContentBrowser: Native class hierarchy populated in 0.0226 seconds. Added 2245 classes and 453 folders.
[2017.04.14-15.16.18:905][  0]LogContentBrowser: Native class hierarchy updated for 'WidgetCarousel' in 0.0004 seconds. Added 0 classes and 0 folders.
[2017.04.14-15.16.22:316][  0]LogContentBrowser: Native class hierarchy updated for 'AddContentDialog' in 0.0004 seconds. Added 0 classes and 0 folders.
[2017.04.14-15.16.22:394][  0]LogContentBrowser: Native class hierarchy updated for 'SceneOutliner' in 0.0004 seconds. Added 1 classes and 2 folders.
[2017.04.14-15.16.22:828][  0]LogCrashTracker: Crashtracker disabled due to settings.
[2017.04.14-15.16.22:983][  0]LogUObjectGlobals:Warning: Failed to find object 'Class None.'
[2017.04.14-15.16.23:290][  0]LogContentBrowser: Native class hierarchy updated for 'HierarchicalLODOutliner' in 0.0005 seconds. Added 1 classes and 2 folders.
[2017.04.14-15.16.23:291][  0]LogLoad: (Engine Initialization) Total time: 157.71 seconds
[2017.04.14-15.16.23:291][  0]LogLoad: (Engine Initialization) Total Blueprint compile time: 2.14 seconds
[2017.04.14-15.16.23:291][  0]LogExternalProfiler: Found external profiler: VSPerf
[2017.04.14-15.16.23:291][  0]LogExternalProfiler: Using external profiler: VSPerf
[2017.04.14-15.16.23:644][  0]LogOcInput: OculusInput pre-init called
[2017.04.14-15.16.23:839][  0]LogContentStreaming: Texture pool size now 1000 MB
[2017.04.14-15.16.23:934][  0]LogSlate: Took 0.059553 seconds to synchronously load lazily loaded font '../../../Engine/Content/Slate/Fonts/Roboto-Regular.ttf' (155K)
[2017.04.14-15.16.24:029][  0]LogSlate: Took 0.090905 seconds to synchronously load lazily loaded font '../../../Engine/Content/Slate/Fonts/Roboto-Bold.ttf' (160K)
[2017.04.14-15.16.24:573][  1]LogRenderer: Reallocating scene render targets to support 1004x532 NumSamples 1 (Frame:2).
[2017.04.14-15.16.25:317][  3]LogAssetRegistry: Asset discovery search completed in 117.0530 seconds
[2017.04.14-15.16.25:317][  3]LogCollectionManager: Rebuilt the object cache for 1 collections in 0.000005 seconds (found 0 objects)
[2017.04.14-15.16.25:317][  3]LogCollectionManager: Fixed up redirectors for 1 collections in 0.000014 seconds (updated 0 objects)
[2017.04.14-15.49.17:490][545]Cmd: QUIT_EDITOR
[2017.04.14-15.49.17:637][545]LogWindowsTextInputMethodSystem:Display: IME system now deactivated.
[2017.04.14-15.49.17:663][545]LogExit: Preparing to exit.
[2017.04.14-15.49.18:269][545]LogDirectoryWatcher: A directory notification for 'C:/Users/Steven4K/Desktop/ReDestiny/DestinyRedux/Content/' was aborted.
[2017.04.14-15.49.18:355][545]LogExit: Editor shut down
[2017.04.14-15.49.18:355][545]LogExit: Transaction tracking system shut down
[2017.04.14-15.49.18:769][545]LogObj: Freed 0b from 0 cluster array pools.
[2017.04.14-15.49.18:770][545]LogExit: Object subsystem successfully closed.
[2017.04.14-15.49.18:837][545]LogD3D11RHI: Shutdown
[2017.04.14-15.49.18:837][545]LogD3D11RHI: CleanupD3DDevice
[2017.04.14-15.49.18:984][545]LogD3D11RHI: ~FD3D11DynamicRHI
[2017.04.14-15.49.19:154][545]LogModuleManager: Shutting down and abandoning module HierarchicalLODOutliner (498)
[2017.04.14-15.49.19:155][545]LogModuleManager: Shutting down and abandoning module CrashTracker (496)
[2017.04.14-15.49.19:155][545]LogModuleManager: Shutting down and abandoning module SceneOutliner (494)
[2017.04.14-15.49.19:155][545]LogModuleManager: Shutting down and abandoning module AddContentDialog (492)
[2017.04.14-15.49.19:155][545]LogDirectoryWatcher: A directory notification for 'C:/Program Files/Epic Games/UE_4.15/FeaturePacks/' was aborted.
[2017.04.14-15.49.19:155][545]LogModuleManager: Shutting down and abandoning module WidgetCarousel (491)
[2017.04.14-15.49.19:155][545]LogModuleManager: Shutting down and abandoning module EditorWidgets (488)
[2017.04.14-15.49.19:155][545]LogModuleManager: Shutting down and abandoning module CollectionManager (486)
[2017.04.14-15.49.19:163][545]LogDirectoryWatcher: A directory notification for 'C:/Users/Steven4K/Desktop/ReDestiny/DestinyRedux/Content/Collections/' was aborted.
[2017.04.14-15.49.19:163][545]LogDirectoryWatcher: A directory notification for 'C:/Users/Steven4K/Desktop/ReDestiny/DestinyRedux/Content/Developers/Steven4K/Collections/' was aborted.
[2017.04.14-15.49.19:163][545]LogDirectoryWatcher: A directory notification for 'C:/Users/Steven4K/Desktop/ReDestiny/DestinyRedux/Saved/Collections/' was aborted.
[2017.04.14-15.49.19:163][545]LogModuleManager: Shutting down and abandoning module StatsViewer (484)
[2017.04.14-15.49.19:163][545]LogModuleManager: Shutting down and abandoning module FoliageEdit (482)
[2017.04.14-15.49.19:163][545]LogModuleManager: Shutting down and abandoning module LandscapeEditor (480)
[2017.04.14-15.49.19:164][545]LogModuleManager: Shutting down and abandoning module SceneDepthPickerMode (478)
[2017.04.14-15.49.19:164][545]LogModuleManager: Shutting down and abandoning module ActorPickerMode (476)
[2017.04.14-15.49.19:164][545]LogModuleManager: Shutting down and abandoning module GeometryMode (474)
[2017.04.14-15.49.19:164][545]LogModuleManager: Shutting down and abandoning module TextureAlignMode (472)
[2017.04.14-15.49.19:164][545]LogModuleManager: Shutting down and abandoning module BspMode (470)
[2017.04.14-15.49.19:164][545]LogModuleManager: Shutting down and abandoning module HardwareSurvey (468)
[2017.04.14-15.49.19:164][545]LogModuleManager: Shutting down and abandoning module SequenceRecorderSections (466)
[2017.04.14-15.49.19:164][545]LogModuleManager: Shutting down and abandoning module AutomationWorker (464)
[2017.04.14-15.49.19:164][545]LogModuleManager: Shutting down and abandoning module MatineeToLevelSequence (462)
[2017.04.14-15.49.19:164][545]LogModuleManager: Shutting down and abandoning module LevelSequenceEditor (460)
[2017.04.14-15.49.19:171][545]LogModuleManager: Shutting down and abandoning module PlacementMode (459)
[2017.04.14-15.49.19:171][545]LogModuleManager: Shutting down and abandoning module WmfMediaFactory (456)
[2017.04.14-15.49.19:171][545]LogModuleManager: Shutting down and abandoning module WmfMediaEditor (454)
[2017.04.14-15.49.19:171][545]LogModuleManager: Shutting down and abandoning module MfMediaFactory (452)
[2017.04.14-15.49.19:171][545]LogModuleManager: Shutting down and abandoning module MfMediaEditor (450)
[2017.04.14-15.49.19:171][545]LogModuleManager: Shutting down and abandoning module AvfMediaFactory (448)
[2017.04.14-15.49.19:171][545]LogModuleManager: Shutting down and abandoning module AvfMediaEditor (446)
[2017.04.14-15.49.19:171][545]LogModuleManager: Shutting down and abandoning module AndroidMediaFactory (444)
[2017.04.14-15.49.19:171][545]LogModuleManager: Shutting down and abandoning module Media (443)
[2017.04.14-15.49.19:171][545]LogModuleManager: Shutting down and abandoning module AndroidMediaEditor (440)
[2017.04.14-15.49.19:171][545]LogModuleManager: Shutting down and abandoning module CharacterAI (438)
[2017.04.14-15.49.19:171][545]LogModuleManager: Shutting down and abandoning module AudioCapture (436)
[2017.04.14-15.49.19:171][545]LogModuleManager: Shutting down and abandoning module SequenceRecorder (435)
[2017.04.14-15.49.19:171][545]LogModuleManager: Shutting down and abandoning module SmartSnapping (432)
[2017.04.14-15.49.19:171][545]LogModuleManager: Shutting down and abandoning module SessionServices (430)
[2017.04.14-15.49.19:171][545]LogModuleManager: Shutting down and abandoning module ViewportSnapping (428)
[2017.04.14-15.49.19:171][545]LogModuleManager: Shutting down and abandoning module ViewportInteraction (426)
[2017.04.14-15.49.19:171][545]LogModuleManager: Shutting down and abandoning module LogVisualizer (424)
[2017.04.14-15.49.19:183][545]LogModuleManager: Shutting down and abandoning module IntroTutorials (422)
[2017.04.14-15.49.19:192][545]LogModuleManager: Shutting down and abandoning module GameProjectGeneration (421)
[2017.04.14-15.49.19:202][545]LogModuleManager: Shutting down and abandoning module EditorLiveStreaming (418)
[2017.04.14-15.49.19:202][545]LogModuleManager: Shutting down and abandoning module IOSPlatformEditor (416)
[2017.04.14-15.49.19:202][545]LogModuleManager: Shutting down and abandoning module HTML5PlatformEditor (414)
[2017.04.14-15.49.19:202][545]LogModuleManager: Shutting down and abandoning module AndroidPlatformEditor (412)
[2017.04.14-15.49.19:202][545]LogModuleManager: Shutting down and abandoning module AndroidDeviceDetection (411)
[2017.04.14-15.49.19:952][545]LogModuleManager: Shutting down and abandoning module IOSRuntimeSettings (408)
[2017.04.14-15.49.19:952][545]LogModuleManager: Shutting down and abandoning module AndroidRuntimeSettings (406)
[2017.04.14-15.49.19:952][545]LogModuleManager: Shutting down and abandoning module InputBindingEditor (404)
[2017.04.14-15.49.19:952][545]LogModuleManager: Shutting down and abandoning module NiagaraEditor (402)
[2017.04.14-15.49.19:989][545]LogModuleManager: Shutting down and abandoning module MergeActors (400)
[2017.04.14-15.49.19:998][545]LogModuleManager: Shutting down and abandoning module SizeMap (398)
[2017.04.14-15.49.19:998][545]LogModuleManager: Shutting down and abandoning module TreeMap (396)
[2017.04.14-15.49.19:998][545]LogModuleManager: Shutting down and abandoning module ReferenceViewer (394)
[2017.04.14-15.49.19:998][545]LogModuleManager: Shutting down and abandoning module LocalizationDashboard (392)
[2017.04.14-15.49.20:010][545]LogModuleManager: Shutting down and abandoning module LocalizationService (391)
[2017.04.14-15.49.20:013][545]LogModuleManager: Shutting down and abandoning module HardwareTargeting (388)
[2017.04.14-15.49.20:013][545]LogModuleManager: Shutting down and abandoning module DeviceProfileEditor (386)
[2017.04.14-15.49.20:024][545]LogModuleManager: Shutting down and abandoning module UndoHistory (384)
[2017.04.14-15.49.20:024][545]LogModuleManager: Shutting down and abandoning module UserFeedback (382)
[2017.04.14-15.49.20:024][545]LogModuleManager: Shutting down and abandoning module XmlParser (380)
[2017.04.14-15.49.20:024][545]LogModuleManager: Shutting down and abandoning module Blutility (378)
[2017.04.14-15.49.20:024][545]LogModuleManager: Shutting down and abandoning module ProjectSettingsViewer (376)
[2017.04.14-15.49.20:024][545]LogModuleManager: Shutting down and abandoning module ProjectTargetPlatformEditor (375)
[2017.04.14-15.49.20:024][545]LogModuleManager: Shutting down and abandoning module EditorSettingsViewer (372)
[2017.04.14-15.49.20:024][545]LogModuleManager: Shutting down and abandoning module SettingsEditor (370)
[2017.04.14-15.49.20:024][545]LogModuleManager: Shutting down and abandoning module ProjectLauncher (368)
[2017.04.14-15.49.20:039][545]LogModuleManager: Shutting down and abandoning module SessionFrontend (366)
[2017.04.14-15.49.20:044][545]LogModuleManager: Shutting down and abandoning module ProfilerClient (364)
[2017.04.14-15.49.20:069][545]LogModuleManager: Shutting down and abandoning module DeviceManager (362)
[2017.04.14-15.49.20:083][545]LogModuleManager: Shutting down and abandoning module TargetDeviceServices (361)
[2017.04.14-15.49.20:125][545]LogModuleManager: Shutting down and abandoning module AutomationController (358)
[2017.04.14-15.49.20:125][545]LogModuleManager: Shutting down and abandoning module AutomationWindow (356)
[2017.04.14-15.49.20:157][545]LogModuleManager: Shutting down and abandoning module Layers (354)
[2017.04.14-15.49.20:175][545]LogModuleManager: Shutting down and abandoning module ComponentVisualizers (352)
[2017.04.14-15.49.20:175][545]LogModuleManager: Shutting down and abandoning module DetailCustomizations (350)
[2017.04.14-15.49.20:186][545]LogModuleManager: Shutting down and abandoning module PackagesDialog (348)
[2017.04.14-15.49.20:186][545]LogModuleManager: Shutting down and abandoning module Persona (346)
[2017.04.14-15.49.20:189][545]LogModuleManager: Shutting down and abandoning module AnimGraph (345)
[2017.04.14-15.49.20:189][545]LogModuleManager: Shutting down and abandoning module Kismet (342)
[2017.04.14-15.49.20:192][545]LogModuleManager: Shutting down and abandoning module GraphEditor (340)
[2017.04.14-15.49.20:192][545]LogModuleManager: Shutting down and abandoning module ClassViewer (338)
[2017.04.14-15.49.20:192][545]LogModuleManager: Shutting down and abandoning module Toolbox (336)
[2017.04.14-15.49.20:192][545]LogModuleManager: Shutting down and abandoning module ModuleUI (334)
[2017.04.14-15.49.20:245][545]LogModuleManager: Shutting down and abandoning module MovieSceneTools (332)
[2017.04.14-15.49.20:251][545]LogModuleManager: Shutting down and abandoning module OutputLog (330)
[2017.04.14-15.49.20:251][545]LogModuleManager: Shutting down and abandoning module GammaUI (328)
[2017.04.14-15.49.20:257][545]LogModuleManager: Shutting down and abandoning module Documentation (326)
[2017.04.14-15.49.20:257][545]LogModuleManager: Shutting down and abandoning module Niagara (324)
[2017.04.14-15.49.20:257][545]LogModuleManager: Shutting down and abandoning module StreamingPauseRendering (322)
[2017.04.14-15.49.20:257][545]LogModuleManager: Shutting down and abandoning module AnalyticsET (320)
[2017.04.14-15.49.20:257][545]LogModuleManager: Shutting down and abandoning module PortalServices (318)
[2017.04.14-15.49.20:257][545]LogModuleManager: Shutting down and abandoning module PortalRpc (316)
[2017.04.14-15.49.20:257][545]LogModuleManager: Shutting down and abandoning module MessagingRpc (314)
[2017.04.14-15.49.20:257][545]LogModuleManager: Shutting down and abandoning module AIModule (312)
[2017.04.14-15.49.20:257][545]LogModuleManager: Shutting down and abandoning module GameplayDebugger (311)
[2017.04.14-15.49.20:266][545]LogModuleManager: Shutting down and abandoning module AITestSuite (309)
[2017.04.14-15.49.20:266][545]LogModuleManager: Shutting down and abandoning module ProfilerService (306)
[2017.04.14-15.49.20:451][545]LogModuleManager: Shutting down and abandoning module TaskGraph (304)
[2017.04.14-15.49.20:479][545]LogModuleManager: Shutting down and abandoning module SteamVRController (302)
[2017.04.14-15.49.20:479][545]LogModuleManager: Shutting down and abandoning module SteamVR (300)
[2017.04.14-15.49.20:479][545]LogModuleManager: Shutting down and abandoning module ProceduralMeshComponentEditor (298)
[2017.04.14-15.49.20:479][545]LogModuleManager: Shutting down and abandoning module ProceduralMeshComponent (296)
[2017.04.14-15.49.20:479][545]LogModuleManager: Shutting down and abandoning module OculusLibrary (294)
[2017.04.14-15.49.20:479][545]LogModuleManager: Shutting down and abandoning module OculusInput (292)
[2017.04.14-15.49.20:479][545]LogModuleManager: Shutting down and abandoning module MobilePatchingUtils (290)
[2017.04.14-15.49.20:479][545]LogModuleManager: Shutting down and abandoning module CustomMeshComponent (288)
[2017.04.14-15.49.20:479][545]LogModuleManager: Shutting down and abandoning module CableComponent (286)
[2017.04.14-15.49.20:479][545]LogModuleManager: Shutting down and abandoning module ArchVisCharacter (284)
[2017.04.14-15.49.20:479][545]LogModuleManager: Shutting down and abandoning module MediaPlayerEditor (282)
[2017.04.14-15.49.20:489][545]LogModuleManager: Shutting down and abandoning module HTML5Networking (280)
[2017.04.14-15.49.20:489][545]LogModuleManager: Shutting down and abandoning module AlembicImporter (278)
[2017.04.14-15.49.20:491][545]LogModuleManager: Shutting down and abandoning module AlembicLibrary (277)
[2017.04.14-15.49.20:491][545]LogModuleManager: Shutting down and abandoning module GeometryCache (276)
[2017.04.14-15.49.20:491][545]LogModuleManager: Shutting down and abandoning module GeometryCacheEd (275)
[2017.04.14-15.49.20:491][545]LogModuleManager: Shutting down and abandoning module SuperSearchEditor (270)
[2017.04.14-15.49.20:491][545]LogModuleManager: Shutting down and abandoning module SuperSearch (269)
[2017.04.14-15.49.20:491][545]LogModuleManager: Shutting down and abandoning module SpeedTreeImporter (266)
[2017.04.14-15.49.20:491][545]LogModuleManager: Shutting down and abandoning module PluginBrowser (264)
[2017.04.14-15.49.20:502][545]LogModuleManager: Shutting down and abandoning module MobileLauncherProfileWizard (262)
[2017.04.14-15.49.20:513][545]LogModuleManager: Shutting down and abandoning module EpicSurvey (260)
[2017.04.14-15.49.20:513][545]LogModuleManager: Shutting down and abandoning module VisualStudioSourceCodeAccess (258)
[2017.04.14-15.49.20:513][545]LogModuleManager: Shutting down and abandoning module DesktopPlatform (257)
[2017.04.14-15.49.20:513][545]LogModuleManager: Shutting down and abandoning module UObjectPlugin (254)
[2017.04.14-15.49.20:513][545]LogModuleManager: Shutting down and abandoning module SubversionSourceControl (252)
[2017.04.14-15.49.20:513][545]LogModuleManager: Shutting down and abandoning module PerforceSourceControl (250)
[2017.04.14-15.49.20:520][545]LogModuleManager: Shutting down and abandoning module GitSourceControl (248)
[2017.04.14-15.49.20:520][545]LogModuleManager: Shutting down and abandoning module SourceControl (247)
[2017.04.14-15.49.20:525][545]LogModuleManager: Shutting down and abandoning module LightPropagationVolumeEditor (244)
[2017.04.14-15.49.20:525][545]LogModuleManager: Shutting down and abandoning module PaperTiledImporter (242)
[2017.04.14-15.49.20:525][545]LogModuleManager: Shutting down and abandoning module PaperSpriteSheetImporter (240)
[2017.04.14-15.49.20:525][545]LogModuleManager: Shutting down and abandoning module Paper2DEditor (238)
[2017.04.14-15.49.20:531][545]LogModuleManager: Shutting down and abandoning module MeshPaint (237)
[2017.04.14-15.49.20:531][545]LogModuleManager: Shutting down and abandoning module LevelEditor (235)
[2017.04.14-15.49.20:532][545]LogModuleManager: Shutting down and abandoning module PixelInspectorModule (234)
[2017.04.14-15.49.20:532][545]LogModuleManager: Shutting down and abandoning module MainFrame (232)
[2017.04.14-15.49.20:532][545]LogModuleManager: Shutting down and abandoning module HotReload (231)
[2017.04.14-15.49.20:532][545]LogModuleManager: Shutting down and abandoning module ContentBrowser (227)
[2017.04.14-15.49.20:533][545]LogModuleManager: Shutting down and abandoning module PhysXVehiclesEditor (224)
[2017.04.14-15.49.20:533][545]LogModuleManager: Shutting down and abandoning module PhysXVehicles (222)
[2017.04.14-15.49.20:533][545]LogModuleManager: Shutting down and abandoning module LocationServicesBPLibrary (220)
[2017.04.14-15.49.20:533][545]LogModuleManager: Shutting down and abandoning module UdpMessaging (218)
[2017.04.14-15.49.20:634][545]LogModuleManager: Shutting down and abandoning module TcpMessaging (216)
[2017.04.14-15.49.20:734][545]LogModuleManager: Shutting down and abandoning module GameplayTagsEditor (214)
[2017.04.14-15.49.20:744][545]LogModuleManager: Shutting down and abandoning module FacialAnimationEditor (212)
[2017.04.14-15.49.20:750][545]LogModuleManager: Shutting down and abandoning module FacialAnimation (210)
[2017.04.14-15.49.20:751][545]LogModuleManager: Shutting down and abandoning module LightPropagationVolumeRuntime (208)
[2017.04.14-15.49.20:751][545]LogModuleManager: Shutting down and abandoning module Paper2D (206)
[2017.04.14-15.49.20:751][545]LogModuleManager: Shutting down and abandoning module WindowsMoviePlayer (204)
[2017.04.14-15.49.20:751][545]LogModuleManager: Shutting down and abandoning module WmfMedia (202)
[2017.04.14-15.49.20:751][545]LogModuleManager: Shutting down and abandoning module MfMedia (200)
[2017.04.14-15.49.20:751][545]LogModuleManager: Shutting down and abandoning module MediaAssets (198)
[2017.04.14-15.49.20:751][545]LogModuleManager: Shutting down and abandoning module GameLiveStreaming (196)
[2017.04.14-15.49.20:751][545]LogModuleManager: Shutting down and abandoning module VREditor (194)
[2017.04.14-15.49.20:751][545]LogModuleManager: Shutting down and abandoning module GameplayTasksEditor (192)
[2017.04.14-15.49.20:751][545]LogModuleManager: Shutting down and abandoning module BehaviorTreeEditor (190)
[2017.04.14-15.49.20:760][545]LogModuleManager: Shutting down and abandoning module FunctionalTesting (188)
[2017.04.14-15.49.20:760][545]LogModuleManager: Shutting down and abandoning module CollisionAnalyzer (186)
[2017.04.14-15.49.20:767][545]LogModuleManager: Shutting down and abandoning module UMG (184)
[2017.04.14-15.49.20:767][545]LogModuleManager: Shutting down and abandoning module UMGEditor (183)
[2017.04.14-15.49.20:767][545]LogModuleManager: Shutting down and abandoning module Sequencer (182)
[2017.04.14-15.49.20:778][545]LogModuleManager: Shutting down and abandoning module AssetTools (180)
[2017.04.14-15.49.20:797][545]LogModuleManager: Shutting down and abandoning module MessageLog (179)
[2017.04.14-15.49.20:797][545]LogModuleManager: Shutting down and abandoning module WorkspaceMenuStructure (178)
[2017.04.14-15.49.20:797][545]LogModuleManager: Shutting down and abandoning module SlateReflector (172)
[2017.04.14-15.49.20:812][545]LogModuleManager: Shutting down and abandoning module Slate (170)
[2017.04.14-15.49.20:812][545]LogModuleManager: Shutting down and abandoning module EditorStyle (168)
[2017.04.14-15.49.20:814][545]LogModuleManager: Shutting down and abandoning module SourceCodeAccess (166)
[2017.04.14-15.49.20:814][545]LogModuleManager: Shutting down and abandoning module HeadMountedDisplay (164)
[2017.04.14-15.49.20:814][545]LogModuleManager: Shutting down and abandoning module XAudio2 (162)
[2017.04.14-15.49.20:814][545]LogModuleManager: Shutting down and abandoning module Networking (160)
[2017.04.14-15.49.20:814][545]LogModuleManager: Shutting down and abandoning module Core (158)
[2017.04.14-15.49.20:814][545]LogModuleManager: Shutting down and abandoning module AssetRegistry (156)
[2017.04.14-15.49.20:915][545]LogDirectoryWatcher: A directory notification for '../../../Engine/Content/' was aborted.
[2017.04.14-15.49.20:915][545]LogDirectoryWatcher: A directory notification for '../../../../../../Users/Steven4K/Desktop/ReDestiny/DestinyRedux/Content/' was aborted.
[2017.04.14-15.49.20:915][545]LogDirectoryWatcher: A directory notification for '../../../Engine/Plugins/2D/Paper2D/Content/' was aborted.
[2017.04.14-15.49.20:915][545]LogModuleManager: Shutting down and abandoning module DirectoryWatcher (155)
[2017.04.14-15.49.20:915][545]LogModuleManager: Shutting down and abandoning module KismetCompiler (152)
[2017.04.14-15.49.20:915][545]LogModuleManager: Shutting down and abandoning module PhysXFormats (150)
[2017.04.14-15.49.20:915][545]LogModuleManager: Shutting down and abandoning module MeshUtilities (148)
[2017.04.14-15.49.20:915][545]LogModuleManager: Shutting down and abandoning module SimplygonSwarm (147)
[2017.04.14-15.49.20:915][545]LogModuleManager: Shutting down and abandoning module SimplygonMeshReduction (145)
[2017.04.14-15.49.20:915][545]LogModuleManager: Shutting down and abandoning module QuadricMeshReduction (143)
[2017.04.14-15.49.20:915][545]LogModuleManager: Shutting down and abandoning module PropertyEditor (141)
[2017.04.14-15.49.20:916][545]LogModuleManager: Shutting down and abandoning module DerivedDataCache (138)
[2017.04.14-15.49.20:990][545]LogDerivedDataCache: Shutdown
[2017.04.14-15.49.20:990][545]LogModuleManager: Shutting down and abandoning module TargetPlatform (136)
[2017.04.14-15.49.20:990][545]LogModuleManager: Shutting down and abandoning module VulkanShaderFormat (135)
[2017.04.14-15.49.20:990][545]LogModuleManager: Shutting down and abandoning module ShaderFormatOpenGL (133)
[2017.04.14-15.49.20:998][545]LogModuleManager: Shutting down and abandoning module ShaderFormatD3D (131)
[2017.04.14-15.49.20:998][545]LogModuleManager: Shutting down and abandoning module MetalShaderFormat (129)
[2017.04.14-15.49.21:018][545]LogModuleManager: Shutting down and abandoning module TextureFormatUncompressed (127)
[2017.04.14-15.49.21:018][545]LogModuleManager: Shutting down and abandoning module TextureFormatPVR (125)
[2017.04.14-15.49.21:018][545]LogModuleManager: Shutting down and abandoning module TextureFormatDXT (123)
[2017.04.14-15.49.21:018][545]LogModuleManager: Shutting down and abandoning module TextureFormatIntelISPCTexComp (121)
[2017.04.14-15.49.21:018][545]LogModuleManager: Shutting down and abandoning module TextureFormatASTC (119)
[2017.04.14-15.49.21:018][545]LogModuleManager: Shutting down and abandoning module ImageWrapper (118)
[2017.04.14-15.49.21:018][545]LogModuleManager: Shutting down and abandoning module TextureFormatAndroid (115)
[2017.04.14-15.49.21:018][545]LogModuleManager: Shutting down and abandoning module AudioFormatOpus (113)
[2017.04.14-15.49.21:018][545]LogModuleManager: Shutting down and abandoning module AudioFormatOgg (111)
[2017.04.14-15.49.21:018][545]LogModuleManager: Shutting down and abandoning module AudioFormatADPCM (109)
[2017.04.14-15.49.21:018][545]LogModuleManager: Shutting down and abandoning module LinuxTargetPlatform (107)
[2017.04.14-15.49.21:018][545]LogModuleManager: Shutting down and abandoning module LinuxServerTargetPlatform (105)
[2017.04.14-15.49.21:018][545]LogModuleManager: Shutting down and abandoning module LinuxNoEditorTargetPlatform (103)
[2017.04.14-15.49.21:018][545]LogModuleManager: Shutting down and abandoning module LinuxClientTargetPlatform (101)
[2017.04.14-15.49.21:018][545]LogModuleManager: Shutting down and abandoning module TVOSTargetPlatform (99)
[2017.04.14-15.49.21:018][545]LogModuleManager: Shutting down and abandoning module Messaging (97)
[2017.04.14-15.49.21:018][545]LogModuleManager: Shutting down and abandoning module IOSTargetPlatform (95)
[2017.04.14-15.49.21:018][545]LogModuleManager: Shutting down and abandoning module HTML5TargetPlatform (93)
[2017.04.14-15.49.21:018][545]LogModuleManager: Shutting down and abandoning module Android_PVRTCTargetPlatform (91)
[2017.04.14-15.49.21:018][545]LogModuleManager: Shutting down and abandoning module Android_MultiTargetPlatform (89)
[2017.04.14-15.49.21:018][545]LogModuleManager: Shutting down and abandoning module Android_ETC2TargetPlatform (87)
[2017.04.14-15.49.21:018][545]LogModuleManager: Shutting down and abandoning module Android_ETC1TargetPlatform (85)
[2017.04.14-15.49.21:018][545]LogModuleManager: Shutting down and abandoning module Android_DXTTargetPlatform (83)
[2017.04.14-15.49.21:018][545]LogModuleManager: Shutting down and abandoning module Android_ATCTargetPlatform (81)
[2017.04.14-15.49.21:018][545]LogModuleManager: Shutting down and abandoning module Android_ASTCTargetPlatform (79)
[2017.04.14-15.49.21:018][545]LogModuleManager: Shutting down and abandoning module AndroidTargetPlatform (77)
[2017.04.14-15.49.21:018][545]LogModuleManager: Shutting down and abandoning module WindowsTargetPlatform (75)
[2017.04.14-15.49.21:018][545]LogModuleManager: Shutting down and abandoning module WindowsServerTargetPlatform (73)
[2017.04.14-15.49.21:018][545]LogModuleManager: Shutting down and abandoning module WindowsNoEditorTargetPlatform (71)
[2017.04.14-15.49.21:018][545]LogModuleManager: Shutting down and abandoning module WindowsClientTargetPlatform (69)
[2017.04.14-15.49.21:018][545]LogModuleManager: Shutting down and abandoning module MacTargetPlatform (67)
[2017.04.14-15.49.21:018][545]LogModuleManager: Shutting down and abandoning module MacServerTargetPlatform (65)
[2017.04.14-15.49.21:018][545]LogModuleManager: Shutting down and abandoning module MacNoEditorTargetPlatform (63)
[2017.04.14-15.49.21:018][545]LogModuleManager: Shutting down and abandoning module MacClientTargetPlatform (61)
[2017.04.14-15.49.21:018][545]LogModuleManager: Shutting down and abandoning module AllDesktopTargetPlatform (59)
[2017.04.14-15.49.21:018][545]LogModuleManager: Shutting down and abandoning module InputCore (56)
[2017.04.14-15.49.21:018][545]LogModuleManager: Shutting down and abandoning module Settings (54)
[2017.04.14-15.49.21:018][545]LogModuleManager: Shutting down and abandoning module OculusRift (52)
[2017.04.14-15.49.21:018][545]LogModuleManager: Shutting down and abandoning module GearVR (50)
[2017.04.14-15.49.21:028][545]LogModuleManager: Shutting down and abandoning module ExampleDeviceProfileSelector (48)
[2017.04.14-15.49.21:028][545]LogModuleManager: Shutting down and abandoning module OnlineBlueprintSupport (46)
[2017.04.14-15.49.21:028][545]LogModuleManager: Shutting down and abandoning module OnlineSubsystem (42)
[2017.04.14-15.49.21:028][545]LogOnline:Display: OSS: FOnlineSubsystemNull::Shutdown()
[2017.04.14-15.49.21:028][545]LogOnline:Display: Unloading online subsystem: NULL
[2017.04.14-15.49.21:028][545]LogModuleManager: Shutting down and abandoning module XMPP (37)
[2017.04.14-15.49.21:030][545]LogModuleManager: Shutting down and abandoning module HTTP (35)
[2017.04.14-15.49.21:034][545]LogHttp:Display: Http module shutting down, but needs to wait on 1 outstanding Http requests:
[2017.04.14-15.49.21:034][545]LogHttp:Display: 	verb=[POST] url=[https://datarouter.ol.epicgames.com/datarouter/api/v1/public/data?SessionID=%7B76D553DF-48B5-087D-33FB-A2A2337C07AF%7D&AppID=UEEditor.Rocket.Release&AppVersion=4.15.1-3348071%2B%2B%2BUE4%2BRelease-4.15&UserID=6b2ddadf4c5a8bbf49ba50ae59c652c1%7C049a09598b90443da8e8e30d4d2b8ded%7C732e9ea2-b7f5-4be8-a08a-9afd69cb1240&AppEnvironment=datacollector-binary&UploadType=eteventstream] status=Processing
[2017.04.14-15.49.21:056][545]LogModuleManager: Shutting down and abandoning module SSL (34)
[2017.04.14-15.49.21:057][545]LogModuleManager: Shutting down and abandoning module AudioEditor (30)
[2017.04.14-15.49.21:066][545]LogModuleManager: Shutting down and abandoning module TextureCompressor (28)
[2017.04.14-15.49.21:066][545]LogModuleManager: Shutting down and abandoning module ShaderCore (26)
[2017.04.14-15.49.21:066][545]LogModuleManager: Shutting down and abandoning module Landscape (24)
[2017.04.14-15.49.21:066][545]LogModuleManager: Shutting down and abandoning module SlateRHIRenderer (22)
[2017.04.14-15.49.21:078][545]LogModuleManager: Shutting down and abandoning module OpenGLDrv (20)
[2017.04.14-15.49.21:105][545]LogModuleManager: Shutting down and abandoning module D3D11RHI (18)
[2017.04.14-15.49.21:105][545]LogModuleManager: Shutting down and abandoning module AnimGraphRuntime (16)
[2017.04.14-15.49.21:105][545]LogModuleManager: Shutting down and abandoning module Renderer (14)
[2017.04.14-15.49.21:105][545]LogModuleManager: Shutting down and abandoning module Engine (12)
[2017.04.14-15.49.21:105][545]LogModuleManager: Shutting down and abandoning module CoreUObject (10)
[2017.04.14-15.49.21:105][545]LogModuleManager: Shutting down and abandoning module NetworkFile (8)
[2017.04.14-15.49.21:105][545]LogModuleManager: Shutting down and abandoning module StreamingFile (6)
[2017.04.14-15.49.21:105][545]LogModuleManager: Shutting down and abandoning module SandboxFile (4)
[2017.04.14-15.49.21:105][545]LogModuleManager: Shutting down and abandoning module PakFile (2)
[2017.04.14-15.49.21:113][545]LogExit: Exiting.
[2017.04.14-15.49.21:116][545]Log file closed, 04/14/17 08:49:21
