Log file open, 05/29/17 09:03:48
LogInit:Display: Running engine for game: DestinyRedux
LogPlatformFile: Not using cached read wrapper
LogInit:Display: RandInit(-751222915) SRandInit(-751222915).
LogTaskGraph: Started task graph with 5 named threads and 8 total threads with 1 sets of task threads.
LogStats: Stats thread started at 0.299284
LogInit: Using libcurl 7.47.1
LogInit:  - built for x86_64-pc-win32
LogInit:  - supports SSL with OpenSSL/1.0.2g
LogInit:  - supports HTTP deflate (compression) using libz 1.2.8
LogInit:  - other features:
LogInit:      CURL_VERSION_SSL
LogInit:      CURL_VERSION_LIBZ
LogInit:      CURL_VERSION_IPV6
LogInit:      CURL_VERSION_ASYNCHDNS
LogInit:      CURL_VERSION_LARGEFILE
LogInit:      CURL_VERSION_IDN
LogInit:  CurlRequestOptions (configurable via config and command line):
LogInit:  - bVerifyPeer = false  - Libcurl will NOT verify peer certificate
LogInit:  - bUseHttpProxy = false  - Libcurl will NOT use HTTP proxy
LogInit:  - bDontReuseConnections = false  - Libcurl will reuse connections
LogInit:  - CertBundlePath = nullptr  - Libcurl will use whatever was configured at build time.
LogInit: WinSock: version 1.1 (2.2), MaxSocks=32767, MaxUdp=65467
LogInit: Build: ++UE4+Release-4.15-CL-3416026
LogInit: Engine Version: 4.15.2-3416026+++UE4+Release-4.15
LogInit: Compatible Engine Version: 4.15.0-3299760+++UE4+Release-4.15
LogInit: Net CL: 3299760
LogDevObjectVersion: Number of dev versions registered: 14
LogDevObjectVersion:   Dev-Blueprints (B0D832E4-1F89-4F0D-ACCF-7EB736FD4AA2): 8
LogDevObjectVersion:   Dev-Build (E1C64328-A22C-4D53-A36C-8E866417BD8C): 0
LogDevObjectVersion:   Dev-Core (375EC13C-06E4-48FB-B500-84F0262A717E): 2
LogDevObjectVersion:   Dev-Editor (E4B068ED-F494-42E9-A231-DA0B2E46BB41): 14
LogDevObjectVersion:   Dev-Framework (CFFC743F-43B0-4480-9391-14DF171D2073): 22
LogDevObjectVersion:   Dev-Mobile (B02B49B5-BB20-44E9-A304-32B752E40360): 0
LogDevObjectVersion:   Dev-Networking (A4E4105C-59A1-49B5-A7C5-40C4547EDFEE): 0
LogDevObjectVersion:   Dev-Online (39C831C9-5AE6-47DC-9A44-9C173E1C8E7C): 0
LogDevObjectVersion:   Dev-Physics (78F01B33-EBEA-4F98-B9B4-84EACCB95AA2): 0
LogDevObjectVersion:   Dev-Platform (6631380F-2D4D-43E0-8009-CF276956A95A): 0
LogDevObjectVersion:   Dev-Rendering (12F88B9F-8875-4AFC-A67C-D90C383ABD29): 12
LogDevObjectVersion:   Dev-Sequencer (7B5AE74C-D270-4C10-A958-57980B212A5A): 3
LogDevObjectVersion:   Dev-VR (D7296918-1DD6-4BDD-9DE2-64A83CC13884): 0
LogDevObjectVersion:   Dev-LoadTimes (C2A15278-BFE7-4AFE-6C17-90FF531DF755): 1
LogInit: Compiled (64-bit): May  1 2017 13:11:28
LogInit: Compiled with Visual C++: 19.00.23026.00
LogInit: Build Configuration: Development
LogInit: Branch Name: ++UE4+Release-4.15
LogInit: Command line:  
LogInit: Base directory: C:/Program Files/Epic Games/UE_4.15/Engine/Binaries/Win64/
LogInit: Installed Engine Build: 1
LogInit: Presizing for max 8388607 objects, including 0 objects not considered by GC, pre-allocating 0 bytes for permanent pool.
LogInit: Object subsystem initialized
[2017.05.29-16.03.51:750][  0]LogInit: Selected Device Profile: [Windows]
[2017.05.29-16.03.51:750][  0]LogInit: Applying CVar settings loaded from the selected device profile: [Windows]
[2017.05.29-16.03.52:093][  0]LogInit: Computer: CLU
[2017.05.29-16.03.52:093][  0]LogInit: User: Steven4K
[2017.05.29-16.03.52:093][  0]LogInit: CPU Page size=65536, Cores=4
[2017.05.29-16.03.52:093][  0]LogInit: High frequency timer resolution =3.914063 MHz
[2017.05.29-16.03.52:115][  0]LogMemory: Memory total: Physical=16.0GB (16GB approx)
[2017.05.29-16.03.52:115][  0]LogMemory: Platform Memory Stats for Windows
[2017.05.29-16.03.52:115][  0]LogMemory: Process Physical Memory: 264.77 MB used, 264.77 MB peak
[2017.05.29-16.03.52:115][  0]LogMemory: Process Virtual Memory: 262.53 MB used, 262.53 MB peak
[2017.05.29-16.03.52:115][  0]LogMemory: Physical Memory: 3030.05 MB used,  13303.06 MB free, 16333.11 MB total
[2017.05.29-16.03.52:115][  0]LogMemory: Virtual Memory: 646.94 MB used,  13303.06 MB free, 134217728.00 MB total
[2017.05.29-16.03.53:745][  0]LogTextLocalizationManager: No specific translations for ('en-US') exist, so ('en') translations will be used.
[2017.05.29-16.04.02:367][  0]LogD3D11RHI: D3D11 adapters:
[2017.05.29-16.04.02:425][  0]LogD3D11RHI:    0. 'NVIDIA GeForce GTX 1080' (Feature Level 11_0)
[2017.05.29-16.04.02:425][  0]LogD3D11RHI:       8110/0/8166 MB DedicatedVideo/DedicatedSystem/SharedSystem, Outputs:1, VendorId:0x10de
[2017.05.29-16.04.02:426][  0]LogD3D11RHI:    1. 'Microsoft Basic Render Driver' (Feature Level 11_0)
[2017.05.29-16.04.02:426][  0]LogD3D11RHI:       0/0/8166 MB DedicatedVideo/DedicatedSystem/SharedSystem, Outputs:0, VendorId:0x1414
[2017.05.29-16.04.02:426][  0]LogD3D11RHI: Chosen D3D11 Adapter: 0
[2017.05.29-16.04.02:432][  0]LogD3D11RHI: Creating new Direct3DDevice
[2017.05.29-16.04.02:432][  0]LogD3D11RHI:     GPU DeviceId: 0x1b80 (for the marketing name, search the web for "GPU Device Id")
[2017.05.29-16.04.02:432][  0]LogWindows: EnumDisplayDevices:
[2017.05.29-16.04.02:432][  0]LogWindows:    0. 'NVIDIA GeForce GTX 1080' (P:1 D:1)
[2017.05.29-16.04.02:432][  0]LogWindows:    1. 'NVIDIA GeForce GTX 1080' (P:0 D:0)
[2017.05.29-16.04.02:432][  0]LogWindows:    2. 'NVIDIA GeForce GTX 1080' (P:0 D:0)
[2017.05.29-16.04.02:433][  0]LogWindows:    3. 'NVIDIA GeForce GTX 1080' (P:0 D:0)
[2017.05.29-16.04.02:433][  0]LogWindows: DebugString: FoundDriverCount:4 
[2017.05.29-16.04.02:433][  0]LogD3D11RHI:     Adapter Name: NVIDIA GeForce GTX 1080
[2017.05.29-16.04.02:433][  0]LogD3D11RHI:   Driver Version: 381.65 (internal:22.21.13.8165, unified:381.65)
[2017.05.29-16.04.02:433][  0]LogD3D11RHI:      Driver Date: 3-31-2017
[2017.05.29-16.04.02:433][  0]LogRHI: Texture pool is 1361 MB (70% of 1945 MB)
[2017.05.29-16.04.02:493][  0]LogD3D11RHI: [Aftermath] Aftermath enabled and primed
[2017.05.29-16.04.02:493][  0]LogD3D11RHI: Async texture creation enabled
[2017.05.29-16.04.02:979][  0]LogD3D11RHI: GPU Timing Frequency: 1000.000000 (Debug: 2 2)
[2017.05.29-16.04.03:251][  0]LogShaderCompilers: Guid format shader working directory is -15 characters bigger than the processId version (../../../../../../Users/Steven4K/Desktop/ReDestiny/DestinyRedux/Intermediate/Shaders/WorkingDirectory/16024/).
[2017.05.29-16.04.03:251][  0]LogShaderCompilers: Cleaned the shader compiler working directory 'C:/Users/Steven4K/AppData/Local/Temp/UnrealShaderWorkingDir/6B53BE2646B0AF396D688BA595141510/'.
[2017.05.29-16.04.03:263][  0]LogShaderCompilers:Display: Using Local Shader Compiler.
[2017.05.29-16.04.10:524][  0]LogTemp:Display: Loaded TP AllDesktopTargetPlatform
[2017.05.29-16.04.10:565][  0]LogTemp:Display: Loaded TP MacClientTargetPlatform
[2017.05.29-16.04.10:605][  0]LogTemp:Display: Loaded TP MacNoEditorTargetPlatform
[2017.05.29-16.04.10:645][  0]LogTemp:Display: Loaded TP MacServerTargetPlatform
[2017.05.29-16.04.10:738][  0]LogTemp:Display: Loaded TP MacTargetPlatform
[2017.05.29-16.04.10:779][  0]LogTemp:Display: Loaded TP WindowsClientTargetPlatform
[2017.05.29-16.04.10:819][  0]LogTemp:Display: Loaded TP WindowsNoEditorTargetPlatform
[2017.05.29-16.04.10:859][  0]LogTemp:Display: Loaded TP WindowsServerTargetPlatform
[2017.05.29-16.04.10:925][  0]LogTemp:Display: Loaded TP WindowsTargetPlatform
[2017.05.29-16.04.10:990][  0]LogTemp:Display: Loaded TP AndroidTargetPlatform
[2017.05.29-16.04.11:075][  0]LogTemp:Display: Loaded TP Android_ASTCTargetPlatform
[2017.05.29-16.04.11:115][  0]LogTemp:Display: Loaded TP Android_ATCTargetPlatform
[2017.05.29-16.04.11:153][  0]LogTemp:Display: Loaded TP Android_DXTTargetPlatform
[2017.05.29-16.04.11:193][  0]LogTemp:Display: Loaded TP Android_ETC1TargetPlatform
[2017.05.29-16.04.11:231][  0]LogTemp:Display: Loaded TP Android_ETC2TargetPlatform
[2017.05.29-16.04.11:340][  0]LogTemp:Display: Loaded TP Android_MultiTargetPlatform
[2017.05.29-16.04.11:340][  0]LogTemp:Display: Loaded TP Android_PVRTCTargetPlatform
[2017.05.29-16.04.11:367][  0]LogTemp:Display: Loaded TP HTML5TargetPlatform
[2017.05.29-16.04.11:636][  0]LogTemp:Display: Loaded TP IOSTargetPlatform
[2017.05.29-16.04.11:662][  0]LogTemp:Display: Loaded TP TVOSTargetPlatform
[2017.05.29-16.04.11:700][  0]LogTemp:Display: Loaded TP LinuxClientTargetPlatform
[2017.05.29-16.04.11:739][  0]LogTemp:Display: Loaded TP LinuxNoEditorTargetPlatform
[2017.05.29-16.04.11:784][  0]LogTemp:Display: Loaded TP LinuxServerTargetPlatform
[2017.05.29-16.04.11:927][  0]LogTemp:Display: Loaded TP LinuxTargetPlatform
[2017.05.29-16.04.11:927][  0]LogTargetPlatformManager:Display: Building Assets For Windows
[2017.05.29-16.04.13:509][  0]LogDerivedDataCache:Display: Max Cache Size: 512 MB
[2017.05.29-16.04.14:045][  0]LogDerivedDataCache: Loaded boot cache 0.52s 50MB C:/Users/Steven4K/AppData/Local/UnrealEngine/4.15/DerivedDataCache/Boot.ddc.
[2017.05.29-16.04.14:045][  0]LogDerivedDataCache:Display: Loaded Boot cache: C:/Users/Steven4K/AppData/Local/UnrealEngine/4.15/DerivedDataCache/Boot.ddc
[2017.05.29-16.04.14:045][  0]LogDerivedDataCache: FDerivedDataBackendGraph:  Pak pak cache file ../../../../../../Users/Steven4K/Desktop/ReDestiny/DestinyRedux/DerivedDataCache/DDC.ddp not found, will not use a pak cache.
[2017.05.29-16.04.14:045][  0]LogDerivedDataCache: Unable to find inner node Pak for hierarchical cache Hierarchy.
[2017.05.29-16.04.14:045][  0]LogDerivedDataCache: FDerivedDataBackendGraph:  CompressedPak pak cache file ../../../../../../Users/Steven4K/Desktop/ReDestiny/DestinyRedux/DerivedDataCache/Compressed.ddp not found, will not use a pak cache.
[2017.05.29-16.04.14:045][  0]LogDerivedDataCache: Unable to find inner node CompressedPak for hierarchical cache Hierarchy.
[2017.05.29-16.04.14:104][  0]LogDerivedDataCache:Display: Pak cache opened for reading ../../../Engine/DerivedDataCache/Compressed.ddp.
[2017.05.29-16.04.14:126][  0]LogDerivedDataCache: Using Local data cache path C:/Users/Steven4K/AppData/Local/UnrealEngine/Common/DerivedDataCache: Writable
[2017.05.29-16.04.14:567][  0]LogSlate: Using Freetype 2.6.0
[2017.05.29-16.04.14:803][  0]LogSlate: SlateFontCache - WITH_FREETYPE: 1, WITH_HARFBUZZ: 1
[2017.05.29-16.04.14:803][  0]LogSlate: SlateFontCache - WITH_FREETYPE: 1, WITH_HARFBUZZ: 1
[2017.05.29-16.04.29:089][  0]LogInit: Selected Device Profile: [Windows]
[2017.05.29-16.04.29:206][  0]LogContentStreaming: Texture pool size is 0.00 MB
[2017.05.29-16.04.30:127][  0]LogMeshUtilities: Using QuadricMeshReduction for automatic static mesh reduction
[2017.05.29-16.04.30:234][  0]LogSimplygon: Simplygon DLL not present - disabling.
[2017.05.29-16.04.30:293][  0]LogMeshUtilities: Using SimplygonSwarm for distributed automatic mesh merging
[2017.05.29-16.04.30:293][  0]LogMeshUtilities: No automatic skeletal mesh reduction module available
[2017.05.29-16.04.30:293][  0]LogMeshUtilities: No automatic mesh merging module available
[2017.05.29-16.04.39:042][  0]LogNetVersion: GetLocalNetworkVersion: CL: 3299760, ProjectName: destinyredux, ProjectVersion: , EngineNetworkVersion: 2, GameNetworkVersion: 0, NetworkChecksum: 2158004914
[2017.05.29-16.04.39:223][  0]LogAssetRegistry: FAssetRegistry took 0.0249 seconds to start up
[2017.05.29-16.04.39:577][  0]LogPackageLocalizationCache: Processed 3 localized package path(s) for 2 prioritized culture(s) in 0.260063 seconds
[2017.05.29-16.04.39:609][  0]LogUObjectArray: 32493 objects as part of root set at end of initial load.
[2017.05.29-16.04.39:609][  0]LogUObjectAllocator: 7077032 out of 0 bytes used by permanent object pool.
[2017.05.29-16.04.39:609][  0]LogUObjectArray: CloseDisregardForGC: 0/0 objects in disregard for GC pool
[2017.05.29-16.05.11:939][  0]LogTcpMessaging: Initializing TcpMessaging bridge
[2017.05.29-16.05.12:018][  0]LogUdpMessaging: Initializing bridge on interface 0.0.0.0:0 to multicast group 230.0.0.1:6666.
[2017.05.29-16.05.14:177][  0]LogMaterial: Uniform references updated for custom material expression Custom.
[2017.05.29-16.05.15:221][  0]SourceControl: Info Source control is disabled
[2017.05.29-16.05.15:712][  0]SourceControl: Info Source control is disabled
[2017.05.29-16.05.15:809][  0]SourceControl: Info Source control is disabled
[2017.05.29-16.05.15:874][  0]SourceControl: Info Source control is disabled
[2017.05.29-16.05.18:489][  0]LogEngine: Initializing Engine...
[2017.05.29-16.05.18:769][  0]LogHMD: Failed to initialize OpenVR with code 126
[2017.05.29-16.05.21:064][  0]LogStats: UGameplayTagsManager::ConstructGameplayTagTree: Construct from data asset -  0.000 s
[2017.05.29-16.05.21:071][  0]LogStats: UGameplayTagsManager::ConstructGameplayTagTree: ImportINI -  0.001 s
[2017.05.29-16.05.21:071][  0]LogStats: UGameplayTagsManager::ConstructGameplayTagTree: GameplayTagTreeChangedEvent.Broadcast -  0.000 s
[2017.05.29-16.05.22:344][  0]LogAIModule: Creating AISystem for world Untitled
[2017.05.29-16.05.22:849][  0]LogInit: XAudio2 using 'Speakers (High Definition Audio Device)' : 2 channels at 44.1 kHz using 16 bits per sample (channel mask 0x3)
[2017.05.29-16.05.22:882][  0]LogInit: FAudioDevice initialized.
[2017.05.29-16.05.22:915][  0]LogDerivedDataCache: Saved boot cache 0.03s 50MB C:/Users/Steven4K/AppData/Local/UnrealEngine/4.15/DerivedDataCache/Boot.ddc.
[2017.05.29-16.05.22:924][  0]LogInit: Texture streaming: Enabled
[2017.05.29-16.05.23:181][  0]LogEngineSessionManager: EngineSessionManager initialized
[2017.05.29-16.05.23:539][  0]LogWindowsTextInputMethodSystem:Display: IME system now deactivated.
[2017.05.29-16.05.25:076][  0]LogInit: Transaction tracking system initialized
[2017.05.29-16.05.27:451][  0]BlueprintLog: New page: Editor Load
[2017.05.29-16.05.30:375][  0]LocalizationService: Info Localization service is disabled
[2017.05.29-16.05.31:957][  0]LogConsoleResponse:Display: 
[2017.05.29-16.05.37:581][  0]LogFileCache: Scanning file cache for directory 'C:/Users/Steven4K/Desktop/ReDestiny/DestinyRedux/Content/' took 0.06s
[2017.05.29-16.05.37:581][  0]LogCook:Display: Max memory allowance for cook 16384mb min free memory 0mb
[2017.05.29-16.05.37:583][  0]LogCook:Display: Mobile HDR setting 1
[2017.05.29-16.05.43:755][  0]SourceControl: Info Source control is disabled
[2017.05.29-16.05.43:933][  0]Cmd: MAP LOAD FILE="../../../../../../Users/Steven4K/Desktop/ReDestiny/DestinyRedux/Content/ReDestiny/Maps/Level_ShipModular.umap" TEMPLATE=0 SHOWPROGRESS=1 FEATURELEVEL=3
[2017.05.29-16.05.44:238][  0]LightingResults: New page: Lighting Build
[2017.05.29-16.05.44:741][  0]MapCheck: New page: Map Check
[2017.05.29-16.05.44:741][  0]LightingResults: New page: Lighting Build
[2017.05.29-16.05.55:198][  0]LogLinker: Can't find file '/Game/ReDestiny/Textures/ButtonIcons/XboxOne/XboxMainButton'
[2017.05.29-16.05.55:198][  0]LogLinker: Can't find file '/Game/ReDestiny/Textures/ButtonIcons/XboxOne/XboxMainButton'
[2017.05.29-16.06.21:620][  0]LogBlueprint:Warning: [QuestInfoPage] 'CurStepTooltip' variable not found. Base class was probably changed.
[2017.05.29-16.06.21:871][  0]LogScriptSerialization:Warning: Error: Unknown bytecode 0x3C; ignoring it
[2017.05.29-16.06.21:889][  0]LogScriptSerialization:Warning: Error: Unknown bytecode 0x3C; ignoring it
[2017.05.29-16.06.21:889][  0]LogScriptSerialization:Warning: Error: Unknown bytecode 0x3C; ignoring it
[2017.05.29-16.06.22:883][  0]LogScriptSerialization:Warning: Error: Unknown bytecode 0x3C; ignoring it
[2017.05.29-16.06.22:883][  0]LogScriptSerialization:Warning: Error: Unknown bytecode 0x3C; ignoring it
[2017.05.29-16.06.22:901][  0]LogScriptSerialization:Warning: Error: Unknown bytecode 0x3C; ignoring it
[2017.05.29-16.06.22:901][  0]LogScriptSerialization:Warning: Error: Unknown bytecode 0x3C; ignoring it
[2017.05.29-16.06.22:918][  0]LogScriptSerialization:Warning: Error: Unknown bytecode 0x3C; ignoring it
[2017.05.29-16.06.22:918][  0]LogScriptSerialization:Warning: Error: Unknown bytecode 0x3C; ignoring it
[2017.05.29-16.06.22:921][  0]LogScriptSerialization:Warning: Error: Unknown bytecode 0x3C; ignoring it
[2017.05.29-16.06.22:921][  0]LogScriptSerialization:Warning: Error: Unknown bytecode 0x3C; ignoring it
[2017.05.29-16.06.22:924][  0]LogScriptSerialization:Warning: Error: Unknown bytecode 0x3C; ignoring it
[2017.05.29-16.06.22:924][  0]LogScriptSerialization:Warning: Error: Unknown bytecode 0x3C; ignoring it
[2017.05.29-16.06.22:938][  0]LogScriptSerialization:Warning: Error: Unknown bytecode 0x3C; ignoring it
[2017.05.29-16.06.22:938][  0]LogScriptSerialization:Warning: Error: Unknown bytecode 0x3C; ignoring it
[2017.05.29-16.06.22:973][  0]LogScriptSerialization:Warning: Error: Unknown bytecode 0x3C; ignoring it
[2017.05.29-16.06.22:982][  0]LogScriptSerialization:Warning: Error: Unknown bytecode 0x3C; ignoring it
[2017.05.29-16.06.22:982][  0]LogScriptSerialization:Warning: Error: Unknown bytecode 0x3C; ignoring it
[2017.05.29-16.06.22:995][  0]LogScriptSerialization:Warning: Error: Unknown bytecode 0x3C; ignoring it
[2017.05.29-16.06.22:995][  0]LogScriptSerialization:Warning: Error: Unknown bytecode 0x3C; ignoring it
[2017.05.29-16.06.23:009][  0]LogScriptSerialization:Warning: Error: Unknown bytecode 0x3C; ignoring it
[2017.05.29-16.06.23:009][  0]LogScriptSerialization:Warning: Error: Unknown bytecode 0x3C; ignoring it
[2017.05.29-16.06.23:014][  0]LogBlueprint:Warning: [QuestInfoPage] 'CurStepTooltip' variable not found. Base class was probably changed.
[2017.05.29-16.06.23:035][  0]LogScriptSerialization:Warning: Error: Unknown bytecode 0x3C; ignoring it
[2017.05.29-16.06.23:035][  0]LogScriptSerialization:Warning: Error: Unknown bytecode 0x3C; ignoring it
[2017.05.29-16.06.48:246][  0]LogAIModule: Creating AISystem for world Level_ShipModular
[2017.05.29-16.06.49:324][  0]LogEditorServer: Finished looking for orphan Actors (0.000 secs)
[2017.05.29-16.06.49:353][  0]Cmd: MAP CHECKDEP NOCLEARLOG
[2017.05.29-16.06.49:473][  0]MapCheck: Info Map check complete: 0 Error(s), 0 Warning(s), took 119.952ms to complete.
[2017.05.29-16.06.49:473][  0]LogFileHelpers: Loading map 'Level_ShipModular' took 65.595
[2017.05.29-16.06.51:604][  0]LogCollectionManager: Loaded 1 collections in 0.010244 seconds
[2017.05.29-16.06.51:831][  0]LogFileCache: Scanning file cache for directory 'C:/Users/Steven4K/Desktop/ReDestiny/DestinyRedux/Saved/Collections/' took 0.01s
[2017.05.29-16.06.51:831][  0]LogFileCache: Scanning file cache for directory 'C:/Users/Steven4K/Desktop/ReDestiny/DestinyRedux/Content/Developers/Steven4K/Collections/' took 0.01s
[2017.05.29-16.06.51:831][  0]LogFileCache: Scanning file cache for directory 'C:/Users/Steven4K/Desktop/ReDestiny/DestinyRedux/Content/Collections/' took 0.01s
[2017.05.29-16.06.51:831][  0]LogCollectionManager: Rebuilt the GUID cache for 1 collections in 0.000007 seconds
[2017.05.29-16.06.51:831][  0]LogCollectionManager: Rebuilt the hierarchy cache for 1 collections in 0.000000 seconds
[2017.05.29-16.06.51:840][  0]LogContentBrowser: Native class hierarchy populated in 0.0077 seconds. Added 2245 classes and 453 folders.
[2017.05.29-16.06.51:980][  0]LogContentBrowser: Native class hierarchy updated for 'WidgetCarousel' in 0.0004 seconds. Added 0 classes and 0 folders.
[2017.05.29-16.06.53:887][  0]LogContentBrowser: Native class hierarchy updated for 'AddContentDialog' in 0.0004 seconds. Added 0 classes and 0 folders.
[2017.05.29-16.06.53:998][  0]LogContentBrowser: Native class hierarchy updated for 'SceneOutliner' in 0.0004 seconds. Added 1 classes and 2 folders.
[2017.05.29-16.06.54:237][  0]LogContentBrowser: Native class hierarchy updated for 'WorldBrowser' in 0.0004 seconds. Added 1 classes and 3 folders.
[2017.05.29-16.06.55:233][  0]LogCrashTracker: Crashtracker disabled due to settings.
[2017.05.29-16.06.55:427][  0]LogUObjectGlobals:Warning: Failed to find object 'Class None.'
[2017.05.29-16.06.55:607][  0]LogContentBrowser: Native class hierarchy updated for 'HierarchicalLODOutliner' in 0.0004 seconds. Added 1 classes and 2 folders.
[2017.05.29-16.06.55:608][  0]LogLoad: (Engine Initialization) Total time: 195.76 seconds
[2017.05.29-16.06.55:608][  0]LogLoad: (Engine Initialization) Total Blueprint compile time: 3.49 seconds
[2017.05.29-16.06.55:608][  0]LogExternalProfiler: Found external profiler: VSPerf
[2017.05.29-16.06.55:608][  0]LogExternalProfiler: Using external profiler: VSPerf
[2017.05.29-16.06.55:665][  0]LogOcInput: OculusInput pre-init called
[2017.05.29-16.06.56:069][  0]LogContentStreaming: Texture pool size now 1000 MB
[2017.05.29-16.06.56:186][  0]LogSlate: Took 0.012007 seconds to synchronously load lazily loaded font '../../../Engine/Content/Slate/Fonts/Roboto-Regular.ttf' (155K)
[2017.05.29-16.06.56:232][  0]LogSlate: Took 0.020267 seconds to synchronously load lazily loaded font '../../../Engine/Content/Slate/Fonts/Roboto-Bold.ttf' (160K)
[2017.05.29-16.06.56:275][  0]LogSlate: Took 0.027090 seconds to synchronously load lazily loaded font '../../../Engine/Content/Editor/Slate/Fonts/FontAwesome.ttf' (139K)
[2017.05.29-16.06.57:268][  1]LogRenderer: Reallocating scene render targets to support 1072x592 NumSamples 1 (Frame:2).
[2017.05.29-16.06.57:269][  1]LogHttp:Warning: 00000214D93A2B00: request failed, libcurl error: 6 (Couldn't resolve host name)
[2017.05.29-16.06.57:269][  1]LogHttp:Warning: 00000214D93A2B00: libcurl info message cache 0 (Could not resolve host: cdn.unrealengine.com)
[2017.05.29-16.06.57:269][  1]LogHttp:Warning: 00000214D93A2B00: libcurl info message cache 1 (Closing connection 0)
[2017.05.29-16.06.57:611][  1]LogSlate: Took 0.052517 seconds to synchronously load lazily loaded font '../../../Engine/Content/Slate/Fonts/Roboto-Light.ttf' (159K)
[2017.05.29-16.06.57:909][  2]LogHttp:Warning: 00000214D8FEDD80: request failed, libcurl error: 6 (Couldn't resolve host name)
[2017.05.29-16.06.57:909][  2]LogHttp:Warning: 00000214D8FEDD80: libcurl info message cache 0 (Could not resolve host: cdn.unrealengine.com)
[2017.05.29-16.06.57:909][  2]LogHttp:Warning: 00000214D8FEDD80: libcurl info message cache 1 (Closing connection 1)
[2017.05.29-16.06.57:990][  3]LogHttp:Warning: 00000214D43DB700: request failed, libcurl error: 6 (Couldn't resolve host name)
[2017.05.29-16.06.57:990][  3]LogHttp:Warning: 00000214D43DB700: libcurl info message cache 0 (Could not resolve host: cdn.unrealengine.com)
[2017.05.29-16.06.57:990][  3]LogHttp:Warning: 00000214D43DB700: libcurl info message cache 1 (Closing connection 2)
[2017.05.29-16.06.58:002][  3]LogAssetRegistry: Asset discovery search completed in 138.8026 seconds
[2017.05.29-16.06.58:002][  3]LogCollectionManager: Rebuilt the object cache for 1 collections in 0.000005 seconds (found 0 objects)
[2017.05.29-16.06.58:002][  3]LogCollectionManager: Fixed up redirectors for 1 collections in 0.000015 seconds (updated 0 objects)
[2017.05.29-16.07.32:333][ 78]LogSlate: Took 0.000107 seconds to synchronously load lazily loaded font '../../../Engine/Content/Slate/Fonts/Roboto-Light.ttf' (159K)
[2017.05.29-16.07.33:023][ 78]LogSlate: Took 0.000098 seconds to synchronously load lazily loaded font '../../../Engine/Content/Slate/Fonts/Roboto-Regular.ttf' (155K)
[2017.05.29-16.07.34:121][ 78]LogContentBrowser: Native class hierarchy updated for 'BlueprintGraph' in 0.0007 seconds. Added 112 classes and 0 folders.
[2017.05.29-16.07.35:667][ 78]LogSlate: Took 0.000153 seconds to synchronously load lazily loaded font '../../../Engine/Content/Slate/Fonts/Roboto-Light.ttf' (159K)
[2017.05.29-16.07.35:693][ 78]LogSlate: Took 0.026560 seconds to synchronously load lazily loaded font '../../../Engine/Content/Editor/Slate/Fonts/Roboto-BoldCondensed.ttf' (158K)
[2017.05.29-16.07.55:625][980]LogHttp:Warning: 00000214A9D99A80: request failed, libcurl error: 6 (Couldn't resolve host name)
[2017.05.29-16.07.55:625][980]LogHttp:Warning: 00000214A9D99A80: libcurl info message cache 0 (Could not resolve host: datarouter.ol.epicgames.com)
[2017.05.29-16.07.55:625][980]LogHttp:Warning: 00000214A9D99A80: libcurl info message cache 1 (Closing connection 3)
[2017.05.29-16.08.55:655][534]LogHttp:Warning: 00000214CBECD780: request failed, libcurl error: 6 (Couldn't resolve host name)
[2017.05.29-16.08.55:655][534]LogHttp:Warning: 00000214CBECD780: libcurl info message cache 0 (Could not resolve host: datarouter.ol.epicgames.com)
[2017.05.29-16.08.55:655][534]LogHttp:Warning: 00000214CBECD780: libcurl info message cache 1 (Closing connection 4)
[2017.05.29-16.09.20:111][405]LogClass: UUserDefinedStruct.Serialize 'STRUCT_REINST_S_RepByFaction_1' validation: Struct 'UserDefinedStruct /Engine/Transient.STRUCT_REINST_S_RepByFaction_1' is empty
[2017.05.29-16.09.27:204][238]LogClass: UUserDefinedStruct.Serialize 'STRUCT_REINST_S_RepByFaction_5' validation: Struct 'UserDefinedStruct /Engine/Transient.STRUCT_REINST_S_RepByFaction_5' is empty
[2017.05.29-16.09.28:918][428]LogSlate: Took 0.019877 seconds to synchronously load lazily loaded font '../../../Engine/Content/Editor/Slate/Fonts/Roboto-BoldCondensedItalic.ttf' (160K)
[2017.05.29-16.09.34:588][105]LogClass: UUserDefinedStruct.Serialize 'STRUCT_REINST_S_RepByFaction_9' validation: Struct 'UserDefinedStruct /Engine/Transient.STRUCT_REINST_S_RepByFaction_9' is empty
[2017.05.29-16.09.44:157][235]LogClass: UUserDefinedStruct.Serialize 'STRUCT_REINST_S_RepByFaction_13' validation: Struct 'UserDefinedStruct /Engine/Transient.STRUCT_REINST_S_RepByFaction_13' is empty
[2017.05.29-16.09.45:680][391]LogSavePackage: Save=4.71ms
[2017.05.29-16.09.45:680][391]LogSavePackage: Moving '../../../../../../Users/Steven4K/Desktop/ReDestiny/DestinyRedux/Saved/S_FactionInfo7014C97742D31D6B59844CBA82875AA8.tmp' to '../../../../../../Users/Steven4K/Desktop/ReDestiny/DestinyRedux/Content/ReDestiny/Blueprints/Structs/S_FactionInfo.uasset'
[2017.05.29-16.09.45:683][391]LogSavePackage:Display: Finished SavePackage ../../../../../../Users/Steven4K/Desktop/ReDestiny/DestinyRedux/Content/ReDestiny/Blueprints/Structs/S_FactionInfo.uasset
[2017.05.29-16.09.48:209][692]LogClass: UUserDefinedStruct.Serialize 'STRUCT_REINST_S_RepByFaction_17' validation: Struct 'UserDefinedStruct /Engine/Transient.STRUCT_REINST_S_RepByFaction_17' is empty
[2017.05.29-16.09.55:674][582]LogHttp:Warning: 000002150E390100: request failed, libcurl error: 6 (Couldn't resolve host name)
[2017.05.29-16.09.55:674][582]LogHttp:Warning: 000002150E390100: libcurl info message cache 0 (Could not resolve host: datarouter.ol.epicgames.com)
[2017.05.29-16.09.55:674][582]LogHttp:Warning: 000002150E390100: libcurl info message cache 1 (Closing connection 5)
[2017.05.29-16.10.15:783][957]LogSavePackage: Save=4.60ms
[2017.05.29-16.10.15:783][957]LogSavePackage: Moving '../../../../../../Users/Steven4K/Desktop/ReDestiny/DestinyRedux/Saved/S_FactionInfo507400C94F013D65B674968692BCC27F.tmp' to '../../../../../../Users/Steven4K/Desktop/ReDestiny/DestinyRedux/Content/ReDestiny/Blueprints/Structs/S_FactionInfo.uasset'
[2017.05.29-16.10.15:786][957]LogSavePackage:Display: Finished SavePackage ../../../../../../Users/Steven4K/Desktop/ReDestiny/DestinyRedux/Content/ReDestiny/Blueprints/Structs/S_FactionInfo.uasset
[2017.05.29-16.10.21:631][629]LogSavePackage: Save=4.38ms
[2017.05.29-16.10.21:631][629]LogSavePackage: Moving '../../../../../../Users/Steven4K/Desktop/ReDestiny/DestinyRedux/Saved/S_FactionInfoB08F633A4AFF475338CCB988399E2DB7.tmp' to '../../../../../../Users/Steven4K/Desktop/ReDestiny/DestinyRedux/Content/ReDestiny/Blueprints/Structs/S_FactionInfo.uasset'
[2017.05.29-16.10.21:632][629]LogSavePackage:Display: Finished SavePackage ../../../../../../Users/Steven4K/Desktop/ReDestiny/DestinyRedux/Content/ReDestiny/Blueprints/Structs/S_FactionInfo.uasset
[2017.05.29-16.10.55:654][699]LogHttp:Warning: 000002150F8CAB00: request failed, libcurl error: 6 (Couldn't resolve host name)
[2017.05.29-16.10.55:654][699]LogHttp:Warning: 000002150F8CAB00: libcurl info message cache 0 (Could not resolve host: datarouter.ol.epicgames.com)
[2017.05.29-16.10.55:654][699]LogHttp:Warning: 000002150F8CAB00: libcurl info message cache 1 (Closing connection 6)
[2017.05.29-16.11.55:655][892]LogHttp:Warning: 000002150F8CA680: request failed, libcurl error: 6 (Couldn't resolve host name)
[2017.05.29-16.11.55:655][892]LogHttp:Warning: 000002150F8CA680: libcurl info message cache 0 (Could not resolve host: datarouter.ol.epicgames.com)
[2017.05.29-16.11.55:655][892]LogHttp:Warning: 000002150F8CA680: libcurl info message cache 1 (Closing connection 7)
[2017.05.29-16.12.42:392][347]BlueprintLog: New page: Compile RepBadge_DiamondProg
[2017.05.29-16.12.42:458][347]LogScriptSerialization:Warning: Error: Unknown bytecode 0x3C; ignoring it
[2017.05.29-16.12.42:458][347]LogScriptSerialization:Warning: Error: Unknown bytecode 0x3C; ignoring it
[2017.05.29-16.12.42:592][347]LogScriptSerialization:Warning: Error: Unknown bytecode 0x3C; ignoring it
[2017.05.29-16.12.42:593][347]LogScriptSerialization:Warning: Error: Unknown bytecode 0x3C; ignoring it
[2017.05.29-16.12.42:622][347]LogScriptSerialization:Warning: Error: Unknown bytecode 0x3C; ignoring it
[2017.05.29-16.12.42:622][347]LogScriptSerialization:Warning: Error: Unknown bytecode 0x3C; ignoring it
[2017.05.29-16.12.42:754][347]LogScriptSerialization:Warning: Error: Unknown bytecode 0x3C; ignoring it
[2017.05.29-16.12.42:963][347]LogSavePackage: Save=75.81ms
[2017.05.29-16.12.42:963][347]LogSavePackage: Moving '../../../../../../Users/Steven4K/Desktop/ReDestiny/DestinyRedux/Saved/RepBadge_DiamondProgEC435B0949B4160598907282F8FBE352.tmp' to '../../../../../../Users/Steven4K/Desktop/ReDestiny/DestinyRedux/Content/ReDestiny/Widgets/ProgressMenu/RepBadge_DiamondProg.uasset'
[2017.05.29-16.12.42:965][347]LogSavePackage:Display: Finished SavePackage ../../../../../../Users/Steven4K/Desktop/ReDestiny/DestinyRedux/Content/ReDestiny/Widgets/ProgressMenu/RepBadge_DiamondProg.uasset
[2017.05.29-16.12.55:671][603]LogHttp:Warning: 000002150E3DCA00: request failed, libcurl error: 6 (Couldn't resolve host name)
[2017.05.29-16.12.55:671][603]LogHttp:Warning: 000002150E3DCA00: libcurl info message cache 0 (Could not resolve host: datarouter.ol.epicgames.com)
[2017.05.29-16.12.55:671][603]LogHttp:Warning: 000002150E3DCA00: libcurl info message cache 1 (Closing connection 8)
[2017.05.29-16.13.08:146][909]BlueprintLog: New page: Compile RepBadge_DiamondProg
[2017.05.29-16.13.08:208][909]LogScriptSerialization:Warning: Error: Unknown bytecode 0x3C; ignoring it
[2017.05.29-16.13.08:208][909]LogScriptSerialization:Warning: Error: Unknown bytecode 0x3C; ignoring it
[2017.05.29-16.13.08:261][909]LogScriptSerialization:Warning: Error: Unknown bytecode 0x3C; ignoring it
[2017.05.29-16.13.08:261][909]LogScriptSerialization:Warning: Error: Unknown bytecode 0x3C; ignoring it
[2017.05.29-16.13.08:314][909]LogScriptSerialization:Warning: Error: Unknown bytecode 0x3C; ignoring it
[2017.05.29-16.13.08:462][909]LogSavePackage: Save=77.10ms
[2017.05.29-16.13.08:462][909]LogSavePackage: Moving '../../../../../../Users/Steven4K/Desktop/ReDestiny/DestinyRedux/Saved/RepBadge_DiamondProg5FA1617741D3BC299E557A8858570D58.tmp' to '../../../../../../Users/Steven4K/Desktop/ReDestiny/DestinyRedux/Content/ReDestiny/Widgets/ProgressMenu/RepBadge_DiamondProg.uasset'
[2017.05.29-16.13.08:466][909]LogSavePackage:Display: Finished SavePackage ../../../../../../Users/Steven4K/Desktop/ReDestiny/DestinyRedux/Content/ReDestiny/Widgets/ProgressMenu/RepBadge_DiamondProg.uasset
[2017.05.29-16.13.17:612][826]BlueprintLog: New page: Compile ReputationSideBar
[2017.05.29-16.13.17:631][826]LogBlueprint:Error: [Compiler ReputationSideBar] Error Invalid property 'ReputationValues' structure 'S_RepByFaction' error: Struct 'UserDefinedStruct /Game/ReDestiny/Blueprints/Structs/S_RepByFaction.S_RepByFaction' Property 'Cryptarchy_27_48D86BF24143389987384AA8D8964586' Error ( Struct 'UserDefinedStruct /Engine/Transient.STRUCT_REINST_S_FactionInfo_16' is not compiled )
[2017.05.29-16.13.17:631][826]LogBlueprint:Error: [Compiler ReputationSideBar] Error The variable ReputationValues declared in  ReputationSideBar  has an invalid type S Rep By Faction Structure
[2017.05.29-16.13.17:639][826]LogScriptSerialization:Warning: Error: Unknown bytecode 0x3C; ignoring it
[2017.05.29-16.13.17:639][826]LogScriptSerialization:Warning: Error: Unknown bytecode 0x3C; ignoring it
[2017.05.29-16.13.17:753][826]LogScriptSerialization:Warning: Error: Unknown bytecode 0x3C; ignoring it
[2017.05.29-16.13.17:753][826]LogScriptSerialization:Warning: Error: Unknown bytecode 0x3C; ignoring it
[2017.05.29-16.13.17:779][826]LogScriptSerialization:Warning: Error: Unknown bytecode 0x3C; ignoring it
[2017.05.29-16.13.17:779][826]LogScriptSerialization:Warning: Error: Unknown bytecode 0x3C; ignoring it
[2017.05.29-16.13.17:810][826]LogScriptSerialization:Warning: Error: Unknown bytecode 0x3C; ignoring it
[2017.05.29-16.13.17:812][826]LogBlueprint:Warning: [QuestInfoPage] 'CurStepTooltip' variable not found. Base class was probably changed.
[2017.05.29-16.13.17:877][826]LogScriptSerialization:Warning: Error: Unknown bytecode 0x3C; ignoring it
[2017.05.29-16.13.17:877][826]LogScriptSerialization:Warning: Error: Unknown bytecode 0x3C; ignoring it
[2017.05.29-16.13.17:884][826]LogScriptSerialization:Warning: Error: Unknown bytecode 0x3C; ignoring it
[2017.05.29-16.13.17:884][826]LogScriptSerialization:Warning: Error: Unknown bytecode 0x3C; ignoring it
[2017.05.29-16.13.17:933][826]LogScriptSerialization:Warning: Error: Unknown bytecode 0x3C; ignoring it
[2017.05.29-16.13.17:933][826]LogScriptSerialization:Warning: Error: Unknown bytecode 0x3C; ignoring it
[2017.05.29-16.13.17:985][826]LogScriptSerialization:Warning: Error: Unknown bytecode 0x3C; ignoring it
[2017.05.29-16.13.17:985][826]LogScriptSerialization:Warning: Error: Unknown bytecode 0x3C; ignoring it
[2017.05.29-16.13.17:991][826]LogScriptSerialization:Warning: Error: Unknown bytecode 0x3C; ignoring it
[2017.05.29-16.13.17:991][826]LogScriptSerialization:Warning: Error: Unknown bytecode 0x3C; ignoring it
[2017.05.29-16.13.18:021][826]LogScriptSerialization:Warning: Error: Unknown bytecode 0x3C; ignoring it
[2017.05.29-16.13.18:021][826]LogScriptSerialization:Warning: Error: Unknown bytecode 0x3C; ignoring it
[2017.05.29-16.13.18:044][826]LogScriptSerialization:Warning: Error: Unknown bytecode 0x3C; ignoring it
[2017.05.29-16.13.18:057][826]BlueprintEditorCompileResults:Error: Error Invalid property 'ReputationValues' structure 'S_RepByFaction' error: Struct 'UserDefinedStruct /Game/ReDestiny/Blueprints/Structs/S_RepByFaction.S_RepByFaction' Property 'Cryptarchy_27_48D86BF24143389987384AA8D8964586' Error ( Struct 'UserDefinedStruct /Engine/Transient.STRUCT_REINST_S_FactionInfo_16' is not compiled )
[2017.05.29-16.13.18:057][826]BlueprintEditorCompileResults:Error: Error The variable ReputationValues declared in  ReputationSideBar  has an invalid type S Rep By Faction Structure
[2017.05.29-16.13.18:057][826]LogBlueprint:Warning: [Compiler ReputationSideBar] Warning [0578.21] Compile of ReputationSideBar failed. 2 Fatal Issue(s) 0 Warning(s) [in 444 ms] (/Game/ReDestiny/Widgets/ProgressMenu/ReputationSideBar.ReputationSideBar)
[2017.05.29-16.13.31:245][ 94]LogSlate: Took 0.037608 seconds to synchronously load lazily loaded font '../../../Engine/Content/Editor/Slate/Fonts/Roboto-Italic.ttf' (157K)
[2017.05.29-16.13.33:078][264]BlueprintLog: New page: Compile ReputationSideBar
[2017.05.29-16.13.33:096][264]LogBlueprint:Error: [Compiler ReputationSideBar] Error Invalid property 'ReputationValues' structure 'S_RepByFaction' error: Struct 'UserDefinedStruct /Game/ReDestiny/Blueprints/Structs/S_RepByFaction.S_RepByFaction' Property 'Cryptarchy_27_48D86BF24143389987384AA8D8964586' Error ( Struct 'UserDefinedStruct /Engine/Transient.STRUCT_REINST_S_FactionInfo_16' is not compiled )
[2017.05.29-16.13.33:096][264]LogBlueprint:Error: [Compiler ReputationSideBar] Error The variable ReputationValues declared in  ReputationSideBar  has an invalid type S Rep By Faction Structure
[2017.05.29-16.13.33:103][264]LogScriptSerialization:Warning: Error: Unknown bytecode 0x3C; ignoring it
[2017.05.29-16.13.33:103][264]LogScriptSerialization:Warning: Error: Unknown bytecode 0x3C; ignoring it
[2017.05.29-16.13.33:159][264]LogScriptSerialization:Warning: Error: Unknown bytecode 0x3C; ignoring it
[2017.05.29-16.13.33:159][264]LogScriptSerialization:Warning: Error: Unknown bytecode 0x3C; ignoring it
[2017.05.29-16.13.33:189][264]LogScriptSerialization:Warning: Error: Unknown bytecode 0x3C; ignoring it
[2017.05.29-16.13.33:189][264]LogScriptSerialization:Warning: Error: Unknown bytecode 0x3C; ignoring it
[2017.05.29-16.13.33:245][264]LogScriptSerialization:Warning: Error: Unknown bytecode 0x3C; ignoring it
[2017.05.29-16.13.33:245][264]LogScriptSerialization:Warning: Error: Unknown bytecode 0x3C; ignoring it
[2017.05.29-16.13.33:271][264]LogScriptSerialization:Warning: Error: Unknown bytecode 0x3C; ignoring it
[2017.05.29-16.13.33:271][264]LogScriptSerialization:Warning: Error: Unknown bytecode 0x3C; ignoring it
[2017.05.29-16.13.33:288][264]LogScriptSerialization:Warning: Error: Unknown bytecode 0x3C; ignoring it
[2017.05.29-16.13.33:330][264]BlueprintEditorCompileResults:Error: Error Invalid property 'ReputationValues' structure 'S_RepByFaction' error: Struct 'UserDefinedStruct /Game/ReDestiny/Blueprints/Structs/S_RepByFaction.S_RepByFaction' Property 'Cryptarchy_27_48D86BF24143389987384AA8D8964586' Error ( Struct 'UserDefinedStruct /Engine/Transient.STRUCT_REINST_S_FactionInfo_16' is not compiled )
[2017.05.29-16.13.33:330][264]BlueprintEditorCompileResults:Error: Error The variable ReputationValues declared in  ReputationSideBar  has an invalid type S Rep By Faction Structure
[2017.05.29-16.13.33:330][264]LogBlueprint:Warning: [Compiler ReputationSideBar] Warning [0593.48] Compile of ReputationSideBar failed. 2 Fatal Issue(s) 0 Warning(s) [in 252 ms] (/Game/ReDestiny/Widgets/ProgressMenu/ReputationSideBar.ReputationSideBar)
[2017.05.29-16.13.52:304][118]LogBlueprint:Warning: Unknown type of hyperlinked object
[2017.05.29-16.13.55:662][446]LogHttp:Warning: 00000214DD597280: request failed, libcurl error: 6 (Couldn't resolve host name)
[2017.05.29-16.13.55:662][446]LogHttp:Warning: 00000214DD597280: libcurl info message cache 0 (Could not resolve host: datarouter.ol.epicgames.com)
[2017.05.29-16.13.55:662][446]LogHttp:Warning: 00000214DD597280: libcurl info message cache 1 (Closing connection 9)
[2017.05.29-16.14.06:386][530]BlueprintLog: New page: Compile ReputationSideBar
[2017.05.29-16.14.06:404][530]LogBlueprint:Error: [Compiler ReputationSideBar] Error Invalid property 'ReputationValues' structure 'S_RepByFaction' error: Struct 'UserDefinedStruct /Game/ReDestiny/Blueprints/Structs/S_RepByFaction.S_RepByFaction' Property 'Cryptarchy_27_48D86BF24143389987384AA8D8964586' Error ( Struct 'UserDefinedStruct /Engine/Transient.STRUCT_REINST_S_FactionInfo_16' is not compiled )
[2017.05.29-16.14.06:404][530]LogBlueprint:Error: [Compiler ReputationSideBar] Error The variable ReputationValues declared in  ReputationSideBar  has an invalid type S Rep By Faction Structure
[2017.05.29-16.14.06:411][530]LogScriptSerialization:Warning: Error: Unknown bytecode 0x3C; ignoring it
[2017.05.29-16.14.06:411][530]LogScriptSerialization:Warning: Error: Unknown bytecode 0x3C; ignoring it
[2017.05.29-16.14.06:469][530]LogScriptSerialization:Warning: Error: Unknown bytecode 0x3C; ignoring it
[2017.05.29-16.14.06:469][530]LogScriptSerialization:Warning: Error: Unknown bytecode 0x3C; ignoring it
[2017.05.29-16.14.06:499][530]LogScriptSerialization:Warning: Error: Unknown bytecode 0x3C; ignoring it
[2017.05.29-16.14.06:499][530]LogScriptSerialization:Warning: Error: Unknown bytecode 0x3C; ignoring it
[2017.05.29-16.14.06:555][530]LogScriptSerialization:Warning: Error: Unknown bytecode 0x3C; ignoring it
[2017.05.29-16.14.06:555][530]LogScriptSerialization:Warning: Error: Unknown bytecode 0x3C; ignoring it
[2017.05.29-16.14.06:582][530]LogScriptSerialization:Warning: Error: Unknown bytecode 0x3C; ignoring it
[2017.05.29-16.14.06:582][530]LogScriptSerialization:Warning: Error: Unknown bytecode 0x3C; ignoring it
[2017.05.29-16.14.06:599][530]LogScriptSerialization:Warning: Error: Unknown bytecode 0x3C; ignoring it
[2017.05.29-16.14.06:605][530]BlueprintEditorCompileResults:Error: Error Invalid property 'ReputationValues' structure 'S_RepByFaction' error: Struct 'UserDefinedStruct /Game/ReDestiny/Blueprints/Structs/S_RepByFaction.S_RepByFaction' Property 'Cryptarchy_27_48D86BF24143389987384AA8D8964586' Error ( Struct 'UserDefinedStruct /Engine/Transient.STRUCT_REINST_S_FactionInfo_16' is not compiled )
[2017.05.29-16.14.06:605][530]BlueprintEditorCompileResults:Error: Error The variable ReputationValues declared in  ReputationSideBar  has an invalid type S Rep By Faction Structure
[2017.05.29-16.14.06:605][530]LogBlueprint:Warning: [Compiler ReputationSideBar] Warning [0626.76] Compile of ReputationSideBar failed. 2 Fatal Issue(s) 0 Warning(s) [in 218 ms] (/Game/ReDestiny/Widgets/ProgressMenu/ReputationSideBar.ReputationSideBar)
[2017.05.29-16.14.47:741][620]BlueprintLog: New page: Compile ReputationSideBar
[2017.05.29-16.14.47:759][620]LogBlueprint:Error: [Compiler ReputationSideBar] Error Invalid property 'ReputationValues' structure 'S_RepByFaction' error: Struct 'UserDefinedStruct /Game/ReDestiny/Blueprints/Structs/S_RepByFaction.S_RepByFaction' Property 'Cryptarchy_27_48D86BF24143389987384AA8D8964586' Error ( Struct 'UserDefinedStruct /Engine/Transient.STRUCT_REINST_S_FactionInfo_16' is not compiled )
[2017.05.29-16.14.47:759][620]LogBlueprint:Error: [Compiler ReputationSideBar] Error The variable ReputationValues declared in  ReputationSideBar  has an invalid type S Rep By Faction Structure
[2017.05.29-16.14.47:767][620]LogScriptSerialization:Warning: Error: Unknown bytecode 0x3C; ignoring it
[2017.05.29-16.14.47:767][620]LogScriptSerialization:Warning: Error: Unknown bytecode 0x3C; ignoring it
[2017.05.29-16.14.47:824][620]LogScriptSerialization:Warning: Error: Unknown bytecode 0x3C; ignoring it
[2017.05.29-16.14.47:824][620]LogScriptSerialization:Warning: Error: Unknown bytecode 0x3C; ignoring it
[2017.05.29-16.14.47:858][620]LogScriptSerialization:Warning: Error: Unknown bytecode 0x3C; ignoring it
[2017.05.29-16.14.47:858][620]LogScriptSerialization:Warning: Error: Unknown bytecode 0x3C; ignoring it
[2017.05.29-16.14.47:914][620]LogScriptSerialization:Warning: Error: Unknown bytecode 0x3C; ignoring it
[2017.05.29-16.14.47:914][620]LogScriptSerialization:Warning: Error: Unknown bytecode 0x3C; ignoring it
[2017.05.29-16.14.47:940][620]LogScriptSerialization:Warning: Error: Unknown bytecode 0x3C; ignoring it
[2017.05.29-16.14.47:940][620]LogScriptSerialization:Warning: Error: Unknown bytecode 0x3C; ignoring it
[2017.05.29-16.14.47:958][620]LogScriptSerialization:Warning: Error: Unknown bytecode 0x3C; ignoring it
[2017.05.29-16.14.47:962][620]BlueprintEditorCompileResults:Error: Error Invalid property 'ReputationValues' structure 'S_RepByFaction' error: Struct 'UserDefinedStruct /Game/ReDestiny/Blueprints/Structs/S_RepByFaction.S_RepByFaction' Property 'Cryptarchy_27_48D86BF24143389987384AA8D8964586' Error ( Struct 'UserDefinedStruct /Engine/Transient.STRUCT_REINST_S_FactionInfo_16' is not compiled )
[2017.05.29-16.14.47:962][620]BlueprintEditorCompileResults:Error: Error The variable ReputationValues declared in  ReputationSideBar  has an invalid type S Rep By Faction Structure
[2017.05.29-16.14.47:962][620]LogBlueprint:Warning: [Compiler ReputationSideBar] Warning [0668.11] Compile of ReputationSideBar failed. 2 Fatal Issue(s) 0 Warning(s) [in 220 ms] (/Game/ReDestiny/Widgets/ProgressMenu/ReputationSideBar.ReputationSideBar)
[2017.05.29-16.14.55:663][379]LogHttp:Warning: 00000214DF675000: request failed, libcurl error: 6 (Couldn't resolve host name)
[2017.05.29-16.14.55:663][379]LogHttp:Warning: 00000214DF675000: libcurl info message cache 0 (Could not resolve host: datarouter.ol.epicgames.com)
[2017.05.29-16.14.55:663][379]LogHttp:Warning: 00000214DF675000: libcurl info message cache 1 (Closing connection 10)
[2017.05.29-16.15.03:821][170]LogSavePackage: Save=35.54ms
[2017.05.29-16.15.03:821][170]LogSavePackage: Moving '../../../../../../Users/Steven4K/Desktop/ReDestiny/DestinyRedux/Saved/ReputationSideBarDD3CF9414B64E162E55A65966BAC14B3.tmp' to '../../../../../../Users/Steven4K/Desktop/ReDestiny/DestinyRedux/Content/ReDestiny/Widgets/ProgressMenu/ReputationSideBar.uasset'
[2017.05.29-16.15.03:823][170]LogSavePackage:Display: Finished SavePackage ../../../../../../Users/Steven4K/Desktop/ReDestiny/DestinyRedux/Content/ReDestiny/Widgets/ProgressMenu/ReputationSideBar.uasset
[2017.05.29-16.15.41:327][451]LogSavePackage: Save=4.72ms
[2017.05.29-16.15.41:327][451]LogSavePackage: Moving '../../../../../../Users/Steven4K/Desktop/ReDestiny/DestinyRedux/Saved/S_RepByFaction484041B84E2EC3A4AA4B398A985EB138.tmp' to '../../../../../../Users/Steven4K/Desktop/ReDestiny/DestinyRedux/Content/ReDestiny/Blueprints/Structs/S_RepByFaction.uasset'
[2017.05.29-16.15.41:329][451]LogSavePackage:Display: Finished SavePackage ../../../../../../Users/Steven4K/Desktop/ReDestiny/DestinyRedux/Content/ReDestiny/Blueprints/Structs/S_RepByFaction.uasset
[2017.05.29-16.15.59:660][628]LogSavePackage: Save=4.89ms
[2017.05.29-16.15.59:661][628]LogSavePackage: Moving '../../../../../../Users/Steven4K/Desktop/ReDestiny/DestinyRedux/Saved/S_RepByFaction5C0BBA81460054847E618C81B80C2E6C.tmp' to '../../../../../../Users/Steven4K/Desktop/ReDestiny/DestinyRedux/Content/ReDestiny/Blueprints/Structs/S_RepByFaction.uasset'
[2017.05.29-16.15.59:662][628]LogSavePackage:Display: Finished SavePackage ../../../../../../Users/Steven4K/Desktop/ReDestiny/DestinyRedux/Content/ReDestiny/Blueprints/Structs/S_RepByFaction.uasset
[2017.05.29-16.16.23:219][422]LogSavePackage: Save=4.38ms
[2017.05.29-16.16.23:220][422]LogSavePackage: Moving '../../../../../../Users/Steven4K/Desktop/ReDestiny/DestinyRedux/Saved/S_FactionInfo87CE5B7841E2834ED73348B5340C476C.tmp' to '../../../../../../Users/Steven4K/Desktop/ReDestiny/DestinyRedux/Content/ReDestiny/Blueprints/Structs/S_FactionInfo.uasset'
[2017.05.29-16.16.23:221][422]LogSavePackage:Display: Finished SavePackage ../../../../../../Users/Steven4K/Desktop/ReDestiny/DestinyRedux/Content/ReDestiny/Blueprints/Structs/S_FactionInfo.uasset
[2017.05.29-16.16.30:954][331]LogSavePackage: Save=4.43ms
[2017.05.29-16.16.30:954][331]LogSavePackage: Moving '../../../../../../Users/Steven4K/Desktop/ReDestiny/DestinyRedux/Saved/S_FactionInfoCA625A3D418FFDCBF3BFB5B8199060B7.tmp' to '../../../../../../Users/Steven4K/Desktop/ReDestiny/DestinyRedux/Content/ReDestiny/Blueprints/Structs/S_FactionInfo.uasset'
[2017.05.29-16.16.30:956][331]LogSavePackage:Display: Finished SavePackage ../../../../../../Users/Steven4K/Desktop/ReDestiny/DestinyRedux/Content/ReDestiny/Blueprints/Structs/S_FactionInfo.uasset
[2017.05.29-16.16.33:924][685]LogHttp:Warning: 00000214DF9C1900: request failed, libcurl error: 6 (Couldn't resolve host name)
[2017.05.29-16.16.33:924][685]LogHttp:Warning: 00000214DF9C1900: libcurl info message cache 0 (Could not resolve host: datarouter.ol.epicgames.com)
[2017.05.29-16.16.33:924][685]LogHttp:Warning: 00000214DF9C1900: libcurl info message cache 1 (Closing connection 11)
[2017.05.29-16.16.39:369][321]LogSavePackage: Save=4.46ms
[2017.05.29-16.16.39:369][321]LogSavePackage: Moving '../../../../../../Users/Steven4K/Desktop/ReDestiny/DestinyRedux/Saved/S_FactionInfo289421254AE5845632139D9D70007BDB.tmp' to '../../../../../../Users/Steven4K/Desktop/ReDestiny/DestinyRedux/Content/ReDestiny/Blueprints/Structs/S_FactionInfo.uasset'
[2017.05.29-16.16.39:371][321]LogSavePackage:Display: Finished SavePackage ../../../../../../Users/Steven4K/Desktop/ReDestiny/DestinyRedux/Content/ReDestiny/Blueprints/Structs/S_FactionInfo.uasset
[2017.05.29-16.16.47:196][239]LogSavePackage: Save=4.77ms
[2017.05.29-16.16.47:196][239]LogSavePackage: Moving '../../../../../../Users/Steven4K/Desktop/ReDestiny/DestinyRedux/Saved/S_RepByFaction6F9E25F84ABDCD60BA765AB2C2560951.tmp' to '../../../../../../Users/Steven4K/Desktop/ReDestiny/DestinyRedux/Content/ReDestiny/Blueprints/Structs/S_RepByFaction.uasset'
[2017.05.29-16.16.47:198][239]LogSavePackage:Display: Finished SavePackage ../../../../../../Users/Steven4K/Desktop/ReDestiny/DestinyRedux/Content/ReDestiny/Blueprints/Structs/S_RepByFaction.uasset
[2017.05.29-16.17.12:495][214]LogSavePackage: Save=4.73ms
[2017.05.29-16.17.12:495][214]LogSavePackage: Moving '../../../../../../Users/Steven4K/Desktop/ReDestiny/DestinyRedux/Saved/S_RepByFaction057A4793435CEC331C914680F861B857.tmp' to '../../../../../../Users/Steven4K/Desktop/ReDestiny/DestinyRedux/Content/ReDestiny/Blueprints/Structs/S_RepByFaction.uasset'
[2017.05.29-16.17.12:497][214]LogSavePackage:Display: Finished SavePackage ../../../../../../Users/Steven4K/Desktop/ReDestiny/DestinyRedux/Content/ReDestiny/Blueprints/Structs/S_RepByFaction.uasset
[2017.05.29-16.17.22:076][166]Cmd: CLOSE_SLATE_MAINFRAME
[2017.05.29-16.17.22:093][166]LogScriptSerialization:Warning: Error: Unknown bytecode 0x3C; ignoring it
[2017.05.29-16.17.24:496][166]LogSavePackage: Save=77.63ms
[2017.05.29-16.17.24:496][166]LogSavePackage: Moving '../../../../../../Users/Steven4K/Desktop/ReDestiny/DestinyRedux/Saved/RepBadge_DiamondProg94FF9FE34B9CBB772DF852A2CEED301F.tmp' to '../../../../../../Users/Steven4K/Desktop/ReDestiny/DestinyRedux/Content/ReDestiny/Widgets/ProgressMenu/RepBadge_DiamondProg.uasset'
[2017.05.29-16.17.24:498][166]LogSavePackage:Display: Finished SavePackage ../../../../../../Users/Steven4K/Desktop/ReDestiny/DestinyRedux/Content/ReDestiny/Widgets/ProgressMenu/RepBadge_DiamondProg.uasset
[2017.05.29-16.17.24:587][166]LogSavePackage: Save=34.94ms
[2017.05.29-16.17.24:587][166]LogSavePackage: Moving '../../../../../../Users/Steven4K/Desktop/ReDestiny/DestinyRedux/Saved/ReputationSideBar236BBAC241C06DE320633584C49DF5DB.tmp' to '../../../../../../Users/Steven4K/Desktop/ReDestiny/DestinyRedux/Content/ReDestiny/Widgets/ProgressMenu/ReputationSideBar.uasset'
[2017.05.29-16.17.24:589][166]LogSavePackage:Display: Finished SavePackage ../../../../../../Users/Steven4K/Desktop/ReDestiny/DestinyRedux/Content/ReDestiny/Widgets/ProgressMenu/ReputationSideBar.uasset
[2017.05.29-16.17.25:012][167]Cmd: QUIT_EDITOR
[2017.05.29-16.17.25:163][167]LogWindowsTextInputMethodSystem:Display: IME system now deactivated.
[2017.05.29-16.17.25:191][167]LogExit: Preparing to exit.
[2017.05.29-16.17.26:377][167]LogDirectoryWatcher: A directory notification for 'C:/Users/Steven4K/Desktop/ReDestiny/DestinyRedux/Content/' was aborted.
[2017.05.29-16.17.26:470][167]LogExit: Editor shut down
[2017.05.29-16.17.26:470][167]LogExit: Transaction tracking system shut down
[2017.05.29-16.17.26:864][167]LogObj: Freed 0b from 0 cluster array pools.
[2017.05.29-16.17.26:864][167]LogExit: Object subsystem successfully closed.
[2017.05.29-16.17.26:937][167]LogD3D11RHI: Shutdown
[2017.05.29-16.17.26:937][167]LogD3D11RHI: CleanupD3DDevice
[2017.05.29-16.17.27:042][167]LogD3D11RHI: ~FD3D11DynamicRHI
[2017.05.29-16.17.27:259][167]LogModuleManager: Shutting down and abandoning module SequencerWidgets (506)
[2017.05.29-16.17.27:259][167]LogModuleManager: Shutting down and abandoning module BlueprintGraph (504)
[2017.05.29-16.17.27:259][167]LogModuleManager: Shutting down and abandoning module BlueprintProfiler (502)
[2017.05.29-16.17.27:276][167]LogModuleManager: Shutting down and abandoning module HierarchicalLODOutliner (500)
[2017.05.29-16.17.27:276][167]LogModuleManager: Shutting down and abandoning module CrashTracker (498)
[2017.05.29-16.17.27:276][167]LogModuleManager: Shutting down and abandoning module WorldBrowser (496)
[2017.05.29-16.17.27:276][167]LogModuleManager: Shutting down and abandoning module SceneOutliner (494)
[2017.05.29-16.17.27:276][167]LogModuleManager: Shutting down and abandoning module AddContentDialog (492)
[2017.05.29-16.17.27:276][167]LogDirectoryWatcher: A directory notification for 'C:/Program Files/Epic Games/UE_4.15/FeaturePacks/' was aborted.
[2017.05.29-16.17.27:277][167]LogModuleManager: Shutting down and abandoning module WidgetCarousel (491)
[2017.05.29-16.17.27:277][167]LogModuleManager: Shutting down and abandoning module EditorWidgets (488)
[2017.05.29-16.17.27:277][167]LogModuleManager: Shutting down and abandoning module CollectionManager (486)
[2017.05.29-16.17.27:277][167]LogDirectoryWatcher: A directory notification for 'C:/Users/Steven4K/Desktop/ReDestiny/DestinyRedux/Content/Collections/' was aborted.
[2017.05.29-16.17.27:277][167]LogDirectoryWatcher: A directory notification for 'C:/Users/Steven4K/Desktop/ReDestiny/DestinyRedux/Content/Developers/Steven4K/Collections/' was aborted.
[2017.05.29-16.17.27:277][167]LogDirectoryWatcher: A directory notification for 'C:/Users/Steven4K/Desktop/ReDestiny/DestinyRedux/Saved/Collections/' was aborted.
[2017.05.29-16.17.27:277][167]LogModuleManager: Shutting down and abandoning module StatsViewer (484)
[2017.05.29-16.17.27:277][167]LogModuleManager: Shutting down and abandoning module FoliageEdit (482)
[2017.05.29-16.17.27:277][167]LogModuleManager: Shutting down and abandoning module LandscapeEditor (480)
[2017.05.29-16.17.27:277][167]LogModuleManager: Shutting down and abandoning module SceneDepthPickerMode (478)
[2017.05.29-16.17.27:277][167]LogModuleManager: Shutting down and abandoning module ActorPickerMode (476)
[2017.05.29-16.17.27:277][167]LogModuleManager: Shutting down and abandoning module GeometryMode (474)
[2017.05.29-16.17.27:277][167]LogModuleManager: Shutting down and abandoning module TextureAlignMode (472)
[2017.05.29-16.17.27:277][167]LogModuleManager: Shutting down and abandoning module BspMode (470)
[2017.05.29-16.17.27:277][167]LogModuleManager: Shutting down and abandoning module HardwareSurvey (468)
[2017.05.29-16.17.27:277][167]LogModuleManager: Shutting down and abandoning module SequenceRecorderSections (466)
[2017.05.29-16.17.27:277][167]LogModuleManager: Shutting down and abandoning module AutomationWorker (464)
[2017.05.29-16.17.27:277][167]LogModuleManager: Shutting down and abandoning module MatineeToLevelSequence (462)
[2017.05.29-16.17.27:277][167]LogModuleManager: Shutting down and abandoning module LevelSequenceEditor (460)
[2017.05.29-16.17.27:297][167]LogModuleManager: Shutting down and abandoning module PlacementMode (459)
[2017.05.29-16.17.27:297][167]LogModuleManager: Shutting down and abandoning module WmfMediaFactory (456)
[2017.05.29-16.17.27:297][167]LogModuleManager: Shutting down and abandoning module WmfMediaEditor (454)
[2017.05.29-16.17.27:297][167]LogModuleManager: Shutting down and abandoning module MfMediaFactory (452)
[2017.05.29-16.17.27:297][167]LogModuleManager: Shutting down and abandoning module MfMediaEditor (450)
[2017.05.29-16.17.27:297][167]LogModuleManager: Shutting down and abandoning module AvfMediaFactory (448)
[2017.05.29-16.17.27:297][167]LogModuleManager: Shutting down and abandoning module AvfMediaEditor (446)
[2017.05.29-16.17.27:297][167]LogModuleManager: Shutting down and abandoning module AndroidMediaFactory (444)
[2017.05.29-16.17.27:297][167]LogModuleManager: Shutting down and abandoning module Media (443)
[2017.05.29-16.17.27:297][167]LogModuleManager: Shutting down and abandoning module AndroidMediaEditor (440)
[2017.05.29-16.17.27:297][167]LogModuleManager: Shutting down and abandoning module CharacterAI (438)
[2017.05.29-16.17.27:297][167]LogModuleManager: Shutting down and abandoning module AudioCapture (436)
[2017.05.29-16.17.27:297][167]LogModuleManager: Shutting down and abandoning module SequenceRecorder (435)
[2017.05.29-16.17.27:297][167]LogModuleManager: Shutting down and abandoning module SmartSnapping (432)
[2017.05.29-16.17.27:297][167]LogModuleManager: Shutting down and abandoning module SessionServices (430)
[2017.05.29-16.17.27:297][167]LogModuleManager: Shutting down and abandoning module ViewportSnapping (428)
[2017.05.29-16.17.27:297][167]LogModuleManager: Shutting down and abandoning module ViewportInteraction (426)
[2017.05.29-16.17.27:297][167]LogModuleManager: Shutting down and abandoning module LogVisualizer (424)
[2017.05.29-16.17.27:318][167]LogModuleManager: Shutting down and abandoning module IntroTutorials (422)
[2017.05.29-16.17.27:331][167]LogModuleManager: Shutting down and abandoning module GameProjectGeneration (421)
[2017.05.29-16.17.27:343][167]LogModuleManager: Shutting down and abandoning module EditorLiveStreaming (418)
[2017.05.29-16.17.27:343][167]LogModuleManager: Shutting down and abandoning module IOSPlatformEditor (416)
[2017.05.29-16.17.27:343][167]LogModuleManager: Shutting down and abandoning module HTML5PlatformEditor (414)
[2017.05.29-16.17.27:343][167]LogModuleManager: Shutting down and abandoning module AndroidPlatformEditor (412)
[2017.05.29-16.17.27:343][167]LogModuleManager: Shutting down and abandoning module AndroidDeviceDetection (411)
[2017.05.29-16.17.28:052][167]LogModuleManager: Shutting down and abandoning module IOSRuntimeSettings (408)
[2017.05.29-16.17.28:052][167]LogModuleManager: Shutting down and abandoning module AndroidRuntimeSettings (406)
[2017.05.29-16.17.28:052][167]LogModuleManager: Shutting down and abandoning module InputBindingEditor (404)
[2017.05.29-16.17.28:052][167]LogModuleManager: Shutting down and abandoning module NiagaraEditor (402)
[2017.05.29-16.17.28:084][167]LogModuleManager: Shutting down and abandoning module MergeActors (400)
[2017.05.29-16.17.28:097][167]LogModuleManager: Shutting down and abandoning module SizeMap (398)
[2017.05.29-16.17.28:097][167]LogModuleManager: Shutting down and abandoning module TreeMap (396)
[2017.05.29-16.17.28:097][167]LogModuleManager: Shutting down and abandoning module ReferenceViewer (394)
[2017.05.29-16.17.28:097][167]LogModuleManager: Shutting down and abandoning module LocalizationDashboard (392)
[2017.05.29-16.17.28:108][167]LogModuleManager: Shutting down and abandoning module LocalizationService (391)
[2017.05.29-16.17.28:120][167]LogModuleManager: Shutting down and abandoning module HardwareTargeting (388)
[2017.05.29-16.17.28:120][167]LogModuleManager: Shutting down and abandoning module DeviceProfileEditor (386)
[2017.05.29-16.17.28:126][167]LogModuleManager: Shutting down and abandoning module UndoHistory (384)
[2017.05.29-16.17.28:126][167]LogModuleManager: Shutting down and abandoning module UserFeedback (382)
[2017.05.29-16.17.28:126][167]LogModuleManager: Shutting down and abandoning module XmlParser (380)
[2017.05.29-16.17.28:126][167]LogModuleManager: Shutting down and abandoning module Blutility (378)
[2017.05.29-16.17.28:126][167]LogModuleManager: Shutting down and abandoning module ProjectSettingsViewer (376)
[2017.05.29-16.17.28:126][167]LogModuleManager: Shutting down and abandoning module ProjectTargetPlatformEditor (375)
[2017.05.29-16.17.28:126][167]LogModuleManager: Shutting down and abandoning module EditorSettingsViewer (372)
[2017.05.29-16.17.28:126][167]LogModuleManager: Shutting down and abandoning module SettingsEditor (370)
[2017.05.29-16.17.28:127][167]LogModuleManager: Shutting down and abandoning module ProjectLauncher (368)
[2017.05.29-16.17.28:144][167]LogModuleManager: Shutting down and abandoning module SessionFrontend (366)
[2017.05.29-16.17.28:153][167]LogModuleManager: Shutting down and abandoning module ProfilerClient (364)
[2017.05.29-16.17.28:168][167]LogModuleManager: Shutting down and abandoning module DeviceManager (362)
[2017.05.29-16.17.28:182][167]LogModuleManager: Shutting down and abandoning module TargetDeviceServices (361)
[2017.05.29-16.17.28:225][167]LogModuleManager: Shutting down and abandoning module AutomationController (358)
[2017.05.29-16.17.28:225][167]LogModuleManager: Shutting down and abandoning module AutomationWindow (356)
[2017.05.29-16.17.28:241][167]LogModuleManager: Shutting down and abandoning module Layers (354)
[2017.05.29-16.17.28:259][167]LogModuleManager: Shutting down and abandoning module ComponentVisualizers (352)
[2017.05.29-16.17.28:259][167]LogModuleManager: Shutting down and abandoning module DetailCustomizations (350)
[2017.05.29-16.17.28:259][167]LogModuleManager: Shutting down and abandoning module PackagesDialog (348)
[2017.05.29-16.17.28:260][167]LogModuleManager: Shutting down and abandoning module Persona (346)
[2017.05.29-16.17.28:272][167]LogModuleManager: Shutting down and abandoning module AnimGraph (345)
[2017.05.29-16.17.28:272][167]LogModuleManager: Shutting down and abandoning module Kismet (342)
[2017.05.29-16.17.28:280][167]LogModuleManager: Shutting down and abandoning module GraphEditor (340)
[2017.05.29-16.17.28:281][167]LogModuleManager: Shutting down and abandoning module ClassViewer (338)
[2017.05.29-16.17.28:281][167]LogModuleManager: Shutting down and abandoning module Toolbox (336)
[2017.05.29-16.17.28:281][167]LogModuleManager: Shutting down and abandoning module ModuleUI (334)
[2017.05.29-16.17.28:293][167]LogModuleManager: Shutting down and abandoning module MovieSceneTools (332)
[2017.05.29-16.17.28:303][167]LogModuleManager: Shutting down and abandoning module OutputLog (330)
[2017.05.29-16.17.28:303][167]LogModuleManager: Shutting down and abandoning module GammaUI (328)
[2017.05.29-16.17.28:312][167]LogModuleManager: Shutting down and abandoning module Documentation (326)
[2017.05.29-16.17.28:312][167]LogModuleManager: Shutting down and abandoning module Niagara (324)
[2017.05.29-16.17.28:312][167]LogModuleManager: Shutting down and abandoning module StreamingPauseRendering (322)
[2017.05.29-16.17.28:312][167]LogModuleManager: Shutting down and abandoning module AnalyticsET (320)
[2017.05.29-16.17.28:312][167]LogModuleManager: Shutting down and abandoning module PortalServices (318)
[2017.05.29-16.17.28:312][167]LogModuleManager: Shutting down and abandoning module PortalRpc (316)
[2017.05.29-16.17.28:312][167]LogModuleManager: Shutting down and abandoning module MessagingRpc (314)
[2017.05.29-16.17.28:312][167]LogModuleManager: Shutting down and abandoning module AIModule (312)
[2017.05.29-16.17.28:312][167]LogModuleManager: Shutting down and abandoning module GameplayDebugger (311)
[2017.05.29-16.17.28:312][167]LogModuleManager: Shutting down and abandoning module AITestSuite (309)
[2017.05.29-16.17.28:312][167]LogModuleManager: Shutting down and abandoning module ProfilerService (306)
[2017.05.29-16.17.28:480][167]LogModuleManager: Shutting down and abandoning module TaskGraph (304)
[2017.05.29-16.17.28:491][167]LogModuleManager: Shutting down and abandoning module SteamVRController (302)
[2017.05.29-16.17.28:491][167]LogModuleManager: Shutting down and abandoning module SteamVR (300)
[2017.05.29-16.17.28:491][167]LogModuleManager: Shutting down and abandoning module ProceduralMeshComponentEditor (298)
[2017.05.29-16.17.28:491][167]LogModuleManager: Shutting down and abandoning module ProceduralMeshComponent (296)
[2017.05.29-16.17.28:491][167]LogModuleManager: Shutting down and abandoning module OculusLibrary (294)
[2017.05.29-16.17.28:491][167]LogModuleManager: Shutting down and abandoning module OculusInput (292)
[2017.05.29-16.17.28:491][167]LogModuleManager: Shutting down and abandoning module MobilePatchingUtils (290)
[2017.05.29-16.17.28:491][167]LogModuleManager: Shutting down and abandoning module CustomMeshComponent (288)
[2017.05.29-16.17.28:491][167]LogModuleManager: Shutting down and abandoning module CableComponent (286)
[2017.05.29-16.17.28:491][167]LogModuleManager: Shutting down and abandoning module ArchVisCharacter (284)
[2017.05.29-16.17.28:491][167]LogModuleManager: Shutting down and abandoning module MediaPlayerEditor (282)
[2017.05.29-16.17.28:509][167]LogModuleManager: Shutting down and abandoning module HTML5Networking (280)
[2017.05.29-16.17.28:510][167]LogModuleManager: Shutting down and abandoning module AlembicImporter (278)
[2017.05.29-16.17.28:526][167]LogModuleManager: Shutting down and abandoning module AlembicLibrary (277)
[2017.05.29-16.17.28:526][167]LogModuleManager: Shutting down and abandoning module GeometryCache (276)
[2017.05.29-16.17.28:526][167]LogModuleManager: Shutting down and abandoning module GeometryCacheEd (275)
[2017.05.29-16.17.28:526][167]LogModuleManager: Shutting down and abandoning module SuperSearchEditor (270)
[2017.05.29-16.17.28:526][167]LogModuleManager: Shutting down and abandoning module SuperSearch (269)
[2017.05.29-16.17.28:526][167]LogModuleManager: Shutting down and abandoning module SpeedTreeImporter (266)
[2017.05.29-16.17.28:526][167]LogModuleManager: Shutting down and abandoning module PluginBrowser (264)
[2017.05.29-16.17.28:536][167]LogModuleManager: Shutting down and abandoning module MobileLauncherProfileWizard (262)
[2017.05.29-16.17.28:549][167]LogModuleManager: Shutting down and abandoning module EpicSurvey (260)
[2017.05.29-16.17.28:549][167]LogModuleManager: Shutting down and abandoning module VisualStudioSourceCodeAccess (258)
[2017.05.29-16.17.28:549][167]LogModuleManager: Shutting down and abandoning module DesktopPlatform (257)
[2017.05.29-16.17.28:549][167]LogModuleManager: Shutting down and abandoning module UObjectPlugin (254)
[2017.05.29-16.17.28:549][167]LogModuleManager: Shutting down and abandoning module SubversionSourceControl (252)
[2017.05.29-16.17.28:549][167]LogModuleManager: Shutting down and abandoning module PerforceSourceControl (250)
[2017.05.29-16.17.28:564][167]LogModuleManager: Shutting down and abandoning module GitSourceControl (248)
[2017.05.29-16.17.28:564][167]LogModuleManager: Shutting down and abandoning module SourceControl (247)
[2017.05.29-16.17.28:564][167]LogModuleManager: Shutting down and abandoning module LightPropagationVolumeEditor (244)
[2017.05.29-16.17.28:564][167]LogModuleManager: Shutting down and abandoning module PaperTiledImporter (242)
[2017.05.29-16.17.28:564][167]LogModuleManager: Shutting down and abandoning module PaperSpriteSheetImporter (240)
[2017.05.29-16.17.28:564][167]LogModuleManager: Shutting down and abandoning module Paper2DEditor (238)
[2017.05.29-16.17.28:578][167]LogModuleManager: Shutting down and abandoning module MeshPaint (237)
[2017.05.29-16.17.28:578][167]LogModuleManager: Shutting down and abandoning module LevelEditor (235)
[2017.05.29-16.17.28:578][167]LogModuleManager: Shutting down and abandoning module PixelInspectorModule (234)
[2017.05.29-16.17.28:578][167]LogModuleManager: Shutting down and abandoning module MainFrame (232)
[2017.05.29-16.17.28:578][167]LogModuleManager: Shutting down and abandoning module HotReload (231)
[2017.05.29-16.17.28:578][167]LogModuleManager: Shutting down and abandoning module ContentBrowser (227)
[2017.05.29-16.17.28:579][167]LogModuleManager: Shutting down and abandoning module PhysXVehiclesEditor (224)
[2017.05.29-16.17.28:579][167]LogModuleManager: Shutting down and abandoning module PhysXVehicles (222)
[2017.05.29-16.17.28:579][167]LogModuleManager: Shutting down and abandoning module LocationServicesBPLibrary (220)
[2017.05.29-16.17.28:579][167]LogModuleManager: Shutting down and abandoning module UdpMessaging (218)
[2017.05.29-16.17.28:680][167]LogModuleManager: Shutting down and abandoning module TcpMessaging (216)
[2017.05.29-16.17.28:781][167]LogModuleManager: Shutting down and abandoning module GameplayTagsEditor (214)
[2017.05.29-16.17.28:786][167]LogModuleManager: Shutting down and abandoning module FacialAnimationEditor (212)
[2017.05.29-16.17.28:803][167]LogModuleManager: Shutting down and abandoning module FacialAnimation (210)
[2017.05.29-16.17.28:803][167]LogModuleManager: Shutting down and abandoning module LightPropagationVolumeRuntime (208)
[2017.05.29-16.17.28:803][167]LogModuleManager: Shutting down and abandoning module Paper2D (206)
[2017.05.29-16.17.28:803][167]LogModuleManager: Shutting down and abandoning module WindowsMoviePlayer (204)
[2017.05.29-16.17.28:803][167]LogModuleManager: Shutting down and abandoning module WmfMedia (202)
[2017.05.29-16.17.28:803][167]LogModuleManager: Shutting down and abandoning module MfMedia (200)
[2017.05.29-16.17.28:803][167]LogModuleManager: Shutting down and abandoning module MediaAssets (198)
[2017.05.29-16.17.28:803][167]LogModuleManager: Shutting down and abandoning module GameLiveStreaming (196)
[2017.05.29-16.17.28:803][167]LogModuleManager: Shutting down and abandoning module VREditor (194)
[2017.05.29-16.17.28:803][167]LogModuleManager: Shutting down and abandoning module GameplayTasksEditor (192)
[2017.05.29-16.17.28:803][167]LogModuleManager: Shutting down and abandoning module BehaviorTreeEditor (190)
[2017.05.29-16.17.28:819][167]LogModuleManager: Shutting down and abandoning module FunctionalTesting (188)
[2017.05.29-16.17.28:819][167]LogModuleManager: Shutting down and abandoning module CollisionAnalyzer (186)
[2017.05.29-16.17.28:831][167]LogModuleManager: Shutting down and abandoning module UMG (184)
[2017.05.29-16.17.28:831][167]LogModuleManager: Shutting down and abandoning module UMGEditor (183)
[2017.05.29-16.17.28:831][167]LogModuleManager: Shutting down and abandoning module Sequencer (182)
[2017.05.29-16.17.28:831][167]LogModuleManager: Shutting down and abandoning module AssetTools (180)
[2017.05.29-16.17.28:847][167]LogModuleManager: Shutting down and abandoning module MessageLog (179)
[2017.05.29-16.17.28:847][167]LogModuleManager: Shutting down and abandoning module WorkspaceMenuStructure (178)
[2017.05.29-16.17.28:847][167]LogModuleManager: Shutting down and abandoning module SlateReflector (172)
[2017.05.29-16.17.28:870][167]LogModuleManager: Shutting down and abandoning module Slate (170)
[2017.05.29-16.17.28:870][167]LogModuleManager: Shutting down and abandoning module EditorStyle (168)
[2017.05.29-16.17.28:871][167]LogModuleManager: Shutting down and abandoning module SourceCodeAccess (166)
[2017.05.29-16.17.28:871][167]LogModuleManager: Shutting down and abandoning module HeadMountedDisplay (164)
[2017.05.29-16.17.28:871][167]LogModuleManager: Shutting down and abandoning module XAudio2 (162)
[2017.05.29-16.17.28:871][167]LogModuleManager: Shutting down and abandoning module Networking (160)
[2017.05.29-16.17.28:871][167]LogModuleManager: Shutting down and abandoning module Core (158)
[2017.05.29-16.17.28:871][167]LogModuleManager: Shutting down and abandoning module AssetRegistry (156)
[2017.05.29-16.17.29:062][167]LogDirectoryWatcher: A directory notification for '../../../Engine/Content/' was aborted.
[2017.05.29-16.17.29:062][167]LogDirectoryWatcher: A directory notification for '../../../../../../Users/Steven4K/Desktop/ReDestiny/DestinyRedux/Content/' was aborted.
[2017.05.29-16.17.29:062][167]LogDirectoryWatcher: A directory notification for '../../../Engine/Plugins/2D/Paper2D/Content/' was aborted.
[2017.05.29-16.17.29:062][167]LogModuleManager: Shutting down and abandoning module DirectoryWatcher (155)
[2017.05.29-16.17.29:062][167]LogModuleManager: Shutting down and abandoning module KismetCompiler (152)
[2017.05.29-16.17.29:062][167]LogModuleManager: Shutting down and abandoning module PhysXFormats (150)
[2017.05.29-16.17.29:062][167]LogModuleManager: Shutting down and abandoning module MeshUtilities (148)
[2017.05.29-16.17.29:062][167]LogModuleManager: Shutting down and abandoning module SimplygonSwarm (147)
[2017.05.29-16.17.29:062][167]LogModuleManager: Shutting down and abandoning module SimplygonMeshReduction (145)
[2017.05.29-16.17.29:062][167]LogModuleManager: Shutting down and abandoning module QuadricMeshReduction (143)
[2017.05.29-16.17.29:062][167]LogModuleManager: Shutting down and abandoning module PropertyEditor (141)
[2017.05.29-16.17.29:062][167]LogModuleManager: Shutting down and abandoning module DerivedDataCache (138)
[2017.05.29-16.17.29:064][167]LogDerivedDataCache: Shutdown
[2017.05.29-16.17.29:064][167]LogModuleManager: Shutting down and abandoning module TargetPlatform (136)
[2017.05.29-16.17.29:064][167]LogModuleManager: Shutting down and abandoning module VulkanShaderFormat (135)
[2017.05.29-16.17.29:064][167]LogModuleManager: Shutting down and abandoning module ShaderFormatOpenGL (133)
[2017.05.29-16.17.29:069][167]LogModuleManager: Shutting down and abandoning module ShaderFormatD3D (131)
[2017.05.29-16.17.29:069][167]LogModuleManager: Shutting down and abandoning module MetalShaderFormat (129)
[2017.05.29-16.17.29:083][167]LogModuleManager: Shutting down and abandoning module TextureFormatUncompressed (127)
[2017.05.29-16.17.29:083][167]LogModuleManager: Shutting down and abandoning module TextureFormatPVR (125)
[2017.05.29-16.17.29:083][167]LogModuleManager: Shutting down and abandoning module TextureFormatDXT (123)
[2017.05.29-16.17.29:083][167]LogModuleManager: Shutting down and abandoning module TextureFormatIntelISPCTexComp (121)
[2017.05.29-16.17.29:083][167]LogModuleManager: Shutting down and abandoning module TextureFormatASTC (119)
[2017.05.29-16.17.29:083][167]LogModuleManager: Shutting down and abandoning module ImageWrapper (118)
[2017.05.29-16.17.29:083][167]LogModuleManager: Shutting down and abandoning module TextureFormatAndroid (115)
[2017.05.29-16.17.29:083][167]LogModuleManager: Shutting down and abandoning module AudioFormatOpus (113)
[2017.05.29-16.17.29:083][167]LogModuleManager: Shutting down and abandoning module AudioFormatOgg (111)
[2017.05.29-16.17.29:083][167]LogModuleManager: Shutting down and abandoning module AudioFormatADPCM (109)
[2017.05.29-16.17.29:083][167]LogModuleManager: Shutting down and abandoning module LinuxTargetPlatform (107)
[2017.05.29-16.17.29:084][167]LogModuleManager: Shutting down and abandoning module LinuxServerTargetPlatform (105)
[2017.05.29-16.17.29:084][167]LogModuleManager: Shutting down and abandoning module LinuxNoEditorTargetPlatform (103)
[2017.05.29-16.17.29:084][167]LogModuleManager: Shutting down and abandoning module LinuxClientTargetPlatform (101)
[2017.05.29-16.17.29:084][167]LogModuleManager: Shutting down and abandoning module TVOSTargetPlatform (99)
[2017.05.29-16.17.29:084][167]LogModuleManager: Shutting down and abandoning module Messaging (97)
[2017.05.29-16.17.29:084][167]LogModuleManager: Shutting down and abandoning module IOSTargetPlatform (95)
[2017.05.29-16.17.29:084][167]LogModuleManager: Shutting down and abandoning module HTML5TargetPlatform (93)
[2017.05.29-16.17.29:084][167]LogModuleManager: Shutting down and abandoning module Android_PVRTCTargetPlatform (91)
[2017.05.29-16.17.29:084][167]LogModuleManager: Shutting down and abandoning module Android_MultiTargetPlatform (89)
[2017.05.29-16.17.29:084][167]LogModuleManager: Shutting down and abandoning module Android_ETC2TargetPlatform (87)
[2017.05.29-16.17.29:084][167]LogModuleManager: Shutting down and abandoning module Android_ETC1TargetPlatform (85)
[2017.05.29-16.17.29:084][167]LogModuleManager: Shutting down and abandoning module Android_DXTTargetPlatform (83)
[2017.05.29-16.17.29:084][167]LogModuleManager: Shutting down and abandoning module Android_ATCTargetPlatform (81)
[2017.05.29-16.17.29:084][167]LogModuleManager: Shutting down and abandoning module Android_ASTCTargetPlatform (79)
[2017.05.29-16.17.29:084][167]LogModuleManager: Shutting down and abandoning module AndroidTargetPlatform (77)
[2017.05.29-16.17.29:084][167]LogModuleManager: Shutting down and abandoning module WindowsTargetPlatform (75)
[2017.05.29-16.17.29:084][167]LogModuleManager: Shutting down and abandoning module WindowsServerTargetPlatform (73)
[2017.05.29-16.17.29:084][167]LogModuleManager: Shutting down and abandoning module WindowsNoEditorTargetPlatform (71)
[2017.05.29-16.17.29:084][167]LogModuleManager: Shutting down and abandoning module WindowsClientTargetPlatform (69)
[2017.05.29-16.17.29:084][167]LogModuleManager: Shutting down and abandoning module MacTargetPlatform (67)
[2017.05.29-16.17.29:084][167]LogModuleManager: Shutting down and abandoning module MacServerTargetPlatform (65)
[2017.05.29-16.17.29:084][167]LogModuleManager: Shutting down and abandoning module MacNoEditorTargetPlatform (63)
[2017.05.29-16.17.29:084][167]LogModuleManager: Shutting down and abandoning module MacClientTargetPlatform (61)
[2017.05.29-16.17.29:084][167]LogModuleManager: Shutting down and abandoning module AllDesktopTargetPlatform (59)
[2017.05.29-16.17.29:084][167]LogModuleManager: Shutting down and abandoning module InputCore (56)
[2017.05.29-16.17.29:084][167]LogModuleManager: Shutting down and abandoning module Settings (54)
[2017.05.29-16.17.29:084][167]LogModuleManager: Shutting down and abandoning module OculusRift (52)
[2017.05.29-16.17.29:084][167]LogModuleManager: Shutting down and abandoning module GearVR (50)
[2017.05.29-16.17.29:095][167]LogModuleManager: Shutting down and abandoning module ExampleDeviceProfileSelector (48)
[2017.05.29-16.17.29:095][167]LogModuleManager: Shutting down and abandoning module OnlineBlueprintSupport (46)
[2017.05.29-16.17.29:095][167]LogModuleManager: Shutting down and abandoning module OnlineSubsystem (42)
[2017.05.29-16.17.29:095][167]LogOnline:Display: OSS: FOnlineSubsystemNull::Shutdown()
[2017.05.29-16.17.29:095][167]LogOnline:Display: Unloading online subsystem: NULL
[2017.05.29-16.17.29:095][167]LogModuleManager: Shutting down and abandoning module XMPP (37)
[2017.05.29-16.17.29:107][167]LogModuleManager: Shutting down and abandoning module HTTP (35)
[2017.05.29-16.17.29:107][167]LogHttp:Display: Http module shutting down, but needs to wait on 1 outstanding Http requests:
[2017.05.29-16.17.29:107][167]LogHttp:Display: 	verb=[POST] url=[https://datarouter.ol.epicgames.com/datarouter/api/v1/public/data?SessionID=%7B92D96BCE-4D90-B2E9-EC63-109D703A1062%7D&AppID=UEEditor.Rocket.Release&AppVersion=4.15.2-3416026%2B%2B%2BUE4%2BRelease-4.15&UserID=6b2ddadf4c5a8bbf49ba50ae59c652c1%7C049a09598b90443da8e8e30d4d2b8ded%7C732e9ea2-b7f5-4be8-a08a-9afd69cb1240&AppEnvironment=datacollector-binary&UploadType=eteventstream] status=Processing
[2017.05.29-16.17.29:108][167]LogHttp:Warning: 00000214DD62E200: request failed, libcurl error: 6 (Couldn't resolve host name)
[2017.05.29-16.17.29:108][167]LogHttp:Warning: 00000214DD62E200: libcurl info message cache 0 (Could not resolve host: datarouter.ol.epicgames.com)
[2017.05.29-16.17.29:108][167]LogHttp:Warning: 00000214DD62E200: libcurl info message cache 1 (Closing connection 12)
[2017.05.29-16.17.29:138][167]LogModuleManager: Shutting down and abandoning module SSL (34)
[2017.05.29-16.17.29:139][167]LogModuleManager: Shutting down and abandoning module AudioEditor (30)
[2017.05.29-16.17.29:139][167]LogModuleManager: Shutting down and abandoning module TextureCompressor (28)
[2017.05.29-16.17.29:139][167]LogModuleManager: Shutting down and abandoning module ShaderCore (26)
[2017.05.29-16.17.29:139][167]LogModuleManager: Shutting down and abandoning module Landscape (24)
[2017.05.29-16.17.29:139][167]LogModuleManager: Shutting down and abandoning module SlateRHIRenderer (22)
[2017.05.29-16.17.29:147][167]LogModuleManager: Shutting down and abandoning module OpenGLDrv (20)
[2017.05.29-16.17.29:162][167]LogModuleManager: Shutting down and abandoning module D3D11RHI (18)
[2017.05.29-16.17.29:162][167]LogModuleManager: Shutting down and abandoning module AnimGraphRuntime (16)
[2017.05.29-16.17.29:162][167]LogModuleManager: Shutting down and abandoning module Renderer (14)
[2017.05.29-16.17.29:162][167]LogModuleManager: Shutting down and abandoning module Engine (12)
[2017.05.29-16.17.29:162][167]LogModuleManager: Shutting down and abandoning module CoreUObject (10)
[2017.05.29-16.17.29:162][167]LogModuleManager: Shutting down and abandoning module NetworkFile (8)
[2017.05.29-16.17.29:162][167]LogModuleManager: Shutting down and abandoning module StreamingFile (6)
[2017.05.29-16.17.29:162][167]LogModuleManager: Shutting down and abandoning module SandboxFile (4)
[2017.05.29-16.17.29:162][167]LogModuleManager: Shutting down and abandoning module PakFile (2)
[2017.05.29-16.17.29:178][167]LogExit: Exiting.
[2017.05.29-16.17.29:179][167]Log file closed, 05/29/17 09:17:29
