Log file open, 06/06/17 12:46:39
LogInit:Display: Running engine for game: DestinyRedux
LogPlatformFile: Not using cached read wrapper
LogInit:Display: RandInit(-181266423) SRandInit(-181266423).
LogTaskGraph: Started task graph with 5 named threads and 8 total threads with 1 sets of task threads.
LogStats: Stats thread started at 0.073245
LogInit: Using libcurl 7.47.1
LogInit:  - built for x86_64-pc-win32
LogInit:  - supports SSL with OpenSSL/1.0.2g
LogInit:  - supports HTTP deflate (compression) using libz 1.2.8
LogInit:  - other features:
LogInit:      CURL_VERSION_SSL
LogInit:      CURL_VERSION_LIBZ
LogInit:      CURL_VERSION_IPV6
LogInit:      CURL_VERSION_ASYNCHDNS
LogInit:      CURL_VERSION_LARGEFILE
LogInit:      CURL_VERSION_IDN
LogInit:  CurlRequestOptions (configurable via config and command line):
LogInit:  - bVerifyPeer = false  - Libcurl will NOT verify peer certificate
LogInit:  - bUseHttpProxy = false  - Libcurl will NOT use HTTP proxy
LogInit:  - bDontReuseConnections = false  - Libcurl will reuse connections
LogInit:  - CertBundlePath = nullptr  - Libcurl will use whatever was configured at build time.
LogInit: WinSock: version 1.1 (2.2), MaxSocks=32767, MaxUdp=65467
LogInit: Build: ++UE4+Release-4.15-CL-3450819
LogInit: Engine Version: 4.15.3-3450819+++UE4+Release-4.15
LogInit: Compatible Engine Version: 4.15.0-3299760+++UE4+Release-4.15
LogInit: Net CL: 3299760
LogDevObjectVersion: Number of dev versions registered: 14
LogDevObjectVersion:   Dev-Blueprints (B0D832E4-1F89-4F0D-ACCF-7EB736FD4AA2): 8
LogDevObjectVersion:   Dev-Build (E1C64328-A22C-4D53-A36C-8E866417BD8C): 0
LogDevObjectVersion:   Dev-Core (375EC13C-06E4-48FB-B500-84F0262A717E): 2
LogDevObjectVersion:   Dev-Editor (E4B068ED-F494-42E9-A231-DA0B2E46BB41): 14
LogDevObjectVersion:   Dev-Framework (CFFC743F-43B0-4480-9391-14DF171D2073): 22
LogDevObjectVersion:   Dev-Mobile (B02B49B5-BB20-44E9-A304-32B752E40360): 0
LogDevObjectVersion:   Dev-Networking (A4E4105C-59A1-49B5-A7C5-40C4547EDFEE): 0
LogDevObjectVersion:   Dev-Online (39C831C9-5AE6-47DC-9A44-9C173E1C8E7C): 0
LogDevObjectVersion:   Dev-Physics (78F01B33-EBEA-4F98-B9B4-84EACCB95AA2): 0
LogDevObjectVersion:   Dev-Platform (6631380F-2D4D-43E0-8009-CF276956A95A): 0
LogDevObjectVersion:   Dev-Rendering (12F88B9F-8875-4AFC-A67C-D90C383ABD29): 12
LogDevObjectVersion:   Dev-Sequencer (7B5AE74C-D270-4C10-A958-57980B212A5A): 3
LogDevObjectVersion:   Dev-VR (D7296918-1DD6-4BDD-9DE2-64A83CC13884): 0
LogDevObjectVersion:   Dev-LoadTimes (C2A15278-BFE7-4AFE-6C17-90FF531DF755): 1
LogInit: Compiled (64-bit): May 21 2017 11:02:34
LogInit: Compiled with Visual C++: 19.00.23026.00
LogInit: Build Configuration: Development
LogInit: Branch Name: ++UE4+Release-4.15
LogInit: Command line:  /Temp/Autosaves/Game/ReDestiny/Maps/UEDPCLevel_ShipModular -game -PIEVIACONSOLE -ResX=1600 -ResY=900  -Multiprocess -messaging -SessionName="Play in Standalone Game" -windowed 
LogInit: Base directory: C:/Program Files/Epic Games/UE_4.15/Engine/Binaries/Win64/
LogInit: Installed Engine Build: 1
LogInit: Presizing for max 8388607 objects, including 0 objects not considered by GC, pre-allocating 0 bytes for permanent pool.
LogInit: Object subsystem initialized
[2017.06.06-19.46.40:439][  0]LogInit: Selected Device Profile: [Windows]
[2017.06.06-19.46.40:439][  0]LogInit: Applying CVar settings loaded from the selected device profile: [Windows]
[2017.06.06-19.46.40:442][  0]LogInit: Computer: CLU
[2017.06.06-19.46.40:442][  0]LogInit: User: Steven4K
[2017.06.06-19.46.40:442][  0]LogInit: CPU Page size=65536, Cores=4
[2017.06.06-19.46.40:442][  0]LogInit: High frequency timer resolution =3.914063 MHz
[2017.06.06-19.46.40:442][  0]LogMemory: Memory total: Physical=16.0GB (16GB approx)
[2017.06.06-19.46.40:442][  0]LogMemory: Platform Memory Stats for Windows
[2017.06.06-19.46.40:442][  0]LogMemory: Process Physical Memory: 266.03 MB used, 266.03 MB peak
[2017.06.06-19.46.40:442][  0]LogMemory: Process Virtual Memory: 262.61 MB used, 262.61 MB peak
[2017.06.06-19.46.40:442][  0]LogMemory: Physical Memory: 7008.89 MB used,  9324.22 MB free, 16333.11 MB total
[2017.06.06-19.46.40:442][  0]LogMemory: Virtual Memory: 646.94 MB used,  9324.22 MB free, 134217728.00 MB total
[2017.06.06-19.46.40:508][  0]LogTextLocalizationManager: No specific translations for ('en-US') exist, so ('en') translations will be used.
[2017.06.06-19.46.40:845][  0]LogD3D11RHI: D3D11 adapters:
[2017.06.06-19.46.40:869][  0]LogD3D11RHI:    0. 'NVIDIA GeForce GTX 1080' (Feature Level 11_0)
[2017.06.06-19.46.40:869][  0]LogD3D11RHI:       8110/0/8166 MB DedicatedVideo/DedicatedSystem/SharedSystem, Outputs:1, VendorId:0x10de
[2017.06.06-19.46.40:870][  0]LogD3D11RHI:    1. 'Microsoft Basic Render Driver' (Feature Level 11_0)
[2017.06.06-19.46.40:870][  0]LogD3D11RHI:       0/0/8166 MB DedicatedVideo/DedicatedSystem/SharedSystem, Outputs:0, VendorId:0x1414
[2017.06.06-19.46.40:870][  0]LogD3D11RHI: Chosen D3D11 Adapter: 0
[2017.06.06-19.46.40:875][  0]LogD3D11RHI: Creating new Direct3DDevice
[2017.06.06-19.46.40:875][  0]LogD3D11RHI:     GPU DeviceId: 0x1b80 (for the marketing name, search the web for "GPU Device Id")
[2017.06.06-19.46.40:875][  0]LogWindows: EnumDisplayDevices:
[2017.06.06-19.46.40:875][  0]LogWindows:    0. 'NVIDIA GeForce GTX 1080' (P:1 D:1)
[2017.06.06-19.46.40:875][  0]LogWindows:    1. 'NVIDIA GeForce GTX 1080' (P:0 D:0)
[2017.06.06-19.46.40:875][  0]LogWindows:    2. 'NVIDIA GeForce GTX 1080' (P:0 D:0)
[2017.06.06-19.46.40:875][  0]LogWindows:    3. 'NVIDIA GeForce GTX 1080' (P:0 D:0)
[2017.06.06-19.46.40:875][  0]LogWindows: DebugString: FoundDriverCount:4 
[2017.06.06-19.46.40:875][  0]LogD3D11RHI:     Adapter Name: NVIDIA GeForce GTX 1080
[2017.06.06-19.46.40:875][  0]LogD3D11RHI:   Driver Version: 381.65 (internal:22.21.13.8165, unified:381.65)
[2017.06.06-19.46.40:875][  0]LogD3D11RHI:      Driver Date: 3-31-2017
[2017.06.06-19.46.40:875][  0]LogRHI: Texture pool is 1361 MB (70% of 1945 MB)
[2017.06.06-19.46.40:893][  0]LogD3D11RHI: Async texture creation enabled
[2017.06.06-19.46.40:902][  0]LogD3D11RHI: GPU Timing Frequency: 1000.000000 (Debug: 2 1)
[2017.06.06-19.46.40:949][  0]LogShaderCompilers: Guid format shader working directory is -14 characters bigger than the processId version (../../../../../../Users/Steven4K/Desktop/ReDestiny/DestinyRedux/Intermediate/Shaders/WorkingDirectory/4332/).
[2017.06.06-19.46.40:949][  0]LogShaderCompilers: Cleaned the shader compiler working directory 'C:/Users/Steven4K/AppData/Local/Temp/UnrealShaderWorkingDir/AECF33404A3D4B278C660AA6934C4EE6/'.
[2017.06.06-19.46.40:949][  0]LogShaderCompilers:Display: Using Local Shader Compiler.
[2017.06.06-19.46.41:689][  0]LogTemp:Display: Loaded TP WindowsClientTargetPlatform
[2017.06.06-19.46.41:729][  0]LogTemp:Display: Loaded TP WindowsNoEditorTargetPlatform
[2017.06.06-19.46.41:769][  0]LogTemp:Display: Loaded TP WindowsServerTargetPlatform
[2017.06.06-19.46.41:806][  0]LogTemp:Display: Loaded TP WindowsTargetPlatform
[2017.06.06-19.46.41:806][  0]LogTargetPlatformManager:Display: Building Assets For Windows
[2017.06.06-19.46.42:132][  0]LogDerivedDataCache:Display: Max Cache Size: 512 MB
[2017.06.06-19.46.42:177][  0]LogDerivedDataCache: Loaded boot cache 0.05s 50MB C:/Users/Steven4K/AppData/Local/UnrealEngine/4.15/DerivedDataCache/Boot.ddc.
[2017.06.06-19.46.42:177][  0]LogDerivedDataCache:Display: Loaded Boot cache: C:/Users/Steven4K/AppData/Local/UnrealEngine/4.15/DerivedDataCache/Boot.ddc
[2017.06.06-19.46.42:178][  0]LogDerivedDataCache: FDerivedDataBackendGraph:  Pak pak cache file ../../../../../../Users/Steven4K/Desktop/ReDestiny/DestinyRedux/DerivedDataCache/DDC.ddp not found, will not use a pak cache.
[2017.06.06-19.46.42:178][  0]LogDerivedDataCache: Unable to find inner node Pak for hierarchical cache Hierarchy.
[2017.06.06-19.46.42:178][  0]LogDerivedDataCache: FDerivedDataBackendGraph:  CompressedPak pak cache file ../../../../../../Users/Steven4K/Desktop/ReDestiny/DestinyRedux/DerivedDataCache/Compressed.ddp not found, will not use a pak cache.
[2017.06.06-19.46.42:178][  0]LogDerivedDataCache: Unable to find inner node CompressedPak for hierarchical cache Hierarchy.
[2017.06.06-19.46.42:190][  0]LogDerivedDataCache:Display: Pak cache opened for reading ../../../Engine/DerivedDataCache/Compressed.ddp.
[2017.06.06-19.46.42:202][  0]LogDerivedDataCache: Using Local data cache path C:/Users/Steven4K/AppData/Local/UnrealEngine/Common/DerivedDataCache: Writable
[2017.06.06-19.46.42:209][  0]LogSlate: Using Freetype 2.6.0
[2017.06.06-19.46.42:209][  0]LogSlate: SlateFontCache - WITH_FREETYPE: 1, WITH_HARFBUZZ: 1
[2017.06.06-19.46.42:209][  0]LogSlate: SlateFontCache - WITH_FREETYPE: 1, WITH_HARFBUZZ: 1
[2017.06.06-19.46.42:396][  0]LogAssetRegistry: FAssetRegistry took 0.0001 seconds to start up
[2017.06.06-19.46.42:400][  0]LogPackageLocalizationCache: Processed 3 localized package path(s) for 2 prioritized culture(s) in 0.004110 seconds
[2017.06.06-19.46.42:412][  0]LogInit: Selected Device Profile: [Windows]
[2017.06.06-19.46.42:413][  0]LogContentStreaming: Texture pool size is 1000.00 MB
[2017.06.06-19.46.42:572][  0]LogMeshUtilities: Using QuadricMeshReduction for automatic static mesh reduction
[2017.06.06-19.46.42:603][  0]LogSimplygon: Simplygon DLL not present - disabling.
[2017.06.06-19.46.42:640][  0]LogMeshUtilities: Using SimplygonSwarm for distributed automatic mesh merging
[2017.06.06-19.46.42:640][  0]LogMeshUtilities: No automatic skeletal mesh reduction module available
[2017.06.06-19.46.42:640][  0]LogMeshUtilities: No automatic mesh merging module available
[2017.06.06-19.46.42:984][  0]LogNetVersion: GetLocalNetworkVersion: CL: 3299760, ProjectName: destinyredux, ProjectVersion: , EngineNetworkVersion: 2, GameNetworkVersion: 0, NetworkChecksum: 2158004914
[2017.06.06-19.46.43:602][  0]LogMoviePlayer: Initializing movie player
[2017.06.06-19.46.43:871][  0]LogTcpMessaging: Initializing TcpMessaging bridge
[2017.06.06-19.46.43:904][  0]LogUdpMessaging: Initializing bridge on interface 0.0.0.0:0 to multicast group 230.0.0.1:6666.
[2017.06.06-19.46.44:131][  0]SourceControl: Info Source control is disabled
[2017.06.06-19.46.44:131][  0]SourceControl: Info Source control is disabled
[2017.06.06-19.46.44:166][  0]SourceControl: Info Source control is disabled
[2017.06.06-19.46.44:625][  0]LogUObjectArray: 34408 objects as part of root set at end of initial load.
[2017.06.06-19.46.44:625][  0]LogUObjectAllocator: 7639320 out of 0 bytes used by permanent object pool.
[2017.06.06-19.46.44:625][  0]LogUObjectArray: CloseDisregardForGC: 0/0 objects in disregard for GC pool
[2017.06.06-19.46.44:704][  0]LogEngine: Initializing Engine...
[2017.06.06-19.46.44:716][  0]LogHMD: Failed to initialize OpenVR with code 126
[2017.06.06-19.46.44:792][  0]LogStats: UGameplayTagsManager::ConstructGameplayTagTree: Construct from data asset -  0.000 s
[2017.06.06-19.46.44:792][  0]LogStats: UGameplayTagsManager::ConstructGameplayTagTree: ImportINI -  0.000 s
[2017.06.06-19.46.44:792][  0]LogStats: UGameplayTagsManager::ConstructGameplayTagTree: GameplayTagTreeChangedEvent.Broadcast -  0.000 s
[2017.06.06-19.46.44:800][  0]LogInit: XAudio2 using 'Speakers (High Definition Audio Device)' : 2 channels at 44.1 kHz using 16 bits per sample (channel mask 0x3)
[2017.06.06-19.46.44:809][  0]LogInit: FAudioDevice initialized.
[2017.06.06-19.46.44:823][  0]LogInit: Texture streaming: Enabled
[2017.06.06-19.46.44:832][  0]LogMaterial: Uniform references updated for custom material expression Custom.
[2017.06.06-19.46.45:066][  0]LogInit:Display: Game Engine Initialized.
[2017.06.06-19.46.45:205][  0]LogInit:Display: Starting Game.
[2017.06.06-19.46.45:205][  0]LogNet: Browse: /Temp/Autosaves/Game/ReDestiny/Maps/UEDPCLevel_ShipModular?Name=Player
[2017.06.06-19.46.45:206][  0]LogLoad: LoadMap: /Temp/Autosaves/Game/ReDestiny/Maps/UEDPCLevel_ShipModular?Name=Player
[2017.06.06-19.46.45:220][  0]LogMemory: Platform Memory Stats for Windows
[2017.06.06-19.46.45:220][  0]LogMemory: Process Physical Memory: 668.63 MB used, 698.29 MB peak
[2017.06.06-19.46.45:220][  0]LogMemory: Process Virtual Memory: 744.78 MB used, 746.29 MB peak
[2017.06.06-19.46.45:220][  0]LogMemory: Physical Memory: 7382.54 MB used,  8950.57 MB free, 16333.11 MB total
[2017.06.06-19.46.45:220][  0]LogMemory: Virtual Memory: 1386.55 MB used,  8950.57 MB free, 134217728.00 MB total
[2017.06.06-19.46.45:220][  0]LogMemory: 
[2017.06.06-19.46.45:220][  0]Allocator Stats for TBB: (not implemented)
[2017.06.06-19.46.45:331][  0]LogLinker: Can't find file '/Game/ReDestiny/Textures/ButtonIcons/XboxOne/XboxMainButton'
[2017.06.06-19.46.45:331][  0]LogLinker: Can't find file '/Game/ReDestiny/Textures/ButtonIcons/XboxOne/XboxMainButton'
[2017.06.06-19.46.46:332][  0]LogBlueprint:Warning: [QuestInfoPage] 'CurStepTooltip' variable not found. Base class was probably changed.
[2017.06.06-19.46.46:410][  0]LogScriptSerialization:Warning: Error: Unknown bytecode 0x3C; ignoring it
[2017.06.06-19.46.46:426][  0]LogScriptSerialization:Warning: Error: Unknown bytecode 0x3C; ignoring it
[2017.06.06-19.46.46:999][  0]LogScriptSerialization:Warning: Error: Unknown bytecode 0x3C; ignoring it
[2017.06.06-19.46.47:018][  0]LogScriptSerialization:Warning: Error: Unknown bytecode 0x3C; ignoring it
[2017.06.06-19.46.47:048][  0]LogScriptSerialization:Warning: Error: Unknown bytecode 0x3C; ignoring it
[2017.06.06-19.46.47:079][  0]LogScriptSerialization:Warning: Error: Unknown bytecode 0x3C; ignoring it
[2017.06.06-19.46.47:089][  0]LogScriptSerialization:Warning: Error: Unknown bytecode 0x3C; ignoring it
[2017.06.06-19.46.47:097][  0]LogScriptSerialization:Warning: Error: Unknown bytecode 0x3C; ignoring it
[2017.06.06-19.46.47:102][  0]LogBlueprint:Warning: [QuestInfoPage] 'CurStepTooltip' variable not found. Base class was probably changed.
[2017.06.06-19.46.47:120][  0]LogScriptSerialization:Warning: Error: Unknown bytecode 0x3C; ignoring it
[2017.06.06-19.46.47:133][  0]LogScriptSerialization:Warning: Error: Unknown bytecode 0x3C; ignoring it
[2017.06.06-19.46.47:147][  0]LogScriptSerialization:Warning: Error: Unknown bytecode 0x3C; ignoring it
[2017.06.06-19.46.47:150][  0]LogScriptSerialization:Warning: Error: Unknown bytecode 0x3C; ignoring it
[2017.06.06-19.46.47:152][  0]LogScriptSerialization:Warning: Error: Unknown bytecode 0x3C; ignoring it
[2017.06.06-19.46.47:800][  0]LogAIModule: Creating AISystem for world Level_ShipModular
[2017.06.06-19.46.47:811][  0]LogLoad: Game class is 'FirstPersonGameMode_C'
[2017.06.06-19.46.47:826][  0]LogWorld: Bringing World /Temp/Autosaves/Game/ReDestiny/Maps/UEDPCLevel_ShipModular.Level_ShipModular up for play (max tick rate 0) at 2017.06.06-12.46.47
[2017.06.06-19.46.47:827][  0]LogWorld: Bringing up level for play took: 0.014878
[2017.06.06-19.46.47:926][  0]LogScriptCore:Warning: Script Msg: Attempted to access index 3 from array ItemsForSale of length 3!
[2017.06.06-19.46.47:926][  0]LogScriptCore:Warning: Script Msg: Attempted to access index 3 from array ItemsForSale of length 3!
[2017.06.06-19.46.47:926][  0]LogScriptCore:Warning: Script Msg: Attempted to access index 4 from array ItemsForSale of length 3!
[2017.06.06-19.46.47:926][  0]LogScriptCore:Warning: Script Msg: Attempted to access index 4 from array ItemsForSale of length 3!
[2017.06.06-19.46.47:926][  0]LogScriptCore:Warning: Script Msg: Attempted to access index 5 from array ItemsForSale of length 3!
[2017.06.06-19.46.47:926][  0]LogScriptCore:Warning: Script Msg: Attempted to access index 5 from array ItemsForSale of length 3!
[2017.06.06-19.46.47:950][  0]LogScriptCore:Warning: Script Msg: Attempted to access index 1 from array ItemsForSale of length 1!
[2017.06.06-19.46.47:950][  0]LogScriptCore:Warning: Script Msg: Attempted to access index 1 from array ItemsForSale of length 1!
[2017.06.06-19.46.47:950][  0]LogScriptCore:Warning: Script Msg: Attempted to access index 2 from array ItemsForSale of length 1!
[2017.06.06-19.46.47:950][  0]LogScriptCore:Warning: Script Msg: Attempted to access index 2 from array ItemsForSale of length 1!
[2017.06.06-19.46.47:950][  0]LogScriptCore:Warning: Script Msg: Attempted to access index 3 from array ItemsForSale of length 1!
[2017.06.06-19.46.47:950][  0]LogScriptCore:Warning: Script Msg: Attempted to access index 3 from array ItemsForSale of length 1!
[2017.06.06-19.46.47:950][  0]LogScriptCore:Warning: Script Msg: Attempted to access index 4 from array ItemsForSale of length 1!
[2017.06.06-19.46.47:950][  0]LogScriptCore:Warning: Script Msg: Attempted to access index 4 from array ItemsForSale of length 1!
[2017.06.06-19.46.47:950][  0]LogScriptCore:Warning: Script Msg: Attempted to access index 5 from array ItemsForSale of length 1!
[2017.06.06-19.46.47:950][  0]LogScriptCore:Warning: Script Msg: Attempted to access index 5 from array ItemsForSale of length 1!
[2017.06.06-19.46.47:971][  0]LogScriptCore:Warning: Script Msg: Attempted to access index 2 from array ItemsForSale of length 2!
[2017.06.06-19.46.47:971][  0]LogScriptCore:Warning: Script Msg: Attempted to access index 2 from array ItemsForSale of length 2!
[2017.06.06-19.46.47:971][  0]LogScriptCore:Warning: Script Msg: Attempted to access index 3 from array ItemsForSale of length 2!
[2017.06.06-19.46.47:971][  0]LogScriptCore:Warning: Script Msg: Attempted to access index 3 from array ItemsForSale of length 2!
[2017.06.06-19.46.47:971][  0]LogScriptCore:Warning: Script Msg: Attempted to access index 4 from array ItemsForSale of length 2!
[2017.06.06-19.46.47:971][  0]LogScriptCore:Warning: Script Msg: Attempted to access index 4 from array ItemsForSale of length 2!
[2017.06.06-19.46.47:971][  0]LogScriptCore:Warning: Script Msg: Attempted to access index 5 from array ItemsForSale of length 2!
[2017.06.06-19.46.47:971][  0]LogScriptCore:Warning: Script Msg: Attempted to access index 5 from array ItemsForSale of length 2!
[2017.06.06-19.46.47:972][  0]LogScriptCore:Warning: Script Msg: Attempted to access index 3 from array ItemsForSale of length 3!
[2017.06.06-19.46.47:972][  0]LogScriptCore:Warning: Script Msg: Attempted to access index 3 from array ItemsForSale of length 3!
[2017.06.06-19.46.47:972][  0]LogScriptCore:Warning: Script Msg: Attempted to access index 4 from array ItemsForSale of length 3!
[2017.06.06-19.46.47:972][  0]LogScriptCore:Warning: Script Msg: Attempted to access index 4 from array ItemsForSale of length 3!
[2017.06.06-19.46.47:972][  0]LogScriptCore:Warning: Script Msg: Attempted to access index 5 from array ItemsForSale of length 3!
[2017.06.06-19.46.47:972][  0]LogScriptCore:Warning: Script Msg: Attempted to access index 5 from array ItemsForSale of length 3!
[2017.06.06-19.46.47:972][  0]LogScriptCore:Warning: Script Msg: Attempted to access index 1 from array ItemsForSale of length 1!
[2017.06.06-19.46.47:972][  0]LogScriptCore:Warning: Script Msg: Attempted to access index 1 from array ItemsForSale of length 1!
[2017.06.06-19.46.47:972][  0]LogScriptCore:Warning: Script Msg: Attempted to access index 2 from array ItemsForSale of length 1!
[2017.06.06-19.46.47:972][  0]LogScriptCore:Warning: Script Msg: Attempted to access index 2 from array ItemsForSale of length 1!
[2017.06.06-19.46.47:972][  0]LogScriptCore:Warning: Script Msg: Attempted to access index 3 from array ItemsForSale of length 1!
[2017.06.06-19.46.47:972][  0]LogScriptCore:Warning: Script Msg: Attempted to access index 3 from array ItemsForSale of length 1!
[2017.06.06-19.46.47:972][  0]LogScriptCore:Warning: Script Msg: Attempted to access index 4 from array ItemsForSale of length 1!
[2017.06.06-19.46.47:972][  0]LogScriptCore:Warning: Script Msg: Attempted to access index 4 from array ItemsForSale of length 1!
[2017.06.06-19.46.47:972][  0]LogScriptCore:Warning: Script Msg: Attempted to access index 5 from array ItemsForSale of length 1!
[2017.06.06-19.46.47:972][  0]LogScriptCore:Warning: Script Msg: Attempted to access index 5 from array ItemsForSale of length 1!
[2017.06.06-19.46.47:972][  0]LogScriptCore:Warning: Script Msg: Attempted to access index 2 from array ItemsForSale of length 2!
[2017.06.06-19.46.47:972][  0]LogScriptCore:Warning: Script Msg: Attempted to access index 2 from array ItemsForSale of length 2!
[2017.06.06-19.46.47:972][  0]LogScriptCore:Warning: Script Msg: Attempted to access index 3 from array ItemsForSale of length 2!
[2017.06.06-19.46.47:972][  0]LogScriptCore:Warning: Script Msg: Attempted to access index 3 from array ItemsForSale of length 2!
[2017.06.06-19.46.47:972][  0]LogScriptCore:Warning: Script Msg: Attempted to access index 4 from array ItemsForSale of length 2!
[2017.06.06-19.46.47:972][  0]LogScriptCore:Warning: Script Msg: Attempted to access index 4 from array ItemsForSale of length 2!
[2017.06.06-19.46.47:972][  0]LogScriptCore:Warning: Script Msg: Attempted to access index 5 from array ItemsForSale of length 2!
[2017.06.06-19.46.47:972][  0]LogScriptCore:Warning: Script Msg: Attempted to access index 5 from array ItemsForSale of length 2!
[2017.06.06-19.46.48:106][  0]LogScriptCore:Warning: Script Msg: Attempted to access index 0 from array StepTitles_28_0E48D54E412A8F6965E5448C7D8E1D6C of length 0!
[2017.06.06-19.46.48:106][  0]LogScriptCore:Warning: Script Msg: Attempted to access index 0 from array DescriptionsPerStep_45_15D80D184978E964CBA818BD29849F37 of length 0!
[2017.06.06-19.46.48:106][  0]LogScriptCore:Warning: Script Msg: Attempted to access index 0 from array StepTitles_28_0E48D54E412A8F6965E5448C7D8E1D6C of length 0!
[2017.06.06-19.46.48:106][  0]LogScriptCore:Warning: Script Msg: Attempted to access index 0 from array StepTitles_28_0E48D54E412A8F6965E5448C7D8E1D6C of length 0!
[2017.06.06-19.46.48:113][  0]LogScriptCore:Warning: Script Msg: Attempted to access index 0 from array StepTitles_28_0E48D54E412A8F6965E5448C7D8E1D6C of length 0!
[2017.06.06-19.46.48:113][  0]LogScriptCore:Warning: Script Msg: Attempted to access index 0 from array DescriptionsPerStep_45_15D80D184978E964CBA818BD29849F37 of length 0!
[2017.06.06-19.46.48:113][  0]LogScriptCore:Warning: Script Msg: Attempted to access index 0 from array StepTitles_28_0E48D54E412A8F6965E5448C7D8E1D6C of length 0!
[2017.06.06-19.46.48:113][  0]LogScriptCore:Warning: Script Msg: Attempted to access index 0 from array StepTitles_28_0E48D54E412A8F6965E5448C7D8E1D6C of length 0!
[2017.06.06-19.46.48:120][  0]LogScriptCore:Warning: Script Msg: Attempted to access index 0 from array StepTitles_28_0E48D54E412A8F6965E5448C7D8E1D6C of length 0!
[2017.06.06-19.46.48:120][  0]LogScriptCore:Warning: Script Msg: Attempted to access index 0 from array DescriptionsPerStep_45_15D80D184978E964CBA818BD29849F37 of length 0!
[2017.06.06-19.46.48:120][  0]LogScriptCore:Warning: Script Msg: Attempted to access index 0 from array StepTitles_28_0E48D54E412A8F6965E5448C7D8E1D6C of length 0!
[2017.06.06-19.46.48:120][  0]LogScriptCore:Warning: Script Msg: Attempted to access index 0 from array StepTitles_28_0E48D54E412A8F6965E5448C7D8E1D6C of length 0!
[2017.06.06-19.46.48:126][  0]LogBlueprintUserMessages: [FactionRep] Cryptarchy: Lvl.4 - 1,500 / 2,500
[2017.06.06-19.46.48:130][  0]LogBlueprintUserMessages: [FactionRep] House of Judgement: Lvl.7 - 0 / 2,500
[2017.06.06-19.46.48:146][  0]LogLoad: Took 2.940914 seconds to LoadMap(/Temp/Autosaves/Game/ReDestiny/Maps/UEDPCLevel_ShipModular)
[2017.06.06-19.46.48:295][  0]LogRenderer: Reallocating scene render targets to support 1600x900 NumSamples 1 (Frame:2).
[2017.06.06-19.46.48:295][  0]LogLoad: (Engine Initialization) Total time: 9.68 seconds
[2017.06.06-19.46.48:295][  0]LogLoad: (Engine Initialization) Total Blueprint compile time: 1.37 seconds
[2017.06.06-19.46.48:295][  0]LogExternalProfiler: Found external profiler: VSPerf
[2017.06.06-19.46.48:295][  0]LogExternalProfiler: Using external profiler: VSPerf
[2017.06.06-19.46.48:312][  0]LogWindowsTextInputMethodSystem:Display: IME system now deactivated.
[2017.06.06-19.46.48:312][  0]LogOcInput: OculusInput pre-init called
[2017.06.06-19.48.14:760][350]LogWindowsTextInputMethodSystem:Display: IME system now deactivated.
[2017.06.06-19.48.14:762][350]LogWindowsTextInputMethodSystem:Display: IME system now deactivated.
[2017.06.06-19.48.14:770][350]LogEngine: All Windows Closed
[2017.06.06-19.48.14:770][350]LogWindows: FPlatformMisc::RequestExit(0)
[2017.06.06-19.48.14:771][351]LogMoviePlayer: Shutting down movie player
[2017.06.06-19.48.15:762][351]LogExit: Preparing to exit.
[2017.06.06-19.48.16:107][351]LogExit: Game engine shut down
[2017.06.06-19.48.16:175][351]LogObj: Freed 0b from 0 cluster array pools.
[2017.06.06-19.48.16:175][351]LogExit: Object subsystem successfully closed.
[2017.06.06-19.48.16:189][351]LogD3D11RHI: Shutdown
[2017.06.06-19.48.16:189][351]LogD3D11RHI: CleanupD3DDevice
[2017.06.06-19.48.16:254][351]LogD3D11RHI: ~FD3D11DynamicRHI
[2017.06.06-19.48.16:260][351]LogModuleManager: Shutting down and abandoning module SequenceRecorderSections (266)
[2017.06.06-19.48.16:260][351]LogModuleManager: Shutting down and abandoning module SequenceRecorder (264)
[2017.06.06-19.48.16:260][351]LogModuleManager: Shutting down and abandoning module AutomationController (262)
[2017.06.06-19.48.16:260][351]LogModuleManager: Shutting down and abandoning module AutomationWorker (260)
[2017.06.06-19.48.16:260][351]LogModuleManager: Shutting down and abandoning module Voice (258)
[2017.06.06-19.48.16:260][351]LogModuleManager: Shutting down and abandoning module AIModule (256)
[2017.06.06-19.48.16:260][351]LogModuleManager: Shutting down and abandoning module GameplayDebugger (255)
[2017.06.06-19.48.16:260][351]LogModuleManager: Shutting down and abandoning module AITestSuite (253)
[2017.06.06-19.48.16:260][351]LogModuleManager: Shutting down and abandoning module WmfMediaFactory (250)
[2017.06.06-19.48.16:260][351]LogModuleManager: Shutting down and abandoning module MfMediaFactory (248)
[2017.06.06-19.48.16:260][351]LogModuleManager: Shutting down and abandoning module AvfMediaFactory (246)
[2017.06.06-19.48.16:260][351]LogModuleManager: Shutting down and abandoning module AndroidMediaFactory (244)
[2017.06.06-19.48.16:260][351]LogModuleManager: Shutting down and abandoning module Media (243)
[2017.06.06-19.48.16:260][351]LogModuleManager: Shutting down and abandoning module CharacterAI (240)
[2017.06.06-19.48.16:260][351]LogModuleManager: Shutting down and abandoning module SessionServices (238)
[2017.06.06-19.48.16:260][351]LogModuleManager: Shutting down and abandoning module MovieSceneCapture (236)
[2017.06.06-19.48.16:260][351]LogModuleManager: Shutting down and abandoning module GeometryCache (234)
[2017.06.06-19.48.16:260][351]LogModuleManager: Shutting down and abandoning module GeometryCacheEd (233)
[2017.06.06-19.48.16:260][351]LogModuleManager: Shutting down and abandoning module Niagara (230)
[2017.06.06-19.48.16:260][351]LogModuleManager: Shutting down and abandoning module StreamingPauseRendering (228)
[2017.06.06-19.48.16:260][351]LogModuleManager: Shutting down and abandoning module PortalServices (226)
[2017.06.06-19.48.16:260][351]LogModuleManager: Shutting down and abandoning module PortalRpc (224)
[2017.06.06-19.48.16:260][351]LogModuleManager: Shutting down and abandoning module MessagingRpc (222)
[2017.06.06-19.48.16:260][351]LogModuleManager: Shutting down and abandoning module ProfilerService (220)
[2017.06.06-19.48.16:302][351]LogModuleManager: Shutting down and abandoning module TaskGraph (218)
[2017.06.06-19.48.16:302][351]LogModuleManager: Shutting down and abandoning module SteamVRController (216)
[2017.06.06-19.48.16:302][351]LogModuleManager: Shutting down and abandoning module SteamVR (214)
[2017.06.06-19.48.16:302][351]LogModuleManager: Shutting down and abandoning module ProceduralMeshComponent (212)
[2017.06.06-19.48.16:302][351]LogModuleManager: Shutting down and abandoning module OculusLibrary (210)
[2017.06.06-19.48.16:302][351]LogModuleManager: Shutting down and abandoning module OculusInput (208)
[2017.06.06-19.48.16:302][351]LogModuleManager: Shutting down and abandoning module MobilePatchingUtils (206)
[2017.06.06-19.48.16:302][351]LogModuleManager: Shutting down and abandoning module CustomMeshComponent (204)
[2017.06.06-19.48.16:302][351]LogModuleManager: Shutting down and abandoning module CableComponent (202)
[2017.06.06-19.48.16:302][351]LogModuleManager: Shutting down and abandoning module ArchVisCharacter (200)
[2017.06.06-19.48.16:302][351]LogModuleManager: Shutting down and abandoning module HTML5Networking (198)
[2017.06.06-19.48.16:302][351]LogModuleManager: Shutting down and abandoning module VisualStudioSourceCodeAccess (196)
[2017.06.06-19.48.16:302][351]LogModuleManager: Shutting down and abandoning module DesktopPlatform (195)
[2017.06.06-19.48.16:302][351]LogModuleManager: Shutting down and abandoning module HotReload (193)
[2017.06.06-19.48.16:302][351]LogModuleManager: Shutting down and abandoning module DirectoryWatcher (192)
[2017.06.06-19.48.16:302][351]LogModuleManager: Shutting down and abandoning module UObjectPlugin (188)
[2017.06.06-19.48.16:302][351]LogModuleManager: Shutting down and abandoning module SubversionSourceControl (186)
[2017.06.06-19.48.16:302][351]LogModuleManager: Shutting down and abandoning module PerforceSourceControl (184)
[2017.06.06-19.48.16:302][351]LogModuleManager: Shutting down and abandoning module SourceControl (183)
[2017.06.06-19.48.16:302][351]LogModuleManager: Shutting down and abandoning module PhysXVehiclesEditor (180)
[2017.06.06-19.48.16:302][351]LogModuleManager: Shutting down and abandoning module PhysXVehicles (178)
[2017.06.06-19.48.16:302][351]LogModuleManager: Shutting down and abandoning module LocationServicesBPLibrary (176)
[2017.06.06-19.48.16:302][351]LogModuleManager: Shutting down and abandoning module UdpMessaging (174)
[2017.06.06-19.48.16:403][351]LogModuleManager: Shutting down and abandoning module TcpMessaging (172)
[2017.06.06-19.48.16:910][351]LogModuleManager: Shutting down and abandoning module GameplayTagsEditor (170)
[2017.06.06-19.48.16:910][351]LogModuleManager: Shutting down and abandoning module FacialAnimation (168)
[2017.06.06-19.48.16:910][351]LogModuleManager: Shutting down and abandoning module LightPropagationVolumeRuntime (166)
[2017.06.06-19.48.16:910][351]LogModuleManager: Shutting down and abandoning module Paper2D (164)
[2017.06.06-19.48.16:910][351]LogModuleManager: Shutting down and abandoning module WindowsMoviePlayer (162)
[2017.06.06-19.48.16:910][351]LogModuleManager: Shutting down and abandoning module WmfMedia (160)
[2017.06.06-19.48.16:910][351]LogModuleManager: Shutting down and abandoning module MfMedia (158)
[2017.06.06-19.48.16:910][351]LogModuleManager: Shutting down and abandoning module MediaAssets (156)
[2017.06.06-19.48.16:910][351]LogModuleManager: Shutting down and abandoning module GameLiveStreaming (154)
[2017.06.06-19.48.16:910][351]LogModuleManager: Shutting down and abandoning module VREditor (152)
[2017.06.06-19.48.16:910][351]LogModuleManager: Shutting down and abandoning module GameplayTasksEditor (150)
[2017.06.06-19.48.16:910][351]LogModuleManager: Shutting down and abandoning module BehaviorTreeEditor (148)
[2017.06.06-19.48.16:910][351]LogModuleManager: Shutting down and abandoning module FunctionalTesting (146)
[2017.06.06-19.48.16:910][351]LogModuleManager: Shutting down and abandoning module CollisionAnalyzer (144)
[2017.06.06-19.48.16:910][351]LogModuleManager: Shutting down and abandoning module UMG (142)
[2017.06.06-19.48.16:910][351]LogModuleManager: Shutting down and abandoning module UMGEditor (141)
[2017.06.06-19.48.16:910][351]LogModuleManager: Shutting down and abandoning module Sequencer (140)
[2017.06.06-19.48.16:910][351]LogModuleManager: Shutting down and abandoning module AssetTools (138)
[2017.06.06-19.48.16:910][351]LogModuleManager: Shutting down and abandoning module MessageLog (137)
[2017.06.06-19.48.16:910][351]LogModuleManager: Shutting down and abandoning module WorkspaceMenuStructure (136)
[2017.06.06-19.48.16:910][351]LogModuleManager: Shutting down and abandoning module SlateReflector (130)
[2017.06.06-19.48.16:910][351]LogModuleManager: Shutting down and abandoning module Slate (128)
[2017.06.06-19.48.16:910][351]LogModuleManager: Shutting down and abandoning module EditorStyle (126)
[2017.06.06-19.48.16:911][351]LogModuleManager: Shutting down and abandoning module Messaging (124)
[2017.06.06-19.48.16:911][351]LogModuleManager: Shutting down and abandoning module SourceCodeAccess (122)
[2017.06.06-19.48.16:911][351]LogModuleManager: Shutting down and abandoning module HeadMountedDisplay (120)
[2017.06.06-19.48.16:911][351]LogModuleManager: Shutting down and abandoning module XAudio2 (118)
[2017.06.06-19.48.16:911][351]LogModuleManager: Shutting down and abandoning module Networking (116)
[2017.06.06-19.48.16:911][351]LogModuleManager: Shutting down and abandoning module Core (114)
[2017.06.06-19.48.16:911][351]LogModuleManager: Shutting down and abandoning module KismetCompiler (112)
[2017.06.06-19.48.16:911][351]LogModuleManager: Shutting down and abandoning module PhysXFormats (110)
[2017.06.06-19.48.16:911][351]LogModuleManager: Shutting down and abandoning module MeshUtilities (108)
[2017.06.06-19.48.16:911][351]LogModuleManager: Shutting down and abandoning module SimplygonSwarm (107)
[2017.06.06-19.48.16:911][351]LogModuleManager: Shutting down and abandoning module SimplygonMeshReduction (105)
[2017.06.06-19.48.16:911][351]LogModuleManager: Shutting down and abandoning module QuadricMeshReduction (103)
[2017.06.06-19.48.16:911][351]LogModuleManager: Shutting down and abandoning module PropertyEditor (101)
[2017.06.06-19.48.16:911][351]LogModuleManager: Shutting down and abandoning module AssetRegistry (98)
[2017.06.06-19.48.16:911][351]LogModuleManager: Shutting down and abandoning module DerivedDataCache (96)
[2017.06.06-19.48.17:266][351]LogDerivedDataCache: Shutdown
[2017.06.06-19.48.17:266][351]LogModuleManager: Shutting down and abandoning module TargetPlatform (94)
[2017.06.06-19.48.17:266][351]LogModuleManager: Shutting down and abandoning module VulkanShaderFormat (93)
[2017.06.06-19.48.17:266][351]LogModuleManager: Shutting down and abandoning module ShaderFormatOpenGL (91)
[2017.06.06-19.48.17:266][351]LogModuleManager: Shutting down and abandoning module ShaderFormatD3D (89)
[2017.06.06-19.48.17:266][351]LogModuleManager: Shutting down and abandoning module MetalShaderFormat (87)
[2017.06.06-19.48.17:266][351]LogModuleManager: Shutting down and abandoning module TextureFormatUncompressed (85)
[2017.06.06-19.48.17:266][351]LogModuleManager: Shutting down and abandoning module TextureFormatPVR (83)
[2017.06.06-19.48.17:266][351]LogModuleManager: Shutting down and abandoning module TextureFormatDXT (81)
[2017.06.06-19.48.17:266][351]LogModuleManager: Shutting down and abandoning module TextureFormatIntelISPCTexComp (79)
[2017.06.06-19.48.17:267][351]LogModuleManager: Shutting down and abandoning module TextureFormatASTC (77)
[2017.06.06-19.48.17:267][351]LogModuleManager: Shutting down and abandoning module ImageWrapper (76)
[2017.06.06-19.48.17:267][351]LogModuleManager: Shutting down and abandoning module TextureFormatAndroid (73)
[2017.06.06-19.48.17:267][351]LogModuleManager: Shutting down and abandoning module AudioFormatOpus (71)
[2017.06.06-19.48.17:267][351]LogModuleManager: Shutting down and abandoning module AudioFormatOgg (69)
[2017.06.06-19.48.17:267][351]LogModuleManager: Shutting down and abandoning module AudioFormatADPCM (67)
[2017.06.06-19.48.17:267][351]LogModuleManager: Shutting down and abandoning module WindowsTargetPlatform (65)
[2017.06.06-19.48.17:267][351]LogModuleManager: Shutting down and abandoning module WindowsServerTargetPlatform (63)
[2017.06.06-19.48.17:267][351]LogModuleManager: Shutting down and abandoning module WindowsNoEditorTargetPlatform (61)
[2017.06.06-19.48.17:267][351]LogModuleManager: Shutting down and abandoning module WindowsClientTargetPlatform (59)
[2017.06.06-19.48.17:267][351]LogModuleManager: Shutting down and abandoning module InputCore (56)
[2017.06.06-19.48.17:267][351]LogModuleManager: Shutting down and abandoning module Settings (54)
[2017.06.06-19.48.17:267][351]LogModuleManager: Shutting down and abandoning module OculusRift (52)
[2017.06.06-19.48.17:267][351]LogModuleManager: Shutting down and abandoning module GearVR (50)
[2017.06.06-19.48.17:267][351]LogModuleManager: Shutting down and abandoning module ExampleDeviceProfileSelector (48)
[2017.06.06-19.48.17:267][351]LogModuleManager: Shutting down and abandoning module OnlineBlueprintSupport (46)
[2017.06.06-19.48.17:267][351]LogModuleManager: Shutting down and abandoning module OnlineSubsystem (42)
[2017.06.06-19.48.17:267][351]LogOnline:Display: OSS: FOnlineSubsystemNull::Shutdown()
[2017.06.06-19.48.17:267][351]LogOnline:Display: Unloading online subsystem: NULL
[2017.06.06-19.48.17:267][351]LogModuleManager: Shutting down and abandoning module XMPP (37)
[2017.06.06-19.48.17:267][351]LogModuleManager: Shutting down and abandoning module HTTP (35)
[2017.06.06-19.48.17:301][351]LogModuleManager: Shutting down and abandoning module SSL (34)
[2017.06.06-19.48.17:301][351]LogModuleManager: Shutting down and abandoning module AudioEditor (30)
[2017.06.06-19.48.17:301][351]LogModuleManager: Shutting down and abandoning module TextureCompressor (28)
[2017.06.06-19.48.17:302][351]LogModuleManager: Shutting down and abandoning module ShaderCore (26)
[2017.06.06-19.48.17:302][351]LogModuleManager: Shutting down and abandoning module Landscape (24)
[2017.06.06-19.48.17:302][351]LogModuleManager: Shutting down and abandoning module SlateRHIRenderer (22)
[2017.06.06-19.48.17:302][351]LogModuleManager: Shutting down and abandoning module OpenGLDrv (20)
[2017.06.06-19.48.17:302][351]LogModuleManager: Shutting down and abandoning module D3D11RHI (18)
[2017.06.06-19.48.17:302][351]LogModuleManager: Shutting down and abandoning module AnimGraphRuntime (16)
[2017.06.06-19.48.17:302][351]LogModuleManager: Shutting down and abandoning module Renderer (14)
[2017.06.06-19.48.17:302][351]LogModuleManager: Shutting down and abandoning module Engine (12)
[2017.06.06-19.48.17:302][351]LogModuleManager: Shutting down and abandoning module CoreUObject (10)
[2017.06.06-19.48.17:302][351]LogModuleManager: Shutting down and abandoning module NetworkFile (8)
[2017.06.06-19.48.17:302][351]LogModuleManager: Shutting down and abandoning module StreamingFile (6)
[2017.06.06-19.48.17:302][351]LogModuleManager: Shutting down and abandoning module SandboxFile (4)
[2017.06.06-19.48.17:302][351]LogModuleManager: Shutting down and abandoning module PakFile (2)
[2017.06.06-19.48.17:303][351]LogExit: Exiting.
[2017.06.06-19.48.17:306][351]Log file closed, 06/06/17 12:48:17
