Log file open, 03/15/17 10:59:25
LogInit:Display: Running engine for game: DestinyRedux
LogPlatformFile: Not using cached read wrapper
LogInit:Display: RandInit(1543191410) SRandInit(1543191410).
LogTaskGraph: Started task graph with 5 named threads and 8 total threads with 1 sets of task threads.
LogStats: Stats thread started at 0.106873
LogInit: Using libcurl 7.47.1
LogInit:  - built for x86_64-pc-win32
LogInit:  - supports SSL with OpenSSL/1.0.2g
LogInit:  - supports HTTP deflate (compression) using libz 1.2.8
LogInit:  - other features:
LogInit:      CURL_VERSION_SSL
LogInit:      CURL_VERSION_LIBZ
LogInit:      CURL_VERSION_IPV6
LogInit:      CURL_VERSION_ASYNCHDNS
LogInit:      CURL_VERSION_LARGEFILE
LogInit:      CURL_VERSION_IDN
LogInit:  CurlRequestOptions (configurable via config and command line):
LogInit:  - bVerifyPeer = false  - Libcurl will NOT verify peer certificate
LogInit:  - bUseHttpProxy = false  - Libcurl will NOT use HTTP proxy
LogInit:  - bDontReuseConnections = false  - Libcurl will reuse connections
LogInit:  - CertBundlePath = nullptr  - Libcurl will use whatever was configured at build time.
LogInit: WinSock: version 1.1 (2.2), MaxSocks=32767, MaxUdp=65467
LogInit: Build: ++UE4+Release-4.15-CL-3299760
LogInit: Engine Version: 4.15.0-3299760+++UE4+Release-4.15
LogInit: Compatible Engine Version: 4.15.0-3299760+++UE4+Release-4.15
LogInit: Net CL: 3299760
LogDevObjectVersion: Number of dev versions registered: 14
LogDevObjectVersion:   Dev-Blueprints (B0D832E4-1F89-4F0D-ACCF-7EB736FD4AA2): 8
LogDevObjectVersion:   Dev-Build (E1C64328-A22C-4D53-A36C-8E866417BD8C): 0
LogDevObjectVersion:   Dev-Core (375EC13C-06E4-48FB-B500-84F0262A717E): 2
LogDevObjectVersion:   Dev-Editor (E4B068ED-F494-42E9-A231-DA0B2E46BB41): 14
LogDevObjectVersion:   Dev-Framework (CFFC743F-43B0-4480-9391-14DF171D2073): 22
LogDevObjectVersion:   Dev-Mobile (B02B49B5-BB20-44E9-A304-32B752E40360): 0
LogDevObjectVersion:   Dev-Networking (A4E4105C-59A1-49B5-A7C5-40C4547EDFEE): 0
LogDevObjectVersion:   Dev-Online (39C831C9-5AE6-47DC-9A44-9C173E1C8E7C): 0
LogDevObjectVersion:   Dev-Physics (78F01B33-EBEA-4F98-B9B4-84EACCB95AA2): 0
LogDevObjectVersion:   Dev-Platform (6631380F-2D4D-43E0-8009-CF276956A95A): 0
LogDevObjectVersion:   Dev-Rendering (12F88B9F-8875-4AFC-A67C-D90C383ABD29): 12
LogDevObjectVersion:   Dev-Sequencer (7B5AE74C-D270-4C10-A958-57980B212A5A): 3
LogDevObjectVersion:   Dev-VR (D7296918-1DD6-4BDD-9DE2-64A83CC13884): 0
LogDevObjectVersion:   Dev-LoadTimes (C2A15278-BFE7-4AFE-6C17-90FF531DF755): 1
LogInit: Compiled (64-bit): Feb 14 2017 02:04:14
LogInit: Compiled with Visual C++: 19.00.23026.00
LogInit: Build Configuration: Development
LogInit: Branch Name: ++UE4+Release-4.15
LogInit: Command line:  
LogInit: Base directory: C:/Program Files/Epic Games/UE_4.15/Engine/Binaries/Win64/
LogInit: Installed Engine Build: 1
LogInit: Presizing for max 8388607 objects, including 0 objects not considered by GC, pre-allocating 0 bytes for permanent pool.
LogInit: Object subsystem initialized
[2017.03.15-17.59.26:555][  0]LogInit: Selected Device Profile: [Windows]
[2017.03.15-17.59.26:555][  0]LogInit: Applying CVar settings loaded from the selected device profile: [Windows]
[2017.03.15-17.59.26:618][  0]LogInit: Computer: CLU
[2017.03.15-17.59.26:618][  0]LogInit: User: Steven4K
[2017.03.15-17.59.26:618][  0]LogInit: CPU Page size=65536, Cores=4
[2017.03.15-17.59.26:618][  0]LogInit: High frequency timer resolution =3.914066 MHz
[2017.03.15-17.59.26:618][  0]LogMemory: Memory total: Physical=16.0GB (16GB approx)
[2017.03.15-17.59.26:618][  0]LogMemory: Platform Memory Stats for Windows
[2017.03.15-17.59.26:618][  0]LogMemory: Process Physical Memory: 267.46 MB used, 267.46 MB peak
[2017.03.15-17.59.26:618][  0]LogMemory: Process Virtual Memory: 262.72 MB used, 262.72 MB peak
[2017.03.15-17.59.26:618][  0]LogMemory: Physical Memory: 4832.37 MB used,  11500.75 MB free, 16333.11 MB total
[2017.03.15-17.59.26:618][  0]LogMemory: Virtual Memory: 646.07 MB used,  11500.75 MB free, 134217728.00 MB total
[2017.03.15-17.59.27:068][  0]LogTextLocalizationManager: No specific translations for ('en-US') exist, so ('en') translations will be used.
[2017.03.15-17.59.31:049][  0]LogD3D11RHI: D3D11 adapters:
[2017.03.15-17.59.31:076][  0]LogD3D11RHI:    0. 'NVIDIA GeForce GTX 1080' (Feature Level 11_0)
[2017.03.15-17.59.31:076][  0]LogD3D11RHI:       8110/0/8166 MB DedicatedVideo/DedicatedSystem/SharedSystem, Outputs:1, VendorId:0x10de
[2017.03.15-17.59.31:078][  0]LogD3D11RHI:    1. 'Microsoft Basic Render Driver' (Feature Level 11_0)
[2017.03.15-17.59.31:078][  0]LogD3D11RHI:       0/0/8166 MB DedicatedVideo/DedicatedSystem/SharedSystem, Outputs:0, VendorId:0x1414
[2017.03.15-17.59.31:078][  0]LogD3D11RHI: Chosen D3D11 Adapter: 0
[2017.03.15-17.59.31:081][  0]LogD3D11RHI: Creating new Direct3DDevice
[2017.03.15-17.59.31:081][  0]LogD3D11RHI:     GPU DeviceId: 0x1b80 (for the marketing name, search the web for "GPU Device Id")
[2017.03.15-17.59.31:081][  0]LogWindows: EnumDisplayDevices:
[2017.03.15-17.59.31:081][  0]LogWindows:    0. 'NVIDIA GeForce GTX 1080' (P:1 D:1)
[2017.03.15-17.59.31:081][  0]LogWindows:    1. 'NVIDIA GeForce GTX 1080' (P:0 D:0)
[2017.03.15-17.59.31:081][  0]LogWindows:    2. 'NVIDIA GeForce GTX 1080' (P:0 D:0)
[2017.03.15-17.59.31:081][  0]LogWindows:    3. 'NVIDIA GeForce GTX 1080' (P:0 D:0)
[2017.03.15-17.59.31:081][  0]LogWindows: DebugString: FoundDriverCount:4 
[2017.03.15-17.59.31:081][  0]LogD3D11RHI:     Adapter Name: NVIDIA GeForce GTX 1080
[2017.03.15-17.59.31:081][  0]LogD3D11RHI:   Driver Version: 378.66 (internal:21.21.13.7866, unified:378.66)
[2017.03.15-17.59.31:081][  0]LogD3D11RHI:      Driver Date: 2-9-2017
[2017.03.15-17.59.31:081][  0]LogRHI: Texture pool is 1361 MB (70% of 1945 MB)
[2017.03.15-17.59.31:091][  0]LogD3D11RHI: Async texture creation enabled
[2017.03.15-17.59.31:100][  0]LogD3D11RHI: GPU Timing Frequency: 1000.000000 (Debug: 2 1)
[2017.03.15-17.59.31:147][  0]LogShaderCompilers: Guid format shader working directory is -14 characters bigger than the processId version (../../../../../../Users/Steven4K/Desktop/ReDestiny/DestinyRedux/Intermediate/Shaders/WorkingDirectory/2872/).
[2017.03.15-17.59.31:148][  0]LogShaderCompilers: Cleaned the shader compiler working directory 'C:/Users/Steven4K/AppData/Local/Temp/UnrealShaderWorkingDir/EDB10D6D4EA782C47CF91F912E33E15E/'.
[2017.03.15-17.59.31:148][  0]LogShaderCompilers:Display: Using Local Shader Compiler.
[2017.03.15-17.59.35:769][  0]LogTemp:Display: Loaded TP AllDesktopTargetPlatform
[2017.03.15-17.59.35:812][  0]LogTemp:Display: Loaded TP MacClientTargetPlatform
[2017.03.15-17.59.35:857][  0]LogTemp:Display: Loaded TP MacNoEditorTargetPlatform
[2017.03.15-17.59.35:902][  0]LogTemp:Display: Loaded TP MacServerTargetPlatform
[2017.03.15-17.59.35:961][  0]LogTemp:Display: Loaded TP MacTargetPlatform
[2017.03.15-17.59.36:004][  0]LogTemp:Display: Loaded TP WindowsClientTargetPlatform
[2017.03.15-17.59.36:046][  0]LogTemp:Display: Loaded TP WindowsNoEditorTargetPlatform
[2017.03.15-17.59.36:088][  0]LogTemp:Display: Loaded TP WindowsServerTargetPlatform
[2017.03.15-17.59.36:124][  0]LogTemp:Display: Loaded TP WindowsTargetPlatform
[2017.03.15-17.59.36:209][  0]LogTemp:Display: Loaded TP AndroidTargetPlatform
[2017.03.15-17.59.36:256][  0]LogTemp:Display: Loaded TP Android_ASTCTargetPlatform
[2017.03.15-17.59.36:297][  0]LogTemp:Display: Loaded TP Android_ATCTargetPlatform
[2017.03.15-17.59.36:338][  0]LogTemp:Display: Loaded TP Android_DXTTargetPlatform
[2017.03.15-17.59.36:378][  0]LogTemp:Display: Loaded TP Android_ETC1TargetPlatform
[2017.03.15-17.59.36:418][  0]LogTemp:Display: Loaded TP Android_ETC2TargetPlatform
[2017.03.15-17.59.36:501][  0]LogTemp:Display: Loaded TP Android_MultiTargetPlatform
[2017.03.15-17.59.36:501][  0]LogTemp:Display: Loaded TP Android_PVRTCTargetPlatform
[2017.03.15-17.59.36:529][  0]LogTemp:Display: Loaded TP HTML5TargetPlatform
[2017.03.15-17.59.36:710][  0]LogTemp:Display: Loaded TP IOSTargetPlatform
[2017.03.15-17.59.36:738][  0]LogTemp:Display: Loaded TP TVOSTargetPlatform
[2017.03.15-17.59.36:778][  0]LogTemp:Display: Loaded TP LinuxClientTargetPlatform
[2017.03.15-17.59.36:821][  0]LogTemp:Display: Loaded TP LinuxNoEditorTargetPlatform
[2017.03.15-17.59.36:861][  0]LogTemp:Display: Loaded TP LinuxServerTargetPlatform
[2017.03.15-17.59.36:927][  0]LogTemp:Display: Loaded TP LinuxTargetPlatform
[2017.03.15-17.59.36:927][  0]LogTargetPlatformManager:Display: Building Assets For Windows
[2017.03.15-17.59.37:893][  0]LogDerivedDataCache:Display: Max Cache Size: 512 MB
[2017.03.15-17.59.38:498][  0]LogDerivedDataCache: Loaded boot cache 0.60s 50MB C:/Users/Steven4K/AppData/Local/UnrealEngine/4.15/DerivedDataCache/Boot.ddc.
[2017.03.15-17.59.38:498][  0]LogDerivedDataCache:Display: Loaded Boot cache: C:/Users/Steven4K/AppData/Local/UnrealEngine/4.15/DerivedDataCache/Boot.ddc
[2017.03.15-17.59.38:498][  0]LogDerivedDataCache: FDerivedDataBackendGraph:  Pak pak cache file ../../../../../../Users/Steven4K/Desktop/ReDestiny/DestinyRedux/DerivedDataCache/DDC.ddp not found, will not use a pak cache.
[2017.03.15-17.59.38:498][  0]LogDerivedDataCache: Unable to find inner node Pak for hierarchical cache Hierarchy.
[2017.03.15-17.59.38:498][  0]LogDerivedDataCache: FDerivedDataBackendGraph:  CompressedPak pak cache file ../../../../../../Users/Steven4K/Desktop/ReDestiny/DestinyRedux/DerivedDataCache/Compressed.ddp not found, will not use a pak cache.
[2017.03.15-17.59.38:498][  0]LogDerivedDataCache: Unable to find inner node CompressedPak for hierarchical cache Hierarchy.
[2017.03.15-17.59.38:556][  0]LogDerivedDataCache:Display: Pak cache opened for reading ../../../Engine/DerivedDataCache/Compressed.ddp.
[2017.03.15-17.59.38:568][  0]LogDerivedDataCache: Using Local data cache path C:/Users/Steven4K/AppData/Local/UnrealEngine/Common/DerivedDataCache: Writable
[2017.03.15-17.59.38:574][  0]LogSlate: Using Freetype 2.6.0
[2017.03.15-17.59.38:598][  0]LogSlate: SlateFontCache - WITH_FREETYPE: 1, WITH_HARFBUZZ: 1
[2017.03.15-17.59.38:598][  0]LogSlate: SlateFontCache - WITH_FREETYPE: 1, WITH_HARFBUZZ: 1
[2017.03.15-17.59.59:320][  0]LogInit: Selected Device Profile: [Windows]
[2017.03.15-17.59.59:322][  0]LogContentStreaming: Texture pool size is 0.00 MB
[2017.03.15-17.59.59:624][  0]LogMeshUtilities: Using QuadricMeshReduction for automatic static mesh reduction
[2017.03.15-17.59.59:781][  0]LogSimplygon: Simplygon DLL not present - disabling.
[2017.03.15-17.59.59:823][  0]LogMeshUtilities: Using SimplygonSwarm for distributed automatic mesh merging
[2017.03.15-17.59.59:823][  0]LogMeshUtilities: No automatic skeletal mesh reduction module available
[2017.03.15-17.59.59:823][  0]LogMeshUtilities: No automatic mesh merging module available
[2017.03.15-18.00.02:897][  0]LogNetVersion: GetLocalNetworkVersion: CL: 3299760, ProjectName: destinyredux, ProjectVersion: , EngineNetworkVersion: 2, GameNetworkVersion: 0, NetworkChecksum: 2158004914
[2017.03.15-18.00.02:937][  0]LogAssetRegistry: FAssetRegistry took 0.0214 seconds to start up
[2017.03.15-18.00.02:980][  0]LogPackageLocalizationCache: Processed 3 localized package path(s) for 2 prioritized culture(s) in 0.024969 seconds
[2017.03.15-18.00.02:984][  0]LogUObjectArray: 32476 objects as part of root set at end of initial load.
[2017.03.15-18.00.02:984][  0]LogUObjectAllocator: 7073592 out of 0 bytes used by permanent object pool.
[2017.03.15-18.00.02:984][  0]LogUObjectArray: CloseDisregardForGC: 0/0 objects in disregard for GC pool
[2017.03.15-18.00.22:495][  0]LogTcpMessaging: Initializing TcpMessaging bridge
[2017.03.15-18.00.22:531][  0]LogUdpMessaging: Initializing bridge on interface 0.0.0.0:0 to multicast group 230.0.0.1:6666.
[2017.03.15-18.00.23:524][  0]LogMaterial: Uniform references updated for custom material expression Custom.
[2017.03.15-18.00.24:113][  0]SourceControl: Info Source control is disabled
[2017.03.15-18.00.24:359][  0]SourceControl: Info Source control is disabled
[2017.03.15-18.00.24:395][  0]SourceControl: Info Source control is disabled
[2017.03.15-18.00.24:431][  0]SourceControl: Info Source control is disabled
[2017.03.15-18.00.25:693][  0]LogEngine: Initializing Engine...
[2017.03.15-18.00.26:250][  0]LogHMD: Failed to initialize OpenVR with code 108
[2017.03.15-18.00.27:321][  0]LogAIModule: Creating AISystem for world Untitled
[2017.03.15-18.00.27:332][  0]LogInit: XAudio2 using 'Speakers (High Definition Audio Device)' : 2 channels at 44.1 kHz using 16 bits per sample (channel mask 0x3)
[2017.03.15-18.00.27:341][  0]LogInit: FAudioDevice initialized.
[2017.03.15-18.00.27:394][  0]LogDerivedDataCache: Saved boot cache 0.05s 50MB C:/Users/Steven4K/AppData/Local/UnrealEngine/4.15/DerivedDataCache/Boot.ddc.
[2017.03.15-18.00.27:399][  0]LogInit: Texture streaming: Enabled
[2017.03.15-18.00.27:476][  0]LogEngineSessionManager: EngineSessionManager initialized
[2017.03.15-18.00.27:476][  0]LogEngineSessionManager: EngineSessionManager sent abnormal shutdown report. Type=AbnormalShutdown, SessionId={E4B4D210-4530-6D02-0367-919064570421}
[2017.03.15-18.00.27:544][  0]LogInit: Transaction tracking system initialized
[2017.03.15-18.00.27:814][  0]BlueprintLog: New page: Editor Load
[2017.03.15-18.00.28:602][  0]LocalizationService: Info Localization service is disabled
[2017.03.15-18.00.29:181][  0]LogConsoleResponse:Display: 
[2017.03.15-18.00.30:852][  0]LogCook:Display: Max memory allowance for cook 16384mb min free memory 0mb
[2017.03.15-18.00.30:853][  0]LogCook:Display: Mobile HDR setting 1
[2017.03.15-18.00.31:891][  0]LogFileCache: Scanning file cache for directory 'C:/Users/Steven4K/Desktop/ReDestiny/DestinyRedux/Content/' took 0.02s
[2017.03.15-18.00.32:343][  0]SourceControl: Info Source control is disabled
[2017.03.15-18.00.32:343][  0]Cmd: MAP LOAD FILE="../../../../../../Users/Steven4K/Desktop/ReDestiny/DestinyRedux/Content/ReDestiny/Maps/Level_ShipModular.umap" TEMPLATE=0 SHOWPROGRESS=1 FEATURELEVEL=3
[2017.03.15-18.00.32:364][  0]LightingResults: New page: Lighting Build
[2017.03.15-18.00.32:394][  0]MapCheck: New page: Map Check
[2017.03.15-18.00.32:394][  0]LightingResults: New page: Lighting Build
[2017.03.15-18.00.33:440][  0]LogStats: UGameplayTagsManager::ConstructGameplayTagTree: Construct from data asset -  0.000 s
[2017.03.15-18.00.33:440][  0]LogStats: UGameplayTagsManager::ConstructGameplayTagTree: ImportINI -  0.000 s
[2017.03.15-18.00.33:440][  0]LogStats: UGameplayTagsManager::ConstructGameplayTagTree: GameplayTagTreeChangedEvent.Broadcast -  0.000 s
[2017.03.15-18.00.34:481][  0]LogLinker: Can't find file '/Game/ReDestiny/Textures/ButtonIcons/XboxOne/XboxMainButton'
[2017.03.15-18.00.34:481][  0]LogLinker: Can't find file '/Game/ReDestiny/Textures/ButtonIcons/XboxOne/XboxMainButton'
[2017.03.15-18.00.54:905][  0]LogAIModule: Creating AISystem for world Level_ShipModular
[2017.03.15-18.00.54:959][  0]LogEditorServer: Finished looking for orphan Actors (0.000 secs)
[2017.03.15-18.00.54:959][  0]Cmd: MAP CHECKDEP NOCLEARLOG
[2017.03.15-18.00.55:048][  0]MapCheck: Info Map check complete: 0 Error(s), 0 Warning(s), took 89.296ms to complete.
[2017.03.15-18.00.55:048][  0]LogFileHelpers: Loading map 'Level_ShipModular' took 22.706
[2017.03.15-18.00.55:325][  0]LogCollectionManager: Loaded 0 collections in 0.002075 seconds
[2017.03.15-18.00.55:394][  0]LogFileCache: Scanning file cache for directory 'C:/Users/Steven4K/Desktop/ReDestiny/DestinyRedux/Saved/Collections/' took 0.01s
[2017.03.15-18.00.55:394][  0]LogFileCache: Scanning file cache for directory 'C:/Users/Steven4K/Desktop/ReDestiny/DestinyRedux/Content/Developers/Steven4K/Collections/' took 0.01s
[2017.03.15-18.00.55:394][  0]LogFileCache: Scanning file cache for directory 'C:/Users/Steven4K/Desktop/ReDestiny/DestinyRedux/Content/Collections/' took 0.01s
[2017.03.15-18.00.55:394][  0]LogCollectionManager: Rebuilt the GUID cache for 0 collections in 0.000001 seconds
[2017.03.15-18.00.55:401][  0]LogContentBrowser: Native class hierarchy populated in 0.0067 seconds. Added 2244 classes and 450 folders.
[2017.03.15-18.00.55:452][  0]LogContentBrowser: Native class hierarchy updated for 'WidgetCarousel' in 0.0004 seconds. Added 0 classes and 0 folders.
[2017.03.15-18.00.56:369][  0]LogContentBrowser: Native class hierarchy updated for 'AddContentDialog' in 0.0004 seconds. Added 0 classes and 0 folders.
[2017.03.15-18.00.56:406][  0]LogContentBrowser: Native class hierarchy updated for 'SceneOutliner' in 0.0004 seconds. Added 1 classes and 2 folders.
[2017.03.15-18.00.56:446][  0]LogCrashTracker: Crashtracker disabled due to settings.
[2017.03.15-18.00.56:451][  0]LogUObjectGlobals:Warning: Failed to find object 'Class None.'
[2017.03.15-18.00.56:511][  0]LogContentBrowser: Native class hierarchy updated for 'HierarchicalLODOutliner' in 0.0004 seconds. Added 1 classes and 2 folders.
[2017.03.15-18.00.56:511][  0]LogLoad: (Engine Initialization) Total time: 94.26 seconds
[2017.03.15-18.00.56:511][  0]LogLoad: (Engine Initialization) Total Blueprint compile time: 1.20 seconds
[2017.03.15-18.00.56:511][  0]LogExternalProfiler: Found external profiler: VSPerf
[2017.03.15-18.00.56:511][  0]LogExternalProfiler: Using external profiler: VSPerf
[2017.03.15-18.00.56:850][  0]LogOcInput: OculusInput pre-init called
[2017.03.15-18.00.56:870][  0]LogContentStreaming: Texture pool size now 1000 MB
[2017.03.15-18.00.56:894][  0]LogSlate: Took 0.022604 seconds to synchronously load lazily loaded font '../../../Engine/Content/Slate/Fonts/Roboto-Regular.ttf' (155K)
[2017.03.15-18.00.56:912][  0]LogSlate: Took 0.015225 seconds to synchronously load lazily loaded font '../../../Engine/Content/Slate/Fonts/Roboto-Bold.ttf' (160K)
[2017.03.15-18.00.56:923][  0]LogSlate: Took 0.007385 seconds to synchronously load lazily loaded font '../../../Engine/Content/Editor/Slate/Fonts/FontAwesome.ttf' (139K)
[2017.03.15-18.00.57:148][  0]LogSlate: Took 0.025178 seconds to synchronously load lazily loaded font '../../../Engine/Content/Slate/Fonts/Roboto-Light.ttf' (159K)
[2017.03.15-18.00.57:211][  0]LogRenderer: Reallocating scene render targets to support 1132x588 NumSamples 1 (Frame:2).
[2017.03.15-18.00.57:276][  1]LogAssetRegistry: Asset discovery search completed in 54.3606 seconds
[2017.03.15-18.00.57:276][  1]LogCollectionManager: Rebuilt the object cache for 0 collections in 0.000004 seconds (found 0 objects)
[2017.03.15-18.00.57:276][  1]LogCollectionManager: Fixed up redirectors for 0 collections in 0.000015 seconds (updated 0 objects)
[2017.03.15-18.07.35:779][991]Cmd: QUIT_EDITOR
[2017.03.15-18.07.35:800][991]LogWindowsTextInputMethodSystem:Display: IME system now deactivated.
[2017.03.15-18.07.35:820][991]LogExit: Preparing to exit.
[2017.03.15-18.07.36:805][991]LogDirectoryWatcher: A directory notification for 'C:/Users/Steven4K/Desktop/ReDestiny/DestinyRedux/Content/' was aborted.
[2017.03.15-18.07.36:848][991]LogExit: Editor shut down
[2017.03.15-18.07.36:848][991]LogExit: Transaction tracking system shut down
[2017.03.15-18.07.36:908][991]LogObj: Freed 0b from 0 cluster array pools.
[2017.03.15-18.07.36:908][991]LogExit: Object subsystem successfully closed.
[2017.03.15-18.07.36:924][991]LogD3D11RHI: Shutdown
[2017.03.15-18.07.36:924][991]LogD3D11RHI: CleanupD3DDevice
[2017.03.15-18.07.37:005][991]LogD3D11RHI: ~FD3D11DynamicRHI
[2017.03.15-18.07.37:017][991]LogModuleManager: Shutting down and abandoning module HierarchicalLODOutliner (496)
[2017.03.15-18.07.37:017][991]LogModuleManager: Shutting down and abandoning module CrashTracker (494)
[2017.03.15-18.07.37:017][991]LogModuleManager: Shutting down and abandoning module SceneOutliner (492)
[2017.03.15-18.07.37:017][991]LogModuleManager: Shutting down and abandoning module AddContentDialog (490)
[2017.03.15-18.07.37:017][991]LogDirectoryWatcher: A directory notification for 'C:/Program Files/Epic Games/UE_4.15/FeaturePacks/' was aborted.
[2017.03.15-18.07.37:018][991]LogModuleManager: Shutting down and abandoning module WidgetCarousel (489)
[2017.03.15-18.07.37:018][991]LogModuleManager: Shutting down and abandoning module EditorWidgets (486)
[2017.03.15-18.07.37:018][991]LogModuleManager: Shutting down and abandoning module CollectionManager (484)
[2017.03.15-18.07.37:018][991]LogDirectoryWatcher: A directory notification for 'C:/Users/Steven4K/Desktop/ReDestiny/DestinyRedux/Content/Collections/' was aborted.
[2017.03.15-18.07.37:018][991]LogDirectoryWatcher: A directory notification for 'C:/Users/Steven4K/Desktop/ReDestiny/DestinyRedux/Content/Developers/Steven4K/Collections/' was aborted.
[2017.03.15-18.07.37:018][991]LogDirectoryWatcher: A directory notification for 'C:/Users/Steven4K/Desktop/ReDestiny/DestinyRedux/Saved/Collections/' was aborted.
[2017.03.15-18.07.37:018][991]LogModuleManager: Shutting down and abandoning module StatsViewer (482)
[2017.03.15-18.07.37:018][991]LogModuleManager: Shutting down and abandoning module FoliageEdit (480)
[2017.03.15-18.07.37:018][991]LogModuleManager: Shutting down and abandoning module LandscapeEditor (478)
[2017.03.15-18.07.37:018][991]LogModuleManager: Shutting down and abandoning module SceneDepthPickerMode (476)
[2017.03.15-18.07.37:018][991]LogModuleManager: Shutting down and abandoning module ActorPickerMode (474)
[2017.03.15-18.07.37:018][991]LogModuleManager: Shutting down and abandoning module GeometryMode (472)
[2017.03.15-18.07.37:018][991]LogModuleManager: Shutting down and abandoning module TextureAlignMode (470)
[2017.03.15-18.07.37:018][991]LogModuleManager: Shutting down and abandoning module BspMode (468)
[2017.03.15-18.07.37:018][991]LogModuleManager: Shutting down and abandoning module HardwareSurvey (466)
[2017.03.15-18.07.37:018][991]LogModuleManager: Shutting down and abandoning module SequenceRecorderSections (464)
[2017.03.15-18.07.37:018][991]LogModuleManager: Shutting down and abandoning module AutomationWorker (462)
[2017.03.15-18.07.37:018][991]LogModuleManager: Shutting down and abandoning module MatineeToLevelSequence (460)
[2017.03.15-18.07.37:018][991]LogModuleManager: Shutting down and abandoning module LevelSequenceEditor (458)
[2017.03.15-18.07.37:018][991]LogModuleManager: Shutting down and abandoning module PlacementMode (457)
[2017.03.15-18.07.37:018][991]LogModuleManager: Shutting down and abandoning module WmfMediaFactory (454)
[2017.03.15-18.07.37:018][991]LogModuleManager: Shutting down and abandoning module WmfMediaEditor (452)
[2017.03.15-18.07.37:018][991]LogModuleManager: Shutting down and abandoning module MfMediaFactory (450)
[2017.03.15-18.07.37:018][991]LogModuleManager: Shutting down and abandoning module MfMediaEditor (448)
[2017.03.15-18.07.37:018][991]LogModuleManager: Shutting down and abandoning module AvfMediaFactory (446)
[2017.03.15-18.07.37:018][991]LogModuleManager: Shutting down and abandoning module AvfMediaEditor (444)
[2017.03.15-18.07.37:018][991]LogModuleManager: Shutting down and abandoning module AndroidMediaFactory (442)
[2017.03.15-18.07.37:018][991]LogModuleManager: Shutting down and abandoning module Media (441)
[2017.03.15-18.07.37:018][991]LogModuleManager: Shutting down and abandoning module AndroidMediaEditor (438)
[2017.03.15-18.07.37:018][991]LogModuleManager: Shutting down and abandoning module CharacterAI (436)
[2017.03.15-18.07.37:018][991]LogModuleManager: Shutting down and abandoning module AudioCapture (434)
[2017.03.15-18.07.37:018][991]LogModuleManager: Shutting down and abandoning module SequenceRecorder (433)
[2017.03.15-18.07.37:018][991]LogModuleManager: Shutting down and abandoning module SmartSnapping (430)
[2017.03.15-18.07.37:018][991]LogModuleManager: Shutting down and abandoning module SessionServices (428)
[2017.03.15-18.07.37:018][991]LogModuleManager: Shutting down and abandoning module ViewportSnapping (426)
[2017.03.15-18.07.37:018][991]LogModuleManager: Shutting down and abandoning module ViewportInteraction (424)
[2017.03.15-18.07.37:018][991]LogModuleManager: Shutting down and abandoning module LogVisualizer (422)
[2017.03.15-18.07.37:018][991]LogModuleManager: Shutting down and abandoning module IntroTutorials (420)
[2017.03.15-18.07.37:018][991]LogModuleManager: Shutting down and abandoning module GameProjectGeneration (419)
[2017.03.15-18.07.37:018][991]LogModuleManager: Shutting down and abandoning module EditorLiveStreaming (416)
[2017.03.15-18.07.37:018][991]LogModuleManager: Shutting down and abandoning module IOSPlatformEditor (414)
[2017.03.15-18.07.37:018][991]LogModuleManager: Shutting down and abandoning module HTML5PlatformEditor (412)
[2017.03.15-18.07.37:018][991]LogModuleManager: Shutting down and abandoning module AndroidPlatformEditor (410)
[2017.03.15-18.07.37:018][991]LogModuleManager: Shutting down and abandoning module AndroidDeviceDetection (409)
[2017.03.15-18.07.37:081][991]LogModuleManager: Shutting down and abandoning module IOSRuntimeSettings (406)
[2017.03.15-18.07.37:081][991]LogModuleManager: Shutting down and abandoning module AndroidRuntimeSettings (404)
[2017.03.15-18.07.37:081][991]LogModuleManager: Shutting down and abandoning module InputBindingEditor (402)
[2017.03.15-18.07.37:081][991]LogModuleManager: Shutting down and abandoning module NiagaraEditor (400)
[2017.03.15-18.07.37:081][991]LogModuleManager: Shutting down and abandoning module MergeActors (398)
[2017.03.15-18.07.37:081][991]LogModuleManager: Shutting down and abandoning module SizeMap (396)
[2017.03.15-18.07.37:081][991]LogModuleManager: Shutting down and abandoning module TreeMap (394)
[2017.03.15-18.07.37:081][991]LogModuleManager: Shutting down and abandoning module ReferenceViewer (392)
[2017.03.15-18.07.37:081][991]LogModuleManager: Shutting down and abandoning module LocalizationDashboard (390)
[2017.03.15-18.07.37:081][991]LogModuleManager: Shutting down and abandoning module LocalizationService (389)
[2017.03.15-18.07.37:081][991]LogModuleManager: Shutting down and abandoning module HardwareTargeting (386)
[2017.03.15-18.07.37:081][991]LogModuleManager: Shutting down and abandoning module DeviceProfileEditor (384)
[2017.03.15-18.07.37:081][991]LogModuleManager: Shutting down and abandoning module UndoHistory (382)
[2017.03.15-18.07.37:081][991]LogModuleManager: Shutting down and abandoning module UserFeedback (380)
[2017.03.15-18.07.37:081][991]LogModuleManager: Shutting down and abandoning module XmlParser (378)
[2017.03.15-18.07.37:081][991]LogModuleManager: Shutting down and abandoning module Blutility (376)
[2017.03.15-18.07.37:081][991]LogModuleManager: Shutting down and abandoning module ProjectSettingsViewer (374)
[2017.03.15-18.07.37:081][991]LogModuleManager: Shutting down and abandoning module ProjectTargetPlatformEditor (373)
[2017.03.15-18.07.37:081][991]LogModuleManager: Shutting down and abandoning module EditorSettingsViewer (370)
[2017.03.15-18.07.37:082][991]LogModuleManager: Shutting down and abandoning module SettingsEditor (368)
[2017.03.15-18.07.37:082][991]LogModuleManager: Shutting down and abandoning module ProjectLauncher (366)
[2017.03.15-18.07.37:082][991]LogModuleManager: Shutting down and abandoning module SessionFrontend (364)
[2017.03.15-18.07.37:082][991]LogModuleManager: Shutting down and abandoning module ProfilerClient (362)
[2017.03.15-18.07.37:082][991]LogModuleManager: Shutting down and abandoning module DeviceManager (360)
[2017.03.15-18.07.37:082][991]LogModuleManager: Shutting down and abandoning module TargetDeviceServices (359)
[2017.03.15-18.07.37:124][991]LogModuleManager: Shutting down and abandoning module AutomationController (356)
[2017.03.15-18.07.37:124][991]LogModuleManager: Shutting down and abandoning module AutomationWindow (354)
[2017.03.15-18.07.37:124][991]LogModuleManager: Shutting down and abandoning module Layers (352)
[2017.03.15-18.07.37:124][991]LogModuleManager: Shutting down and abandoning module ComponentVisualizers (350)
[2017.03.15-18.07.37:124][991]LogModuleManager: Shutting down and abandoning module DetailCustomizations (348)
[2017.03.15-18.07.37:124][991]LogModuleManager: Shutting down and abandoning module PackagesDialog (346)
[2017.03.15-18.07.37:124][991]LogModuleManager: Shutting down and abandoning module Persona (344)
[2017.03.15-18.07.37:124][991]LogModuleManager: Shutting down and abandoning module AnimGraph (343)
[2017.03.15-18.07.37:124][991]LogModuleManager: Shutting down and abandoning module Kismet (340)
[2017.03.15-18.07.37:125][991]LogModuleManager: Shutting down and abandoning module GraphEditor (338)
[2017.03.15-18.07.37:125][991]LogModuleManager: Shutting down and abandoning module ClassViewer (336)
[2017.03.15-18.07.37:125][991]LogModuleManager: Shutting down and abandoning module Toolbox (334)
[2017.03.15-18.07.37:125][991]LogModuleManager: Shutting down and abandoning module ModuleUI (332)
[2017.03.15-18.07.37:125][991]LogModuleManager: Shutting down and abandoning module MovieSceneTools (330)
[2017.03.15-18.07.37:125][991]LogModuleManager: Shutting down and abandoning module OutputLog (328)
[2017.03.15-18.07.37:125][991]LogModuleManager: Shutting down and abandoning module GammaUI (326)
[2017.03.15-18.07.37:125][991]LogModuleManager: Shutting down and abandoning module Documentation (324)
[2017.03.15-18.07.37:125][991]LogModuleManager: Shutting down and abandoning module Niagara (322)
[2017.03.15-18.07.37:126][991]LogModuleManager: Shutting down and abandoning module StreamingPauseRendering (320)
[2017.03.15-18.07.37:126][991]LogModuleManager: Shutting down and abandoning module AnalyticsET (318)
[2017.03.15-18.07.37:126][991]LogModuleManager: Shutting down and abandoning module PortalServices (316)
[2017.03.15-18.07.37:126][991]LogModuleManager: Shutting down and abandoning module PortalRpc (314)
[2017.03.15-18.07.37:126][991]LogModuleManager: Shutting down and abandoning module MessagingRpc (312)
[2017.03.15-18.07.37:126][991]LogModuleManager: Shutting down and abandoning module AIModule (310)
[2017.03.15-18.07.37:126][991]LogModuleManager: Shutting down and abandoning module GameplayDebugger (309)
[2017.03.15-18.07.37:126][991]LogModuleManager: Shutting down and abandoning module AITestSuite (307)
[2017.03.15-18.07.37:126][991]LogModuleManager: Shutting down and abandoning module ProfilerService (304)
[2017.03.15-18.07.37:228][991]LogModuleManager: Shutting down and abandoning module TaskGraph (302)
[2017.03.15-18.07.37:228][991]LogModuleManager: Shutting down and abandoning module SteamVRController (300)
[2017.03.15-18.07.37:228][991]LogModuleManager: Shutting down and abandoning module SteamVR (298)
[2017.03.15-18.07.37:228][991]LogModuleManager: Shutting down and abandoning module ProceduralMeshComponentEditor (296)
[2017.03.15-18.07.37:228][991]LogModuleManager: Shutting down and abandoning module ProceduralMeshComponent (294)
[2017.03.15-18.07.37:228][991]LogModuleManager: Shutting down and abandoning module OculusLibrary (292)
[2017.03.15-18.07.37:228][991]LogModuleManager: Shutting down and abandoning module OculusInput (290)
[2017.03.15-18.07.37:228][991]LogModuleManager: Shutting down and abandoning module MobilePatchingUtils (288)
[2017.03.15-18.07.37:228][991]LogModuleManager: Shutting down and abandoning module CustomMeshComponent (286)
[2017.03.15-18.07.37:228][991]LogModuleManager: Shutting down and abandoning module CableComponent (284)
[2017.03.15-18.07.37:228][991]LogModuleManager: Shutting down and abandoning module ArchVisCharacter (282)
[2017.03.15-18.07.37:228][991]LogModuleManager: Shutting down and abandoning module MediaPlayerEditor (280)
[2017.03.15-18.07.37:228][991]LogModuleManager: Shutting down and abandoning module HTML5Networking (278)
[2017.03.15-18.07.37:228][991]LogModuleManager: Shutting down and abandoning module AlembicImporter (276)
[2017.03.15-18.07.37:228][991]LogModuleManager: Shutting down and abandoning module AlembicLibrary (275)
[2017.03.15-18.07.37:228][991]LogModuleManager: Shutting down and abandoning module GeometryCache (274)
[2017.03.15-18.07.37:228][991]LogModuleManager: Shutting down and abandoning module GeometryCacheEd (273)
[2017.03.15-18.07.37:228][991]LogModuleManager: Shutting down and abandoning module SuperSearchEditor (268)
[2017.03.15-18.07.37:228][991]LogModuleManager: Shutting down and abandoning module SuperSearch (267)
[2017.03.15-18.07.37:228][991]LogModuleManager: Shutting down and abandoning module SpeedTreeImporter (264)
[2017.03.15-18.07.37:228][991]LogModuleManager: Shutting down and abandoning module PluginBrowser (262)
[2017.03.15-18.07.37:228][991]LogModuleManager: Shutting down and abandoning module MobileLauncherProfileWizard (260)
[2017.03.15-18.07.37:228][991]LogModuleManager: Shutting down and abandoning module EpicSurvey (258)
[2017.03.15-18.07.37:228][991]LogModuleManager: Shutting down and abandoning module VisualStudioSourceCodeAccess (256)
[2017.03.15-18.07.37:228][991]LogModuleManager: Shutting down and abandoning module DesktopPlatform (255)
[2017.03.15-18.07.37:228][991]LogModuleManager: Shutting down and abandoning module UObjectPlugin (252)
[2017.03.15-18.07.37:228][991]LogModuleManager: Shutting down and abandoning module SubversionSourceControl (250)
[2017.03.15-18.07.37:229][991]LogModuleManager: Shutting down and abandoning module PerforceSourceControl (248)
[2017.03.15-18.07.37:229][991]LogModuleManager: Shutting down and abandoning module GitSourceControl (246)
[2017.03.15-18.07.37:229][991]LogModuleManager: Shutting down and abandoning module SourceControl (245)
[2017.03.15-18.07.37:229][991]LogModuleManager: Shutting down and abandoning module LightPropagationVolumeEditor (242)
[2017.03.15-18.07.37:229][991]LogModuleManager: Shutting down and abandoning module PaperTiledImporter (240)
[2017.03.15-18.07.37:229][991]LogModuleManager: Shutting down and abandoning module PaperSpriteSheetImporter (238)
[2017.03.15-18.07.37:229][991]LogModuleManager: Shutting down and abandoning module Paper2DEditor (236)
[2017.03.15-18.07.37:229][991]LogModuleManager: Shutting down and abandoning module MeshPaint (235)
[2017.03.15-18.07.37:229][991]LogModuleManager: Shutting down and abandoning module LevelEditor (233)
[2017.03.15-18.07.37:229][991]LogModuleManager: Shutting down and abandoning module PixelInspectorModule (232)
[2017.03.15-18.07.37:229][991]LogModuleManager: Shutting down and abandoning module MainFrame (230)
[2017.03.15-18.07.37:229][991]LogModuleManager: Shutting down and abandoning module HotReload (229)
[2017.03.15-18.07.37:230][991]LogModuleManager: Shutting down and abandoning module ContentBrowser (225)
[2017.03.15-18.07.37:230][991]LogModuleManager: Shutting down and abandoning module PhysXVehiclesEditor (222)
[2017.03.15-18.07.37:230][991]LogModuleManager: Shutting down and abandoning module PhysXVehicles (220)
[2017.03.15-18.07.37:230][991]LogModuleManager: Shutting down and abandoning module LocationServicesBPLibrary (218)
[2017.03.15-18.07.37:230][991]LogModuleManager: Shutting down and abandoning module UdpMessaging (216)
[2017.03.15-18.07.37:330][991]LogModuleManager: Shutting down and abandoning module TcpMessaging (214)
[2017.03.15-18.07.37:684][991]LogModuleManager: Shutting down and abandoning module GameplayTagsEditor (212)
[2017.03.15-18.07.37:684][991]LogModuleManager: Shutting down and abandoning module FacialAnimationEditor (210)
[2017.03.15-18.07.37:684][991]LogModuleManager: Shutting down and abandoning module FacialAnimation (208)
[2017.03.15-18.07.37:684][991]LogModuleManager: Shutting down and abandoning module LightPropagationVolumeRuntime (206)
[2017.03.15-18.07.37:684][991]LogModuleManager: Shutting down and abandoning module Paper2D (204)
[2017.03.15-18.07.37:684][991]LogModuleManager: Shutting down and abandoning module WindowsMoviePlayer (202)
[2017.03.15-18.07.37:684][991]LogModuleManager: Shutting down and abandoning module WmfMedia (200)
[2017.03.15-18.07.37:685][991]LogModuleManager: Shutting down and abandoning module MfMedia (198)
[2017.03.15-18.07.37:685][991]LogModuleManager: Shutting down and abandoning module MediaAssets (196)
[2017.03.15-18.07.37:685][991]LogModuleManager: Shutting down and abandoning module GameLiveStreaming (194)
[2017.03.15-18.07.37:685][991]LogModuleManager: Shutting down and abandoning module VREditor (192)
[2017.03.15-18.07.37:685][991]LogModuleManager: Shutting down and abandoning module GameplayTasksEditor (190)
[2017.03.15-18.07.37:685][991]LogModuleManager: Shutting down and abandoning module BehaviorTreeEditor (188)
[2017.03.15-18.07.37:685][991]LogModuleManager: Shutting down and abandoning module FunctionalTesting (186)
[2017.03.15-18.07.37:685][991]LogModuleManager: Shutting down and abandoning module CollisionAnalyzer (184)
[2017.03.15-18.07.37:685][991]LogModuleManager: Shutting down and abandoning module UMG (182)
[2017.03.15-18.07.37:685][991]LogModuleManager: Shutting down and abandoning module UMGEditor (181)
[2017.03.15-18.07.37:685][991]LogModuleManager: Shutting down and abandoning module Sequencer (180)
[2017.03.15-18.07.37:685][991]LogModuleManager: Shutting down and abandoning module AssetTools (178)
[2017.03.15-18.07.37:685][991]LogModuleManager: Shutting down and abandoning module MessageLog (177)
[2017.03.15-18.07.37:685][991]LogModuleManager: Shutting down and abandoning module WorkspaceMenuStructure (176)
[2017.03.15-18.07.37:685][991]LogModuleManager: Shutting down and abandoning module SlateReflector (170)
[2017.03.15-18.07.37:685][991]LogModuleManager: Shutting down and abandoning module Slate (168)
[2017.03.15-18.07.37:685][991]LogModuleManager: Shutting down and abandoning module EditorStyle (166)
[2017.03.15-18.07.37:686][991]LogModuleManager: Shutting down and abandoning module SourceCodeAccess (164)
[2017.03.15-18.07.37:686][991]LogModuleManager: Shutting down and abandoning module HeadMountedDisplay (162)
[2017.03.15-18.07.37:686][991]LogModuleManager: Shutting down and abandoning module XAudio2 (160)
[2017.03.15-18.07.37:686][991]LogModuleManager: Shutting down and abandoning module Networking (158)
[2017.03.15-18.07.37:687][991]LogModuleManager: Shutting down and abandoning module Core (156)
[2017.03.15-18.07.37:687][991]LogModuleManager: Shutting down and abandoning module AssetRegistry (154)
[2017.03.15-18.07.37:846][991]LogDirectoryWatcher: A directory notification for '../../../Engine/Content/' was aborted.
[2017.03.15-18.07.37:846][991]LogDirectoryWatcher: A directory notification for '../../../../../../Users/Steven4K/Desktop/ReDestiny/DestinyRedux/Content/' was aborted.
[2017.03.15-18.07.37:846][991]LogDirectoryWatcher: A directory notification for '../../../Engine/Plugins/2D/Paper2D/Content/' was aborted.
[2017.03.15-18.07.37:846][991]LogModuleManager: Shutting down and abandoning module DirectoryWatcher (153)
[2017.03.15-18.07.37:847][991]LogModuleManager: Shutting down and abandoning module KismetCompiler (150)
[2017.03.15-18.07.37:847][991]LogModuleManager: Shutting down and abandoning module PhysXFormats (148)
[2017.03.15-18.07.37:847][991]LogModuleManager: Shutting down and abandoning module MeshUtilities (146)
[2017.03.15-18.07.37:847][991]LogModuleManager: Shutting down and abandoning module SimplygonSwarm (145)
[2017.03.15-18.07.37:847][991]LogModuleManager: Shutting down and abandoning module SimplygonMeshReduction (143)
[2017.03.15-18.07.37:847][991]LogModuleManager: Shutting down and abandoning module QuadricMeshReduction (141)
[2017.03.15-18.07.37:847][991]LogModuleManager: Shutting down and abandoning module PropertyEditor (139)
[2017.03.15-18.07.37:847][991]LogModuleManager: Shutting down and abandoning module DerivedDataCache (136)
[2017.03.15-18.07.37:885][991]LogDerivedDataCache: Shutdown
[2017.03.15-18.07.37:886][991]LogModuleManager: Shutting down and abandoning module TargetPlatform (134)
[2017.03.15-18.07.37:886][991]LogModuleManager: Shutting down and abandoning module VulkanShaderFormat (133)
[2017.03.15-18.07.37:886][991]LogModuleManager: Shutting down and abandoning module ShaderFormatOpenGL (131)
[2017.03.15-18.07.37:886][991]LogModuleManager: Shutting down and abandoning module ShaderFormatD3D (129)
[2017.03.15-18.07.37:886][991]LogModuleManager: Shutting down and abandoning module MetalShaderFormat (127)
[2017.03.15-18.07.37:886][991]LogModuleManager: Shutting down and abandoning module TextureFormatUncompressed (125)
[2017.03.15-18.07.37:886][991]LogModuleManager: Shutting down and abandoning module TextureFormatPVR (123)
[2017.03.15-18.07.37:886][991]LogModuleManager: Shutting down and abandoning module TextureFormatDXT (121)
[2017.03.15-18.07.37:886][991]LogModuleManager: Shutting down and abandoning module TextureFormatIntelISPCTexComp (119)
[2017.03.15-18.07.37:886][991]LogModuleManager: Shutting down and abandoning module TextureFormatASTC (117)
[2017.03.15-18.07.37:886][991]LogModuleManager: Shutting down and abandoning module ImageWrapper (116)
[2017.03.15-18.07.37:886][991]LogModuleManager: Shutting down and abandoning module TextureFormatAndroid (113)
[2017.03.15-18.07.37:886][991]LogModuleManager: Shutting down and abandoning module AudioFormatOpus (111)
[2017.03.15-18.07.37:886][991]LogModuleManager: Shutting down and abandoning module AudioFormatOgg (109)
[2017.03.15-18.07.37:886][991]LogModuleManager: Shutting down and abandoning module AudioFormatADPCM (107)
[2017.03.15-18.07.37:886][991]LogModuleManager: Shutting down and abandoning module LinuxTargetPlatform (105)
[2017.03.15-18.07.37:886][991]LogModuleManager: Shutting down and abandoning module LinuxServerTargetPlatform (103)
[2017.03.15-18.07.37:886][991]LogModuleManager: Shutting down and abandoning module LinuxNoEditorTargetPlatform (101)
[2017.03.15-18.07.37:886][991]LogModuleManager: Shutting down and abandoning module LinuxClientTargetPlatform (99)
[2017.03.15-18.07.37:886][991]LogModuleManager: Shutting down and abandoning module TVOSTargetPlatform (97)
[2017.03.15-18.07.37:886][991]LogModuleManager: Shutting down and abandoning module Messaging (95)
[2017.03.15-18.07.37:886][991]LogModuleManager: Shutting down and abandoning module IOSTargetPlatform (93)
[2017.03.15-18.07.37:886][991]LogModuleManager: Shutting down and abandoning module HTML5TargetPlatform (91)
[2017.03.15-18.07.37:886][991]LogModuleManager: Shutting down and abandoning module Android_PVRTCTargetPlatform (89)
[2017.03.15-18.07.37:886][991]LogModuleManager: Shutting down and abandoning module Android_MultiTargetPlatform (87)
[2017.03.15-18.07.37:886][991]LogModuleManager: Shutting down and abandoning module Android_ETC2TargetPlatform (85)
[2017.03.15-18.07.37:886][991]LogModuleManager: Shutting down and abandoning module Android_ETC1TargetPlatform (83)
[2017.03.15-18.07.37:886][991]LogModuleManager: Shutting down and abandoning module Android_DXTTargetPlatform (81)
[2017.03.15-18.07.37:886][991]LogModuleManager: Shutting down and abandoning module Android_ATCTargetPlatform (79)
[2017.03.15-18.07.37:886][991]LogModuleManager: Shutting down and abandoning module Android_ASTCTargetPlatform (77)
[2017.03.15-18.07.37:886][991]LogModuleManager: Shutting down and abandoning module AndroidTargetPlatform (75)
[2017.03.15-18.07.37:886][991]LogModuleManager: Shutting down and abandoning module WindowsTargetPlatform (73)
[2017.03.15-18.07.37:886][991]LogModuleManager: Shutting down and abandoning module WindowsServerTargetPlatform (71)
[2017.03.15-18.07.37:886][991]LogModuleManager: Shutting down and abandoning module WindowsNoEditorTargetPlatform (69)
[2017.03.15-18.07.37:886][991]LogModuleManager: Shutting down and abandoning module WindowsClientTargetPlatform (67)
[2017.03.15-18.07.37:886][991]LogModuleManager: Shutting down and abandoning module MacTargetPlatform (65)
[2017.03.15-18.07.37:886][991]LogModuleManager: Shutting down and abandoning module MacServerTargetPlatform (63)
[2017.03.15-18.07.37:886][991]LogModuleManager: Shutting down and abandoning module MacNoEditorTargetPlatform (61)
[2017.03.15-18.07.37:886][991]LogModuleManager: Shutting down and abandoning module MacClientTargetPlatform (59)
[2017.03.15-18.07.37:886][991]LogModuleManager: Shutting down and abandoning module AllDesktopTargetPlatform (57)
[2017.03.15-18.07.37:886][991]LogModuleManager: Shutting down and abandoning module InputCore (54)
[2017.03.15-18.07.37:886][991]LogModuleManager: Shutting down and abandoning module Settings (52)
[2017.03.15-18.07.37:886][991]LogModuleManager: Shutting down and abandoning module OculusRift (50)
[2017.03.15-18.07.37:886][991]LogModuleManager: Shutting down and abandoning module ExampleDeviceProfileSelector (48)
[2017.03.15-18.07.37:886][991]LogModuleManager: Shutting down and abandoning module OnlineBlueprintSupport (46)
[2017.03.15-18.07.37:886][991]LogModuleManager: Shutting down and abandoning module OnlineSubsystem (42)
[2017.03.15-18.07.37:886][991]LogOnline:Display: OSS: FOnlineSubsystemNull::Shutdown()
[2017.03.15-18.07.37:886][991]LogOnline:Display: Unloading online subsystem: NULL
[2017.03.15-18.07.37:886][991]LogModuleManager: Shutting down and abandoning module XMPP (37)
[2017.03.15-18.07.37:886][991]LogModuleManager: Shutting down and abandoning module HTTP (35)
[2017.03.15-18.07.37:886][991]LogHttp:Display: Http module shutting down, but needs to wait on 1 outstanding Http requests:
[2017.03.15-18.07.37:886][991]LogHttp:Display: 	verb=[POST] url=[https://datarouter.ol.epicgames.com/datarouter/api/v1/public/data?SessionID=%7B9D5318A6-4D68-45A3-18B3-BEBF16C2AB50%7D&AppID=UEEditor.Rocket.Release&AppVersion=4.15.0-3299760%2B%2B%2BUE4%2BRelease-4.15&UserID=6b2ddadf4c5a8bbf49ba50ae59c652c1%7C049a09598b90443da8e8e30d4d2b8ded%7C732e9ea2-b7f5-4be8-a08a-9afd69cb1240&AppEnvironment=datacollector-binary&UploadType=eteventstream] status=Processing
[2017.03.15-18.07.37:907][991]LogModuleManager: Shutting down and abandoning module SSL (34)
[2017.03.15-18.07.37:908][991]LogModuleManager: Shutting down and abandoning module AudioEditor (30)
[2017.03.15-18.07.37:908][991]LogModuleManager: Shutting down and abandoning module TextureCompressor (28)
[2017.03.15-18.07.37:908][991]LogModuleManager: Shutting down and abandoning module ShaderCore (26)
[2017.03.15-18.07.37:908][991]LogModuleManager: Shutting down and abandoning module Landscape (24)
[2017.03.15-18.07.37:908][991]LogModuleManager: Shutting down and abandoning module SlateRHIRenderer (22)
[2017.03.15-18.07.37:909][991]LogModuleManager: Shutting down and abandoning module OpenGLDrv (20)
[2017.03.15-18.07.37:909][991]LogModuleManager: Shutting down and abandoning module D3D11RHI (18)
[2017.03.15-18.07.37:909][991]LogModuleManager: Shutting down and abandoning module AnimGraphRuntime (16)
[2017.03.15-18.07.37:909][991]LogModuleManager: Shutting down and abandoning module Renderer (14)
[2017.03.15-18.07.37:909][991]LogModuleManager: Shutting down and abandoning module Engine (12)
[2017.03.15-18.07.37:909][991]LogModuleManager: Shutting down and abandoning module CoreUObject (10)
[2017.03.15-18.07.37:909][991]LogModuleManager: Shutting down and abandoning module NetworkFile (8)
[2017.03.15-18.07.37:909][991]LogModuleManager: Shutting down and abandoning module StreamingFile (6)
[2017.03.15-18.07.37:909][991]LogModuleManager: Shutting down and abandoning module SandboxFile (4)
[2017.03.15-18.07.37:909][991]LogModuleManager: Shutting down and abandoning module PakFile (2)
[2017.03.15-18.07.37:910][991]LogExit: Exiting.
[2017.03.15-18.07.37:918][991]Log file closed, 03/15/17 11:07:37
