Log file open, 03/21/17 13:00:43
LogInit:Display: Running engine for game: DestinyRedux
LogPlatformFile: Not using cached read wrapper
LogInit:Display: RandInit(-198494015) SRandInit(-198494015).
LogTaskGraph: Started task graph with 5 named threads and 8 total threads with 1 sets of task threads.
LogStats: Stats thread started at 0.093838
LogInit: Using libcurl 7.47.1
LogInit:  - built for x86_64-pc-win32
LogInit:  - supports SSL with OpenSSL/1.0.2g
LogInit:  - supports HTTP deflate (compression) using libz 1.2.8
LogInit:  - other features:
LogInit:      CURL_VERSION_SSL
LogInit:      CURL_VERSION_LIBZ
LogInit:      CURL_VERSION_IPV6
LogInit:      CURL_VERSION_ASYNCHDNS
LogInit:      CURL_VERSION_LARGEFILE
LogInit:      CURL_VERSION_IDN
LogInit:  CurlRequestOptions (configurable via config and command line):
LogInit:  - bVerifyPeer = false  - Libcurl will NOT verify peer certificate
LogInit:  - bUseHttpProxy = false  - Libcurl will NOT use HTTP proxy
LogInit:  - bDontReuseConnections = false  - Libcurl will reuse connections
LogInit:  - CertBundlePath = nullptr  - Libcurl will use whatever was configured at build time.
LogInit: WinSock: version 1.1 (2.2), MaxSocks=32767, MaxUdp=65467
LogInit: Build: ++UE4+Release-4.15-CL-3348071
LogInit: Engine Version: 4.15.1-3348071+++UE4+Release-4.15
LogInit: Compatible Engine Version: 4.15.0-3299760+++UE4+Release-4.15
LogInit: Net CL: 3299760
LogDevObjectVersion: Number of dev versions registered: 14
LogDevObjectVersion:   Dev-Blueprints (B0D832E4-1F89-4F0D-ACCF-7EB736FD4AA2): 8
LogDevObjectVersion:   Dev-Build (E1C64328-A22C-4D53-A36C-8E866417BD8C): 0
LogDevObjectVersion:   Dev-Core (375EC13C-06E4-48FB-B500-84F0262A717E): 2
LogDevObjectVersion:   Dev-Editor (E4B068ED-F494-42E9-A231-DA0B2E46BB41): 14
LogDevObjectVersion:   Dev-Framework (CFFC743F-43B0-4480-9391-14DF171D2073): 22
LogDevObjectVersion:   Dev-Mobile (B02B49B5-BB20-44E9-A304-32B752E40360): 0
LogDevObjectVersion:   Dev-Networking (A4E4105C-59A1-49B5-A7C5-40C4547EDFEE): 0
LogDevObjectVersion:   Dev-Online (39C831C9-5AE6-47DC-9A44-9C173E1C8E7C): 0
LogDevObjectVersion:   Dev-Physics (78F01B33-EBEA-4F98-B9B4-84EACCB95AA2): 0
LogDevObjectVersion:   Dev-Platform (6631380F-2D4D-43E0-8009-CF276956A95A): 0
LogDevObjectVersion:   Dev-Rendering (12F88B9F-8875-4AFC-A67C-D90C383ABD29): 12
LogDevObjectVersion:   Dev-Sequencer (7B5AE74C-D270-4C10-A958-57980B212A5A): 3
LogDevObjectVersion:   Dev-VR (D7296918-1DD6-4BDD-9DE2-64A83CC13884): 0
LogDevObjectVersion:   Dev-LoadTimes (C2A15278-BFE7-4AFE-6C17-90FF531DF755): 1
LogInit: Compiled (64-bit): Mar 15 2017 16:52:47
LogInit: Compiled with Visual C++: 19.00.23026.00
LogInit: Build Configuration: Development
LogInit: Branch Name: ++UE4+Release-4.15
LogInit: Command line:  
LogInit: Base directory: C:/Program Files/Epic Games/UE_4.15/Engine/Binaries/Win64/
LogInit: Installed Engine Build: 1
LogInit: Presizing for max 8388607 objects, including 0 objects not considered by GC, pre-allocating 0 bytes for permanent pool.
LogInit: Object subsystem initialized
[2017.03.21-20.00.44:406][  0]LogInit: Selected Device Profile: [Windows]
[2017.03.21-20.00.44:406][  0]LogInit: Applying CVar settings loaded from the selected device profile: [Windows]
[2017.03.21-20.00.44:426][  0]LogInit: Computer: CLU
[2017.03.21-20.00.44:426][  0]LogInit: User: Steven4K
[2017.03.21-20.00.44:426][  0]LogInit: CPU Page size=65536, Cores=4
[2017.03.21-20.00.44:426][  0]LogInit: High frequency timer resolution =3.914069 MHz
[2017.03.21-20.00.44:426][  0]LogMemory: Memory total: Physical=16.0GB (16GB approx)
[2017.03.21-20.00.44:426][  0]LogMemory: Platform Memory Stats for Windows
[2017.03.21-20.00.44:426][  0]LogMemory: Process Physical Memory: 265.13 MB used, 265.13 MB peak
[2017.03.21-20.00.44:426][  0]LogMemory: Process Virtual Memory: 262.79 MB used, 262.79 MB peak
[2017.03.21-20.00.44:426][  0]LogMemory: Physical Memory: 5690.08 MB used,  10643.03 MB free, 16333.11 MB total
[2017.03.21-20.00.44:426][  0]LogMemory: Virtual Memory: 646.93 MB used,  10643.03 MB free, 134217728.00 MB total
[2017.03.21-20.00.44:644][  0]LogTextLocalizationManager: No specific translations for ('en-US') exist, so ('en') translations will be used.
[2017.03.21-20.00.46:352][  0]LogD3D11RHI: D3D11 adapters:
[2017.03.21-20.00.46:422][  0]LogD3D11RHI:    0. 'NVIDIA GeForce GTX 1080' (Feature Level 11_0)
[2017.03.21-20.00.46:422][  0]LogD3D11RHI:       8110/0/8166 MB DedicatedVideo/DedicatedSystem/SharedSystem, Outputs:2, VendorId:0x10de
[2017.03.21-20.00.46:423][  0]LogD3D11RHI:    1. 'Microsoft Basic Render Driver' (Feature Level 11_0)
[2017.03.21-20.00.46:423][  0]LogD3D11RHI:       0/0/8166 MB DedicatedVideo/DedicatedSystem/SharedSystem, Outputs:0, VendorId:0x1414
[2017.03.21-20.00.46:423][  0]LogD3D11RHI: Chosen D3D11 Adapter: 0
[2017.03.21-20.00.46:426][  0]LogD3D11RHI: Creating new Direct3DDevice
[2017.03.21-20.00.46:426][  0]LogD3D11RHI:     GPU DeviceId: 0x1b80 (for the marketing name, search the web for "GPU Device Id")
[2017.03.21-20.00.46:426][  0]LogWindows: EnumDisplayDevices:
[2017.03.21-20.00.46:426][  0]LogWindows:    0. 'NVIDIA GeForce GTX 1080' (P:1 D:1)
[2017.03.21-20.00.46:426][  0]LogWindows:    1. 'NVIDIA GeForce GTX 1080' (P:0 D:1)
[2017.03.21-20.00.46:427][  0]LogWindows:    2. 'NVIDIA GeForce GTX 1080' (P:0 D:0)
[2017.03.21-20.00.46:427][  0]LogWindows:    3. 'NVIDIA GeForce GTX 1080' (P:0 D:0)
[2017.03.21-20.00.46:427][  0]LogWindows: DebugString: FoundDriverCount:4 
[2017.03.21-20.00.46:427][  0]LogD3D11RHI:     Adapter Name: NVIDIA GeForce GTX 1080
[2017.03.21-20.00.46:427][  0]LogD3D11RHI:   Driver Version: 378.92 (internal:21.21.13.7892, unified:378.92)
[2017.03.21-20.00.46:427][  0]LogD3D11RHI:      Driver Date: 3-16-2017
[2017.03.21-20.00.46:427][  0]LogRHI: Texture pool is 1361 MB (70% of 1945 MB)
[2017.03.21-20.00.46:439][  0]LogD3D11RHI: Async texture creation enabled
[2017.03.21-20.00.46:448][  0]LogD3D11RHI: GPU Timing Frequency: 1000.000000 (Debug: 2 1)
[2017.03.21-20.00.46:543][  0]LogShaderCompilers: Guid format shader working directory is -14 characters bigger than the processId version (../../../../../../Users/Steven4K/Desktop/ReDestiny/DestinyRedux/Intermediate/Shaders/WorkingDirectory/4360/).
[2017.03.21-20.00.46:544][  0]LogShaderCompilers: Cleaned the shader compiler working directory 'C:/Users/Steven4K/AppData/Local/Temp/UnrealShaderWorkingDir/C8D65D494D53DA46C09F70B6836EF681/'.
[2017.03.21-20.00.46:544][  0]LogShaderCompilers:Display: Using Local Shader Compiler.
[2017.03.21-20.00.48:283][  0]LogTemp:Display: Loaded TP AllDesktopTargetPlatform
[2017.03.21-20.00.48:326][  0]LogTemp:Display: Loaded TP MacClientTargetPlatform
[2017.03.21-20.00.48:369][  0]LogTemp:Display: Loaded TP MacNoEditorTargetPlatform
[2017.03.21-20.00.48:414][  0]LogTemp:Display: Loaded TP MacServerTargetPlatform
[2017.03.21-20.00.48:459][  0]LogTemp:Display: Loaded TP MacTargetPlatform
[2017.03.21-20.00.48:505][  0]LogTemp:Display: Loaded TP WindowsClientTargetPlatform
[2017.03.21-20.00.48:550][  0]LogTemp:Display: Loaded TP WindowsNoEditorTargetPlatform
[2017.03.21-20.00.48:598][  0]LogTemp:Display: Loaded TP WindowsServerTargetPlatform
[2017.03.21-20.00.48:635][  0]LogTemp:Display: Loaded TP WindowsTargetPlatform
[2017.03.21-20.00.48:678][  0]LogTemp:Display: Loaded TP AndroidTargetPlatform
[2017.03.21-20.00.48:722][  0]LogTemp:Display: Loaded TP Android_ASTCTargetPlatform
[2017.03.21-20.00.48:767][  0]LogTemp:Display: Loaded TP Android_ATCTargetPlatform
[2017.03.21-20.00.48:808][  0]LogTemp:Display: Loaded TP Android_DXTTargetPlatform
[2017.03.21-20.00.48:852][  0]LogTemp:Display: Loaded TP Android_ETC1TargetPlatform
[2017.03.21-20.00.48:897][  0]LogTemp:Display: Loaded TP Android_ETC2TargetPlatform
[2017.03.21-20.00.48:981][  0]LogTemp:Display: Loaded TP Android_MultiTargetPlatform
[2017.03.21-20.00.48:981][  0]LogTemp:Display: Loaded TP Android_PVRTCTargetPlatform
[2017.03.21-20.00.49:015][  0]LogTemp:Display: Loaded TP HTML5TargetPlatform
[2017.03.21-20.00.49:113][  0]LogTemp:Display: Loaded TP IOSTargetPlatform
[2017.03.21-20.00.49:142][  0]LogTemp:Display: Loaded TP TVOSTargetPlatform
[2017.03.21-20.00.49:183][  0]LogTemp:Display: Loaded TP LinuxClientTargetPlatform
[2017.03.21-20.00.49:226][  0]LogTemp:Display: Loaded TP LinuxNoEditorTargetPlatform
[2017.03.21-20.00.49:276][  0]LogTemp:Display: Loaded TP LinuxServerTargetPlatform
[2017.03.21-20.00.49:319][  0]LogTemp:Display: Loaded TP LinuxTargetPlatform
[2017.03.21-20.00.49:319][  0]LogTargetPlatformManager:Display: Building Assets For Windows
[2017.03.21-20.00.49:846][  0]LogDerivedDataCache:Display: Max Cache Size: 512 MB
[2017.03.21-20.00.49:894][  0]LogDerivedDataCache: Loaded boot cache 0.05s 52MB C:/Users/Steven4K/AppData/Local/UnrealEngine/4.15/DerivedDataCache/Boot.ddc.
[2017.03.21-20.00.49:894][  0]LogDerivedDataCache:Display: Loaded Boot cache: C:/Users/Steven4K/AppData/Local/UnrealEngine/4.15/DerivedDataCache/Boot.ddc
[2017.03.21-20.00.49:895][  0]LogDerivedDataCache: FDerivedDataBackendGraph:  Pak pak cache file ../../../../../../Users/Steven4K/Desktop/ReDestiny/DestinyRedux/DerivedDataCache/DDC.ddp not found, will not use a pak cache.
[2017.03.21-20.00.49:895][  0]LogDerivedDataCache: Unable to find inner node Pak for hierarchical cache Hierarchy.
[2017.03.21-20.00.49:895][  0]LogDerivedDataCache: FDerivedDataBackendGraph:  CompressedPak pak cache file ../../../../../../Users/Steven4K/Desktop/ReDestiny/DestinyRedux/DerivedDataCache/Compressed.ddp not found, will not use a pak cache.
[2017.03.21-20.00.49:895][  0]LogDerivedDataCache: Unable to find inner node CompressedPak for hierarchical cache Hierarchy.
[2017.03.21-20.00.49:915][  0]LogDerivedDataCache:Display: Pak cache opened for reading ../../../Engine/DerivedDataCache/Compressed.ddp.
[2017.03.21-20.00.49:927][  0]LogDerivedDataCache: Using Local data cache path C:/Users/Steven4K/AppData/Local/UnrealEngine/Common/DerivedDataCache: Writable
[2017.03.21-20.00.49:935][  0]LogSlate: Using Freetype 2.6.0
[2017.03.21-20.00.49:944][  0]LogSlate: SlateFontCache - WITH_FREETYPE: 1, WITH_HARFBUZZ: 1
[2017.03.21-20.00.49:944][  0]LogSlate: SlateFontCache - WITH_FREETYPE: 1, WITH_HARFBUZZ: 1
[2017.03.21-20.00.51:780][  0]LogInit: Selected Device Profile: [Windows]
[2017.03.21-20.00.51:782][  0]LogContentStreaming: Texture pool size is 0.00 MB
[2017.03.21-20.00.51:971][  0]LogMeshUtilities: Using QuadricMeshReduction for automatic static mesh reduction
[2017.03.21-20.00.52:005][  0]LogSimplygon: Simplygon DLL not present - disabling.
[2017.03.21-20.00.52:046][  0]LogMeshUtilities: Using SimplygonSwarm for distributed automatic mesh merging
[2017.03.21-20.00.52:046][  0]LogMeshUtilities: No automatic skeletal mesh reduction module available
[2017.03.21-20.00.52:046][  0]LogMeshUtilities: No automatic mesh merging module available
[2017.03.21-20.00.52:881][  0]LogNetVersion: GetLocalNetworkVersion: CL: 3299760, ProjectName: destinyredux, ProjectVersion: , EngineNetworkVersion: 2, GameNetworkVersion: 0, NetworkChecksum: 2158004914
[2017.03.21-20.00.52:924][  0]LogAssetRegistry: FAssetRegistry took 0.0212 seconds to start up
[2017.03.21-20.00.52:973][  0]LogPackageLocalizationCache: Processed 3 localized package path(s) for 2 prioritized culture(s) in 0.029028 seconds
[2017.03.21-20.00.52:977][  0]LogUObjectArray: 32493 objects as part of root set at end of initial load.
[2017.03.21-20.00.52:977][  0]LogUObjectAllocator: 7077024 out of 0 bytes used by permanent object pool.
[2017.03.21-20.00.52:977][  0]LogUObjectArray: CloseDisregardForGC: 0/0 objects in disregard for GC pool
[2017.03.21-20.00.55:102][  0]LogTcpMessaging: Initializing TcpMessaging bridge
[2017.03.21-20.00.55:138][  0]LogUdpMessaging: Initializing bridge on interface 0.0.0.0:0 to multicast group 230.0.0.1:6666.
[2017.03.21-20.00.55:577][  0]LogMaterial: Uniform references updated for custom material expression Custom.
[2017.03.21-20.00.55:948][  0]SourceControl: Info Source control is disabled
[2017.03.21-20.00.56:017][  0]SourceControl: Info Source control is disabled
[2017.03.21-20.00.56:054][  0]SourceControl: Info Source control is disabled
[2017.03.21-20.00.56:090][  0]SourceControl: Info Source control is disabled
[2017.03.21-20.00.57:313][  0]LogEngine: Initializing Engine...
[2017.03.21-20.00.57:838][  0]LogHMD: Failed to initialize OpenVR with code 108
[2017.03.21-20.00.58:169][  0]LogAIModule: Creating AISystem for world Untitled
[2017.03.21-20.00.58:186][  0]LogInit: XAudio2 using 'Speakers (High Definition Audio Device)' : 2 channels at 44.1 kHz using 16 bits per sample (channel mask 0x3)
[2017.03.21-20.00.58:198][  0]LogInit: FAudioDevice initialized.
[2017.03.21-20.00.58:231][  0]LogDerivedDataCache: Saved boot cache 0.03s 52MB C:/Users/Steven4K/AppData/Local/UnrealEngine/4.15/DerivedDataCache/Boot.ddc.
[2017.03.21-20.00.58:240][  0]LogInit: Texture streaming: Enabled
[2017.03.21-20.00.58:333][  0]LogEngineSessionManager: EngineSessionManager initialized
[2017.03.21-20.00.58:412][  0]LogInit: Transaction tracking system initialized
[2017.03.21-20.00.58:729][  0]BlueprintLog: New page: Editor Load
[2017.03.21-20.00.59:499][  0]LocalizationService: Info Localization service is disabled
[2017.03.21-20.01.00:106][  0]LogConsoleResponse:Display: 
[2017.03.21-20.01.00:337][  0]LogCook:Display: Max memory allowance for cook 16384mb min free memory 0mb
[2017.03.21-20.01.00:337][  0]LogCook:Display: Mobile HDR setting 1
[2017.03.21-20.01.01:201][  0]LogFileCache: Scanning file cache for directory 'C:/Users/Steven4K/Desktop/ReDestiny/DestinyRedux/Content/' took 0.02s
[2017.03.21-20.01.01:240][  0]SourceControl: Info Source control is disabled
[2017.03.21-20.01.01:240][  0]Cmd: MAP LOAD FILE="../../../../../../Users/Steven4K/Desktop/ReDestiny/DestinyRedux/Content/ReDestiny/Maps/Level_ShipModular.umap" TEMPLATE=0 SHOWPROGRESS=1 FEATURELEVEL=3
[2017.03.21-20.01.01:240][  0]LightingResults: New page: Lighting Build
[2017.03.21-20.01.01:272][  0]MapCheck: New page: Map Check
[2017.03.21-20.01.01:272][  0]LightingResults: New page: Lighting Build
[2017.03.21-20.01.01:626][  0]LogStats: UGameplayTagsManager::ConstructGameplayTagTree: Construct from data asset -  0.000 s
[2017.03.21-20.01.01:626][  0]LogStats: UGameplayTagsManager::ConstructGameplayTagTree: ImportINI -  0.000 s
[2017.03.21-20.01.01:626][  0]LogStats: UGameplayTagsManager::ConstructGameplayTagTree: GameplayTagTreeChangedEvent.Broadcast -  0.000 s
[2017.03.21-20.01.01:980][  0]LogLinker: Can't find file '/Game/ReDestiny/Textures/ButtonIcons/XboxOne/XboxMainButton'
[2017.03.21-20.01.01:981][  0]LogLinker: Can't find file '/Game/ReDestiny/Textures/ButtonIcons/XboxOne/XboxMainButton'
[2017.03.21-20.01.06:485][  0]LogAIModule: Creating AISystem for world Level_ShipModular
[2017.03.21-20.01.06:522][  0]LogEditorServer: Finished looking for orphan Actors (0.000 secs)
[2017.03.21-20.01.06:523][  0]Cmd: MAP CHECKDEP NOCLEARLOG
[2017.03.21-20.01.06:626][  0]MapCheck: Info Map check complete: 0 Error(s), 0 Warning(s), took 103.842ms to complete.
[2017.03.21-20.01.06:626][  0]LogFileHelpers: Loading map 'Level_ShipModular' took 5.387
[2017.03.21-20.01.06:856][  0]LogCollectionManager: Loaded 1 collections in 0.003967 seconds
[2017.03.21-20.01.06:931][  0]LogFileCache: Scanning file cache for directory 'C:/Users/Steven4K/Desktop/ReDestiny/DestinyRedux/Saved/Collections/' took 0.01s
[2017.03.21-20.01.06:931][  0]LogFileCache: Scanning file cache for directory 'C:/Users/Steven4K/Desktop/ReDestiny/DestinyRedux/Content/Developers/Steven4K/Collections/' took 0.01s
[2017.03.21-20.01.06:931][  0]LogFileCache: Scanning file cache for directory 'C:/Users/Steven4K/Desktop/ReDestiny/DestinyRedux/Content/Collections/' took 0.01s
[2017.03.21-20.01.06:931][  0]LogCollectionManager: Rebuilt the GUID cache for 1 collections in 0.000004 seconds
[2017.03.21-20.01.06:931][  0]LogCollectionManager: Rebuilt the hierarchy cache for 1 collections in 0.000000 seconds
[2017.03.21-20.01.06:938][  0]LogContentBrowser: Native class hierarchy populated in 0.0070 seconds. Added 2245 classes and 453 folders.
[2017.03.21-20.01.06:988][  0]LogContentBrowser: Native class hierarchy updated for 'WidgetCarousel' in 0.0004 seconds. Added 0 classes and 0 folders.
[2017.03.21-20.01.07:199][  0]LogContentBrowser: Native class hierarchy updated for 'AddContentDialog' in 0.0004 seconds. Added 0 classes and 0 folders.
[2017.03.21-20.01.07:234][  0]LogContentBrowser: Native class hierarchy updated for 'SceneOutliner' in 0.0004 seconds. Added 1 classes and 2 folders.
[2017.03.21-20.01.07:274][  0]LogCrashTracker: Crashtracker disabled due to settings.
[2017.03.21-20.01.07:279][  0]LogUObjectGlobals:Warning: Failed to find object 'Class None.'
[2017.03.21-20.01.07:338][  0]LogContentBrowser: Native class hierarchy updated for 'HierarchicalLODOutliner' in 0.0004 seconds. Added 1 classes and 2 folders.
[2017.03.21-20.01.07:338][  0]LogLoad: (Engine Initialization) Total time: 25.74 seconds
[2017.03.21-20.01.07:338][  0]LogLoad: (Engine Initialization) Total Blueprint compile time: 1.21 seconds
[2017.03.21-20.01.07:338][  0]LogExternalProfiler: Found external profiler: VSPerf
[2017.03.21-20.01.07:338][  0]LogExternalProfiler: Using external profiler: VSPerf
[2017.03.21-20.01.07:677][  0]LogOcInput: OculusInput pre-init called
[2017.03.21-20.01.07:697][  0]LogContentStreaming: Texture pool size now 1000 MB
[2017.03.21-20.01.07:700][  0]LogSlate: Took 0.002904 seconds to synchronously load lazily loaded font '../../../Engine/Content/Slate/Fonts/Roboto-Regular.ttf' (155K)
[2017.03.21-20.01.07:706][  0]LogSlate: Took 0.002566 seconds to synchronously load lazily loaded font '../../../Engine/Content/Slate/Fonts/Roboto-Bold.ttf' (160K)
[2017.03.21-20.01.07:713][  0]LogSlate: Took 0.002941 seconds to synchronously load lazily loaded font '../../../Engine/Content/Editor/Slate/Fonts/FontAwesome.ttf' (139K)
[2017.03.21-20.01.07:845][  0]LogSlate: Took 0.002419 seconds to synchronously load lazily loaded font '../../../Engine/Content/Slate/Fonts/Roboto-Light.ttf' (159K)
[2017.03.21-20.01.07:876][  1]LogRenderer: Reallocating scene render targets to support 576x408 NumSamples 1 (Frame:2).
[2017.03.21-20.01.08:022][  1]LogAssetRegistry: Asset discovery search completed in 15.1199 seconds
[2017.03.21-20.01.08:022][  1]LogCollectionManager: Rebuilt the object cache for 1 collections in 0.000005 seconds (found 0 objects)
[2017.03.21-20.01.08:022][  1]LogCollectionManager: Fixed up redirectors for 1 collections in 0.000016 seconds (updated 0 objects)
[2017.03.21-20.01.08:680][  3]LogSlate: Took 0.000215 seconds to synchronously load lazily loaded font '../../../Engine/Content/Slate/Fonts/Roboto-Light.ttf' (159K)
[2017.03.21-20.02.52:773][525]LogRenderer: Reallocating scene render targets to support 576x420 NumSamples 1 (Frame:184).
[2017.03.21-20.02.52:946][525]LogRenderer: Reallocating scene render targets to support 576x576 NumSamples 1 (Frame:186).
[2017.03.21-20.02.54:411][680]LogRenderer: Reallocating scene render targets to support 588x576 NumSamples 1 (Frame:343).
[2017.03.21-20.02.54:469][680]LogRenderer: Reallocating scene render targets to support 656x576 NumSamples 1 (Frame:344).
[2017.03.21-20.02.54:527][680]LogRenderer: Reallocating scene render targets to support 752x576 NumSamples 1 (Frame:345).
[2017.03.21-20.02.54:578][680]LogRenderer: Reallocating scene render targets to support 788x576 NumSamples 1 (Frame:346).
[2017.03.21-20.02.54:631][680]LogRenderer: Reallocating scene render targets to support 796x576 NumSamples 1 (Frame:347).
[2017.03.21-20.02.54:676][680]LogRenderer: Reallocating scene render targets to support 804x576 NumSamples 1 (Frame:348).
[2017.03.21-20.02.54:735][680]LogRenderer: Reallocating scene render targets to support 812x576 NumSamples 1 (Frame:349).
[2017.03.21-20.02.54:782][680]LogRenderer: Reallocating scene render targets to support 816x576 NumSamples 1 (Frame:350).
[2017.03.21-20.02.54:835][680]LogRenderer: Reallocating scene render targets to support 820x576 NumSamples 1 (Frame:351).
[2017.03.21-20.02.54:887][680]LogRenderer: Reallocating scene render targets to support 832x576 NumSamples 1 (Frame:352).
[2017.03.21-20.02.54:940][680]LogRenderer: Reallocating scene render targets to support 852x576 NumSamples 1 (Frame:353).
[2017.03.21-20.02.54:988][680]LogRenderer: Reallocating scene render targets to support 876x576 NumSamples 1 (Frame:354).
[2017.03.21-20.02.55:038][680]LogRenderer: Reallocating scene render targets to support 892x576 NumSamples 1 (Frame:355).
[2017.03.21-20.02.55:090][680]LogRenderer: Reallocating scene render targets to support 896x576 NumSamples 1 (Frame:356).
[2017.03.21-20.02.56:330][797]LogTemp: Repeting last play command: New Editor Window (PIE)
[2017.03.21-20.02.56:341][797]LogPlayLevel: PlayLevel: No blueprints needed recompiling
[2017.03.21-20.02.56:341][797]LogOnline:Display: OSS: FOnlineSubsystemNull::Shutdown()
[2017.03.21-20.02.56:352][797]PIE: New page: PIE session: Level_ShipModular (Mar 21, 2017, 6:02:56 AM)
[2017.03.21-20.02.56:352][797]LogPlayLevel: Creating play world package: /Game/ReDestiny/Maps/UEDPIE_0_Level_ShipModular
[2017.03.21-20.02.56:358][797]LogPlayLevel: PIE: StaticDuplicateObject took: (0.006397s)
[2017.03.21-20.02.56:359][797]LogAIModule: Creating AISystem for world Level_ShipModular
[2017.03.21-20.02.56:359][797]LogPlayLevel: PIE: World Init took: (0.000853s)
[2017.03.21-20.02.56:360][797]LogPlayLevel: PIE: Created PIE world by copying editor world from /Game/ReDestiny/Maps/Level_ShipModular.Level_ShipModular to /Game/ReDestiny/Maps/UEDPIE_0_Level_ShipModular.Level_ShipModular (0.007548s)
[2017.03.21-20.02.56:425][797]LogInit: XAudio2 using 'Speakers (High Definition Audio Device)' : 2 channels at 44.1 kHz using 16 bits per sample (channel mask 0x3)
[2017.03.21-20.02.56:433][797]LogInit: FAudioDevice initialized.
[2017.03.21-20.02.56:464][797]LogStats:Warning: MetaData mismatch. Did you assign a stat to two groups? New //STATGROUP_Threads//OnlineAsyncTaskThreadNull DefaultInstance///Thread_1bdc_0///####STATCAT_Advanced#### old //STATGROUP_Threads//OnlineAsyncTaskThreadNull DefaultInstance///Thread_1550_0///####STATCAT_Advanced####
[2017.03.21-20.02.56:535][797]LogLoad: Game class is 'FirstPersonGameMode_C'
[2017.03.21-20.02.56:540][797]LogWorld: Bringing World /Game/ReDestiny/Maps/UEDPIE_0_Level_ShipModular.Level_ShipModular up for play (max tick rate 0) at 2017.03.21-13.02.56
[2017.03.21-20.02.56:540][797]LogWorld: Bringing up level for play took: 0.004340
[2017.03.21-20.02.56:603][797]LogContentBrowser: Native class hierarchy updated for 'MovieSceneCapture' in 0.0004 seconds. Added 11 classes and 0 folders.
[2017.03.21-20.02.56:673][797]LogScriptCore:Warning: Script Msg: Attempted to access index 3 from array ItemsForSale of length 3!
[2017.03.21-20.02.56:673][797]LogScriptCore:Warning: Script Msg: Attempted to access index 3 from array ItemsForSale of length 3!
[2017.03.21-20.02.56:673][797]LogScriptCore:Warning: Script Msg: Attempted to access index 4 from array ItemsForSale of length 3!
[2017.03.21-20.02.56:673][797]LogScriptCore:Warning: Script Msg: Attempted to access index 4 from array ItemsForSale of length 3!
[2017.03.21-20.02.56:673][797]LogScriptCore:Warning: Script Msg: Attempted to access index 5 from array ItemsForSale of length 3!
[2017.03.21-20.02.56:673][797]LogScriptCore:Warning: Script Msg: Attempted to access index 5 from array ItemsForSale of length 3!
[2017.03.21-20.02.56:694][797]LogScriptCore:Warning: Script Msg: Attempted to access index 1 from array ItemsForSale of length 1!
[2017.03.21-20.02.56:694][797]LogScriptCore:Warning: Script Msg: Attempted to access index 1 from array ItemsForSale of length 1!
[2017.03.21-20.02.56:694][797]LogScriptCore:Warning: Script Msg: Attempted to access index 2 from array ItemsForSale of length 1!
[2017.03.21-20.02.56:694][797]LogScriptCore:Warning: Script Msg: Attempted to access index 2 from array ItemsForSale of length 1!
[2017.03.21-20.02.56:694][797]LogScriptCore:Warning: Script Msg: Attempted to access index 3 from array ItemsForSale of length 1!
[2017.03.21-20.02.56:694][797]LogScriptCore:Warning: Script Msg: Attempted to access index 3 from array ItemsForSale of length 1!
[2017.03.21-20.02.56:694][797]LogScriptCore:Warning: Script Msg: Attempted to access index 4 from array ItemsForSale of length 1!
[2017.03.21-20.02.56:694][797]LogScriptCore:Warning: Script Msg: Attempted to access index 4 from array ItemsForSale of length 1!
[2017.03.21-20.02.56:694][797]LogScriptCore:Warning: Script Msg: Attempted to access index 5 from array ItemsForSale of length 1!
[2017.03.21-20.02.56:694][797]LogScriptCore:Warning: Script Msg: Attempted to access index 5 from array ItemsForSale of length 1!
[2017.03.21-20.02.56:719][797]LogScriptCore:Warning: Script Msg: Attempted to access index 2 from array ItemsForSale of length 2!
[2017.03.21-20.02.56:719][797]LogScriptCore:Warning: Script Msg: Attempted to access index 2 from array ItemsForSale of length 2!
[2017.03.21-20.02.56:719][797]LogScriptCore:Warning: Script Msg: Attempted to access index 3 from array ItemsForSale of length 2!
[2017.03.21-20.02.56:719][797]LogScriptCore:Warning: Script Msg: Attempted to access index 3 from array ItemsForSale of length 2!
[2017.03.21-20.02.56:719][797]LogScriptCore:Warning: Script Msg: Attempted to access index 4 from array ItemsForSale of length 2!
[2017.03.21-20.02.56:719][797]LogScriptCore:Warning: Script Msg: Attempted to access index 4 from array ItemsForSale of length 2!
[2017.03.21-20.02.56:719][797]LogScriptCore:Warning: Script Msg: Attempted to access index 5 from array ItemsForSale of length 2!
[2017.03.21-20.02.56:719][797]LogScriptCore:Warning: Script Msg: Attempted to access index 5 from array ItemsForSale of length 2!
[2017.03.21-20.02.56:720][797]LogScriptCore:Warning: Script Msg: Attempted to access index 3 from array ItemsForSale of length 3!
[2017.03.21-20.02.56:720][797]LogScriptCore:Warning: Script Msg: Attempted to access index 3 from array ItemsForSale of length 3!
[2017.03.21-20.02.56:720][797]LogScriptCore:Warning: Script Msg: Attempted to access index 4 from array ItemsForSale of length 3!
[2017.03.21-20.02.56:720][797]LogScriptCore:Warning: Script Msg: Attempted to access index 4 from array ItemsForSale of length 3!
[2017.03.21-20.02.56:720][797]LogScriptCore:Warning: Script Msg: Attempted to access index 5 from array ItemsForSale of length 3!
[2017.03.21-20.02.56:720][797]LogScriptCore:Warning: Script Msg: Attempted to access index 5 from array ItemsForSale of length 3!
[2017.03.21-20.02.56:720][797]LogScriptCore:Warning: Script Msg: Attempted to access index 1 from array ItemsForSale of length 1!
[2017.03.21-20.02.56:720][797]LogScriptCore:Warning: Script Msg: Attempted to access index 1 from array ItemsForSale of length 1!
[2017.03.21-20.02.56:720][797]LogScriptCore:Warning: Script Msg: Attempted to access index 2 from array ItemsForSale of length 1!
[2017.03.21-20.02.56:720][797]LogScriptCore:Warning: Script Msg: Attempted to access index 2 from array ItemsForSale of length 1!
[2017.03.21-20.02.56:721][797]LogScriptCore:Warning: Script Msg: Attempted to access index 3 from array ItemsForSale of length 1!
[2017.03.21-20.02.56:721][797]LogScriptCore:Warning: Script Msg: Attempted to access index 3 from array ItemsForSale of length 1!
[2017.03.21-20.02.56:721][797]LogScriptCore:Warning: Script Msg: Attempted to access index 4 from array ItemsForSale of length 1!
[2017.03.21-20.02.56:721][797]LogScriptCore:Warning: Script Msg: Attempted to access index 4 from array ItemsForSale of length 1!
[2017.03.21-20.02.56:721][797]LogScriptCore:Warning: Script Msg: Attempted to access index 5 from array ItemsForSale of length 1!
[2017.03.21-20.02.56:721][797]LogScriptCore:Warning: Script Msg: Attempted to access index 5 from array ItemsForSale of length 1!
[2017.03.21-20.02.56:721][797]LogScriptCore:Warning: Script Msg: Attempted to access index 2 from array ItemsForSale of length 2!
[2017.03.21-20.02.56:721][797]LogScriptCore:Warning: Script Msg: Attempted to access index 2 from array ItemsForSale of length 2!
[2017.03.21-20.02.56:721][797]LogScriptCore:Warning: Script Msg: Attempted to access index 3 from array ItemsForSale of length 2!
[2017.03.21-20.02.56:721][797]LogScriptCore:Warning: Script Msg: Attempted to access index 3 from array ItemsForSale of length 2!
[2017.03.21-20.02.56:721][797]LogScriptCore:Warning: Script Msg: Attempted to access index 4 from array ItemsForSale of length 2!
[2017.03.21-20.02.56:721][797]LogScriptCore:Warning: Script Msg: Attempted to access index 4 from array ItemsForSale of length 2!
[2017.03.21-20.02.56:721][797]LogScriptCore:Warning: Script Msg: Attempted to access index 5 from array ItemsForSale of length 2!
[2017.03.21-20.02.56:721][797]LogScriptCore:Warning: Script Msg: Attempted to access index 5 from array ItemsForSale of length 2!
[2017.03.21-20.02.56:827][797]PIE: Info Play in editor start time for /Game/ReDestiny/Maps/UEDPIE_0_Level_ShipModular 1.263
[2017.03.21-20.02.56:864][797]LogRenderer: Reallocating scene render targets to support 1612x936 NumSamples 1 (Frame:466).
