Log file open, 04/01/17 16:30:33
LogInit:Display: Running engine for game: DestinyRedux
LogPlatformFile: Not using cached read wrapper
LogInit:Display: RandInit(-1879106168) SRandInit(-1879106168).
LogTaskGraph: Started task graph with 5 named threads and 8 total threads with 1 sets of task threads.
LogStats: Stats thread started at 0.073941
LogInit: Using libcurl 7.47.1
LogInit:  - built for x86_64-pc-win32
LogInit:  - supports SSL with OpenSSL/1.0.2g
LogInit:  - supports HTTP deflate (compression) using libz 1.2.8
LogInit:  - other features:
LogInit:      CURL_VERSION_SSL
LogInit:      CURL_VERSION_LIBZ
LogInit:      CURL_VERSION_IPV6
LogInit:      CURL_VERSION_ASYNCHDNS
LogInit:      CURL_VERSION_LARGEFILE
LogInit:      CURL_VERSION_IDN
LogInit:  CurlRequestOptions (configurable via config and command line):
LogInit:  - bVerifyPeer = false  - Libcurl will NOT verify peer certificate
LogInit:  - bUseHttpProxy = false  - Libcurl will NOT use HTTP proxy
LogInit:  - bDontReuseConnections = false  - Libcurl will reuse connections
LogInit:  - CertBundlePath = nullptr  - Libcurl will use whatever was configured at build time.
LogInit: WinSock: version 1.1 (2.2), MaxSocks=32767, MaxUdp=65467
LogInit: Build: ++UE4+Release-4.15-CL-3348071
LogInit: Engine Version: 4.15.1-3348071+++UE4+Release-4.15
LogInit: Compatible Engine Version: 4.15.0-3299760+++UE4+Release-4.15
LogInit: Net CL: 3299760
LogDevObjectVersion: Number of dev versions registered: 14
LogDevObjectVersion:   Dev-Blueprints (B0D832E4-1F89-4F0D-ACCF-7EB736FD4AA2): 8
LogDevObjectVersion:   Dev-Build (E1C64328-A22C-4D53-A36C-8E866417BD8C): 0
LogDevObjectVersion:   Dev-Core (375EC13C-06E4-48FB-B500-84F0262A717E): 2
LogDevObjectVersion:   Dev-Editor (E4B068ED-F494-42E9-A231-DA0B2E46BB41): 14
LogDevObjectVersion:   Dev-Framework (CFFC743F-43B0-4480-9391-14DF171D2073): 22
LogDevObjectVersion:   Dev-Mobile (B02B49B5-BB20-44E9-A304-32B752E40360): 0
LogDevObjectVersion:   Dev-Networking (A4E4105C-59A1-49B5-A7C5-40C4547EDFEE): 0
LogDevObjectVersion:   Dev-Online (39C831C9-5AE6-47DC-9A44-9C173E1C8E7C): 0
LogDevObjectVersion:   Dev-Physics (78F01B33-EBEA-4F98-B9B4-84EACCB95AA2): 0
LogDevObjectVersion:   Dev-Platform (6631380F-2D4D-43E0-8009-CF276956A95A): 0
LogDevObjectVersion:   Dev-Rendering (12F88B9F-8875-4AFC-A67C-D90C383ABD29): 12
LogDevObjectVersion:   Dev-Sequencer (7B5AE74C-D270-4C10-A958-57980B212A5A): 3
LogDevObjectVersion:   Dev-VR (D7296918-1DD6-4BDD-9DE2-64A83CC13884): 0
LogDevObjectVersion:   Dev-LoadTimes (C2A15278-BFE7-4AFE-6C17-90FF531DF755): 1
LogInit: Compiled (64-bit): Mar 15 2017 16:52:47
LogInit: Compiled with Visual C++: 19.00.23026.00
LogInit: Build Configuration: Development
LogInit: Branch Name: ++UE4+Release-4.15
LogInit: Command line: -EpicPortal 
LogInit: Base directory: C:/Program Files/Epic Games/UE_4.15/Engine/Binaries/Win64/
LogInit: Installed Engine Build: 1
LogInit: Presizing for max 8388607 objects, including 0 objects not considered by GC, pre-allocating 0 bytes for permanent pool.
LogInit: Object subsystem initialized
[2017.04.01-23.30.34:484][  0]LogInit: Selected Device Profile: [Windows]
[2017.04.01-23.30.34:484][  0]LogInit: Applying CVar settings loaded from the selected device profile: [Windows]
[2017.04.01-23.30.34:492][  0]LogInit: Computer: CLU
[2017.04.01-23.30.34:492][  0]LogInit: User: Steven4K
[2017.04.01-23.30.34:492][  0]LogInit: CPU Page size=65536, Cores=4
[2017.04.01-23.30.34:492][  0]LogInit: High frequency timer resolution =3.914069 MHz
[2017.04.01-23.30.34:492][  0]LogMemory: Memory total: Physical=16.0GB (16GB approx)
[2017.04.01-23.30.34:492][  0]LogMemory: Platform Memory Stats for Windows
[2017.04.01-23.30.34:492][  0]LogMemory: Process Physical Memory: 264.46 MB used, 264.46 MB peak
[2017.04.01-23.30.34:492][  0]LogMemory: Process Virtual Memory: 262.92 MB used, 262.92 MB peak
[2017.04.01-23.30.34:492][  0]LogMemory: Physical Memory: 4783.29 MB used,  11549.83 MB free, 16333.11 MB total
[2017.04.01-23.30.34:492][  0]LogMemory: Virtual Memory: 646.95 MB used,  11549.83 MB free, 134217728.00 MB total
[2017.04.01-23.30.34:553][  0]LogTextLocalizationManager: No specific translations for ('en-US') exist, so ('en') translations will be used.
[2017.04.01-23.30.35:009][  0]LogD3D11RHI: D3D11 adapters:
[2017.04.01-23.30.35:039][  0]LogD3D11RHI:    0. 'NVIDIA GeForce GTX 1080' (Feature Level 11_0)
[2017.04.01-23.30.35:039][  0]LogD3D11RHI:       8110/0/8166 MB DedicatedVideo/DedicatedSystem/SharedSystem, Outputs:1, VendorId:0x10de
[2017.04.01-23.30.35:040][  0]LogD3D11RHI:    1. 'Microsoft Basic Render Driver' (Feature Level 11_0)
[2017.04.01-23.30.35:040][  0]LogD3D11RHI:       0/0/8166 MB DedicatedVideo/DedicatedSystem/SharedSystem, Outputs:0, VendorId:0x1414
[2017.04.01-23.30.35:040][  0]LogD3D11RHI: Chosen D3D11 Adapter: 0
[2017.04.01-23.30.35:044][  0]LogD3D11RHI: Creating new Direct3DDevice
[2017.04.01-23.30.35:044][  0]LogD3D11RHI:     GPU DeviceId: 0x1b80 (for the marketing name, search the web for "GPU Device Id")
[2017.04.01-23.30.35:044][  0]LogWindows: EnumDisplayDevices:
[2017.04.01-23.30.35:044][  0]LogWindows:    0. 'NVIDIA GeForce GTX 1080' (P:1 D:1)
[2017.04.01-23.30.35:044][  0]LogWindows:    1. 'NVIDIA GeForce GTX 1080' (P:0 D:0)
[2017.04.01-23.30.35:044][  0]LogWindows:    2. 'NVIDIA GeForce GTX 1080' (P:0 D:0)
[2017.04.01-23.30.35:044][  0]LogWindows:    3. 'NVIDIA GeForce GTX 1080' (P:0 D:0)
[2017.04.01-23.30.35:044][  0]LogWindows: DebugString: FoundDriverCount:4 
[2017.04.01-23.30.35:044][  0]LogD3D11RHI:     Adapter Name: NVIDIA GeForce GTX 1080
[2017.04.01-23.30.35:044][  0]LogD3D11RHI:   Driver Version: 378.92 (internal:21.21.13.7892, unified:378.92)
[2017.04.01-23.30.35:044][  0]LogD3D11RHI:      Driver Date: 3-16-2017
[2017.04.01-23.30.35:044][  0]LogRHI: Texture pool is 1361 MB (70% of 1945 MB)
[2017.04.01-23.30.35:057][  0]LogD3D11RHI: Async texture creation enabled
[2017.04.01-23.30.35:069][  0]LogD3D11RHI: GPU Timing Frequency: 1000.000000 (Debug: 2 1)
[2017.04.01-23.30.35:117][  0]LogShaderCompilers: Guid format shader working directory is -14 characters bigger than the processId version (../../../../../../Users/Steven4K/Desktop/ReDestiny/DestinyRedux/Intermediate/Shaders/WorkingDirectory/8236/).
[2017.04.01-23.30.35:117][  0]LogShaderCompilers: Cleaned the shader compiler working directory 'C:/Users/Steven4K/AppData/Local/Temp/UnrealShaderWorkingDir/17238E8841AE976B4CB9F295239CFF41/'.
[2017.04.01-23.30.35:117][  0]LogShaderCompilers:Display: Using Local Shader Compiler.
[2017.04.01-23.30.35:894][  0]LogTemp:Display: Loaded TP AllDesktopTargetPlatform
[2017.04.01-23.30.35:936][  0]LogTemp:Display: Loaded TP MacClientTargetPlatform
[2017.04.01-23.30.35:978][  0]LogTemp:Display: Loaded TP MacNoEditorTargetPlatform
[2017.04.01-23.30.36:020][  0]LogTemp:Display: Loaded TP MacServerTargetPlatform
[2017.04.01-23.30.36:062][  0]LogTemp:Display: Loaded TP MacTargetPlatform
[2017.04.01-23.30.36:104][  0]LogTemp:Display: Loaded TP WindowsClientTargetPlatform
[2017.04.01-23.30.36:147][  0]LogTemp:Display: Loaded TP WindowsNoEditorTargetPlatform
[2017.04.01-23.30.36:189][  0]LogTemp:Display: Loaded TP WindowsServerTargetPlatform
[2017.04.01-23.30.36:224][  0]LogTemp:Display: Loaded TP WindowsTargetPlatform
[2017.04.01-23.30.36:263][  0]LogTemp:Display: Loaded TP AndroidTargetPlatform
[2017.04.01-23.30.36:303][  0]LogTemp:Display: Loaded TP Android_ASTCTargetPlatform
[2017.04.01-23.30.36:345][  0]LogTemp:Display: Loaded TP Android_ATCTargetPlatform
[2017.04.01-23.30.36:384][  0]LogTemp:Display: Loaded TP Android_DXTTargetPlatform
[2017.04.01-23.30.36:425][  0]LogTemp:Display: Loaded TP Android_ETC1TargetPlatform
[2017.04.01-23.30.36:465][  0]LogTemp:Display: Loaded TP Android_ETC2TargetPlatform
[2017.04.01-23.30.36:545][  0]LogTemp:Display: Loaded TP Android_MultiTargetPlatform
[2017.04.01-23.30.36:545][  0]LogTemp:Display: Loaded TP Android_PVRTCTargetPlatform
[2017.04.01-23.30.36:574][  0]LogTemp:Display: Loaded TP HTML5TargetPlatform
[2017.04.01-23.30.36:653][  0]LogTemp:Display: Loaded TP IOSTargetPlatform
[2017.04.01-23.30.36:679][  0]LogTemp:Display: Loaded TP TVOSTargetPlatform
[2017.04.01-23.30.36:719][  0]LogTemp:Display: Loaded TP LinuxClientTargetPlatform
[2017.04.01-23.30.36:765][  0]LogTemp:Display: Loaded TP LinuxNoEditorTargetPlatform
[2017.04.01-23.30.36:806][  0]LogTemp:Display: Loaded TP LinuxServerTargetPlatform
[2017.04.01-23.30.36:846][  0]LogTemp:Display: Loaded TP LinuxTargetPlatform
[2017.04.01-23.30.36:846][  0]LogTargetPlatformManager:Display: Building Assets For Windows
[2017.04.01-23.30.37:185][  0]LogDerivedDataCache:Display: Max Cache Size: 512 MB
[2017.04.01-23.30.37:229][  0]LogDerivedDataCache: Loaded boot cache 0.04s 50MB C:/Users/Steven4K/AppData/Local/UnrealEngine/4.15/DerivedDataCache/Boot.ddc.
[2017.04.01-23.30.37:229][  0]LogDerivedDataCache:Display: Loaded Boot cache: C:/Users/Steven4K/AppData/Local/UnrealEngine/4.15/DerivedDataCache/Boot.ddc
[2017.04.01-23.30.37:230][  0]LogDerivedDataCache: FDerivedDataBackendGraph:  Pak pak cache file ../../../../../../Users/Steven4K/Desktop/ReDestiny/DestinyRedux/DerivedDataCache/DDC.ddp not found, will not use a pak cache.
[2017.04.01-23.30.37:230][  0]LogDerivedDataCache: Unable to find inner node Pak for hierarchical cache Hierarchy.
[2017.04.01-23.30.37:230][  0]LogDerivedDataCache: FDerivedDataBackendGraph:  CompressedPak pak cache file ../../../../../../Users/Steven4K/Desktop/ReDestiny/DestinyRedux/DerivedDataCache/Compressed.ddp not found, will not use a pak cache.
[2017.04.01-23.30.37:230][  0]LogDerivedDataCache: Unable to find inner node CompressedPak for hierarchical cache Hierarchy.
[2017.04.01-23.30.37:243][  0]LogDerivedDataCache:Display: Pak cache opened for reading ../../../Engine/DerivedDataCache/Compressed.ddp.
[2017.04.01-23.30.37:255][  0]LogDerivedDataCache: Using Local data cache path C:/Users/Steven4K/AppData/Local/UnrealEngine/Common/DerivedDataCache: Writable
[2017.04.01-23.30.37:262][  0]LogSlate: Using Freetype 2.6.0
[2017.04.01-23.30.37:262][  0]LogSlate: SlateFontCache - WITH_FREETYPE: 1, WITH_HARFBUZZ: 1
[2017.04.01-23.30.37:262][  0]LogSlate: SlateFontCache - WITH_FREETYPE: 1, WITH_HARFBUZZ: 1
[2017.04.01-23.30.37:466][  0]LogInit: Selected Device Profile: [Windows]
[2017.04.01-23.30.37:468][  0]LogContentStreaming: Texture pool size is 0.00 MB
[2017.04.01-23.30.37:638][  0]LogMeshUtilities: Using QuadricMeshReduction for automatic static mesh reduction
[2017.04.01-23.30.37:673][  0]LogSimplygon: Simplygon DLL not present - disabling.
[2017.04.01-23.30.37:713][  0]LogMeshUtilities: Using SimplygonSwarm for distributed automatic mesh merging
[2017.04.01-23.30.37:713][  0]LogMeshUtilities: No automatic skeletal mesh reduction module available
[2017.04.01-23.30.37:713][  0]LogMeshUtilities: No automatic mesh merging module available
[2017.04.01-23.30.38:125][  0]LogNetVersion: GetLocalNetworkVersion: CL: 3299760, ProjectName: destinyredux, ProjectVersion: , EngineNetworkVersion: 2, GameNetworkVersion: 0, NetworkChecksum: 2158004914
[2017.04.01-23.30.38:167][  0]LogAssetRegistry: FAssetRegistry took 0.0218 seconds to start up
[2017.04.01-23.30.38:205][  0]LogPackageLocalizationCache: Processed 3 localized package path(s) for 2 prioritized culture(s) in 0.021428 seconds
[2017.04.01-23.30.38:209][  0]LogUObjectArray: 32493 objects as part of root set at end of initial load.
[2017.04.01-23.30.38:209][  0]LogUObjectAllocator: 7077024 out of 0 bytes used by permanent object pool.
[2017.04.01-23.30.38:209][  0]LogUObjectArray: CloseDisregardForGC: 0/0 objects in disregard for GC pool
[2017.04.01-23.30.39:445][  0]LogTcpMessaging: Initializing TcpMessaging bridge
[2017.04.01-23.30.39:479][  0]LogUdpMessaging: Initializing bridge on interface 0.0.0.0:0 to multicast group 230.0.0.1:6666.
[2017.04.01-23.30.39:837][  0]LogMaterial: Uniform references updated for custom material expression Custom.
[2017.04.01-23.30.40:131][  0]SourceControl: Info Source control is disabled
[2017.04.01-23.30.40:155][  0]SourceControl: Info Source control is disabled
[2017.04.01-23.30.40:192][  0]SourceControl: Info Source control is disabled
[2017.04.01-23.30.40:229][  0]SourceControl: Info Source control is disabled
[2017.04.01-23.30.41:158][  0]LogEngine: Initializing Engine...
[2017.04.01-23.30.41:384][  0]LogHMD: Failed to initialize OpenVR with code 108
[2017.04.01-23.30.41:578][  0]LogAIModule: Creating AISystem for world Untitled
[2017.04.01-23.30.41:589][  0]LogInit: XAudio2 using 'HP 2509-4 (NVIDIA High Definition Audio)' : 2 channels at 48 kHz using 16 bits per sample (channel mask 0x3)
[2017.04.01-23.30.41:608][  0]LogInit: FAudioDevice initialized.
[2017.04.01-23.30.41:632][  0]LogDerivedDataCache: Saved boot cache 0.02s 50MB C:/Users/Steven4K/AppData/Local/UnrealEngine/4.15/DerivedDataCache/Boot.ddc.
[2017.04.01-23.30.41:641][  0]LogInit: Texture streaming: Enabled
[2017.04.01-23.30.41:717][  0]LogEngineSessionManager: EngineSessionManager initialized
[2017.04.01-23.30.41:787][  0]LogInit: Transaction tracking system initialized
[2017.04.01-23.30.42:046][  0]BlueprintLog: New page: Editor Load
[2017.04.01-23.30.42:706][  0]LocalizationService: Info Localization service is disabled
[2017.04.01-23.30.43:205][  0]LogConsoleResponse:Display: 
[2017.04.01-23.30.43:301][  0]LogCook:Display: Max memory allowance for cook 16384mb min free memory 0mb
[2017.04.01-23.30.43:301][  0]LogCook:Display: Mobile HDR setting 1
[2017.04.01-23.30.44:086][  0]LogFileCache: Scanning file cache for directory 'C:/Users/Steven4K/Desktop/ReDestiny/DestinyRedux/Content/' took 0.02s
[2017.04.01-23.30.44:086][  0]SourceControl: Info Source control is disabled
[2017.04.01-23.30.44:086][  0]Cmd: MAP LOAD FILE="../../../../../../Users/Steven4K/Desktop/ReDestiny/DestinyRedux/Content/ReDestiny/Maps/Level_ShipModular.umap" TEMPLATE=0 SHOWPROGRESS=1 FEATURELEVEL=3
[2017.04.01-23.30.44:087][  0]LightingResults: New page: Lighting Build
[2017.04.01-23.30.44:117][  0]MapCheck: New page: Map Check
[2017.04.01-23.30.44:117][  0]LightingResults: New page: Lighting Build
[2017.04.01-23.30.44:318][  0]LogStats: UGameplayTagsManager::ConstructGameplayTagTree: Construct from data asset -  0.000 s
[2017.04.01-23.30.44:318][  0]LogStats: UGameplayTagsManager::ConstructGameplayTagTree: ImportINI -  0.000 s
[2017.04.01-23.30.44:318][  0]LogStats: UGameplayTagsManager::ConstructGameplayTagTree: GameplayTagTreeChangedEvent.Broadcast -  0.000 s
[2017.04.01-23.30.44:479][  0]LogLinker: Can't find file '/Game/ReDestiny/Textures/ButtonIcons/XboxOne/XboxMainButton'
[2017.04.01-23.30.44:479][  0]LogLinker: Can't find file '/Game/ReDestiny/Textures/ButtonIcons/XboxOne/XboxMainButton'
[2017.04.01-23.30.46:831][  0]LogAIModule: Creating AISystem for world Level_ShipModular
[2017.04.01-23.30.46:864][  0]LogEditorServer: Finished looking for orphan Actors (0.000 secs)
[2017.04.01-23.30.46:864][  0]Cmd: MAP CHECKDEP NOCLEARLOG
[2017.04.01-23.30.46:974][  0]MapCheck: Info Map check complete: 0 Error(s), 0 Warning(s), took 108.849ms to complete.
[2017.04.01-23.30.46:974][  0]LogFileHelpers: Loading map 'Level_ShipModular' took 2.887
[2017.04.01-23.30.47:023][  0]LogWindowsTextInputMethodSystem:Display: IME system now deactivated.
[2017.04.01-23.30.47:108][  0]LogCollectionManager: Loaded 1 collections in 0.002063 seconds
[2017.04.01-23.30.47:175][  0]LogFileCache: Scanning file cache for directory 'C:/Users/Steven4K/Desktop/ReDestiny/DestinyRedux/Saved/Collections/' took 0.01s
[2017.04.01-23.30.47:175][  0]LogFileCache: Scanning file cache for directory 'C:/Users/Steven4K/Desktop/ReDestiny/DestinyRedux/Content/Developers/Steven4K/Collections/' took 0.01s
[2017.04.01-23.30.47:175][  0]LogFileCache: Scanning file cache for directory 'C:/Users/Steven4K/Desktop/ReDestiny/DestinyRedux/Content/Collections/' took 0.01s
[2017.04.01-23.30.47:175][  0]LogCollectionManager: Rebuilt the GUID cache for 1 collections in 0.000003 seconds
[2017.04.01-23.30.47:175][  0]LogCollectionManager: Rebuilt the hierarchy cache for 1 collections in 0.000000 seconds
[2017.04.01-23.30.47:182][  0]LogContentBrowser: Native class hierarchy populated in 0.0066 seconds. Added 2245 classes and 453 folders.
[2017.04.01-23.30.47:231][  0]LogContentBrowser: Native class hierarchy updated for 'WidgetCarousel' in 0.0004 seconds. Added 0 classes and 0 folders.
[2017.04.01-23.30.47:260][  0]LogContentBrowser: Native class hierarchy updated for 'AddContentDialog' in 0.0004 seconds. Added 0 classes and 0 folders.
[2017.04.01-23.30.47:295][  0]LogContentBrowser: Native class hierarchy updated for 'SceneOutliner' in 0.0004 seconds. Added 1 classes and 2 folders.
[2017.04.01-23.30.47:332][  0]LogCrashTracker: Crashtracker disabled due to settings.
[2017.04.01-23.30.47:338][  0]LogUObjectGlobals:Warning: Failed to find object 'Class None.'
[2017.04.01-23.30.47:394][  0]LogContentBrowser: Native class hierarchy updated for 'HierarchicalLODOutliner' in 0.0004 seconds. Added 1 classes and 2 folders.
[2017.04.01-23.30.47:394][  0]LogLoad: (Engine Initialization) Total time: 14.59 seconds
[2017.04.01-23.30.47:394][  0]LogLoad: (Engine Initialization) Total Blueprint compile time: 1.15 seconds
[2017.04.01-23.30.47:394][  0]LogExternalProfiler: Found external profiler: VSPerf
[2017.04.01-23.30.47:394][  0]LogExternalProfiler: Using external profiler: VSPerf
[2017.04.01-23.30.47:403][  0]LogOcInput: OculusInput pre-init called
[2017.04.01-23.30.47:423][  0]LogContentStreaming: Texture pool size now 1000 MB
[2017.04.01-23.30.47:424][  0]LogSlate: Took 0.000145 seconds to synchronously load lazily loaded font '../../../Engine/Content/Slate/Fonts/Roboto-Regular.ttf' (155K)
[2017.04.01-23.30.47:426][  0]LogSlate: Took 0.000174 seconds to synchronously load lazily loaded font '../../../Engine/Content/Slate/Fonts/Roboto-Bold.ttf' (160K)
[2017.04.01-23.30.47:527][  1]LogHttp:Warning: 0000011EE382F880: request failed, libcurl error: 6 (Couldn't resolve host name)
[2017.04.01-23.30.47:527][  1]LogHttp:Warning: 0000011EE382F880: libcurl info message cache 0 (Could not resolve host: cdn.unrealengine.com)
[2017.04.01-23.30.47:527][  1]LogHttp:Warning: 0000011EE382F880: libcurl info message cache 1 (Closing connection 0)
[2017.04.01-23.30.47:539][  1]LogAssetRegistry: Asset discovery search completed in 9.3942 seconds
[2017.04.01-23.30.47:539][  1]LogCollectionManager: Rebuilt the object cache for 1 collections in 0.000006 seconds (found 0 objects)
[2017.04.01-23.30.47:539][  1]LogCollectionManager: Fixed up redirectors for 1 collections in 0.000015 seconds (updated 0 objects)
[2017.04.01-23.30.47:573][  2]LogRenderer: Reallocating scene render targets to support 648x480 NumSamples 1 (Frame:2).
[2017.04.01-23.30.47:610][  2]LogHttp:Warning: 0000011EE3C4EC80: request failed, libcurl error: 6 (Couldn't resolve host name)
[2017.04.01-23.30.47:610][  2]LogHttp:Warning: 0000011EE3C4EC80: libcurl info message cache 0 (Could not resolve host: cdn.unrealengine.com)
[2017.04.01-23.30.47:610][  2]LogHttp:Warning: 0000011EE3C4EC80: libcurl info message cache 1 (Closing connection 1)
[2017.04.01-23.30.47:646][  3]LogHttp:Warning: 0000011EE6782B00: request failed, libcurl error: 6 (Couldn't resolve host name)
[2017.04.01-23.30.47:646][  3]LogHttp:Warning: 0000011EE6782B00: libcurl info message cache 0 (Could not resolve host: cdn.unrealengine.com)
[2017.04.01-23.30.47:646][  3]LogHttp:Warning: 0000011EE6782B00: libcurl info message cache 1 (Closing connection 2)
[2017.04.01-23.30.54:965][873]LogSlate: Took 0.000146 seconds to synchronously load lazily loaded font '../../../Engine/Content/Editor/Slate/Fonts/FontAwesome.ttf' (139K)
[2017.04.01-23.30.54:985][873]LogSlate: Took 0.000112 seconds to synchronously load lazily loaded font '../../../Engine/Content/Slate/Fonts/Roboto-Light.ttf' (159K)
[2017.04.01-23.31.02:072][706]LogSlate: Took 0.000107 seconds to synchronously load lazily loaded font '../../../Engine/Content/Slate/Fonts/Roboto-Light.ttf' (159K)
[2017.04.01-23.31.02:432][706]LogContentBrowser: Native class hierarchy updated for 'BlueprintGraph' in 0.0006 seconds. Added 112 classes and 0 folders.
[2017.04.01-23.31.02:928][706]LogSlate: Took 0.000227 seconds to synchronously load lazily loaded font '../../../Engine/Content/Slate/Fonts/Roboto-Regular.ttf' (155K)
[2017.04.01-23.31.02:992][706]LogSlate: Took 0.000188 seconds to synchronously load lazily loaded font '../../../Engine/Content/Editor/Slate/Fonts/Roboto-BoldCondensed.ttf' (158K)
[2017.04.01-23.31.05:323][900]LogRenderer: Reallocating scene render targets to support 1144x712 NumSamples 1 (Frame:2458).
[2017.04.01-23.31.07:509][128]LogSlate: Took 0.000499 seconds to synchronously load lazily loaded font '../../../Engine/Content/Editor/Slate/Fonts/Roboto-Italic.ttf' (157K)
[2017.04.01-23.31.47:426][756]LogHttp:Warning: 0000011F039F5780: request failed, libcurl error: 6 (Couldn't resolve host name)
[2017.04.01-23.31.47:426][756]LogHttp:Warning: 0000011F039F5780: libcurl info message cache 0 (Could not resolve host: datarouter.ol.epicgames.com)
[2017.04.01-23.31.47:426][756]LogHttp:Warning: 0000011F039F5780: libcurl info message cache 1 (Closing connection 3)
[2017.04.01-23.32.47:421][664]LogHttp:Warning: 0000011EB9213280: request failed, libcurl error: 6 (Couldn't resolve host name)
[2017.04.01-23.32.47:421][664]LogHttp:Warning: 0000011EB9213280: libcurl info message cache 0 (Could not resolve host: datarouter.ol.epicgames.com)
[2017.04.01-23.32.47:421][664]LogHttp:Warning: 0000011EB9213280: libcurl info message cache 1 (Closing connection 4)
[2017.04.01-23.32.50:390][999]LogContentBrowser: Native class hierarchy updated for 'SkeletonEditor' in 0.0005 seconds. Added 1 classes and 2 folders.
[2017.04.01-23.32.50:710][999]LogActorComponent: RegisterComponentWithWorld: (/Engine/Transient.World_6:PersistentLevel.Actor_0.DebugSkelMeshComponent_0) Already registered. Aborting.
[2017.04.01-23.32.50:947][999]LogSkeletalMesh: USkeletalMeshComponent::InitArticulated : Bodies already created (/Engine/Transient.World_6:PersistentLevel.Actor_0.DebugSkelMeshComponent_0) - call TermArticulated first.
[2017.04.01-23.32.51:154][999]LogRenderer: Reallocating scene render targets to support 1144x888 NumSamples 1 (Frame:21201).
[2017.04.01-23.33.47:419][641]LogHttp:Warning: 0000011F0423BD00: request failed, libcurl error: 6 (Couldn't resolve host name)
[2017.04.01-23.33.47:420][641]LogHttp:Warning: 0000011F0423BD00: libcurl info message cache 0 (Could not resolve host: datarouter.ol.epicgames.com)
[2017.04.01-23.33.47:420][641]LogHttp:Warning: 0000011F0423BD00: libcurl info message cache 1 (Closing connection 5)
[2017.04.01-23.34.47:430][153]LogHttp:Warning: 0000011F099AD480: request failed, libcurl error: 6 (Couldn't resolve host name)
[2017.04.01-23.34.47:430][153]LogHttp:Warning: 0000011F099AD480: libcurl info message cache 0 (Could not resolve host: datarouter.ol.epicgames.com)
[2017.04.01-23.34.47:430][153]LogHttp:Warning: 0000011F099AD480: libcurl info message cache 1 (Closing connection 6)
[2017.04.01-23.35.26:380][823]Cmd: CLOSE_SLATE_MAINFRAME
[2017.04.01-23.35.28:581][824]Cmd: QUIT_EDITOR
[2017.04.01-23.35.28:607][824]LogWindowsTextInputMethodSystem:Display: IME system now deactivated.
[2017.04.01-23.35.28:626][824]LogExit: Preparing to exit.
[2017.04.01-23.35.29:687][824]LogDirectoryWatcher: A directory notification for 'C:/Users/Steven4K/Desktop/ReDestiny/DestinyRedux/Content/' was aborted.
[2017.04.01-23.35.29:747][824]LogExit: Editor shut down
[2017.04.01-23.35.29:747][824]LogExit: Transaction tracking system shut down
[2017.04.01-23.35.29:853][824]LogObj: Freed 0b from 0 cluster array pools.
[2017.04.01-23.35.29:853][824]LogExit: Object subsystem successfully closed.
[2017.04.01-23.35.29:863][824]LogD3D11RHI: Shutdown
[2017.04.01-23.35.29:863][824]LogD3D11RHI: CleanupD3DDevice
[2017.04.01-23.35.29:967][824]LogD3D11RHI: ~FD3D11DynamicRHI
[2017.04.01-23.35.29:977][824]LogModuleManager: Shutting down and abandoning module SkeletonEditor (506)
[2017.04.01-23.35.29:977][824]LogModuleManager: Shutting down and abandoning module SkeletalMeshEditor (504)
[2017.04.01-23.35.29:977][824]LogModuleManager: Shutting down and abandoning module BlueprintGraph (502)
[2017.04.01-23.35.29:977][824]LogModuleManager: Shutting down and abandoning module BlueprintProfiler (500)
[2017.04.01-23.35.29:977][824]LogModuleManager: Shutting down and abandoning module HierarchicalLODOutliner (498)
[2017.04.01-23.35.29:977][824]LogModuleManager: Shutting down and abandoning module CrashTracker (496)
[2017.04.01-23.35.29:977][824]LogModuleManager: Shutting down and abandoning module SceneOutliner (494)
[2017.04.01-23.35.29:977][824]LogModuleManager: Shutting down and abandoning module AddContentDialog (492)
[2017.04.01-23.35.29:977][824]LogDirectoryWatcher: A directory notification for 'C:/Program Files/Epic Games/UE_4.15/FeaturePacks/' was aborted.
[2017.04.01-23.35.29:978][824]LogModuleManager: Shutting down and abandoning module WidgetCarousel (491)
[2017.04.01-23.35.29:978][824]LogModuleManager: Shutting down and abandoning module EditorWidgets (488)
[2017.04.01-23.35.29:978][824]LogModuleManager: Shutting down and abandoning module CollectionManager (486)
[2017.04.01-23.35.29:978][824]LogDirectoryWatcher: A directory notification for 'C:/Users/Steven4K/Desktop/ReDestiny/DestinyRedux/Content/Collections/' was aborted.
[2017.04.01-23.35.29:978][824]LogDirectoryWatcher: A directory notification for 'C:/Users/Steven4K/Desktop/ReDestiny/DestinyRedux/Content/Developers/Steven4K/Collections/' was aborted.
[2017.04.01-23.35.29:978][824]LogDirectoryWatcher: A directory notification for 'C:/Users/Steven4K/Desktop/ReDestiny/DestinyRedux/Saved/Collections/' was aborted.
[2017.04.01-23.35.29:978][824]LogModuleManager: Shutting down and abandoning module StatsViewer (484)
[2017.04.01-23.35.29:978][824]LogModuleManager: Shutting down and abandoning module FoliageEdit (482)
[2017.04.01-23.35.29:978][824]LogModuleManager: Shutting down and abandoning module LandscapeEditor (480)
[2017.04.01-23.35.29:978][824]LogModuleManager: Shutting down and abandoning module SceneDepthPickerMode (478)
[2017.04.01-23.35.29:978][824]LogModuleManager: Shutting down and abandoning module ActorPickerMode (476)
[2017.04.01-23.35.29:978][824]LogModuleManager: Shutting down and abandoning module GeometryMode (474)
[2017.04.01-23.35.29:978][824]LogModuleManager: Shutting down and abandoning module TextureAlignMode (472)
[2017.04.01-23.35.29:978][824]LogModuleManager: Shutting down and abandoning module BspMode (470)
[2017.04.01-23.35.29:978][824]LogModuleManager: Shutting down and abandoning module HardwareSurvey (468)
[2017.04.01-23.35.29:978][824]LogModuleManager: Shutting down and abandoning module SequenceRecorderSections (466)
[2017.04.01-23.35.29:978][824]LogModuleManager: Shutting down and abandoning module AutomationWorker (464)
[2017.04.01-23.35.29:978][824]LogModuleManager: Shutting down and abandoning module MatineeToLevelSequence (462)
[2017.04.01-23.35.29:978][824]LogModuleManager: Shutting down and abandoning module LevelSequenceEditor (460)
[2017.04.01-23.35.29:978][824]LogModuleManager: Shutting down and abandoning module PlacementMode (459)
[2017.04.01-23.35.29:978][824]LogModuleManager: Shutting down and abandoning module WmfMediaFactory (456)
[2017.04.01-23.35.29:978][824]LogModuleManager: Shutting down and abandoning module WmfMediaEditor (454)
[2017.04.01-23.35.29:978][824]LogModuleManager: Shutting down and abandoning module MfMediaFactory (452)
[2017.04.01-23.35.29:978][824]LogModuleManager: Shutting down and abandoning module MfMediaEditor (450)
[2017.04.01-23.35.29:978][824]LogModuleManager: Shutting down and abandoning module AvfMediaFactory (448)
[2017.04.01-23.35.29:978][824]LogModuleManager: Shutting down and abandoning module AvfMediaEditor (446)
[2017.04.01-23.35.29:978][824]LogModuleManager: Shutting down and abandoning module AndroidMediaFactory (444)
[2017.04.01-23.35.29:978][824]LogModuleManager: Shutting down and abandoning module Media (443)
[2017.04.01-23.35.29:978][824]LogModuleManager: Shutting down and abandoning module AndroidMediaEditor (440)
[2017.04.01-23.35.29:978][824]LogModuleManager: Shutting down and abandoning module CharacterAI (438)
[2017.04.01-23.35.29:978][824]LogModuleManager: Shutting down and abandoning module AudioCapture (436)
[2017.04.01-23.35.29:978][824]LogModuleManager: Shutting down and abandoning module SequenceRecorder (435)
[2017.04.01-23.35.29:978][824]LogModuleManager: Shutting down and abandoning module SmartSnapping (432)
[2017.04.01-23.35.29:978][824]LogModuleManager: Shutting down and abandoning module SessionServices (430)
[2017.04.01-23.35.29:978][824]LogModuleManager: Shutting down and abandoning module ViewportSnapping (428)
[2017.04.01-23.35.29:978][824]LogModuleManager: Shutting down and abandoning module ViewportInteraction (426)
[2017.04.01-23.35.29:978][824]LogModuleManager: Shutting down and abandoning module LogVisualizer (424)
[2017.04.01-23.35.29:978][824]LogModuleManager: Shutting down and abandoning module IntroTutorials (422)
[2017.04.01-23.35.29:978][824]LogModuleManager: Shutting down and abandoning module GameProjectGeneration (421)
[2017.04.01-23.35.29:978][824]LogModuleManager: Shutting down and abandoning module EditorLiveStreaming (418)
[2017.04.01-23.35.29:978][824]LogModuleManager: Shutting down and abandoning module IOSPlatformEditor (416)
[2017.04.01-23.35.29:978][824]LogModuleManager: Shutting down and abandoning module HTML5PlatformEditor (414)
[2017.04.01-23.35.29:978][824]LogModuleManager: Shutting down and abandoning module AndroidPlatformEditor (412)
[2017.04.01-23.35.29:978][824]LogModuleManager: Shutting down and abandoning module AndroidDeviceDetection (411)
[2017.04.01-23.35.30:072][824]LogModuleManager: Shutting down and abandoning module IOSRuntimeSettings (408)
[2017.04.01-23.35.30:072][824]LogModuleManager: Shutting down and abandoning module AndroidRuntimeSettings (406)
[2017.04.01-23.35.30:072][824]LogModuleManager: Shutting down and abandoning module InputBindingEditor (404)
[2017.04.01-23.35.30:072][824]LogModuleManager: Shutting down and abandoning module NiagaraEditor (402)
[2017.04.01-23.35.30:073][824]LogModuleManager: Shutting down and abandoning module MergeActors (400)
[2017.04.01-23.35.30:073][824]LogModuleManager: Shutting down and abandoning module SizeMap (398)
[2017.04.01-23.35.30:073][824]LogModuleManager: Shutting down and abandoning module TreeMap (396)
[2017.04.01-23.35.30:073][824]LogModuleManager: Shutting down and abandoning module ReferenceViewer (394)
[2017.04.01-23.35.30:073][824]LogModuleManager: Shutting down and abandoning module LocalizationDashboard (392)
[2017.04.01-23.35.30:073][824]LogModuleManager: Shutting down and abandoning module LocalizationService (391)
[2017.04.01-23.35.30:073][824]LogModuleManager: Shutting down and abandoning module HardwareTargeting (388)
[2017.04.01-23.35.30:073][824]LogModuleManager: Shutting down and abandoning module DeviceProfileEditor (386)
[2017.04.01-23.35.30:073][824]LogModuleManager: Shutting down and abandoning module UndoHistory (384)
[2017.04.01-23.35.30:073][824]LogModuleManager: Shutting down and abandoning module UserFeedback (382)
[2017.04.01-23.35.30:073][824]LogModuleManager: Shutting down and abandoning module XmlParser (380)
[2017.04.01-23.35.30:073][824]LogModuleManager: Shutting down and abandoning module Blutility (378)
[2017.04.01-23.35.30:073][824]LogModuleManager: Shutting down and abandoning module ProjectSettingsViewer (376)
[2017.04.01-23.35.30:073][824]LogModuleManager: Shutting down and abandoning module ProjectTargetPlatformEditor (375)
[2017.04.01-23.35.30:073][824]LogModuleManager: Shutting down and abandoning module EditorSettingsViewer (372)
[2017.04.01-23.35.30:073][824]LogModuleManager: Shutting down and abandoning module SettingsEditor (370)
[2017.04.01-23.35.30:073][824]LogModuleManager: Shutting down and abandoning module ProjectLauncher (368)
[2017.04.01-23.35.30:073][824]LogModuleManager: Shutting down and abandoning module SessionFrontend (366)
[2017.04.01-23.35.30:073][824]LogModuleManager: Shutting down and abandoning module ProfilerClient (364)
[2017.04.01-23.35.30:073][824]LogModuleManager: Shutting down and abandoning module DeviceManager (362)
[2017.04.01-23.35.30:073][824]LogModuleManager: Shutting down and abandoning module TargetDeviceServices (361)
[2017.04.01-23.35.30:113][824]LogModuleManager: Shutting down and abandoning module AutomationController (358)
[2017.04.01-23.35.30:113][824]LogModuleManager: Shutting down and abandoning module AutomationWindow (356)
[2017.04.01-23.35.30:113][824]LogModuleManager: Shutting down and abandoning module Layers (354)
[2017.04.01-23.35.30:113][824]LogModuleManager: Shutting down and abandoning module ComponentVisualizers (352)
[2017.04.01-23.35.30:113][824]LogModuleManager: Shutting down and abandoning module DetailCustomizations (350)
[2017.04.01-23.35.30:113][824]LogModuleManager: Shutting down and abandoning module PackagesDialog (348)
[2017.04.01-23.35.30:113][824]LogModuleManager: Shutting down and abandoning module Persona (346)
[2017.04.01-23.35.30:113][824]LogModuleManager: Shutting down and abandoning module AnimGraph (345)
[2017.04.01-23.35.30:113][824]LogModuleManager: Shutting down and abandoning module Kismet (342)
[2017.04.01-23.35.30:120][824]LogModuleManager: Shutting down and abandoning module GraphEditor (340)
[2017.04.01-23.35.30:120][824]LogModuleManager: Shutting down and abandoning module ClassViewer (338)
[2017.04.01-23.35.30:120][824]LogModuleManager: Shutting down and abandoning module Toolbox (336)
[2017.04.01-23.35.30:120][824]LogModuleManager: Shutting down and abandoning module ModuleUI (334)
[2017.04.01-23.35.30:120][824]LogModuleManager: Shutting down and abandoning module MovieSceneTools (332)
[2017.04.01-23.35.30:120][824]LogModuleManager: Shutting down and abandoning module OutputLog (330)
[2017.04.01-23.35.30:120][824]LogModuleManager: Shutting down and abandoning module GammaUI (328)
[2017.04.01-23.35.30:120][824]LogModuleManager: Shutting down and abandoning module Documentation (326)
[2017.04.01-23.35.30:120][824]LogModuleManager: Shutting down and abandoning module Niagara (324)
[2017.04.01-23.35.30:120][824]LogModuleManager: Shutting down and abandoning module StreamingPauseRendering (322)
[2017.04.01-23.35.30:120][824]LogModuleManager: Shutting down and abandoning module AnalyticsET (320)
[2017.04.01-23.35.30:120][824]LogModuleManager: Shutting down and abandoning module PortalServices (318)
[2017.04.01-23.35.30:120][824]LogModuleManager: Shutting down and abandoning module PortalRpc (316)
[2017.04.01-23.35.30:120][824]LogModuleManager: Shutting down and abandoning module MessagingRpc (314)
[2017.04.01-23.35.30:120][824]LogModuleManager: Shutting down and abandoning module AIModule (312)
[2017.04.01-23.35.30:120][824]LogModuleManager: Shutting down and abandoning module GameplayDebugger (311)
[2017.04.01-23.35.30:121][824]LogModuleManager: Shutting down and abandoning module AITestSuite (309)
[2017.04.01-23.35.30:121][824]LogModuleManager: Shutting down and abandoning module ProfilerService (306)
[2017.04.01-23.35.30:150][824]LogModuleManager: Shutting down and abandoning module TaskGraph (304)
[2017.04.01-23.35.30:150][824]LogModuleManager: Shutting down and abandoning module SteamVRController (302)
[2017.04.01-23.35.30:150][824]LogModuleManager: Shutting down and abandoning module SteamVR (300)
[2017.04.01-23.35.30:151][824]LogModuleManager: Shutting down and abandoning module ProceduralMeshComponentEditor (298)
[2017.04.01-23.35.30:151][824]LogModuleManager: Shutting down and abandoning module ProceduralMeshComponent (296)
[2017.04.01-23.35.30:151][824]LogModuleManager: Shutting down and abandoning module OculusLibrary (294)
[2017.04.01-23.35.30:151][824]LogModuleManager: Shutting down and abandoning module OculusInput (292)
[2017.04.01-23.35.30:151][824]LogModuleManager: Shutting down and abandoning module MobilePatchingUtils (290)
[2017.04.01-23.35.30:151][824]LogModuleManager: Shutting down and abandoning module CustomMeshComponent (288)
[2017.04.01-23.35.30:151][824]LogModuleManager: Shutting down and abandoning module CableComponent (286)
[2017.04.01-23.35.30:151][824]LogModuleManager: Shutting down and abandoning module ArchVisCharacter (284)
[2017.04.01-23.35.30:151][824]LogModuleManager: Shutting down and abandoning module MediaPlayerEditor (282)
[2017.04.01-23.35.30:151][824]LogModuleManager: Shutting down and abandoning module HTML5Networking (280)
[2017.04.01-23.35.30:151][824]LogModuleManager: Shutting down and abandoning module AlembicImporter (278)
[2017.04.01-23.35.30:151][824]LogModuleManager: Shutting down and abandoning module AlembicLibrary (277)
[2017.04.01-23.35.30:151][824]LogModuleManager: Shutting down and abandoning module GeometryCache (276)
[2017.04.01-23.35.30:151][824]LogModuleManager: Shutting down and abandoning module GeometryCacheEd (275)
[2017.04.01-23.35.30:151][824]LogModuleManager: Shutting down and abandoning module SuperSearchEditor (270)
[2017.04.01-23.35.30:151][824]LogModuleManager: Shutting down and abandoning module SuperSearch (269)
[2017.04.01-23.35.30:151][824]LogModuleManager: Shutting down and abandoning module SpeedTreeImporter (266)
[2017.04.01-23.35.30:151][824]LogModuleManager: Shutting down and abandoning module PluginBrowser (264)
[2017.04.01-23.35.30:151][824]LogModuleManager: Shutting down and abandoning module MobileLauncherProfileWizard (262)
[2017.04.01-23.35.30:151][824]LogModuleManager: Shutting down and abandoning module EpicSurvey (260)
[2017.04.01-23.35.30:151][824]LogModuleManager: Shutting down and abandoning module VisualStudioSourceCodeAccess (258)
[2017.04.01-23.35.30:151][824]LogModuleManager: Shutting down and abandoning module DesktopPlatform (257)
[2017.04.01-23.35.30:151][824]LogModuleManager: Shutting down and abandoning module UObjectPlugin (254)
[2017.04.01-23.35.30:151][824]LogModuleManager: Shutting down and abandoning module SubversionSourceControl (252)
[2017.04.01-23.35.30:151][824]LogModuleManager: Shutting down and abandoning module PerforceSourceControl (250)
[2017.04.01-23.35.30:151][824]LogModuleManager: Shutting down and abandoning module GitSourceControl (248)
[2017.04.01-23.35.30:151][824]LogModuleManager: Shutting down and abandoning module SourceControl (247)
[2017.04.01-23.35.30:151][824]LogModuleManager: Shutting down and abandoning module LightPropagationVolumeEditor (244)
[2017.04.01-23.35.30:151][824]LogModuleManager: Shutting down and abandoning module PaperTiledImporter (242)
[2017.04.01-23.35.30:151][824]LogModuleManager: Shutting down and abandoning module PaperSpriteSheetImporter (240)
[2017.04.01-23.35.30:151][824]LogModuleManager: Shutting down and abandoning module Paper2DEditor (238)
[2017.04.01-23.35.30:151][824]LogModuleManager: Shutting down and abandoning module MeshPaint (237)
[2017.04.01-23.35.30:151][824]LogModuleManager: Shutting down and abandoning module LevelEditor (235)
[2017.04.01-23.35.30:151][824]LogModuleManager: Shutting down and abandoning module PixelInspectorModule (234)
[2017.04.01-23.35.30:151][824]LogModuleManager: Shutting down and abandoning module MainFrame (232)
[2017.04.01-23.35.30:151][824]LogModuleManager: Shutting down and abandoning module HotReload (231)
[2017.04.01-23.35.30:152][824]LogModuleManager: Shutting down and abandoning module ContentBrowser (227)
[2017.04.01-23.35.30:152][824]LogModuleManager: Shutting down and abandoning module PhysXVehiclesEditor (224)
[2017.04.01-23.35.30:152][824]LogModuleManager: Shutting down and abandoning module PhysXVehicles (222)
[2017.04.01-23.35.30:152][824]LogModuleManager: Shutting down and abandoning module LocationServicesBPLibrary (220)
[2017.04.01-23.35.30:153][824]LogModuleManager: Shutting down and abandoning module UdpMessaging (218)
[2017.04.01-23.35.30:253][824]LogModuleManager: Shutting down and abandoning module TcpMessaging (216)
[2017.04.01-23.35.30:543][824]LogModuleManager: Shutting down and abandoning module GameplayTagsEditor (214)
[2017.04.01-23.35.30:543][824]LogModuleManager: Shutting down and abandoning module FacialAnimationEditor (212)
[2017.04.01-23.35.30:543][824]LogModuleManager: Shutting down and abandoning module FacialAnimation (210)
[2017.04.01-23.35.30:543][824]LogModuleManager: Shutting down and abandoning module LightPropagationVolumeRuntime (208)
[2017.04.01-23.35.30:543][824]LogModuleManager: Shutting down and abandoning module Paper2D (206)
[2017.04.01-23.35.30:543][824]LogModuleManager: Shutting down and abandoning module WindowsMoviePlayer (204)
[2017.04.01-23.35.30:543][824]LogModuleManager: Shutting down and abandoning module WmfMedia (202)
[2017.04.01-23.35.30:543][824]LogModuleManager: Shutting down and abandoning module MfMedia (200)
[2017.04.01-23.35.30:543][824]LogModuleManager: Shutting down and abandoning module MediaAssets (198)
[2017.04.01-23.35.30:543][824]LogModuleManager: Shutting down and abandoning module GameLiveStreaming (196)
[2017.04.01-23.35.30:543][824]LogModuleManager: Shutting down and abandoning module VREditor (194)
[2017.04.01-23.35.30:543][824]LogModuleManager: Shutting down and abandoning module GameplayTasksEditor (192)
[2017.04.01-23.35.30:543][824]LogModuleManager: Shutting down and abandoning module BehaviorTreeEditor (190)
[2017.04.01-23.35.30:543][824]LogModuleManager: Shutting down and abandoning module FunctionalTesting (188)
[2017.04.01-23.35.30:543][824]LogModuleManager: Shutting down and abandoning module CollisionAnalyzer (186)
[2017.04.01-23.35.30:543][824]LogModuleManager: Shutting down and abandoning module UMG (184)
[2017.04.01-23.35.30:543][824]LogModuleManager: Shutting down and abandoning module UMGEditor (183)
[2017.04.01-23.35.30:543][824]LogModuleManager: Shutting down and abandoning module Sequencer (182)
[2017.04.01-23.35.30:543][824]LogModuleManager: Shutting down and abandoning module AssetTools (180)
[2017.04.01-23.35.30:543][824]LogModuleManager: Shutting down and abandoning module MessageLog (179)
[2017.04.01-23.35.30:543][824]LogModuleManager: Shutting down and abandoning module WorkspaceMenuStructure (178)
[2017.04.01-23.35.30:543][824]LogModuleManager: Shutting down and abandoning module SlateReflector (172)
[2017.04.01-23.35.30:543][824]LogModuleManager: Shutting down and abandoning module Slate (170)
[2017.04.01-23.35.30:543][824]LogModuleManager: Shutting down and abandoning module EditorStyle (168)
[2017.04.01-23.35.30:545][824]LogModuleManager: Shutting down and abandoning module SourceCodeAccess (166)
[2017.04.01-23.35.30:545][824]LogModuleManager: Shutting down and abandoning module HeadMountedDisplay (164)
[2017.04.01-23.35.30:545][824]LogModuleManager: Shutting down and abandoning module XAudio2 (162)
[2017.04.01-23.35.30:545][824]LogModuleManager: Shutting down and abandoning module Networking (160)
[2017.04.01-23.35.30:545][824]LogModuleManager: Shutting down and abandoning module Core (158)
[2017.04.01-23.35.30:545][824]LogModuleManager: Shutting down and abandoning module AssetRegistry (156)
[2017.04.01-23.35.30:659][824]LogDirectoryWatcher: A directory notification for '../../../Engine/Content/' was aborted.
[2017.04.01-23.35.30:659][824]LogDirectoryWatcher: A directory notification for '../../../../../../Users/Steven4K/Desktop/ReDestiny/DestinyRedux/Content/' was aborted.
[2017.04.01-23.35.30:659][824]LogDirectoryWatcher: A directory notification for '../../../Engine/Plugins/2D/Paper2D/Content/' was aborted.
[2017.04.01-23.35.30:660][824]LogModuleManager: Shutting down and abandoning module DirectoryWatcher (155)
[2017.04.01-23.35.30:660][824]LogModuleManager: Shutting down and abandoning module KismetCompiler (152)
[2017.04.01-23.35.30:660][824]LogModuleManager: Shutting down and abandoning module PhysXFormats (150)
[2017.04.01-23.35.30:660][824]LogModuleManager: Shutting down and abandoning module MeshUtilities (148)
[2017.04.01-23.35.30:660][824]LogModuleManager: Shutting down and abandoning module SimplygonSwarm (147)
[2017.04.01-23.35.30:660][824]LogModuleManager: Shutting down and abandoning module SimplygonMeshReduction (145)
[2017.04.01-23.35.30:660][824]LogModuleManager: Shutting down and abandoning module QuadricMeshReduction (143)
[2017.04.01-23.35.30:660][824]LogModuleManager: Shutting down and abandoning module PropertyEditor (141)
[2017.04.01-23.35.30:660][824]LogModuleManager: Shutting down and abandoning module DerivedDataCache (138)
[2017.04.01-23.35.30:738][824]LogDerivedDataCache: Shutdown
[2017.04.01-23.35.30:738][824]LogModuleManager: Shutting down and abandoning module TargetPlatform (136)
[2017.04.01-23.35.30:738][824]LogModuleManager: Shutting down and abandoning module VulkanShaderFormat (135)
[2017.04.01-23.35.30:738][824]LogModuleManager: Shutting down and abandoning module ShaderFormatOpenGL (133)
[2017.04.01-23.35.30:738][824]LogModuleManager: Shutting down and abandoning module ShaderFormatD3D (131)
[2017.04.01-23.35.30:738][824]LogModuleManager: Shutting down and abandoning module MetalShaderFormat (129)
[2017.04.01-23.35.30:738][824]LogModuleManager: Shutting down and abandoning module TextureFormatUncompressed (127)
[2017.04.01-23.35.30:738][824]LogModuleManager: Shutting down and abandoning module TextureFormatPVR (125)
[2017.04.01-23.35.30:738][824]LogModuleManager: Shutting down and abandoning module TextureFormatDXT (123)
[2017.04.01-23.35.30:738][824]LogModuleManager: Shutting down and abandoning module TextureFormatIntelISPCTexComp (121)
[2017.04.01-23.35.30:738][824]LogModuleManager: Shutting down and abandoning module TextureFormatASTC (119)
[2017.04.01-23.35.30:738][824]LogModuleManager: Shutting down and abandoning module ImageWrapper (118)
[2017.04.01-23.35.30:738][824]LogModuleManager: Shutting down and abandoning module TextureFormatAndroid (115)
[2017.04.01-23.35.30:738][824]LogModuleManager: Shutting down and abandoning module AudioFormatOpus (113)
[2017.04.01-23.35.30:738][824]LogModuleManager: Shutting down and abandoning module AudioFormatOgg (111)
[2017.04.01-23.35.30:738][824]LogModuleManager: Shutting down and abandoning module AudioFormatADPCM (109)
[2017.04.01-23.35.30:738][824]LogModuleManager: Shutting down and abandoning module LinuxTargetPlatform (107)
[2017.04.01-23.35.30:738][824]LogModuleManager: Shutting down and abandoning module LinuxServerTargetPlatform (105)
[2017.04.01-23.35.30:738][824]LogModuleManager: Shutting down and abandoning module LinuxNoEditorTargetPlatform (103)
[2017.04.01-23.35.30:738][824]LogModuleManager: Shutting down and abandoning module LinuxClientTargetPlatform (101)
[2017.04.01-23.35.30:738][824]LogModuleManager: Shutting down and abandoning module TVOSTargetPlatform (99)
[2017.04.01-23.35.30:738][824]LogModuleManager: Shutting down and abandoning module Messaging (97)
[2017.04.01-23.35.30:738][824]LogModuleManager: Shutting down and abandoning module IOSTargetPlatform (95)
[2017.04.01-23.35.30:738][824]LogModuleManager: Shutting down and abandoning module HTML5TargetPlatform (93)
[2017.04.01-23.35.30:738][824]LogModuleManager: Shutting down and abandoning module Android_PVRTCTargetPlatform (91)
[2017.04.01-23.35.30:738][824]LogModuleManager: Shutting down and abandoning module Android_MultiTargetPlatform (89)
[2017.04.01-23.35.30:738][824]LogModuleManager: Shutting down and abandoning module Android_ETC2TargetPlatform (87)
[2017.04.01-23.35.30:738][824]LogModuleManager: Shutting down and abandoning module Android_ETC1TargetPlatform (85)
[2017.04.01-23.35.30:738][824]LogModuleManager: Shutting down and abandoning module Android_DXTTargetPlatform (83)
[2017.04.01-23.35.30:738][824]LogModuleManager: Shutting down and abandoning module Android_ATCTargetPlatform (81)
[2017.04.01-23.35.30:738][824]LogModuleManager: Shutting down and abandoning module Android_ASTCTargetPlatform (79)
[2017.04.01-23.35.30:738][824]LogModuleManager: Shutting down and abandoning module AndroidTargetPlatform (77)
[2017.04.01-23.35.30:738][824]LogModuleManager: Shutting down and abandoning module WindowsTargetPlatform (75)
[2017.04.01-23.35.30:738][824]LogModuleManager: Shutting down and abandoning module WindowsServerTargetPlatform (73)
[2017.04.01-23.35.30:738][824]LogModuleManager: Shutting down and abandoning module WindowsNoEditorTargetPlatform (71)
[2017.04.01-23.35.30:738][824]LogModuleManager: Shutting down and abandoning module WindowsClientTargetPlatform (69)
[2017.04.01-23.35.30:738][824]LogModuleManager: Shutting down and abandoning module MacTargetPlatform (67)
[2017.04.01-23.35.30:738][824]LogModuleManager: Shutting down and abandoning module MacServerTargetPlatform (65)
[2017.04.01-23.35.30:738][824]LogModuleManager: Shutting down and abandoning module MacNoEditorTargetPlatform (63)
[2017.04.01-23.35.30:738][824]LogModuleManager: Shutting down and abandoning module MacClientTargetPlatform (61)
[2017.04.01-23.35.30:738][824]LogModuleManager: Shutting down and abandoning module AllDesktopTargetPlatform (59)
[2017.04.01-23.35.30:738][824]LogModuleManager: Shutting down and abandoning module InputCore (56)
[2017.04.01-23.35.30:738][824]LogModuleManager: Shutting down and abandoning module Settings (54)
[2017.04.01-23.35.30:738][824]LogModuleManager: Shutting down and abandoning module OculusRift (52)
[2017.04.01-23.35.30:738][824]LogModuleManager: Shutting down and abandoning module GearVR (50)
[2017.04.01-23.35.30:738][824]LogModuleManager: Shutting down and abandoning module ExampleDeviceProfileSelector (48)
[2017.04.01-23.35.30:738][824]LogModuleManager: Shutting down and abandoning module OnlineBlueprintSupport (46)
[2017.04.01-23.35.30:738][824]LogModuleManager: Shutting down and abandoning module OnlineSubsystem (42)
[2017.04.01-23.35.30:738][824]LogOnline:Display: OSS: FOnlineSubsystemNull::Shutdown()
[2017.04.01-23.35.30:739][824]LogOnline:Display: Unloading online subsystem: NULL
[2017.04.01-23.35.30:739][824]LogModuleManager: Shutting down and abandoning module XMPP (37)
[2017.04.01-23.35.30:739][824]LogModuleManager: Shutting down and abandoning module HTTP (35)
[2017.04.01-23.35.30:739][824]LogHttp:Display: Http module shutting down, but needs to wait on 1 outstanding Http requests:
[2017.04.01-23.35.30:739][824]LogHttp:Display: 	verb=[POST] url=[https://datarouter.ol.epicgames.com/datarouter/api/v1/public/data?SessionID=%7B21886A83-43DA-F080-0668-9F8A7FC5F971%7D&AppID=UEEditor.Rocket.Release&AppVersion=4.15.1-3348071%2B%2B%2BUE4%2BRelease-4.15&UserID=6b2ddadf4c5a8bbf49ba50ae59c652c1%7C049a09598b90443da8e8e30d4d2b8ded%7C732e9ea2-b7f5-4be8-a08a-9afd69cb1240&AppEnvironment=datacollector-binary&UploadType=eteventstream] status=Processing
[2017.04.01-23.35.30:739][824]LogHttp:Warning: 0000011EDBA56E00: request failed, libcurl error: 6 (Couldn't resolve host name)
[2017.04.01-23.35.30:739][824]LogHttp:Warning: 0000011EDBA56E00: libcurl info message cache 0 (Could not resolve host: datarouter.ol.epicgames.com)
[2017.04.01-23.35.30:739][824]LogHttp:Warning: 0000011EDBA56E00: libcurl info message cache 1 (Closing connection 7)
[2017.04.01-23.35.30:764][824]LogModuleManager: Shutting down and abandoning module SSL (34)
[2017.04.01-23.35.30:765][824]LogModuleManager: Shutting down and abandoning module AudioEditor (30)
[2017.04.01-23.35.30:765][824]LogModuleManager: Shutting down and abandoning module TextureCompressor (28)
[2017.04.01-23.35.30:765][824]LogModuleManager: Shutting down and abandoning module ShaderCore (26)
[2017.04.01-23.35.30:765][824]LogModuleManager: Shutting down and abandoning module Landscape (24)
[2017.04.01-23.35.30:765][824]LogModuleManager: Shutting down and abandoning module SlateRHIRenderer (22)
[2017.04.01-23.35.30:767][824]LogModuleManager: Shutting down and abandoning module OpenGLDrv (20)
[2017.04.01-23.35.30:767][824]LogModuleManager: Shutting down and abandoning module D3D11RHI (18)
[2017.04.01-23.35.30:767][824]LogModuleManager: Shutting down and abandoning module AnimGraphRuntime (16)
[2017.04.01-23.35.30:767][824]LogModuleManager: Shutting down and abandoning module Renderer (14)
[2017.04.01-23.35.30:767][824]LogModuleManager: Shutting down and abandoning module Engine (12)
[2017.04.01-23.35.30:767][824]LogModuleManager: Shutting down and abandoning module CoreUObject (10)
[2017.04.01-23.35.30:767][824]LogModuleManager: Shutting down and abandoning module NetworkFile (8)
[2017.04.01-23.35.30:767][824]LogModuleManager: Shutting down and abandoning module StreamingFile (6)
[2017.04.01-23.35.30:767][824]LogModuleManager: Shutting down and abandoning module SandboxFile (4)
[2017.04.01-23.35.30:767][824]LogModuleManager: Shutting down and abandoning module PakFile (2)
[2017.04.01-23.35.30:768][824]LogExit: Exiting.
[2017.04.01-23.35.30:780][824]Log file closed, 04/01/17 16:35:30
