Log file open, 05/07/17 14:43:03
LogInit:Display: Running engine for game: DestinyRedux
LogPlatformFile: Not using cached read wrapper
LogInit:Display: RandInit(-810512393) SRandInit(-810512393).
LogTaskGraph: Started task graph with 5 named threads and 8 total threads with 1 sets of task threads.
LogStats: Stats thread started at 0.088078
LogInit: Using libcurl 7.47.1
LogInit:  - built for x86_64-pc-win32
LogInit:  - supports SSL with OpenSSL/1.0.2g
LogInit:  - supports HTTP deflate (compression) using libz 1.2.8
LogInit:  - other features:
LogInit:      CURL_VERSION_SSL
LogInit:      CURL_VERSION_LIBZ
LogInit:      CURL_VERSION_IPV6
LogInit:      CURL_VERSION_ASYNCHDNS
LogInit:      CURL_VERSION_LARGEFILE
LogInit:      CURL_VERSION_IDN
LogInit:  CurlRequestOptions (configurable via config and command line):
LogInit:  - bVerifyPeer = false  - Libcurl will NOT verify peer certificate
LogInit:  - bUseHttpProxy = false  - Libcurl will NOT use HTTP proxy
LogInit:  - bDontReuseConnections = false  - Libcurl will reuse connections
LogInit:  - CertBundlePath = nullptr  - Libcurl will use whatever was configured at build time.
LogInit: WinSock: version 1.1 (2.2), MaxSocks=32767, MaxUdp=65467
LogInit: Build: ++UE4+Release-4.15-CL-3348071
LogInit: Engine Version: 4.15.1-3348071+++UE4+Release-4.15
LogInit: Compatible Engine Version: 4.15.0-3299760+++UE4+Release-4.15
LogInit: Net CL: 3299760
LogDevObjectVersion: Number of dev versions registered: 14
LogDevObjectVersion:   Dev-Blueprints (B0D832E4-1F89-4F0D-ACCF-7EB736FD4AA2): 8
LogDevObjectVersion:   Dev-Build (E1C64328-A22C-4D53-A36C-8E866417BD8C): 0
LogDevObjectVersion:   Dev-Core (375EC13C-06E4-48FB-B500-84F0262A717E): 2
LogDevObjectVersion:   Dev-Editor (E4B068ED-F494-42E9-A231-DA0B2E46BB41): 14
LogDevObjectVersion:   Dev-Framework (CFFC743F-43B0-4480-9391-14DF171D2073): 22
LogDevObjectVersion:   Dev-Mobile (B02B49B5-BB20-44E9-A304-32B752E40360): 0
LogDevObjectVersion:   Dev-Networking (A4E4105C-59A1-49B5-A7C5-40C4547EDFEE): 0
LogDevObjectVersion:   Dev-Online (39C831C9-5AE6-47DC-9A44-9C173E1C8E7C): 0
LogDevObjectVersion:   Dev-Physics (78F01B33-EBEA-4F98-B9B4-84EACCB95AA2): 0
LogDevObjectVersion:   Dev-Platform (6631380F-2D4D-43E0-8009-CF276956A95A): 0
LogDevObjectVersion:   Dev-Rendering (12F88B9F-8875-4AFC-A67C-D90C383ABD29): 12
LogDevObjectVersion:   Dev-Sequencer (7B5AE74C-D270-4C10-A958-57980B212A5A): 3
LogDevObjectVersion:   Dev-VR (D7296918-1DD6-4BDD-9DE2-64A83CC13884): 0
LogDevObjectVersion:   Dev-LoadTimes (C2A15278-BFE7-4AFE-6C17-90FF531DF755): 1
LogInit: Compiled (64-bit): Mar 15 2017 16:52:47
LogInit: Compiled with Visual C++: 19.00.23026.00
LogInit: Build Configuration: Development
LogInit: Branch Name: ++UE4+Release-4.15
LogInit: Command line:  
LogInit: Base directory: C:/Program Files/Epic Games/UE_4.15/Engine/Binaries/Win64/
LogInit: Installed Engine Build: 1
LogInit: Presizing for max 8388607 objects, including 0 objects not considered by GC, pre-allocating 0 bytes for permanent pool.
LogInit: Object subsystem initialized
[2017.05.07-21.43.04:262][  0]LogInit: Selected Device Profile: [Windows]
[2017.05.07-21.43.04:262][  0]LogInit: Applying CVar settings loaded from the selected device profile: [Windows]
[2017.05.07-21.43.04:282][  0]LogInit: Computer: CLU
[2017.05.07-21.43.04:282][  0]LogInit: User: Steven4K
[2017.05.07-21.43.04:282][  0]LogInit: CPU Page size=65536, Cores=4
[2017.05.07-21.43.04:282][  0]LogInit: High frequency timer resolution =3.914058 MHz
[2017.05.07-21.43.04:282][  0]LogMemory: Memory total: Physical=16.0GB (16GB approx)
[2017.05.07-21.43.04:282][  0]LogMemory: Platform Memory Stats for Windows
[2017.05.07-21.43.04:282][  0]LogMemory: Process Physical Memory: 264.55 MB used, 264.55 MB peak
[2017.05.07-21.43.04:282][  0]LogMemory: Process Virtual Memory: 262.52 MB used, 262.52 MB peak
[2017.05.07-21.43.04:282][  0]LogMemory: Physical Memory: 4670.96 MB used,  11662.15 MB free, 16333.11 MB total
[2017.05.07-21.43.04:282][  0]LogMemory: Virtual Memory: 646.81 MB used,  11662.15 MB free, 134217728.00 MB total
[2017.05.07-21.43.04:471][  0]LogTextLocalizationManager: No specific translations for ('en-US') exist, so ('en') translations will be used.
[2017.05.07-21.43.06:040][  0]LogD3D11RHI: D3D11 adapters:
[2017.05.07-21.43.06:073][  0]LogD3D11RHI:    0. 'NVIDIA GeForce GTX 1080' (Feature Level 11_0)
[2017.05.07-21.43.06:073][  0]LogD3D11RHI:       8110/0/8166 MB DedicatedVideo/DedicatedSystem/SharedSystem, Outputs:1, VendorId:0x10de
[2017.05.07-21.43.06:073][  0]LogD3D11RHI:    1. 'Microsoft Basic Render Driver' (Feature Level 11_0)
[2017.05.07-21.43.06:073][  0]LogD3D11RHI:       0/0/8166 MB DedicatedVideo/DedicatedSystem/SharedSystem, Outputs:0, VendorId:0x1414
[2017.05.07-21.43.06:073][  0]LogD3D11RHI: Chosen D3D11 Adapter: 0
[2017.05.07-21.43.06:077][  0]LogD3D11RHI: Creating new Direct3DDevice
[2017.05.07-21.43.06:077][  0]LogD3D11RHI:     GPU DeviceId: 0x1b80 (for the marketing name, search the web for "GPU Device Id")
[2017.05.07-21.43.06:077][  0]LogWindows: EnumDisplayDevices:
[2017.05.07-21.43.06:078][  0]LogWindows:    0. 'NVIDIA GeForce GTX 1080' (P:1 D:1)
[2017.05.07-21.43.06:078][  0]LogWindows:    1. 'NVIDIA GeForce GTX 1080' (P:0 D:0)
[2017.05.07-21.43.06:078][  0]LogWindows:    2. 'NVIDIA GeForce GTX 1080' (P:0 D:0)
[2017.05.07-21.43.06:078][  0]LogWindows:    3. 'NVIDIA GeForce GTX 1080' (P:0 D:0)
[2017.05.07-21.43.06:078][  0]LogWindows: DebugString: FoundDriverCount:4 
[2017.05.07-21.43.06:078][  0]LogD3D11RHI:     Adapter Name: NVIDIA GeForce GTX 1080
[2017.05.07-21.43.06:078][  0]LogD3D11RHI:   Driver Version: 381.65 (internal:22.21.13.8165, unified:381.65)
[2017.05.07-21.43.06:078][  0]LogD3D11RHI:      Driver Date: 3-31-2017
[2017.05.07-21.43.06:078][  0]LogRHI: Texture pool is 1361 MB (70% of 1945 MB)
[2017.05.07-21.43.06:097][  0]LogD3D11RHI: Async texture creation enabled
[2017.05.07-21.43.06:106][  0]LogD3D11RHI: GPU Timing Frequency: 1000.000000 (Debug: 2 1)
[2017.05.07-21.43.06:153][  0]LogShaderCompilers: Guid format shader working directory is -15 characters bigger than the processId version (../../../../../../Users/Steven4K/Desktop/ReDestiny/DestinyRedux/Intermediate/Shaders/WorkingDirectory/11640/).
[2017.05.07-21.43.06:153][  0]LogShaderCompilers: Cleaned the shader compiler working directory 'C:/Users/Steven4K/AppData/Local/Temp/UnrealShaderWorkingDir/3A1448B944EE82E8F500AFA70F050AF2/'.
[2017.05.07-21.43.06:153][  0]LogShaderCompilers:Display: Using Local Shader Compiler.
[2017.05.07-21.43.22:445][  0]LogTemp:Display: Loaded TP AllDesktopTargetPlatform
[2017.05.07-21.43.22:487][  0]LogTemp:Display: Loaded TP MacClientTargetPlatform
[2017.05.07-21.43.22:529][  0]LogTemp:Display: Loaded TP MacNoEditorTargetPlatform
[2017.05.07-21.43.22:570][  0]LogTemp:Display: Loaded TP MacServerTargetPlatform
[2017.05.07-21.43.22:614][  0]LogTemp:Display: Loaded TP MacTargetPlatform
[2017.05.07-21.43.22:656][  0]LogTemp:Display: Loaded TP WindowsClientTargetPlatform
[2017.05.07-21.43.22:698][  0]LogTemp:Display: Loaded TP WindowsNoEditorTargetPlatform
[2017.05.07-21.43.22:739][  0]LogTemp:Display: Loaded TP WindowsServerTargetPlatform
[2017.05.07-21.43.22:773][  0]LogTemp:Display: Loaded TP WindowsTargetPlatform
[2017.05.07-21.43.22:816][  0]LogTemp:Display: Loaded TP AndroidTargetPlatform
[2017.05.07-21.43.22:855][  0]LogTemp:Display: Loaded TP Android_ASTCTargetPlatform
[2017.05.07-21.43.22:895][  0]LogTemp:Display: Loaded TP Android_ATCTargetPlatform
[2017.05.07-21.43.22:934][  0]LogTemp:Display: Loaded TP Android_DXTTargetPlatform
[2017.05.07-21.43.22:973][  0]LogTemp:Display: Loaded TP Android_ETC1TargetPlatform
[2017.05.07-21.43.23:013][  0]LogTemp:Display: Loaded TP Android_ETC2TargetPlatform
[2017.05.07-21.43.23:092][  0]LogTemp:Display: Loaded TP Android_MultiTargetPlatform
[2017.05.07-21.43.23:092][  0]LogTemp:Display: Loaded TP Android_PVRTCTargetPlatform
[2017.05.07-21.43.23:120][  0]LogTemp:Display: Loaded TP HTML5TargetPlatform
[2017.05.07-21.43.23:215][  0]LogTemp:Display: Loaded TP IOSTargetPlatform
[2017.05.07-21.43.23:241][  0]LogTemp:Display: Loaded TP TVOSTargetPlatform
[2017.05.07-21.43.23:281][  0]LogTemp:Display: Loaded TP LinuxClientTargetPlatform
[2017.05.07-21.43.23:320][  0]LogTemp:Display: Loaded TP LinuxNoEditorTargetPlatform
[2017.05.07-21.43.23:360][  0]LogTemp:Display: Loaded TP LinuxServerTargetPlatform
[2017.05.07-21.43.23:403][  0]LogTemp:Display: Loaded TP LinuxTargetPlatform
[2017.05.07-21.43.23:403][  0]LogTargetPlatformManager:Display: Building Assets For Windows
[2017.05.07-21.43.23:919][  0]LogDerivedDataCache:Display: Max Cache Size: 512 MB
[2017.05.07-21.43.23:976][  0]LogDerivedDataCache: Loaded boot cache 0.06s 83MB C:/Users/Steven4K/AppData/Local/UnrealEngine/4.15/DerivedDataCache/Boot.ddc.
[2017.05.07-21.43.23:976][  0]LogDerivedDataCache:Display: Loaded Boot cache: C:/Users/Steven4K/AppData/Local/UnrealEngine/4.15/DerivedDataCache/Boot.ddc
[2017.05.07-21.43.23:976][  0]LogDerivedDataCache: FDerivedDataBackendGraph:  Pak pak cache file ../../../../../../Users/Steven4K/Desktop/ReDestiny/DestinyRedux/DerivedDataCache/DDC.ddp not found, will not use a pak cache.
[2017.05.07-21.43.23:976][  0]LogDerivedDataCache: Unable to find inner node Pak for hierarchical cache Hierarchy.
[2017.05.07-21.43.23:976][  0]LogDerivedDataCache: FDerivedDataBackendGraph:  CompressedPak pak cache file ../../../../../../Users/Steven4K/Desktop/ReDestiny/DestinyRedux/DerivedDataCache/Compressed.ddp not found, will not use a pak cache.
[2017.05.07-21.43.23:976][  0]LogDerivedDataCache: Unable to find inner node CompressedPak for hierarchical cache Hierarchy.
[2017.05.07-21.43.23:992][  0]LogDerivedDataCache:Display: Pak cache opened for reading ../../../Engine/DerivedDataCache/Compressed.ddp.
[2017.05.07-21.43.24:003][  0]LogDerivedDataCache: Using Local data cache path C:/Users/Steven4K/AppData/Local/UnrealEngine/Common/DerivedDataCache: Writable
[2017.05.07-21.43.24:010][  0]LogSlate: Using Freetype 2.6.0
[2017.05.07-21.43.24:019][  0]LogSlate: SlateFontCache - WITH_FREETYPE: 1, WITH_HARFBUZZ: 1
[2017.05.07-21.43.24:019][  0]LogSlate: SlateFontCache - WITH_FREETYPE: 1, WITH_HARFBUZZ: 1
[2017.05.07-21.43.25:621][  0]LogInit: Selected Device Profile: [Windows]
[2017.05.07-21.43.25:622][  0]LogContentStreaming: Texture pool size is 0.00 MB
[2017.05.07-21.43.25:800][  0]LogMeshUtilities: Using QuadricMeshReduction for automatic static mesh reduction
[2017.05.07-21.43.25:832][  0]LogSimplygon: Simplygon DLL not present - disabling.
[2017.05.07-21.43.25:870][  0]LogMeshUtilities: Using SimplygonSwarm for distributed automatic mesh merging
[2017.05.07-21.43.25:870][  0]LogMeshUtilities: No automatic skeletal mesh reduction module available
[2017.05.07-21.43.25:870][  0]LogMeshUtilities: No automatic mesh merging module available
[2017.05.07-21.43.26:632][  0]LogNetVersion: GetLocalNetworkVersion: CL: 3299760, ProjectName: destinyredux, ProjectVersion: , EngineNetworkVersion: 2, GameNetworkVersion: 0, NetworkChecksum: 2158004914
[2017.05.07-21.43.26:672][  0]LogAssetRegistry: FAssetRegistry took 0.0214 seconds to start up
[2017.05.07-21.43.26:721][  0]LogPackageLocalizationCache: Processed 3 localized package path(s) for 2 prioritized culture(s) in 0.029169 seconds
[2017.05.07-21.43.26:725][  0]LogUObjectArray: 32493 objects as part of root set at end of initial load.
[2017.05.07-21.43.26:725][  0]LogUObjectAllocator: 7077032 out of 0 bytes used by permanent object pool.
[2017.05.07-21.43.26:725][  0]LogUObjectArray: CloseDisregardForGC: 0/0 objects in disregard for GC pool
[2017.05.07-21.43.28:618][  0]LogTcpMessaging: Initializing TcpMessaging bridge
[2017.05.07-21.43.28:652][  0]LogUdpMessaging: Initializing bridge on interface 0.0.0.0:0 to multicast group 230.0.0.1:6666.
[2017.05.07-21.43.29:065][  0]LogMaterial: Uniform references updated for custom material expression Custom.
[2017.05.07-21.43.29:412][  0]SourceControl: Info Source control is disabled
[2017.05.07-21.43.29:477][  0]SourceControl: Info Source control is disabled
[2017.05.07-21.43.29:515][  0]SourceControl: Info Source control is disabled
[2017.05.07-21.43.29:551][  0]SourceControl: Info Source control is disabled
[2017.05.07-21.43.30:492][  0]LogEngine: Initializing Engine...
[2017.05.07-21.43.30:932][  0]LogHMD: Failed to initialize OpenVR with code 108
[2017.05.07-21.43.31:212][  0]LogAIModule: Creating AISystem for world Untitled
[2017.05.07-21.43.31:220][  0]LogInit: XAudio2 using 'Headphones (High Definition Audio Device)' : 2 channels at 44.1 kHz using 16 bits per sample (channel mask 0x3)
[2017.05.07-21.43.31:229][  0]LogInit: FAudioDevice initialized.
[2017.05.07-21.43.31:264][  0]LogDerivedDataCache: Saved boot cache 0.04s 60MB C:/Users/Steven4K/AppData/Local/UnrealEngine/4.15/DerivedDataCache/Boot.ddc.
[2017.05.07-21.43.31:274][  0]LogInit: Texture streaming: Enabled
[2017.05.07-21.43.31:351][  0]LogEngineSessionManager: EngineSessionManager initialized
[2017.05.07-21.43.31:416][  0]LogInit: Transaction tracking system initialized
[2017.05.07-21.43.31:672][  0]BlueprintLog: New page: Editor Load
[2017.05.07-21.43.32:368][  0]LocalizationService: Info Localization service is disabled
[2017.05.07-21.43.32:893][  0]LogConsoleResponse:Display: 
[2017.05.07-21.43.33:109][  0]LogCook:Display: Max memory allowance for cook 16384mb min free memory 0mb
[2017.05.07-21.43.33:110][  0]LogCook:Display: Mobile HDR setting 1
[2017.05.07-21.43.33:439][  0]LogFileCache: Scanning file cache for directory 'C:/Users/Steven4K/Desktop/ReDestiny/DestinyRedux/Content/' took 0.02s
[2017.05.07-21.43.33:938][  0]SourceControl: Info Source control is disabled
[2017.05.07-21.43.33:938][  0]Cmd: MAP LOAD FILE="../../../../../../Users/Steven4K/Desktop/ReDestiny/DestinyRedux/Content/ReDestiny/Maps/Level_ShipModular.umap" TEMPLATE=0 SHOWPROGRESS=1 FEATURELEVEL=3
[2017.05.07-21.43.33:941][  0]LightingResults: New page: Lighting Build
[2017.05.07-21.43.33:971][  0]MapCheck: New page: Map Check
[2017.05.07-21.43.33:971][  0]LightingResults: New page: Lighting Build
[2017.05.07-21.43.34:296][  0]LogStats: UGameplayTagsManager::ConstructGameplayTagTree: Construct from data asset -  0.000 s
[2017.05.07-21.43.34:297][  0]LogStats: UGameplayTagsManager::ConstructGameplayTagTree: ImportINI -  0.000 s
[2017.05.07-21.43.34:297][  0]LogStats: UGameplayTagsManager::ConstructGameplayTagTree: GameplayTagTreeChangedEvent.Broadcast -  0.000 s
[2017.05.07-21.43.34:628][  0]LogLinker: Can't find file '/Game/ReDestiny/Textures/ButtonIcons/XboxOne/XboxMainButton'
[2017.05.07-21.43.34:628][  0]LogLinker: Can't find file '/Game/ReDestiny/Textures/ButtonIcons/XboxOne/XboxMainButton'
[2017.05.07-21.43.40:236][  0]LogAIModule: Creating AISystem for world Level_ShipModular
[2017.05.07-21.43.40:274][  0]LogEditorServer: Finished looking for orphan Actors (0.000 secs)
[2017.05.07-21.43.40:274][  0]Cmd: MAP CHECKDEP NOCLEARLOG
[2017.05.07-21.43.40:381][  0]MapCheck: Info Map check complete: 0 Error(s), 0 Warning(s), took 107.24ms to complete.
[2017.05.07-21.43.40:381][  0]LogFileHelpers: Loading map 'Level_ShipModular' took 6.443
[2017.05.07-21.43.40:527][  0]LogCollectionManager: Loaded 1 collections in 0.004400 seconds
[2017.05.07-21.43.40:594][  0]LogFileCache: Scanning file cache for directory 'C:/Users/Steven4K/Desktop/ReDestiny/DestinyRedux/Saved/Collections/' took 0.01s
[2017.05.07-21.43.40:594][  0]LogFileCache: Scanning file cache for directory 'C:/Users/Steven4K/Desktop/ReDestiny/DestinyRedux/Content/Developers/Steven4K/Collections/' took 0.01s
[2017.05.07-21.43.40:594][  0]LogFileCache: Scanning file cache for directory 'C:/Users/Steven4K/Desktop/ReDestiny/DestinyRedux/Content/Collections/' took 0.01s
[2017.05.07-21.43.40:594][  0]LogCollectionManager: Rebuilt the GUID cache for 1 collections in 0.000003 seconds
[2017.05.07-21.43.40:594][  0]LogCollectionManager: Rebuilt the hierarchy cache for 1 collections in 0.000000 seconds
[2017.05.07-21.43.40:601][  0]LogContentBrowser: Native class hierarchy populated in 0.0069 seconds. Added 2245 classes and 453 folders.
[2017.05.07-21.43.40:650][  0]LogContentBrowser: Native class hierarchy updated for 'WidgetCarousel' in 0.0004 seconds. Added 0 classes and 0 folders.
[2017.05.07-21.43.40:854][  0]LogContentBrowser: Native class hierarchy updated for 'AddContentDialog' in 0.0004 seconds. Added 0 classes and 0 folders.
[2017.05.07-21.43.40:889][  0]LogContentBrowser: Native class hierarchy updated for 'SceneOutliner' in 0.0004 seconds. Added 1 classes and 2 folders.
[2017.05.07-21.43.41:005][  0]LogCrashTracker: Crashtracker disabled due to settings.
[2017.05.07-21.43.41:010][  0]LogUObjectGlobals:Warning: Failed to find object 'Class None.'
[2017.05.07-21.43.41:068][  0]LogContentBrowser: Native class hierarchy updated for 'HierarchicalLODOutliner' in 0.0004 seconds. Added 1 classes and 2 folders.
[2017.05.07-21.43.41:068][  0]LogLoad: (Engine Initialization) Total time: 39.55 seconds
[2017.05.07-21.43.41:068][  0]LogLoad: (Engine Initialization) Total Blueprint compile time: 1.49 seconds
[2017.05.07-21.43.41:068][  0]LogExternalProfiler: Found external profiler: VSPerf
[2017.05.07-21.43.41:068][  0]LogExternalProfiler: Using external profiler: VSPerf
[2017.05.07-21.43.41:407][  0]LogOcInput: OculusInput pre-init called
[2017.05.07-21.43.41:427][  0]LogContentStreaming: Texture pool size now 1000 MB
[2017.05.07-21.43.41:430][  0]LogSlate: Took 0.002695 seconds to synchronously load lazily loaded font '../../../Engine/Content/Slate/Fonts/Roboto-Regular.ttf' (155K)
[2017.05.07-21.43.41:437][  0]LogSlate: Took 0.002718 seconds to synchronously load lazily loaded font '../../../Engine/Content/Slate/Fonts/Roboto-Bold.ttf' (160K)
[2017.05.07-21.43.41:442][  0]LogSlate: Took 0.002617 seconds to synchronously load lazily loaded font '../../../Engine/Content/Editor/Slate/Fonts/FontAwesome.ttf' (139K)
[2017.05.07-21.43.41:553][  0]LogSlate: Took 0.002805 seconds to synchronously load lazily loaded font '../../../Engine/Content/Slate/Fonts/Roboto-Light.ttf' (159K)
[2017.05.07-21.43.41:734][  1]LogRenderer: Reallocating scene render targets to support 688x592 NumSamples 1 (Frame:2).
[2017.05.07-21.43.42:074][  2]LogAssetRegistry: Asset discovery search completed in 15.4238 seconds
[2017.05.07-21.43.42:074][  2]LogCollectionManager: Rebuilt the object cache for 1 collections in 0.000004 seconds (found 0 objects)
[2017.05.07-21.43.42:074][  2]LogCollectionManager: Fixed up redirectors for 1 collections in 0.000013 seconds (updated 0 objects)
[2017.05.07-21.44.33:281][178]LogSlate: Took 0.000104 seconds to synchronously load lazily loaded font '../../../Engine/Content/Slate/Fonts/Roboto-Light.ttf' (159K)
[2017.05.07-21.44.33:666][178]LogContentBrowser: Native class hierarchy updated for 'BlueprintGraph' in 0.0007 seconds. Added 112 classes and 0 folders.
[2017.05.07-21.44.34:291][178]LogSlate: Took 0.000139 seconds to synchronously load lazily loaded font '../../../Engine/Content/Slate/Fonts/Roboto-Light.ttf' (159K)
[2017.05.07-21.44.34:294][178]LogSlate: Took 0.002582 seconds to synchronously load lazily loaded font '../../../Engine/Content/Editor/Slate/Fonts/Roboto-BoldCondensed.ttf' (158K)
[2017.05.07-21.44.36:223][355]LogSlate: Took 0.002731 seconds to synchronously load lazily loaded font '../../../Engine/Content/Editor/Slate/Fonts/Roboto-Italic.ttf' (157K)
[2017.05.07-21.51.53:110][649]BlueprintLog: New page: Compile SingleQuest
[2017.05.07-21.51.53:192][649]LogBlueprint:Error: [Compiler SingleQuest] Error The current value of the ' New Progress Per Substep ' pin is invalid: Array inputs (like 'New Progress Per Substep') must have an input wired into them (try connecting a MakeMap node).
[2017.05.07-21.51.53:633][649]BlueprintEditorCompileResults:Error: Error The current value of the ' New Progress Per Substep ' pin is invalid: Array inputs (like 'New Progress Per Substep') must have an input wired into them (try connecting a MakeMap node).
[2017.05.07-21.51.53:633][649]LogBlueprint:Warning: [Compiler SingleQuest] Warning [0532.12] Compile of SingleQuest failed. 1 Fatal Issue(s) 0 Warning(s) [in 522 ms] (/Game/ReDestiny/Widgets/ProgressMenu/SingleQuest.SingleQuest)
[2017.05.07-21.52.18:655][216]BlueprintLog: New page: Compile SingleQuest
[2017.05.07-21.52.19:062][216]LogSavePackage: Save=119.00ms
[2017.05.07-21.52.19:062][216]LogSavePackage: Moving '../../../../../../Users/Steven4K/Desktop/ReDestiny/DestinyRedux/Saved/SingleQuest0D83F2704B3754F17386BF901716882E.tmp' to '../../../../../../Users/Steven4K/Desktop/ReDestiny/DestinyRedux/Content/ReDestiny/Widgets/ProgressMenu/SingleQuest.uasset'
[2017.05.07-21.52.19:064][216]LogSavePackage:Display: Finished SavePackage ../../../../../../Users/Steven4K/Desktop/ReDestiny/DestinyRedux/Content/ReDestiny/Widgets/ProgressMenu/SingleQuest.uasset
[2017.05.07-21.57.40:772][175]BlueprintLog: New page: Compile SingleQuest
[2017.05.07-21.57.41:200][175]LogSavePackage: Save=118.55ms
[2017.05.07-21.57.41:200][175]LogSavePackage: Moving '../../../../../../Users/Steven4K/Desktop/ReDestiny/DestinyRedux/Saved/SingleQuest547AA53B48C460EBF2F63E9EEAFDF0AB.tmp' to '../../../../../../Users/Steven4K/Desktop/ReDestiny/DestinyRedux/Content/ReDestiny/Widgets/ProgressMenu/SingleQuest.uasset'
[2017.05.07-21.57.41:204][175]LogSavePackage:Display: Finished SavePackage ../../../../../../Users/Steven4K/Desktop/ReDestiny/DestinyRedux/Content/ReDestiny/Widgets/ProgressMenu/SingleQuest.uasset
[2017.05.07-22.17.13:484][539]BlueprintLog: New page: Compile SingleQuest
[2017.05.07-22.17.13:912][539]LogSavePackage: Save=125.21ms
[2017.05.07-22.17.13:912][539]LogSavePackage: Moving '../../../../../../Users/Steven4K/Desktop/ReDestiny/DestinyRedux/Saved/SingleQuest10FA37C54939D649B86BC8968652798E.tmp' to '../../../../../../Users/Steven4K/Desktop/ReDestiny/DestinyRedux/Content/ReDestiny/Widgets/ProgressMenu/SingleQuest.uasset'
[2017.05.07-22.17.13:917][539]LogSavePackage:Display: Finished SavePackage ../../../../../../Users/Steven4K/Desktop/ReDestiny/DestinyRedux/Content/ReDestiny/Widgets/ProgressMenu/SingleQuest.uasset
[2017.05.07-22.17.16:622][798]LogTemp: Repeting last play command: New Editor Window (PIE)
[2017.05.07-22.17.16:663][798]LogPlayLevel: PlayLevel: No blueprints needed recompiling
[2017.05.07-22.17.16:663][798]LogOnline:Display: OSS: FOnlineSubsystemNull::Shutdown()
[2017.05.07-22.17.16:675][798]PIE: New page: PIE session: Level_ShipModular (May 7, 2017, 8:17:16 AM)
[2017.05.07-22.17.16:675][798]LogPlayLevel: Creating play world package: /Game/ReDestiny/Maps/UEDPIE_0_Level_ShipModular
[2017.05.07-22.17.16:707][798]LogPlayLevel: PIE: StaticDuplicateObject took: (0.031974s)
[2017.05.07-22.17.16:708][798]LogAIModule: Creating AISystem for world Level_ShipModular
[2017.05.07-22.17.16:708][798]LogPlayLevel: PIE: World Init took: (0.001119s)
[2017.05.07-22.17.16:709][798]LogPlayLevel: PIE: Created PIE world by copying editor world from /Game/ReDestiny/Maps/Level_ShipModular.Level_ShipModular to /Game/ReDestiny/Maps/UEDPIE_0_Level_ShipModular.Level_ShipModular (0.033446s)
[2017.05.07-22.17.16:734][798]LogInit: XAudio2 using 'Headphones (High Definition Audio Device)' : 2 channels at 44.1 kHz using 16 bits per sample (channel mask 0x3)
[2017.05.07-22.17.16:739][798]LogInit: FAudioDevice initialized.
[2017.05.07-22.17.16:769][798]LogStats:Warning: MetaData mismatch. Did you assign a stat to two groups? New //STATGROUP_Threads//OnlineAsyncTaskThreadNull DefaultInstance///Thread_35dc_0///####STATCAT_Advanced#### old //STATGROUP_Threads//OnlineAsyncTaskThreadNull DefaultInstance///Thread_9b4_0///####STATCAT_Advanced####
[2017.05.07-22.17.16:822][798]LogLoad: Game class is 'FirstPersonGameMode_C'
[2017.05.07-22.17.16:827][798]LogWorld: Bringing World /Game/ReDestiny/Maps/UEDPIE_0_Level_ShipModular.Level_ShipModular up for play (max tick rate 0) at 2017.05.07-15.17.16
[2017.05.07-22.17.16:828][798]LogWorld: Bringing up level for play took: 0.005211
[2017.05.07-22.17.16:890][798]LogContentBrowser: Native class hierarchy updated for 'MovieSceneCapture' in 0.0007 seconds. Added 11 classes and 0 folders.
[2017.05.07-22.17.16:981][798]LogScriptCore:Warning: Script Msg: Attempted to access index 3 from array ItemsForSale of length 3!
[2017.05.07-22.17.16:981][798]LogScriptCore:Warning: Script Msg: Attempted to access index 3 from array ItemsForSale of length 3!
[2017.05.07-22.17.16:981][798]LogScriptCore:Warning: Script Msg: Attempted to access index 4 from array ItemsForSale of length 3!
[2017.05.07-22.17.16:981][798]LogScriptCore:Warning: Script Msg: Attempted to access index 4 from array ItemsForSale of length 3!
[2017.05.07-22.17.16:981][798]LogScriptCore:Warning: Script Msg: Attempted to access index 5 from array ItemsForSale of length 3!
[2017.05.07-22.17.16:981][798]LogScriptCore:Warning: Script Msg: Attempted to access index 5 from array ItemsForSale of length 3!
[2017.05.07-22.17.17:007][798]LogScriptCore:Warning: Script Msg: Attempted to access index 1 from array ItemsForSale of length 1!
[2017.05.07-22.17.17:007][798]LogScriptCore:Warning: Script Msg: Attempted to access index 1 from array ItemsForSale of length 1!
[2017.05.07-22.17.17:007][798]LogScriptCore:Warning: Script Msg: Attempted to access index 2 from array ItemsForSale of length 1!
[2017.05.07-22.17.17:007][798]LogScriptCore:Warning: Script Msg: Attempted to access index 2 from array ItemsForSale of length 1!
[2017.05.07-22.17.17:007][798]LogScriptCore:Warning: Script Msg: Attempted to access index 3 from array ItemsForSale of length 1!
[2017.05.07-22.17.17:007][798]LogScriptCore:Warning: Script Msg: Attempted to access index 3 from array ItemsForSale of length 1!
[2017.05.07-22.17.17:007][798]LogScriptCore:Warning: Script Msg: Attempted to access index 4 from array ItemsForSale of length 1!
[2017.05.07-22.17.17:007][798]LogScriptCore:Warning: Script Msg: Attempted to access index 4 from array ItemsForSale of length 1!
[2017.05.07-22.17.17:007][798]LogScriptCore:Warning: Script Msg: Attempted to access index 5 from array ItemsForSale of length 1!
[2017.05.07-22.17.17:007][798]LogScriptCore:Warning: Script Msg: Attempted to access index 5 from array ItemsForSale of length 1!
[2017.05.07-22.17.17:032][798]LogScriptCore:Warning: Script Msg: Attempted to access index 2 from array ItemsForSale of length 2!
[2017.05.07-22.17.17:032][798]LogScriptCore:Warning: Script Msg: Attempted to access index 2 from array ItemsForSale of length 2!
[2017.05.07-22.17.17:032][798]LogScriptCore:Warning: Script Msg: Attempted to access index 3 from array ItemsForSale of length 2!
[2017.05.07-22.17.17:032][798]LogScriptCore:Warning: Script Msg: Attempted to access index 3 from array ItemsForSale of length 2!
[2017.05.07-22.17.17:032][798]LogScriptCore:Warning: Script Msg: Attempted to access index 4 from array ItemsForSale of length 2!
[2017.05.07-22.17.17:032][798]LogScriptCore:Warning: Script Msg: Attempted to access index 4 from array ItemsForSale of length 2!
[2017.05.07-22.17.17:032][798]LogScriptCore:Warning: Script Msg: Attempted to access index 5 from array ItemsForSale of length 2!
[2017.05.07-22.17.17:033][798]LogScriptCore:Warning: Script Msg: Attempted to access index 5 from array ItemsForSale of length 2!
[2017.05.07-22.17.17:033][798]LogScriptCore:Warning: Script Msg: Attempted to access index 3 from array ItemsForSale of length 3!
[2017.05.07-22.17.17:033][798]LogScriptCore:Warning: Script Msg: Attempted to access index 3 from array ItemsForSale of length 3!
[2017.05.07-22.17.17:033][798]LogScriptCore:Warning: Script Msg: Attempted to access index 4 from array ItemsForSale of length 3!
[2017.05.07-22.17.17:033][798]LogScriptCore:Warning: Script Msg: Attempted to access index 4 from array ItemsForSale of length 3!
[2017.05.07-22.17.17:033][798]LogScriptCore:Warning: Script Msg: Attempted to access index 5 from array ItemsForSale of length 3!
[2017.05.07-22.17.17:033][798]LogScriptCore:Warning: Script Msg: Attempted to access index 5 from array ItemsForSale of length 3!
[2017.05.07-22.17.17:033][798]LogScriptCore:Warning: Script Msg: Attempted to access index 1 from array ItemsForSale of length 1!
[2017.05.07-22.17.17:033][798]LogScriptCore:Warning: Script Msg: Attempted to access index 1 from array ItemsForSale of length 1!
[2017.05.07-22.17.17:033][798]LogScriptCore:Warning: Script Msg: Attempted to access index 2 from array ItemsForSale of length 1!
[2017.05.07-22.17.17:033][798]LogScriptCore:Warning: Script Msg: Attempted to access index 2 from array ItemsForSale of length 1!
[2017.05.07-22.17.17:033][798]LogScriptCore:Warning: Script Msg: Attempted to access index 3 from array ItemsForSale of length 1!
[2017.05.07-22.17.17:033][798]LogScriptCore:Warning: Script Msg: Attempted to access index 3 from array ItemsForSale of length 1!
[2017.05.07-22.17.17:033][798]LogScriptCore:Warning: Script Msg: Attempted to access index 4 from array ItemsForSale of length 1!
[2017.05.07-22.17.17:033][798]LogScriptCore:Warning: Script Msg: Attempted to access index 4 from array ItemsForSale of length 1!
[2017.05.07-22.17.17:033][798]LogScriptCore:Warning: Script Msg: Attempted to access index 5 from array ItemsForSale of length 1!
[2017.05.07-22.17.17:033][798]LogScriptCore:Warning: Script Msg: Attempted to access index 5 from array ItemsForSale of length 1!
[2017.05.07-22.17.17:034][798]LogScriptCore:Warning: Script Msg: Attempted to access index 2 from array ItemsForSale of length 2!
[2017.05.07-22.17.17:034][798]LogScriptCore:Warning: Script Msg: Attempted to access index 2 from array ItemsForSale of length 2!
[2017.05.07-22.17.17:034][798]LogScriptCore:Warning: Script Msg: Attempted to access index 3 from array ItemsForSale of length 2!
[2017.05.07-22.17.17:034][798]LogScriptCore:Warning: Script Msg: Attempted to access index 3 from array ItemsForSale of length 2!
[2017.05.07-22.17.17:034][798]LogScriptCore:Warning: Script Msg: Attempted to access index 4 from array ItemsForSale of length 2!
[2017.05.07-22.17.17:034][798]LogScriptCore:Warning: Script Msg: Attempted to access index 4 from array ItemsForSale of length 2!
[2017.05.07-22.17.17:034][798]LogScriptCore:Warning: Script Msg: Attempted to access index 5 from array ItemsForSale of length 2!
[2017.05.07-22.17.17:034][798]LogScriptCore:Warning: Script Msg: Attempted to access index 5 from array ItemsForSale of length 2!
[2017.05.07-22.17.17:203][798]LogScript:Warning: Accessed None trying to read property CallFunc_Array_Get_Item
	SingleQuest_C /Engine/Transient.UnrealEdEngine_0:GameInstance_0.MainWidget_C_0.WidgetTree_898.ProgressPage.WidgetTree_899.Quest2
	Function /Game/ReDestiny/Widgets/ProgressMenu/SingleQuest.SingleQuest_C:UpdateProgressPerSubstep:004D
[2017.05.07-22.17.17:288][798]PIE:Error: Error Blueprint Runtime Error: Accessed None trying to read property CallFunc_Array_Get_Item from function: 'UpdateProgressPerSubstep' from node: Update All Progress in graph: UpdateProgressPerSubstep in object: SingleQuest with description: Accessed None trying to read property CallFunc_Array_Get_Item
[2017.05.07-22.17.17:292][798]LogScriptCore:Warning: Script Msg: Attempted to access index 0 from array StepTitles_28_0E48D54E412A8F6965E5448C7D8E1D6C of length 0!
[2017.05.07-22.17.17:292][798]LogScriptCore:Warning: Script Msg: Attempted to access index 0 from array DescriptionsPerStep_45_15D80D184978E964CBA818BD29849F37 of length 0!
[2017.05.07-22.17.17:293][798]LogScriptCore:Warning: Script Msg: Attempted to access index 0 from array StepTitles_28_0E48D54E412A8F6965E5448C7D8E1D6C of length 0!
[2017.05.07-22.17.17:293][798]LogScriptCore:Warning: Script Msg: Attempted to access index 0 from array StepTitles_28_0E48D54E412A8F6965E5448C7D8E1D6C of length 0!
[2017.05.07-22.17.17:296][798]LogScript:Warning: Accessed None trying to read property CallFunc_Array_Get_Item
	SingleQuest_C /Engine/Transient.UnrealEdEngine_0:GameInstance_0.MainWidget_C_0.WidgetTree_898.ProgressPage.WidgetTree_899.Quest1
	Function /Game/ReDestiny/Widgets/ProgressMenu/SingleQuest.SingleQuest_C:UpdateProgressPerSubstep:004D
[2017.05.07-22.17.17:296][798]PIE:Error: Error Blueprint Runtime Error: Accessed None trying to read property CallFunc_Array_Get_Item from function: 'UpdateProgressPerSubstep' from node: Update All Progress in graph: UpdateProgressPerSubstep in object: SingleQuest with description: Accessed None trying to read property CallFunc_Array_Get_Item
[2017.05.07-22.17.17:300][798]LogScriptCore:Warning: Script Msg: Attempted to access index 0 from array StepTitles_28_0E48D54E412A8F6965E5448C7D8E1D6C of length 0!
[2017.05.07-22.17.17:300][798]LogScriptCore:Warning: Script Msg: Attempted to access index 0 from array DescriptionsPerStep_45_15D80D184978E964CBA818BD29849F37 of length 0!
[2017.05.07-22.17.17:300][798]LogScriptCore:Warning: Script Msg: Attempted to access index 0 from array StepTitles_28_0E48D54E412A8F6965E5448C7D8E1D6C of length 0!
[2017.05.07-22.17.17:300][798]LogScriptCore:Warning: Script Msg: Attempted to access index 0 from array StepTitles_28_0E48D54E412A8F6965E5448C7D8E1D6C of length 0!
[2017.05.07-22.17.17:320][798]PIE: Info Play in editor start time for /Game/ReDestiny/Maps/UEDPIE_0_Level_ShipModular 1.598
[2017.05.07-22.17.17:373][798]LogRenderer: Reallocating scene render targets to support 1612x936 NumSamples 1 (Frame:40994).
[2017.05.07-22.17.26:047][319]LogOnline:Display: OSS: FOnlineSubsystemNull::Shutdown()
[2017.05.07-22.17.26:047][319]LogPlayLevel:Display: Shutting down PIE online subsystems
[2017.05.07-22.17.26:325][320]LogPlayLevel:Display: Destroying online subsystem :Context_7
[2017.05.07-22.17.26:325][320]LogOnline:Display: OSS: FOnlineSubsystemNull::Shutdown()
[2017.05.07-22.43.11:395][725]LogWindowsTextInputMethodSystem:Display: IME system now deactivated.
[2017.05.07-22.43.11:580][726]Cmd: QUIT_EDITOR
[2017.05.07-22.43.12:423][726]LogExit: Preparing to exit.
[2017.05.07-22.43.13:077][726]LogDirectoryWatcher: A directory notification for 'C:/Users/Steven4K/Desktop/ReDestiny/DestinyRedux/Content/' was aborted.
[2017.05.07-22.43.13:405][726]LogExit: Editor shut down
[2017.05.07-22.43.13:407][726]LogExit: Transaction tracking system shut down
[2017.05.07-22.43.13:684][726]LogObj: Freed 0b from 0 cluster array pools.
[2017.05.07-22.43.13:685][726]LogExit: Object subsystem successfully closed.
[2017.05.07-22.43.13:697][726]LogD3D11RHI: Shutdown
[2017.05.07-22.43.13:697][726]LogD3D11RHI: CleanupD3DDevice
[2017.05.07-22.43.13:777][726]LogD3D11RHI: ~FD3D11DynamicRHI
[2017.05.07-22.43.13:788][726]LogModuleManager: Shutting down and abandoning module MovieSceneCapture (508)
[2017.05.07-22.43.13:788][726]LogModuleManager: Shutting down and abandoning module Voice (506)
[2017.05.07-22.43.13:788][726]LogModuleManager: Shutting down and abandoning module SequencerWidgets (504)
[2017.05.07-22.43.13:788][726]LogModuleManager: Shutting down and abandoning module BlueprintGraph (502)
[2017.05.07-22.43.13:788][726]LogModuleManager: Shutting down and abandoning module BlueprintProfiler (500)
[2017.05.07-22.43.13:788][726]LogModuleManager: Shutting down and abandoning module HierarchicalLODOutliner (498)
[2017.05.07-22.43.13:788][726]LogModuleManager: Shutting down and abandoning module CrashTracker (496)
[2017.05.07-22.43.13:788][726]LogModuleManager: Shutting down and abandoning module SceneOutliner (494)
[2017.05.07-22.43.13:788][726]LogModuleManager: Shutting down and abandoning module AddContentDialog (492)
[2017.05.07-22.43.13:788][726]LogDirectoryWatcher: A directory notification for 'C:/Program Files/Epic Games/UE_4.15/FeaturePacks/' was aborted.
[2017.05.07-22.43.13:792][726]LogModuleManager: Shutting down and abandoning module WidgetCarousel (491)
[2017.05.07-22.43.13:792][726]LogModuleManager: Shutting down and abandoning module EditorWidgets (488)
[2017.05.07-22.43.13:792][726]LogModuleManager: Shutting down and abandoning module CollectionManager (486)
[2017.05.07-22.43.13:792][726]LogDirectoryWatcher: A directory notification for 'C:/Users/Steven4K/Desktop/ReDestiny/DestinyRedux/Content/Collections/' was aborted.
[2017.05.07-22.43.13:792][726]LogDirectoryWatcher: A directory notification for 'C:/Users/Steven4K/Desktop/ReDestiny/DestinyRedux/Content/Developers/Steven4K/Collections/' was aborted.
[2017.05.07-22.43.13:792][726]LogDirectoryWatcher: A directory notification for 'C:/Users/Steven4K/Desktop/ReDestiny/DestinyRedux/Saved/Collections/' was aborted.
[2017.05.07-22.43.13:792][726]LogModuleManager: Shutting down and abandoning module StatsViewer (484)
[2017.05.07-22.43.13:792][726]LogModuleManager: Shutting down and abandoning module FoliageEdit (482)
[2017.05.07-22.43.13:792][726]LogModuleManager: Shutting down and abandoning module LandscapeEditor (480)
[2017.05.07-22.43.13:792][726]LogModuleManager: Shutting down and abandoning module SceneDepthPickerMode (478)
[2017.05.07-22.43.13:792][726]LogModuleManager: Shutting down and abandoning module ActorPickerMode (476)
[2017.05.07-22.43.13:792][726]LogModuleManager: Shutting down and abandoning module GeometryMode (474)
[2017.05.07-22.43.13:792][726]LogModuleManager: Shutting down and abandoning module TextureAlignMode (472)
[2017.05.07-22.43.13:792][726]LogModuleManager: Shutting down and abandoning module BspMode (470)
[2017.05.07-22.43.13:792][726]LogModuleManager: Shutting down and abandoning module HardwareSurvey (468)
[2017.05.07-22.43.13:792][726]LogModuleManager: Shutting down and abandoning module SequenceRecorderSections (466)
[2017.05.07-22.43.13:792][726]LogModuleManager: Shutting down and abandoning module AutomationWorker (464)
[2017.05.07-22.43.13:792][726]LogModuleManager: Shutting down and abandoning module MatineeToLevelSequence (462)
[2017.05.07-22.43.13:792][726]LogModuleManager: Shutting down and abandoning module LevelSequenceEditor (460)
[2017.05.07-22.43.13:792][726]LogModuleManager: Shutting down and abandoning module PlacementMode (459)
[2017.05.07-22.43.13:792][726]LogModuleManager: Shutting down and abandoning module WmfMediaFactory (456)
[2017.05.07-22.43.13:792][726]LogModuleManager: Shutting down and abandoning module WmfMediaEditor (454)
[2017.05.07-22.43.13:792][726]LogModuleManager: Shutting down and abandoning module MfMediaFactory (452)
[2017.05.07-22.43.13:792][726]LogModuleManager: Shutting down and abandoning module MfMediaEditor (450)
[2017.05.07-22.43.13:792][726]LogModuleManager: Shutting down and abandoning module AvfMediaFactory (448)
[2017.05.07-22.43.13:792][726]LogModuleManager: Shutting down and abandoning module AvfMediaEditor (446)
[2017.05.07-22.43.13:792][726]LogModuleManager: Shutting down and abandoning module AndroidMediaFactory (444)
[2017.05.07-22.43.13:792][726]LogModuleManager: Shutting down and abandoning module Media (443)
[2017.05.07-22.43.13:792][726]LogModuleManager: Shutting down and abandoning module AndroidMediaEditor (440)
[2017.05.07-22.43.13:792][726]LogModuleManager: Shutting down and abandoning module CharacterAI (438)
[2017.05.07-22.43.13:792][726]LogModuleManager: Shutting down and abandoning module AudioCapture (436)
[2017.05.07-22.43.13:792][726]LogModuleManager: Shutting down and abandoning module SequenceRecorder (435)
[2017.05.07-22.43.13:793][726]LogModuleManager: Shutting down and abandoning module SmartSnapping (432)
[2017.05.07-22.43.13:793][726]LogModuleManager: Shutting down and abandoning module SessionServices (430)
[2017.05.07-22.43.13:793][726]LogModuleManager: Shutting down and abandoning module ViewportSnapping (428)
[2017.05.07-22.43.13:793][726]LogModuleManager: Shutting down and abandoning module ViewportInteraction (426)
[2017.05.07-22.43.13:793][726]LogModuleManager: Shutting down and abandoning module LogVisualizer (424)
[2017.05.07-22.43.13:793][726]LogModuleManager: Shutting down and abandoning module IntroTutorials (422)
[2017.05.07-22.43.13:793][726]LogModuleManager: Shutting down and abandoning module GameProjectGeneration (421)
[2017.05.07-22.43.13:793][726]LogModuleManager: Shutting down and abandoning module EditorLiveStreaming (418)
[2017.05.07-22.43.13:793][726]LogModuleManager: Shutting down and abandoning module IOSPlatformEditor (416)
[2017.05.07-22.43.13:793][726]LogModuleManager: Shutting down and abandoning module HTML5PlatformEditor (414)
[2017.05.07-22.43.13:793][726]LogModuleManager: Shutting down and abandoning module AndroidPlatformEditor (412)
[2017.05.07-22.43.13:793][726]LogModuleManager: Shutting down and abandoning module AndroidDeviceDetection (411)
[2017.05.07-22.43.13:814][726]LogModuleManager: Shutting down and abandoning module IOSRuntimeSettings (408)
[2017.05.07-22.43.13:814][726]LogModuleManager: Shutting down and abandoning module AndroidRuntimeSettings (406)
[2017.05.07-22.43.13:814][726]LogModuleManager: Shutting down and abandoning module InputBindingEditor (404)
[2017.05.07-22.43.13:814][726]LogModuleManager: Shutting down and abandoning module NiagaraEditor (402)
[2017.05.07-22.43.13:814][726]LogModuleManager: Shutting down and abandoning module MergeActors (400)
[2017.05.07-22.43.13:814][726]LogModuleManager: Shutting down and abandoning module SizeMap (398)
[2017.05.07-22.43.13:814][726]LogModuleManager: Shutting down and abandoning module TreeMap (396)
[2017.05.07-22.43.13:814][726]LogModuleManager: Shutting down and abandoning module ReferenceViewer (394)
[2017.05.07-22.43.13:814][726]LogModuleManager: Shutting down and abandoning module LocalizationDashboard (392)
[2017.05.07-22.43.13:814][726]LogModuleManager: Shutting down and abandoning module LocalizationService (391)
[2017.05.07-22.43.13:814][726]LogModuleManager: Shutting down and abandoning module HardwareTargeting (388)
[2017.05.07-22.43.13:814][726]LogModuleManager: Shutting down and abandoning module DeviceProfileEditor (386)
[2017.05.07-22.43.13:814][726]LogModuleManager: Shutting down and abandoning module UndoHistory (384)
[2017.05.07-22.43.13:814][726]LogModuleManager: Shutting down and abandoning module UserFeedback (382)
[2017.05.07-22.43.13:814][726]LogModuleManager: Shutting down and abandoning module XmlParser (380)
[2017.05.07-22.43.13:814][726]LogModuleManager: Shutting down and abandoning module Blutility (378)
[2017.05.07-22.43.13:814][726]LogModuleManager: Shutting down and abandoning module ProjectSettingsViewer (376)
[2017.05.07-22.43.13:814][726]LogModuleManager: Shutting down and abandoning module ProjectTargetPlatformEditor (375)
[2017.05.07-22.43.13:814][726]LogModuleManager: Shutting down and abandoning module EditorSettingsViewer (372)
[2017.05.07-22.43.13:815][726]LogModuleManager: Shutting down and abandoning module SettingsEditor (370)
[2017.05.07-22.43.13:815][726]LogModuleManager: Shutting down and abandoning module ProjectLauncher (368)
[2017.05.07-22.43.13:815][726]LogModuleManager: Shutting down and abandoning module SessionFrontend (366)
[2017.05.07-22.43.13:815][726]LogModuleManager: Shutting down and abandoning module ProfilerClient (364)
[2017.05.07-22.43.13:815][726]LogModuleManager: Shutting down and abandoning module DeviceManager (362)
[2017.05.07-22.43.13:815][726]LogModuleManager: Shutting down and abandoning module TargetDeviceServices (361)
[2017.05.07-22.43.13:859][726]LogModuleManager: Shutting down and abandoning module AutomationController (358)
[2017.05.07-22.43.13:859][726]LogModuleManager: Shutting down and abandoning module AutomationWindow (356)
[2017.05.07-22.43.13:859][726]LogModuleManager: Shutting down and abandoning module Layers (354)
[2017.05.07-22.43.13:859][726]LogModuleManager: Shutting down and abandoning module ComponentVisualizers (352)
[2017.05.07-22.43.13:859][726]LogModuleManager: Shutting down and abandoning module DetailCustomizations (350)
[2017.05.07-22.43.13:859][726]LogModuleManager: Shutting down and abandoning module PackagesDialog (348)
[2017.05.07-22.43.13:859][726]LogModuleManager: Shutting down and abandoning module Persona (346)
[2017.05.07-22.43.13:859][726]LogModuleManager: Shutting down and abandoning module AnimGraph (345)
[2017.05.07-22.43.13:859][726]LogModuleManager: Shutting down and abandoning module Kismet (342)
[2017.05.07-22.43.13:867][726]LogModuleManager: Shutting down and abandoning module GraphEditor (340)
[2017.05.07-22.43.13:867][726]LogModuleManager: Shutting down and abandoning module ClassViewer (338)
[2017.05.07-22.43.13:867][726]LogModuleManager: Shutting down and abandoning module Toolbox (336)
[2017.05.07-22.43.13:867][726]LogModuleManager: Shutting down and abandoning module ModuleUI (334)
[2017.05.07-22.43.13:867][726]LogModuleManager: Shutting down and abandoning module MovieSceneTools (332)
[2017.05.07-22.43.13:867][726]LogModuleManager: Shutting down and abandoning module OutputLog (330)
[2017.05.07-22.43.13:867][726]LogModuleManager: Shutting down and abandoning module GammaUI (328)
[2017.05.07-22.43.13:867][726]LogModuleManager: Shutting down and abandoning module Documentation (326)
[2017.05.07-22.43.13:867][726]LogModuleManager: Shutting down and abandoning module Niagara (324)
[2017.05.07-22.43.13:867][726]LogModuleManager: Shutting down and abandoning module StreamingPauseRendering (322)
[2017.05.07-22.43.13:867][726]LogModuleManager: Shutting down and abandoning module AnalyticsET (320)
[2017.05.07-22.43.13:867][726]LogModuleManager: Shutting down and abandoning module PortalServices (318)
[2017.05.07-22.43.13:867][726]LogModuleManager: Shutting down and abandoning module PortalRpc (316)
[2017.05.07-22.43.13:867][726]LogModuleManager: Shutting down and abandoning module MessagingRpc (314)
[2017.05.07-22.43.13:867][726]LogModuleManager: Shutting down and abandoning module AIModule (312)
[2017.05.07-22.43.13:867][726]LogModuleManager: Shutting down and abandoning module GameplayDebugger (311)
[2017.05.07-22.43.13:867][726]LogModuleManager: Shutting down and abandoning module AITestSuite (309)
[2017.05.07-22.43.13:867][726]LogModuleManager: Shutting down and abandoning module ProfilerService (306)
[2017.05.07-22.43.13:880][726]LogModuleManager: Shutting down and abandoning module TaskGraph (304)
[2017.05.07-22.43.13:880][726]LogModuleManager: Shutting down and abandoning module SteamVRController (302)
[2017.05.07-22.43.13:880][726]LogModuleManager: Shutting down and abandoning module SteamVR (300)
[2017.05.07-22.43.13:880][726]LogModuleManager: Shutting down and abandoning module ProceduralMeshComponentEditor (298)
[2017.05.07-22.43.13:880][726]LogModuleManager: Shutting down and abandoning module ProceduralMeshComponent (296)
[2017.05.07-22.43.13:880][726]LogModuleManager: Shutting down and abandoning module OculusLibrary (294)
[2017.05.07-22.43.13:880][726]LogModuleManager: Shutting down and abandoning module OculusInput (292)
[2017.05.07-22.43.13:880][726]LogModuleManager: Shutting down and abandoning module MobilePatchingUtils (290)
[2017.05.07-22.43.13:880][726]LogModuleManager: Shutting down and abandoning module CustomMeshComponent (288)
[2017.05.07-22.43.13:880][726]LogModuleManager: Shutting down and abandoning module CableComponent (286)
[2017.05.07-22.43.13:880][726]LogModuleManager: Shutting down and abandoning module ArchVisCharacter (284)
[2017.05.07-22.43.13:880][726]LogModuleManager: Shutting down and abandoning module MediaPlayerEditor (282)
[2017.05.07-22.43.13:880][726]LogModuleManager: Shutting down and abandoning module HTML5Networking (280)
[2017.05.07-22.43.13:880][726]LogModuleManager: Shutting down and abandoning module AlembicImporter (278)
[2017.05.07-22.43.13:880][726]LogModuleManager: Shutting down and abandoning module AlembicLibrary (277)
[2017.05.07-22.43.13:880][726]LogModuleManager: Shutting down and abandoning module GeometryCache (276)
[2017.05.07-22.43.13:880][726]LogModuleManager: Shutting down and abandoning module GeometryCacheEd (275)
[2017.05.07-22.43.13:880][726]LogModuleManager: Shutting down and abandoning module SuperSearchEditor (270)
[2017.05.07-22.43.13:880][726]LogModuleManager: Shutting down and abandoning module SuperSearch (269)
[2017.05.07-22.43.13:880][726]LogModuleManager: Shutting down and abandoning module SpeedTreeImporter (266)
[2017.05.07-22.43.13:880][726]LogModuleManager: Shutting down and abandoning module PluginBrowser (264)
[2017.05.07-22.43.13:881][726]LogModuleManager: Shutting down and abandoning module MobileLauncherProfileWizard (262)
[2017.05.07-22.43.13:881][726]LogModuleManager: Shutting down and abandoning module EpicSurvey (260)
[2017.05.07-22.43.13:881][726]LogModuleManager: Shutting down and abandoning module VisualStudioSourceCodeAccess (258)
[2017.05.07-22.43.13:881][726]LogModuleManager: Shutting down and abandoning module DesktopPlatform (257)
[2017.05.07-22.43.13:881][726]LogModuleManager: Shutting down and abandoning module UObjectPlugin (254)
[2017.05.07-22.43.13:881][726]LogModuleManager: Shutting down and abandoning module SubversionSourceControl (252)
[2017.05.07-22.43.13:881][726]LogModuleManager: Shutting down and abandoning module PerforceSourceControl (250)
[2017.05.07-22.43.13:881][726]LogModuleManager: Shutting down and abandoning module GitSourceControl (248)
[2017.05.07-22.43.13:881][726]LogModuleManager: Shutting down and abandoning module SourceControl (247)
[2017.05.07-22.43.13:881][726]LogModuleManager: Shutting down and abandoning module LightPropagationVolumeEditor (244)
[2017.05.07-22.43.13:881][726]LogModuleManager: Shutting down and abandoning module PaperTiledImporter (242)
[2017.05.07-22.43.13:881][726]LogModuleManager: Shutting down and abandoning module PaperSpriteSheetImporter (240)
[2017.05.07-22.43.13:881][726]LogModuleManager: Shutting down and abandoning module Paper2DEditor (238)
[2017.05.07-22.43.13:881][726]LogModuleManager: Shutting down and abandoning module MeshPaint (237)
[2017.05.07-22.43.13:881][726]LogModuleManager: Shutting down and abandoning module LevelEditor (235)
[2017.05.07-22.43.13:882][726]LogModuleManager: Shutting down and abandoning module PixelInspectorModule (234)
[2017.05.07-22.43.13:882][726]LogModuleManager: Shutting down and abandoning module MainFrame (232)
[2017.05.07-22.43.13:882][726]LogModuleManager: Shutting down and abandoning module HotReload (231)
[2017.05.07-22.43.13:882][726]LogModuleManager: Shutting down and abandoning module ContentBrowser (227)
[2017.05.07-22.43.13:883][726]LogModuleManager: Shutting down and abandoning module PhysXVehiclesEditor (224)
[2017.05.07-22.43.13:883][726]LogModuleManager: Shutting down and abandoning module PhysXVehicles (222)
[2017.05.07-22.43.13:883][726]LogModuleManager: Shutting down and abandoning module LocationServicesBPLibrary (220)
[2017.05.07-22.43.13:883][726]LogModuleManager: Shutting down and abandoning module UdpMessaging (218)
[2017.05.07-22.43.13:984][726]LogModuleManager: Shutting down and abandoning module TcpMessaging (216)
[2017.05.07-22.43.14:085][726]LogModuleManager: Shutting down and abandoning module GameplayTagsEditor (214)
[2017.05.07-22.43.14:085][726]LogModuleManager: Shutting down and abandoning module FacialAnimationEditor (212)
[2017.05.07-22.43.14:085][726]LogModuleManager: Shutting down and abandoning module FacialAnimation (210)
[2017.05.07-22.43.14:085][726]LogModuleManager: Shutting down and abandoning module LightPropagationVolumeRuntime (208)
[2017.05.07-22.43.14:085][726]LogModuleManager: Shutting down and abandoning module Paper2D (206)
[2017.05.07-22.43.14:085][726]LogModuleManager: Shutting down and abandoning module WindowsMoviePlayer (204)
[2017.05.07-22.43.14:085][726]LogModuleManager: Shutting down and abandoning module WmfMedia (202)
[2017.05.07-22.43.14:085][726]LogModuleManager: Shutting down and abandoning module MfMedia (200)
[2017.05.07-22.43.14:085][726]LogModuleManager: Shutting down and abandoning module MediaAssets (198)
[2017.05.07-22.43.14:085][726]LogModuleManager: Shutting down and abandoning module GameLiveStreaming (196)
[2017.05.07-22.43.14:085][726]LogModuleManager: Shutting down and abandoning module VREditor (194)
[2017.05.07-22.43.14:085][726]LogModuleManager: Shutting down and abandoning module GameplayTasksEditor (192)
[2017.05.07-22.43.14:085][726]LogModuleManager: Shutting down and abandoning module BehaviorTreeEditor (190)
[2017.05.07-22.43.14:085][726]LogModuleManager: Shutting down and abandoning module FunctionalTesting (188)
[2017.05.07-22.43.14:085][726]LogModuleManager: Shutting down and abandoning module CollisionAnalyzer (186)
[2017.05.07-22.43.14:085][726]LogModuleManager: Shutting down and abandoning module UMG (184)
[2017.05.07-22.43.14:085][726]LogModuleManager: Shutting down and abandoning module UMGEditor (183)
[2017.05.07-22.43.14:085][726]LogModuleManager: Shutting down and abandoning module Sequencer (182)
[2017.05.07-22.43.14:085][726]LogModuleManager: Shutting down and abandoning module AssetTools (180)
[2017.05.07-22.43.14:085][726]LogModuleManager: Shutting down and abandoning module MessageLog (179)
[2017.05.07-22.43.14:085][726]LogModuleManager: Shutting down and abandoning module WorkspaceMenuStructure (178)
[2017.05.07-22.43.14:085][726]LogModuleManager: Shutting down and abandoning module SlateReflector (172)
[2017.05.07-22.43.14:085][726]LogModuleManager: Shutting down and abandoning module Slate (170)
[2017.05.07-22.43.14:085][726]LogModuleManager: Shutting down and abandoning module EditorStyle (168)
[2017.05.07-22.43.14:087][726]LogModuleManager: Shutting down and abandoning module SourceCodeAccess (166)
[2017.05.07-22.43.14:087][726]LogModuleManager: Shutting down and abandoning module HeadMountedDisplay (164)
[2017.05.07-22.43.14:087][726]LogModuleManager: Shutting down and abandoning module XAudio2 (162)
[2017.05.07-22.43.14:087][726]LogModuleManager: Shutting down and abandoning module Networking (160)
[2017.05.07-22.43.14:087][726]LogModuleManager: Shutting down and abandoning module Core (158)
[2017.05.07-22.43.14:087][726]LogModuleManager: Shutting down and abandoning module AssetRegistry (156)
[2017.05.07-22.43.14:320][726]LogDirectoryWatcher: A directory notification for '../../../Engine/Content/' was aborted.
[2017.05.07-22.43.14:320][726]LogDirectoryWatcher: A directory notification for '../../../../../../Users/Steven4K/Desktop/ReDestiny/DestinyRedux/Content/' was aborted.
[2017.05.07-22.43.14:320][726]LogDirectoryWatcher: A directory notification for '../../../Engine/Plugins/2D/Paper2D/Content/' was aborted.
[2017.05.07-22.43.14:320][726]LogModuleManager: Shutting down and abandoning module DirectoryWatcher (155)
[2017.05.07-22.43.14:323][726]LogModuleManager: Shutting down and abandoning module KismetCompiler (152)
[2017.05.07-22.43.14:323][726]LogModuleManager: Shutting down and abandoning module PhysXFormats (150)
[2017.05.07-22.43.14:323][726]LogModuleManager: Shutting down and abandoning module MeshUtilities (148)
[2017.05.07-22.43.14:323][726]LogModuleManager: Shutting down and abandoning module SimplygonSwarm (147)
[2017.05.07-22.43.14:323][726]LogModuleManager: Shutting down and abandoning module SimplygonMeshReduction (145)
[2017.05.07-22.43.14:323][726]LogModuleManager: Shutting down and abandoning module QuadricMeshReduction (143)
[2017.05.07-22.43.14:323][726]LogModuleManager: Shutting down and abandoning module PropertyEditor (141)
[2017.05.07-22.43.14:323][726]LogModuleManager: Shutting down and abandoning module DerivedDataCache (138)
[2017.05.07-22.43.14:376][726]LogDerivedDataCache: Shutdown
[2017.05.07-22.43.14:377][726]LogModuleManager: Shutting down and abandoning module TargetPlatform (136)
[2017.05.07-22.43.14:377][726]LogModuleManager: Shutting down and abandoning module VulkanShaderFormat (135)
[2017.05.07-22.43.14:377][726]LogModuleManager: Shutting down and abandoning module ShaderFormatOpenGL (133)
[2017.05.07-22.43.14:377][726]LogModuleManager: Shutting down and abandoning module ShaderFormatD3D (131)
[2017.05.07-22.43.14:377][726]LogModuleManager: Shutting down and abandoning module MetalShaderFormat (129)
[2017.05.07-22.43.14:377][726]LogModuleManager: Shutting down and abandoning module TextureFormatUncompressed (127)
[2017.05.07-22.43.14:377][726]LogModuleManager: Shutting down and abandoning module TextureFormatPVR (125)
[2017.05.07-22.43.14:377][726]LogModuleManager: Shutting down and abandoning module TextureFormatDXT (123)
[2017.05.07-22.43.14:377][726]LogModuleManager: Shutting down and abandoning module TextureFormatIntelISPCTexComp (121)
[2017.05.07-22.43.14:377][726]LogModuleManager: Shutting down and abandoning module TextureFormatASTC (119)
[2017.05.07-22.43.14:377][726]LogModuleManager: Shutting down and abandoning module ImageWrapper (118)
[2017.05.07-22.43.14:377][726]LogModuleManager: Shutting down and abandoning module TextureFormatAndroid (115)
[2017.05.07-22.43.14:377][726]LogModuleManager: Shutting down and abandoning module AudioFormatOpus (113)
[2017.05.07-22.43.14:377][726]LogModuleManager: Shutting down and abandoning module AudioFormatOgg (111)
[2017.05.07-22.43.14:377][726]LogModuleManager: Shutting down and abandoning module AudioFormatADPCM (109)
[2017.05.07-22.43.14:377][726]LogModuleManager: Shutting down and abandoning module LinuxTargetPlatform (107)
[2017.05.07-22.43.14:377][726]LogModuleManager: Shutting down and abandoning module LinuxServerTargetPlatform (105)
[2017.05.07-22.43.14:377][726]LogModuleManager: Shutting down and abandoning module LinuxNoEditorTargetPlatform (103)
[2017.05.07-22.43.14:377][726]LogModuleManager: Shutting down and abandoning module LinuxClientTargetPlatform (101)
[2017.05.07-22.43.14:377][726]LogModuleManager: Shutting down and abandoning module TVOSTargetPlatform (99)
[2017.05.07-22.43.14:377][726]LogModuleManager: Shutting down and abandoning module Messaging (97)
[2017.05.07-22.43.14:377][726]LogModuleManager: Shutting down and abandoning module IOSTargetPlatform (95)
[2017.05.07-22.43.14:377][726]LogModuleManager: Shutting down and abandoning module HTML5TargetPlatform (93)
[2017.05.07-22.43.14:377][726]LogModuleManager: Shutting down and abandoning module Android_PVRTCTargetPlatform (91)
[2017.05.07-22.43.14:377][726]LogModuleManager: Shutting down and abandoning module Android_MultiTargetPlatform (89)
[2017.05.07-22.43.14:377][726]LogModuleManager: Shutting down and abandoning module Android_ETC2TargetPlatform (87)
[2017.05.07-22.43.14:377][726]LogModuleManager: Shutting down and abandoning module Android_ETC1TargetPlatform (85)
[2017.05.07-22.43.14:377][726]LogModuleManager: Shutting down and abandoning module Android_DXTTargetPlatform (83)
[2017.05.07-22.43.14:377][726]LogModuleManager: Shutting down and abandoning module Android_ATCTargetPlatform (81)
[2017.05.07-22.43.14:377][726]LogModuleManager: Shutting down and abandoning module Android_ASTCTargetPlatform (79)
[2017.05.07-22.43.14:377][726]LogModuleManager: Shutting down and abandoning module AndroidTargetPlatform (77)
[2017.05.07-22.43.14:377][726]LogModuleManager: Shutting down and abandoning module WindowsTargetPlatform (75)
[2017.05.07-22.43.14:377][726]LogModuleManager: Shutting down and abandoning module WindowsServerTargetPlatform (73)
[2017.05.07-22.43.14:377][726]LogModuleManager: Shutting down and abandoning module WindowsNoEditorTargetPlatform (71)
[2017.05.07-22.43.14:377][726]LogModuleManager: Shutting down and abandoning module WindowsClientTargetPlatform (69)
[2017.05.07-22.43.14:378][726]LogModuleManager: Shutting down and abandoning module MacTargetPlatform (67)
[2017.05.07-22.43.14:378][726]LogModuleManager: Shutting down and abandoning module MacServerTargetPlatform (65)
[2017.05.07-22.43.14:378][726]LogModuleManager: Shutting down and abandoning module MacNoEditorTargetPlatform (63)
[2017.05.07-22.43.14:378][726]LogModuleManager: Shutting down and abandoning module MacClientTargetPlatform (61)
[2017.05.07-22.43.14:378][726]LogModuleManager: Shutting down and abandoning module AllDesktopTargetPlatform (59)
[2017.05.07-22.43.14:378][726]LogModuleManager: Shutting down and abandoning module InputCore (56)
[2017.05.07-22.43.14:378][726]LogModuleManager: Shutting down and abandoning module Settings (54)
[2017.05.07-22.43.14:378][726]LogModuleManager: Shutting down and abandoning module OculusRift (52)
[2017.05.07-22.43.14:378][726]LogModuleManager: Shutting down and abandoning module GearVR (50)
[2017.05.07-22.43.14:378][726]LogModuleManager: Shutting down and abandoning module ExampleDeviceProfileSelector (48)
[2017.05.07-22.43.14:378][726]LogModuleManager: Shutting down and abandoning module OnlineBlueprintSupport (46)
[2017.05.07-22.43.14:378][726]LogModuleManager: Shutting down and abandoning module OnlineSubsystem (42)
[2017.05.07-22.43.14:378][726]LogOnline:Display: OSS: FOnlineSubsystemNull::Shutdown()
[2017.05.07-22.43.14:378][726]LogOnline:Display: Unloading online subsystem: NULL
[2017.05.07-22.43.14:378][726]LogModuleManager: Shutting down and abandoning module XMPP (37)
[2017.05.07-22.43.14:378][726]LogModuleManager: Shutting down and abandoning module HTTP (35)
[2017.05.07-22.43.14:378][726]LogHttp:Display: Http module shutting down, but needs to wait on 1 outstanding Http requests:
[2017.05.07-22.43.14:378][726]LogHttp:Display: 	verb=[POST] url=[https://datarouter.ol.epicgames.com/datarouter/api/v1/public/data?SessionID=%7B8F408014-4287-067D-6D31-FF8D932629E1%7D&AppID=UEEditor.Rocket.Release&AppVersion=4.15.1-3348071%2B%2B%2BUE4%2BRelease-4.15&UserID=6b2ddadf4c5a8bbf49ba50ae59c652c1%7C049a09598b90443da8e8e30d4d2b8ded%7C732e9ea2-b7f5-4be8-a08a-9afd69cb1240&AppEnvironment=datacollector-binary&UploadType=eteventstream] status=Processing
[2017.05.07-22.43.14:397][726]LogModuleManager: Shutting down and abandoning module SSL (34)
[2017.05.07-22.43.14:398][726]LogModuleManager: Shutting down and abandoning module AudioEditor (30)
[2017.05.07-22.43.14:398][726]LogModuleManager: Shutting down and abandoning module TextureCompressor (28)
[2017.05.07-22.43.14:398][726]LogModuleManager: Shutting down and abandoning module ShaderCore (26)
[2017.05.07-22.43.14:398][726]LogModuleManager: Shutting down and abandoning module Landscape (24)
[2017.05.07-22.43.14:398][726]LogModuleManager: Shutting down and abandoning module SlateRHIRenderer (22)
[2017.05.07-22.43.14:406][726]LogModuleManager: Shutting down and abandoning module OpenGLDrv (20)
[2017.05.07-22.43.14:406][726]LogModuleManager: Shutting down and abandoning module D3D11RHI (18)
[2017.05.07-22.43.14:406][726]LogModuleManager: Shutting down and abandoning module AnimGraphRuntime (16)
[2017.05.07-22.43.14:406][726]LogModuleManager: Shutting down and abandoning module Renderer (14)
[2017.05.07-22.43.14:406][726]LogModuleManager: Shutting down and abandoning module Engine (12)
[2017.05.07-22.43.14:406][726]LogModuleManager: Shutting down and abandoning module CoreUObject (10)
[2017.05.07-22.43.14:406][726]LogModuleManager: Shutting down and abandoning module NetworkFile (8)
[2017.05.07-22.43.14:406][726]LogModuleManager: Shutting down and abandoning module StreamingFile (6)
[2017.05.07-22.43.14:406][726]LogModuleManager: Shutting down and abandoning module SandboxFile (4)
[2017.05.07-22.43.14:406][726]LogModuleManager: Shutting down and abandoning module PakFile (2)
[2017.05.07-22.43.14:408][726]LogExit: Exiting.
[2017.05.07-22.43.14:412][726]Log file closed, 05/07/17 15:43:14
