Log file open, 03/26/17 09:48:51
LogInit:Display: Running engine for game: DestinyRedux
LogPlatformFile: Not using cached read wrapper
LogInit:Display: RandInit(756718827) SRandInit(756718827).
LogTaskGraph: Started task graph with 5 named threads and 8 total threads with 1 sets of task threads.
LogStats: Stats thread started at 0.185214
LogInit: Using libcurl 7.47.1
LogInit:  - built for x86_64-pc-win32
LogInit:  - supports SSL with OpenSSL/1.0.2g
LogInit:  - supports HTTP deflate (compression) using libz 1.2.8
LogInit:  - other features:
LogInit:      CURL_VERSION_SSL
LogInit:      CURL_VERSION_LIBZ
LogInit:      CURL_VERSION_IPV6
LogInit:      CURL_VERSION_ASYNCHDNS
LogInit:      CURL_VERSION_LARGEFILE
LogInit:      CURL_VERSION_IDN
LogInit:  CurlRequestOptions (configurable via config and command line):
LogInit:  - bVerifyPeer = false  - Libcurl will NOT verify peer certificate
LogInit:  - bUseHttpProxy = false  - Libcurl will NOT use HTTP proxy
LogInit:  - bDontReuseConnections = false  - Libcurl will reuse connections
LogInit:  - CertBundlePath = nullptr  - Libcurl will use whatever was configured at build time.
LogInit: WinSock: version 1.1 (2.2), MaxSocks=32767, MaxUdp=65467
LogInit: Build: ++UE4+Release-4.15-CL-3348071
LogInit: Engine Version: 4.15.1-3348071+++UE4+Release-4.15
LogInit: Compatible Engine Version: 4.15.0-3299760+++UE4+Release-4.15
LogInit: Net CL: 3299760
LogDevObjectVersion: Number of dev versions registered: 14
LogDevObjectVersion:   Dev-Blueprints (B0D832E4-1F89-4F0D-ACCF-7EB736FD4AA2): 8
LogDevObjectVersion:   Dev-Build (E1C64328-A22C-4D53-A36C-8E866417BD8C): 0
LogDevObjectVersion:   Dev-Core (375EC13C-06E4-48FB-B500-84F0262A717E): 2
LogDevObjectVersion:   Dev-Editor (E4B068ED-F494-42E9-A231-DA0B2E46BB41): 14
LogDevObjectVersion:   Dev-Framework (CFFC743F-43B0-4480-9391-14DF171D2073): 22
LogDevObjectVersion:   Dev-Mobile (B02B49B5-BB20-44E9-A304-32B752E40360): 0
LogDevObjectVersion:   Dev-Networking (A4E4105C-59A1-49B5-A7C5-40C4547EDFEE): 0
LogDevObjectVersion:   Dev-Online (39C831C9-5AE6-47DC-9A44-9C173E1C8E7C): 0
LogDevObjectVersion:   Dev-Physics (78F01B33-EBEA-4F98-B9B4-84EACCB95AA2): 0
LogDevObjectVersion:   Dev-Platform (6631380F-2D4D-43E0-8009-CF276956A95A): 0
LogDevObjectVersion:   Dev-Rendering (12F88B9F-8875-4AFC-A67C-D90C383ABD29): 12
LogDevObjectVersion:   Dev-Sequencer (7B5AE74C-D270-4C10-A958-57980B212A5A): 3
LogDevObjectVersion:   Dev-VR (D7296918-1DD6-4BDD-9DE2-64A83CC13884): 0
LogDevObjectVersion:   Dev-LoadTimes (C2A15278-BFE7-4AFE-6C17-90FF531DF755): 1
LogInit: Compiled (64-bit): Mar 15 2017 16:52:47
LogInit: Compiled with Visual C++: 19.00.23026.00
LogInit: Build Configuration: Development
LogInit: Branch Name: ++UE4+Release-4.15
LogInit: Command line:  
LogInit: Base directory: C:/Program Files/Epic Games/UE_4.15/Engine/Binaries/Win64/
LogInit: Installed Engine Build: 1
LogInit: Presizing for max 8388607 objects, including 0 objects not considered by GC, pre-allocating 0 bytes for permanent pool.
LogInit: Object subsystem initialized
[2017.03.26-16.48.53:064][  0]LogInit: Selected Device Profile: [Windows]
[2017.03.26-16.48.53:064][  0]LogInit: Applying CVar settings loaded from the selected device profile: [Windows]
[2017.03.26-16.48.53:147][  0]LogInit: Computer: CLU
[2017.03.26-16.48.53:147][  0]LogInit: User: Steven4K
[2017.03.26-16.48.53:147][  0]LogInit: CPU Page size=65536, Cores=4
[2017.03.26-16.48.53:147][  0]LogInit: High frequency timer resolution =3.914069 MHz
[2017.03.26-16.48.53:158][  0]LogMemory: Memory total: Physical=16.0GB (16GB approx)
[2017.03.26-16.48.53:206][  0]LogMemory: Platform Memory Stats for Windows
[2017.03.26-16.48.53:206][  0]LogMemory: Process Physical Memory: 264.46 MB used, 264.46 MB peak
[2017.03.26-16.48.53:206][  0]LogMemory: Process Virtual Memory: 262.91 MB used, 262.91 MB peak
[2017.03.26-16.48.53:206][  0]LogMemory: Physical Memory: 5525.99 MB used,  10807.13 MB free, 16333.11 MB total
[2017.03.26-16.48.53:206][  0]LogMemory: Virtual Memory: 646.95 MB used,  10807.13 MB free, 134217728.00 MB total
[2017.03.26-16.48.54:346][  0]LogTextLocalizationManager: No specific translations for ('en-US') exist, so ('en') translations will be used.
[2017.03.26-16.49.00:248][  0]LogD3D11RHI: D3D11 adapters:
[2017.03.26-16.49.00:273][  0]LogD3D11RHI:    0. 'NVIDIA GeForce GTX 1080' (Feature Level 11_0)
[2017.03.26-16.49.00:273][  0]LogD3D11RHI:       8110/0/8166 MB DedicatedVideo/DedicatedSystem/SharedSystem, Outputs:1, VendorId:0x10de
[2017.03.26-16.49.00:327][  0]LogD3D11RHI:    1. 'Microsoft Basic Render Driver' (Feature Level 11_0)
[2017.03.26-16.49.00:327][  0]LogD3D11RHI:       0/0/8166 MB DedicatedVideo/DedicatedSystem/SharedSystem, Outputs:0, VendorId:0x1414
[2017.03.26-16.49.00:327][  0]LogD3D11RHI: Chosen D3D11 Adapter: 0
[2017.03.26-16.49.00:331][  0]LogD3D11RHI: Creating new Direct3DDevice
[2017.03.26-16.49.00:331][  0]LogD3D11RHI:     GPU DeviceId: 0x1b80 (for the marketing name, search the web for "GPU Device Id")
[2017.03.26-16.49.00:331][  0]LogWindows: EnumDisplayDevices:
[2017.03.26-16.49.00:331][  0]LogWindows:    0. 'NVIDIA GeForce GTX 1080' (P:1 D:1)
[2017.03.26-16.49.00:331][  0]LogWindows:    1. 'NVIDIA GeForce GTX 1080' (P:0 D:0)
[2017.03.26-16.49.00:331][  0]LogWindows:    2. 'NVIDIA GeForce GTX 1080' (P:0 D:0)
[2017.03.26-16.49.00:331][  0]LogWindows:    3. 'NVIDIA GeForce GTX 1080' (P:0 D:0)
[2017.03.26-16.49.00:331][  0]LogWindows: DebugString: FoundDriverCount:4 
[2017.03.26-16.49.00:331][  0]LogD3D11RHI:     Adapter Name: NVIDIA GeForce GTX 1080
[2017.03.26-16.49.00:331][  0]LogD3D11RHI:   Driver Version: 378.92 (internal:21.21.13.7892, unified:378.92)
[2017.03.26-16.49.00:331][  0]LogD3D11RHI:      Driver Date: 3-16-2017
[2017.03.26-16.49.00:331][  0]LogRHI: Texture pool is 1361 MB (70% of 1945 MB)
[2017.03.26-16.49.00:374][  0]LogD3D11RHI: Async texture creation enabled
[2017.03.26-16.49.00:604][  0]LogD3D11RHI: GPU Timing Frequency: 1000.000000 (Debug: 2 5)
[2017.03.26-16.49.00:757][  0]LogShaderCompilers: Guid format shader working directory is -15 characters bigger than the processId version (../../../../../../Users/Steven4K/Desktop/ReDestiny/DestinyRedux/Intermediate/Shaders/WorkingDirectory/11536/).
[2017.03.26-16.49.00:757][  0]LogShaderCompilers: Cleaned the shader compiler working directory 'C:/Users/Steven4K/AppData/Local/Temp/UnrealShaderWorkingDir/9D5568DF4783500CCD5A809E9550D0C1/'.
[2017.03.26-16.49.00:757][  0]LogShaderCompilers:Display: Using Local Shader Compiler.
[2017.03.26-16.49.07:598][  0]LogTemp:Display: Loaded TP AllDesktopTargetPlatform
[2017.03.26-16.49.07:640][  0]LogTemp:Display: Loaded TP MacClientTargetPlatform
[2017.03.26-16.49.07:683][  0]LogTemp:Display: Loaded TP MacNoEditorTargetPlatform
[2017.03.26-16.49.07:725][  0]LogTemp:Display: Loaded TP MacServerTargetPlatform
[2017.03.26-16.49.07:813][  0]LogTemp:Display: Loaded TP MacTargetPlatform
[2017.03.26-16.49.07:855][  0]LogTemp:Display: Loaded TP WindowsClientTargetPlatform
[2017.03.26-16.49.07:899][  0]LogTemp:Display: Loaded TP WindowsNoEditorTargetPlatform
[2017.03.26-16.49.07:941][  0]LogTemp:Display: Loaded TP WindowsServerTargetPlatform
[2017.03.26-16.49.07:993][  0]LogTemp:Display: Loaded TP WindowsTargetPlatform
[2017.03.26-16.49.08:057][  0]LogTemp:Display: Loaded TP AndroidTargetPlatform
[2017.03.26-16.49.08:130][  0]LogTemp:Display: Loaded TP Android_ASTCTargetPlatform
[2017.03.26-16.49.08:170][  0]LogTemp:Display: Loaded TP Android_ATCTargetPlatform
[2017.03.26-16.49.08:212][  0]LogTemp:Display: Loaded TP Android_DXTTargetPlatform
[2017.03.26-16.49.08:253][  0]LogTemp:Display: Loaded TP Android_ETC1TargetPlatform
[2017.03.26-16.49.08:294][  0]LogTemp:Display: Loaded TP Android_ETC2TargetPlatform
[2017.03.26-16.49.08:396][  0]LogTemp:Display: Loaded TP Android_MultiTargetPlatform
[2017.03.26-16.49.08:396][  0]LogTemp:Display: Loaded TP Android_PVRTCTargetPlatform
[2017.03.26-16.49.08:425][  0]LogTemp:Display: Loaded TP HTML5TargetPlatform
[2017.03.26-16.49.08:615][  0]LogTemp:Display: Loaded TP IOSTargetPlatform
[2017.03.26-16.49.08:642][  0]LogTemp:Display: Loaded TP TVOSTargetPlatform
[2017.03.26-16.49.08:682][  0]LogTemp:Display: Loaded TP LinuxClientTargetPlatform
[2017.03.26-16.49.08:722][  0]LogTemp:Display: Loaded TP LinuxNoEditorTargetPlatform
[2017.03.26-16.49.08:762][  0]LogTemp:Display: Loaded TP LinuxServerTargetPlatform
[2017.03.26-16.49.08:895][  0]LogTemp:Display: Loaded TP LinuxTargetPlatform
[2017.03.26-16.49.08:895][  0]LogTargetPlatformManager:Display: Building Assets For Windows
[2017.03.26-16.49.10:307][  0]LogDerivedDataCache:Display: Max Cache Size: 512 MB
[2017.03.26-16.49.10:685][  0]LogDerivedDataCache: Loaded boot cache 0.34s 50MB C:/Users/Steven4K/AppData/Local/UnrealEngine/4.15/DerivedDataCache/Boot.ddc.
[2017.03.26-16.49.10:685][  0]LogDerivedDataCache:Display: Loaded Boot cache: C:/Users/Steven4K/AppData/Local/UnrealEngine/4.15/DerivedDataCache/Boot.ddc
[2017.03.26-16.49.10:685][  0]LogDerivedDataCache: FDerivedDataBackendGraph:  Pak pak cache file ../../../../../../Users/Steven4K/Desktop/ReDestiny/DestinyRedux/DerivedDataCache/DDC.ddp not found, will not use a pak cache.
[2017.03.26-16.49.10:685][  0]LogDerivedDataCache: Unable to find inner node Pak for hierarchical cache Hierarchy.
[2017.03.26-16.49.10:685][  0]LogDerivedDataCache: FDerivedDataBackendGraph:  CompressedPak pak cache file ../../../../../../Users/Steven4K/Desktop/ReDestiny/DestinyRedux/DerivedDataCache/Compressed.ddp not found, will not use a pak cache.
[2017.03.26-16.49.10:685][  0]LogDerivedDataCache: Unable to find inner node CompressedPak for hierarchical cache Hierarchy.
[2017.03.26-16.49.10:754][  0]LogDerivedDataCache:Display: Pak cache opened for reading ../../../Engine/DerivedDataCache/Compressed.ddp.
[2017.03.26-16.49.10:794][  0]LogDerivedDataCache: Using Local data cache path C:/Users/Steven4K/AppData/Local/UnrealEngine/Common/DerivedDataCache: Writable
[2017.03.26-16.49.11:106][  0]LogSlate: Using Freetype 2.6.0
[2017.03.26-16.49.11:348][  0]LogSlate: SlateFontCache - WITH_FREETYPE: 1, WITH_HARFBUZZ: 1
[2017.03.26-16.49.11:348][  0]LogSlate: SlateFontCache - WITH_FREETYPE: 1, WITH_HARFBUZZ: 1
[2017.03.26-16.49.23:163][  0]LogInit: Selected Device Profile: [Windows]
[2017.03.26-16.49.23:212][  0]LogContentStreaming: Texture pool size is 0.00 MB
[2017.03.26-16.49.23:981][  0]LogMeshUtilities: Using QuadricMeshReduction for automatic static mesh reduction
[2017.03.26-16.49.24:070][  0]LogSimplygon: Simplygon DLL not present - disabling.
[2017.03.26-16.49.24:155][  0]LogMeshUtilities: Using SimplygonSwarm for distributed automatic mesh merging
[2017.03.26-16.49.24:155][  0]LogMeshUtilities: No automatic skeletal mesh reduction module available
[2017.03.26-16.49.24:155][  0]LogMeshUtilities: No automatic mesh merging module available
[2017.03.26-16.49.30:029][  0]LogNetVersion: GetLocalNetworkVersion: CL: 3299760, ProjectName: destinyredux, ProjectVersion: , EngineNetworkVersion: 2, GameNetworkVersion: 0, NetworkChecksum: 2158004914
[2017.03.26-16.49.30:181][  0]LogAssetRegistry: FAssetRegistry took 0.0429 seconds to start up
[2017.03.26-16.49.30:295][  0]LogPackageLocalizationCache: Processed 3 localized package path(s) for 2 prioritized culture(s) in 0.038972 seconds
[2017.03.26-16.49.30:325][  0]LogUObjectArray: 32493 objects as part of root set at end of initial load.
[2017.03.26-16.49.30:325][  0]LogUObjectAllocator: 7077032 out of 0 bytes used by permanent object pool.
[2017.03.26-16.49.30:325][  0]LogUObjectArray: CloseDisregardForGC: 0/0 objects in disregard for GC pool
[2017.03.26-16.49.54:142][  0]LogTcpMessaging: Initializing TcpMessaging bridge
[2017.03.26-16.49.54:177][  0]LogUdpMessaging: Initializing bridge on interface 0.0.0.0:0 to multicast group 230.0.0.1:6666.
[2017.03.26-16.49.55:890][  0]LogMaterial: Uniform references updated for custom material expression Custom.
[2017.03.26-16.49.56:592][  0]SourceControl: Info Source control is disabled
[2017.03.26-16.49.56:904][  0]SourceControl: Info Source control is disabled
[2017.03.26-16.49.56:980][  0]SourceControl: Info Source control is disabled
[2017.03.26-16.49.57:035][  0]SourceControl: Info Source control is disabled
[2017.03.26-16.49.59:354][  0]LogEngine: Initializing Engine...
[2017.03.26-16.50.00:911][  0]LogHMD: Failed to initialize OpenVR with code 108
[2017.03.26-16.50.02:964][  0]LogAIModule: Creating AISystem for world Untitled
[2017.03.26-16.50.03:007][  0]LogInit: XAudio2 using 'Speakers (High Definition Audio Device)' : 2 channels at 44.1 kHz using 16 bits per sample (channel mask 0x3)
[2017.03.26-16.50.03:016][  0]LogInit: FAudioDevice initialized.
[2017.03.26-16.50.03:040][  0]LogDerivedDataCache: Saved boot cache 0.02s 50MB C:/Users/Steven4K/AppData/Local/UnrealEngine/4.15/DerivedDataCache/Boot.ddc.
[2017.03.26-16.50.03:049][  0]LogInit: Texture streaming: Enabled
[2017.03.26-16.50.03:298][  0]LogEngineSessionManager: EngineSessionManager initialized
[2017.03.26-16.50.03:558][  0]LogInit: Transaction tracking system initialized
[2017.03.26-16.50.04:197][  0]BlueprintLog: New page: Editor Load
[2017.03.26-16.50.05:614][  0]LocalizationService: Info Localization service is disabled
[2017.03.26-16.50.06:666][  0]LogConsoleResponse:Display: 
[2017.03.26-16.50.09:846][  0]LogFileCache: Scanning file cache for directory 'C:/Users/Steven4K/Desktop/ReDestiny/DestinyRedux/Content/' took 0.02s
[2017.03.26-16.50.09:846][  0]LogCook:Display: Max memory allowance for cook 16384mb min free memory 0mb
[2017.03.26-16.50.09:846][  0]LogCook:Display: Mobile HDR setting 1
[2017.03.26-16.50.12:347][  0]SourceControl: Info Source control is disabled
[2017.03.26-16.50.12:396][  0]Cmd: MAP LOAD FILE="../../../../../../Users/Steven4K/Desktop/ReDestiny/DestinyRedux/Content/ReDestiny/Maps/Level_ShipModular.umap" TEMPLATE=0 SHOWPROGRESS=1 FEATURELEVEL=3
[2017.03.26-16.50.12:431][  0]LightingResults: New page: Lighting Build
[2017.03.26-16.50.12:527][  0]MapCheck: New page: Map Check
[2017.03.26-16.50.12:527][  0]LightingResults: New page: Lighting Build
[2017.03.26-16.50.14:086][  0]LogStats: UGameplayTagsManager::ConstructGameplayTagTree: Construct from data asset -  0.000 s
[2017.03.26-16.50.14:086][  0]LogStats: UGameplayTagsManager::ConstructGameplayTagTree: ImportINI -  0.001 s
[2017.03.26-16.50.14:086][  0]LogStats: UGameplayTagsManager::ConstructGameplayTagTree: GameplayTagTreeChangedEvent.Broadcast -  0.000 s
[2017.03.26-16.50.14:996][  0]LogLinker: Can't find file '/Game/ReDestiny/Textures/ButtonIcons/XboxOne/XboxMainButton'
[2017.03.26-16.50.14:996][  0]LogLinker: Can't find file '/Game/ReDestiny/Textures/ButtonIcons/XboxOne/XboxMainButton'
[2017.03.26-16.50.48:203][  0]LogAIModule: Creating AISystem for world Level_ShipModular
[2017.03.26-16.50.48:606][  0]LogEditorServer: Finished looking for orphan Actors (0.000 secs)
[2017.03.26-16.50.48:632][  0]Cmd: MAP CHECKDEP NOCLEARLOG
[2017.03.26-16.50.48:785][  0]MapCheck: Info Map check complete: 0 Error(s), 0 Warning(s), took 153.06ms to complete.
[2017.03.26-16.50.48:785][  0]LogFileHelpers: Loading map 'Level_ShipModular' took 36.394
[2017.03.26-16.50.49:978][  0]LogCollectionManager: Loaded 1 collections in 0.004874 seconds
[2017.03.26-16.50.50:101][  0]LogFileCache: Scanning file cache for directory 'C:/Users/Steven4K/Desktop/ReDestiny/DestinyRedux/Saved/Collections/' took 0.01s
[2017.03.26-16.50.50:101][  0]LogFileCache: Scanning file cache for directory 'C:/Users/Steven4K/Desktop/ReDestiny/DestinyRedux/Content/Developers/Steven4K/Collections/' took 0.01s
[2017.03.26-16.50.50:101][  0]LogFileCache: Scanning file cache for directory 'C:/Users/Steven4K/Desktop/ReDestiny/DestinyRedux/Content/Collections/' took 0.01s
[2017.03.26-16.50.50:101][  0]LogCollectionManager: Rebuilt the GUID cache for 1 collections in 0.000007 seconds
[2017.03.26-16.50.50:109][  0]LogCollectionManager: Rebuilt the hierarchy cache for 1 collections in 0.000000 seconds
[2017.03.26-16.50.50:126][  0]LogContentBrowser: Native class hierarchy populated in 0.0074 seconds. Added 2245 classes and 453 folders.
[2017.03.26-16.50.50:301][  0]LogContentBrowser: Native class hierarchy updated for 'WidgetCarousel' in 0.0004 seconds. Added 0 classes and 0 folders.
[2017.03.26-16.50.51:876][  0]LogContentBrowser: Native class hierarchy updated for 'AddContentDialog' in 0.0004 seconds. Added 0 classes and 0 folders.
[2017.03.26-16.50.51:936][  0]LogContentBrowser: Native class hierarchy updated for 'SceneOutliner' in 0.0004 seconds. Added 1 classes and 2 folders.
[2017.03.26-16.50.52:098][  0]LogCrashTracker: Crashtracker disabled due to settings.
[2017.03.26-16.50.52:151][  0]LogUObjectGlobals:Warning: Failed to find object 'Class None.'
[2017.03.26-16.50.52:297][  0]LogContentBrowser: Native class hierarchy updated for 'HierarchicalLODOutliner' in 0.0004 seconds. Added 1 classes and 2 folders.
[2017.03.26-16.50.52:298][  0]LogLoad: (Engine Initialization) Total time: 125.46 seconds
[2017.03.26-16.50.52:298][  0]LogLoad: (Engine Initialization) Total Blueprint compile time: 1.55 seconds
[2017.03.26-16.50.52:298][  0]LogExternalProfiler: Found external profiler: VSPerf
[2017.03.26-16.50.52:298][  0]LogExternalProfiler: Using external profiler: VSPerf
[2017.03.26-16.50.52:689][  0]LogOcInput: OculusInput pre-init called
[2017.03.26-16.50.52:767][  0]LogContentStreaming: Texture pool size now 1000 MB
[2017.03.26-16.50.52:853][  0]LogSlate: Took 0.037432 seconds to synchronously load lazily loaded font '../../../Engine/Content/Slate/Fonts/Roboto-Regular.ttf' (155K)
[2017.03.26-16.50.52:885][  0]LogSlate: Took 0.029334 seconds to synchronously load lazily loaded font '../../../Engine/Content/Slate/Fonts/Roboto-Bold.ttf' (160K)
[2017.03.26-16.50.52:913][  0]LogSlate: Took 0.024069 seconds to synchronously load lazily loaded font '../../../Engine/Content/Editor/Slate/Fonts/FontAwesome.ttf' (139K)
[2017.03.26-16.50.53:502][  0]LogRenderer: Reallocating scene render targets to support 732x456 NumSamples 1 (Frame:2).
[2017.03.26-16.50.53:502][  0]LogSlate: Took 0.056455 seconds to synchronously load lazily loaded font '../../../Engine/Content/Slate/Fonts/Roboto-Light.ttf' (159K)
[2017.03.26-16.50.54:290][  3]LogAssetRegistry: Asset discovery search completed in 84.1512 seconds
[2017.03.26-16.50.54:290][  3]LogCollectionManager: Rebuilt the object cache for 1 collections in 0.000005 seconds (found 0 objects)
[2017.03.26-16.50.54:290][  3]LogCollectionManager: Fixed up redirectors for 1 collections in 0.000015 seconds (updated 0 objects)
[2017.03.26-16.59.31:740][616]LogRenderer: Reallocating scene render targets to support 732x464 NumSamples 1 (Frame:69).
[2017.03.26-16.59.31:785][616]LogRenderer: Reallocating scene render targets to support 732x472 NumSamples 1 (Frame:70).
[2017.03.26-16.59.32:128][616]LogRenderer: Reallocating scene render targets to support 732x576 NumSamples 1 (Frame:71).
[2017.03.26-18.03.18:122][632]LogSlate: Took 0.003163 seconds to synchronously load lazily loaded font '../../../Engine/Content/Slate/Fonts/Roboto-Light.ttf' (159K)
[2017.03.26-18.03.19:350][632]LogContentBrowser: Native class hierarchy updated for 'BlueprintGraph' in 0.0007 seconds. Added 112 classes and 0 folders.
[2017.03.26-18.03.20:066][632]LogSlate: Took 0.000101 seconds to synchronously load lazily loaded font '../../../Engine/Content/Slate/Fonts/Roboto-Light.ttf' (159K)
[2017.03.26-18.03.20:081][632]LogSlate: Took 0.015027 seconds to synchronously load lazily loaded font '../../../Engine/Content/Editor/Slate/Fonts/Roboto-BoldCondensed.ttf' (158K)
[2017.03.26-18.03.23:127][837]LogSlate: Took 0.039180 seconds to synchronously load lazily loaded font '../../../Engine/Content/Slate/Fonts/DroidSansFallback.ttf' (3848K)
[2017.03.26-18.04.36:513][324]BlueprintLog: New page: Compile PlayerMenu_Category
[2017.03.26-18.05.53:084][273]BlueprintLog: New page: Compile PlayerMenu_Subclass
[2017.03.26-18.05.53:699][273]LogSavePackage: Save=35.76ms
[2017.03.26-18.05.53:699][273]LogSavePackage: Moving '../../../../../../Users/Steven4K/Desktop/ReDestiny/DestinyRedux/Saved/PlayerMenu_Subclass6CE0213D4802EEE6C19060A1D8474303.tmp' to '../../../../../../Users/Steven4K/Desktop/ReDestiny/DestinyRedux/Content/ReDestiny/Widgets/PlayerMenu/PlayerMenu_Subclass.uasset'
[2017.03.26-18.05.53:701][273]LogSavePackage:Display: Finished SavePackage ../../../../../../Users/Steven4K/Desktop/ReDestiny/DestinyRedux/Content/ReDestiny/Widgets/PlayerMenu/PlayerMenu_Subclass.uasset
[2017.03.26-18.06.38:055][452]LogSavePackage: Save=28.70ms
[2017.03.26-18.06.38:055][452]LogSavePackage: Moving '../../../../../../Users/Steven4K/Desktop/ReDestiny/DestinyRedux/Saved/Subclass_HiddenClassesTooltip80599D894D21AE3A25D1E9AE9CC93779.tmp' to '../../../../../../Users/Steven4K/Desktop/ReDestiny/DestinyRedux/Content/ReDestiny/Widgets/Subclass/Subclass_HiddenClassesTooltip.uasset'
[2017.03.26-18.06.38:057][452]LogSavePackage:Display: Finished SavePackage ../../../../../../Users/Steven4K/Desktop/ReDestiny/DestinyRedux/Content/ReDestiny/Widgets/Subclass/Subclass_HiddenClassesTooltip.uasset
[2017.03.26-18.06.38:058][452]LogMetaData: Removing '/Game/ReDestiny/Widgets/Subclass/Subclass_HiddenClassesTooltip.SKEL_Subclass_HiddenClassesTooltip_C' ref from Metadata '/Game/ReDestiny/Widgets/Subclass/PlayerMenu_HiddenItemsTooltip.PackageMetaData'
[2017.03.26-18.06.38:058][452]LogMetaData: Removing '/Game/ReDestiny/Widgets/Subclass/Subclass_HiddenClassesTooltip.Subclass_HiddenClassesTooltip_C' ref from Metadata '/Game/ReDestiny/Widgets/Subclass/PlayerMenu_HiddenItemsTooltip.PackageMetaData'
[2017.03.26-18.06.38:166][452]LogSavePackage: Save=26.12ms
[2017.03.26-18.06.38:166][452]LogSavePackage: Moving '../../../../../../Users/Steven4K/Desktop/ReDestiny/DestinyRedux/Saved/Subclass_HiddenClassesTooltip3140DF6E4ACD55084A7F2D896933CBC6.tmp' to '../../../../../../Users/Steven4K/Desktop/ReDestiny/DestinyRedux/Content/ReDestiny/Widgets/Subclass/Subclass_HiddenClassesTooltip.uasset'
[2017.03.26-18.06.38:168][452]LogSavePackage:Display: Finished SavePackage ../../../../../../Users/Steven4K/Desktop/ReDestiny/DestinyRedux/Content/ReDestiny/Widgets/Subclass/Subclass_HiddenClassesTooltip.uasset
[2017.03.26-18.07.45:072][533]BlueprintLog: New page: Compile Subclass_HiddenClassesTooltip
[2017.03.26-18.07.45:087][533]LogBlueprint:Warning: [Compiler Subclass_HiddenClassesTooltip] Warning Could not find a variable named "Item_2" in 'Subclass_HiddenClassesTooltip_C'.
Make sure 'Subclass_HiddenClassesTooltip_C' has been compiled for  Get Item_2
[2017.03.26-18.07.45:087][533]LogBlueprint:Warning: [Compiler Subclass_HiddenClassesTooltip] Warning Could not find a variable named "Item_4" in 'Subclass_HiddenClassesTooltip_C'.
Make sure 'Subclass_HiddenClassesTooltip_C' has been compiled for  Get Item_4
[2017.03.26-18.07.45:087][533]LogBlueprint:Warning: [Compiler Subclass_HiddenClassesTooltip] Warning Could not find a variable named "Item_3" in 'Subclass_HiddenClassesTooltip_C'.
Make sure 'Subclass_HiddenClassesTooltip_C' has been compiled for  Get Item_3
[2017.03.26-18.07.45:087][533]LogBlueprint:Warning: [Compiler Subclass_HiddenClassesTooltip] Warning Could not find a variable named "Item_5" in 'Subclass_HiddenClassesTooltip_C'.
Make sure 'Subclass_HiddenClassesTooltip_C' has been compiled for  Get Item_5
[2017.03.26-18.07.45:088][533]LogBlueprint:Warning: [Compiler Subclass_HiddenClassesTooltip] Warning Could not find a variable named "Item_6" in 'Subclass_HiddenClassesTooltip_C'.
Make sure 'Subclass_HiddenClassesTooltip_C' has been compiled for  Get Item_6
[2017.03.26-18.07.45:088][533]LogBlueprint:Warning: [Compiler Subclass_HiddenClassesTooltip] Warning Could not find a variable named "Item_7" in 'Subclass_HiddenClassesTooltip_C'.
Make sure 'Subclass_HiddenClassesTooltip_C' has been compiled for  Get Item_7
[2017.03.26-18.07.45:088][533]LogBlueprint:Warning: [Compiler Subclass_HiddenClassesTooltip] Warning Could not find a variable named "Item_8" in 'Subclass_HiddenClassesTooltip_C'.
Make sure 'Subclass_HiddenClassesTooltip_C' has been compiled for  Get Item_8
[2017.03.26-18.07.45:088][533]LogBlueprint:Warning: [Compiler Subclass_HiddenClassesTooltip] Warning Could not find a variable named "Item_2" in 'Subclass_HiddenClassesTooltip_C'.
Make sure 'Subclass_HiddenClassesTooltip_C' has been compiled for  Get Item_2
[2017.03.26-18.07.45:088][533]LogBlueprint:Warning: [Compiler Subclass_HiddenClassesTooltip] Warning Could not find a variable named "Item_4" in 'Subclass_HiddenClassesTooltip_C'.
Make sure 'Subclass_HiddenClassesTooltip_C' has been compiled for  Get Item_4
[2017.03.26-18.07.45:088][533]LogBlueprint:Warning: [Compiler Subclass_HiddenClassesTooltip] Warning Could not find a variable named "Item_3" in 'Subclass_HiddenClassesTooltip_C'.
Make sure 'Subclass_HiddenClassesTooltip_C' has been compiled for  Get Item_3
[2017.03.26-18.07.45:088][533]LogBlueprint:Warning: [Compiler Subclass_HiddenClassesTooltip] Warning Could not find a variable named "Item_5" in 'Subclass_HiddenClassesTooltip_C'.
Make sure 'Subclass_HiddenClassesTooltip_C' has been compiled for  Get Item_5
[2017.03.26-18.07.45:088][533]LogBlueprint:Warning: [Compiler Subclass_HiddenClassesTooltip] Warning Could not find a variable named "Item_6" in 'Subclass_HiddenClassesTooltip_C'.
Make sure 'Subclass_HiddenClassesTooltip_C' has been compiled for  Get Item_6
[2017.03.26-18.07.45:088][533]LogBlueprint:Warning: [Compiler Subclass_HiddenClassesTooltip] Warning Could not find a variable named "Item_7" in 'Subclass_HiddenClassesTooltip_C'.
Make sure 'Subclass_HiddenClassesTooltip_C' has been compiled for  Get Item_7
[2017.03.26-18.07.45:088][533]LogBlueprint:Warning: [Compiler Subclass_HiddenClassesTooltip] Warning Could not find a variable named "Item_8" in 'Subclass_HiddenClassesTooltip_C'.
Make sure 'Subclass_HiddenClassesTooltip_C' has been compiled for  Get Item_8
[2017.03.26-18.07.45:088][533]LogBlueprint:Error: [Compiler Subclass_HiddenClassesTooltip] Error The property associated with  Item 8  could not be found
[2017.03.26-18.07.45:088][533]LogBlueprint:Error: [Compiler Subclass_HiddenClassesTooltip] Error The property associated with  Item 7  could not be found
[2017.03.26-18.07.45:088][533]LogBlueprint:Error: [Compiler Subclass_HiddenClassesTooltip] Error The property associated with  Item 6  could not be found
[2017.03.26-18.07.45:088][533]LogBlueprint:Error: [Compiler Subclass_HiddenClassesTooltip] Error The property associated with  Item 5  could not be found
[2017.03.26-18.07.45:088][533]LogBlueprint:Error: [Compiler Subclass_HiddenClassesTooltip] Error The property associated with  Item 3  could not be found
[2017.03.26-18.07.45:088][533]LogBlueprint:Error: [Compiler Subclass_HiddenClassesTooltip] Error The property associated with  Item 4  could not be found
[2017.03.26-18.07.45:088][533]LogBlueprint:Error: [Compiler Subclass_HiddenClassesTooltip] Error The property associated with  Item 2  could not be found
[2017.03.26-18.07.45:088][533]LogBlueprint:Error: [Compiler Subclass_HiddenClassesTooltip] Error The property associated with  Item 8  could not be found
[2017.03.26-18.07.45:088][533]LogBlueprint:Error: [Compiler Subclass_HiddenClassesTooltip] Error The property associated with  Item 7  could not be found
[2017.03.26-18.07.45:088][533]LogBlueprint:Error: [Compiler Subclass_HiddenClassesTooltip] Error The property associated with  Item 6  could not be found
[2017.03.26-18.07.45:089][533]LogBlueprint:Error: [Compiler Subclass_HiddenClassesTooltip] Error The property associated with  Item 5  could not be found
[2017.03.26-18.07.45:089][533]LogBlueprint:Error: [Compiler Subclass_HiddenClassesTooltip] Error The property associated with  Item 3  could not be found
[2017.03.26-18.07.45:089][533]LogBlueprint:Error: [Compiler Subclass_HiddenClassesTooltip] Error The property associated with  Item 4  could not be found
[2017.03.26-18.07.45:089][533]LogBlueprint:Error: [Compiler Subclass_HiddenClassesTooltip] Error The property associated with  Item 2  could not be found
[2017.03.26-18.07.45:296][533]BlueprintEditorCompileResults:Warning: Warning Could not find a variable named "Item_2" in 'Subclass_HiddenClassesTooltip_C'.
Make sure 'Subclass_HiddenClassesTooltip_C' has been compiled for  Get Item_2
[2017.03.26-18.07.45:296][533]BlueprintEditorCompileResults:Warning: Warning Could not find a variable named "Item_4" in 'Subclass_HiddenClassesTooltip_C'.
Make sure 'Subclass_HiddenClassesTooltip_C' has been compiled for  Get Item_4
[2017.03.26-18.07.45:296][533]BlueprintEditorCompileResults:Warning: Warning Could not find a variable named "Item_3" in 'Subclass_HiddenClassesTooltip_C'.
Make sure 'Subclass_HiddenClassesTooltip_C' has been compiled for  Get Item_3
[2017.03.26-18.07.45:296][533]BlueprintEditorCompileResults:Warning: Warning Could not find a variable named "Item_5" in 'Subclass_HiddenClassesTooltip_C'.
Make sure 'Subclass_HiddenClassesTooltip_C' has been compiled for  Get Item_5
[2017.03.26-18.07.45:296][533]BlueprintEditorCompileResults:Warning: Warning Could not find a variable named "Item_6" in 'Subclass_HiddenClassesTooltip_C'.
Make sure 'Subclass_HiddenClassesTooltip_C' has been compiled for  Get Item_6
[2017.03.26-18.07.45:296][533]BlueprintEditorCompileResults:Warning: Warning Could not find a variable named "Item_7" in 'Subclass_HiddenClassesTooltip_C'.
Make sure 'Subclass_HiddenClassesTooltip_C' has been compiled for  Get Item_7
[2017.03.26-18.07.45:296][533]BlueprintEditorCompileResults:Warning: Warning Could not find a variable named "Item_8" in 'Subclass_HiddenClassesTooltip_C'.
Make sure 'Subclass_HiddenClassesTooltip_C' has been compiled for  Get Item_8
[2017.03.26-18.07.45:296][533]BlueprintEditorCompileResults:Warning: Warning Could not find a variable named "Item_2" in 'Subclass_HiddenClassesTooltip_C'.
Make sure 'Subclass_HiddenClassesTooltip_C' has been compiled for  Get Item_2
[2017.03.26-18.07.45:296][533]BlueprintEditorCompileResults:Warning: Warning Could not find a variable named "Item_4" in 'Subclass_HiddenClassesTooltip_C'.
Make sure 'Subclass_HiddenClassesTooltip_C' has been compiled for  Get Item_4
[2017.03.26-18.07.45:296][533]BlueprintEditorCompileResults:Warning: Warning Could not find a variable named "Item_3" in 'Subclass_HiddenClassesTooltip_C'.
Make sure 'Subclass_HiddenClassesTooltip_C' has been compiled for  Get Item_3
[2017.03.26-18.07.45:296][533]BlueprintEditorCompileResults:Warning: Warning Could not find a variable named "Item_5" in 'Subclass_HiddenClassesTooltip_C'.
Make sure 'Subclass_HiddenClassesTooltip_C' has been compiled for  Get Item_5
[2017.03.26-18.07.45:296][533]BlueprintEditorCompileResults:Warning: Warning Could not find a variable named "Item_6" in 'Subclass_HiddenClassesTooltip_C'.
Make sure 'Subclass_HiddenClassesTooltip_C' has been compiled for  Get Item_6
[2017.03.26-18.07.45:296][533]BlueprintEditorCompileResults:Warning: Warning Could not find a variable named "Item_7" in 'Subclass_HiddenClassesTooltip_C'.
Make sure 'Subclass_HiddenClassesTooltip_C' has been compiled for  Get Item_7
[2017.03.26-18.07.45:296][533]BlueprintEditorCompileResults:Warning: Warning Could not find a variable named "Item_8" in 'Subclass_HiddenClassesTooltip_C'.
Make sure 'Subclass_HiddenClassesTooltip_C' has been compiled for  Get Item_8
[2017.03.26-18.07.45:296][533]BlueprintEditorCompileResults:Error: Error The property associated with  Item 8  could not be found
[2017.03.26-18.07.45:296][533]BlueprintEditorCompileResults:Error: Error The property associated with  Item 7  could not be found
[2017.03.26-18.07.45:296][533]BlueprintEditorCompileResults:Error: Error The property associated with  Item 6  could not be found
[2017.03.26-18.07.45:296][533]BlueprintEditorCompileResults:Error: Error The property associated with  Item 5  could not be found
[2017.03.26-18.07.45:297][533]BlueprintEditorCompileResults:Error: Error The property associated with  Item 3  could not be found
[2017.03.26-18.07.45:297][533]BlueprintEditorCompileResults:Error: Error The property associated with  Item 4  could not be found
[2017.03.26-18.07.45:297][533]BlueprintEditorCompileResults:Error: Error The property associated with  Item 2  could not be found
[2017.03.26-18.07.45:297][533]BlueprintEditorCompileResults:Error: Error The property associated with  Item 8  could not be found
[2017.03.26-18.07.45:297][533]BlueprintEditorCompileResults:Error: Error The property associated with  Item 7  could not be found
[2017.03.26-18.07.45:297][533]BlueprintEditorCompileResults:Error: Error The property associated with  Item 6  could not be found
[2017.03.26-18.07.45:297][533]BlueprintEditorCompileResults:Error: Error The property associated with  Item 5  could not be found
[2017.03.26-18.07.45:297][533]BlueprintEditorCompileResults:Error: Error The property associated with  Item 3  could not be found
[2017.03.26-18.07.45:297][533]BlueprintEditorCompileResults:Error: Error The property associated with  Item 4  could not be found
[2017.03.26-18.07.45:297][533]BlueprintEditorCompileResults:Error: Error The property associated with  Item 2  could not be found
[2017.03.26-18.07.45:297][533]LogBlueprint:Warning: [Compiler Subclass_HiddenClassesTooltip] Warning [4738.46] Compile of Subclass_HiddenClassesTooltip failed. 14 Fatal Issue(s) 14 Warning(s) [in 224 ms] (/Game/ReDestiny/Widgets/Subclass/Subclass_HiddenClassesTooltip.Subclass_HiddenClassesTooltip)
[2017.03.26-18.08.00:724][709]LogSlate: Took 0.026354 seconds to synchronously load lazily loaded font '../../../Engine/Content/Editor/Slate/Fonts/Roboto-Italic.ttf' (157K)
[2017.03.26-18.08.48:831][131]BlueprintLog: New page: Compile Subclass_HiddenClassesTooltip
[2017.03.26-18.08.49:032][131]LogSavePackage: Save=12.53ms
[2017.03.26-18.08.49:032][131]LogSavePackage: Moving '../../../../../../Users/Steven4K/Desktop/ReDestiny/DestinyRedux/Saved/Subclass_HiddenClassesTooltip06E5788F4813C37FA3E3759E122CC23D.tmp' to '../../../../../../Users/Steven4K/Desktop/ReDestiny/DestinyRedux/Content/ReDestiny/Widgets/Subclass/Subclass_HiddenClassesTooltip.uasset'
[2017.03.26-18.08.49:034][131]LogSavePackage:Display: Finished SavePackage ../../../../../../Users/Steven4K/Desktop/ReDestiny/DestinyRedux/Content/ReDestiny/Widgets/Subclass/Subclass_HiddenClassesTooltip.uasset
[2017.03.26-18.09.22:129][699]BlueprintLog: New page: Compile Subclass_HiddenClassesTooltip
[2017.03.26-18.09.22:351][699]LogSavePackage: Save=12.73ms
[2017.03.26-18.09.22:351][699]LogSavePackage: Moving '../../../../../../Users/Steven4K/Desktop/ReDestiny/DestinyRedux/Saved/Subclass_HiddenClassesTooltip12F1B17D4504EA98332D5C85E2556E8F.tmp' to '../../../../../../Users/Steven4K/Desktop/ReDestiny/DestinyRedux/Content/ReDestiny/Widgets/Subclass/Subclass_HiddenClassesTooltip.uasset'
[2017.03.26-18.09.22:353][699]LogSavePackage:Display: Finished SavePackage ../../../../../../Users/Steven4K/Desktop/ReDestiny/DestinyRedux/Content/ReDestiny/Widgets/Subclass/Subclass_HiddenClassesTooltip.uasset
[2017.03.26-18.10.20:830][198]LogFileHelpers: Editor autosave (incl. sublevels) for '/Game/ReDestiny/Maps/Level_ShipModular' took 0.024
[2017.03.26-18.10.20:836][198]LogSavePackage: Save=2.73ms
[2017.03.26-18.10.20:836][198]LogSavePackage: Moving '../../../../../../Users/Steven4K/Desktop/ReDestiny/DestinyRedux/Saved/PlayerMenu_HiddenItemsTooltip_Auto147FC718D4D4581984FB061BF804A16E7.tmp' to '../../../../../../Users/Steven4K/Desktop/ReDestiny/DestinyRedux/Saved/Autosaves/Game/ReDestiny/Widgets/Subclass/PlayerMenu_HiddenItemsTooltip_Auto1.uasset'
[2017.03.26-18.10.20:837][198]LogSavePackage:Display: Finished SavePackage ../../../../../../Users/Steven4K/Desktop/ReDestiny/DestinyRedux/Saved/Autosaves/Game/ReDestiny/Widgets/Subclass/PlayerMenu_HiddenItemsTooltip_Auto1.uasset
[2017.03.26-18.10.20:837][198]OBJ SavePackage: Generating thumbnails for [0] asset(s) in package [/Game/ReDestiny/Widgets/Subclass/Subclass_HiddenClassesTooltip] ([1] browsable assets)...
[2017.03.26-18.10.20:837][198]OBJ SavePackage: Finished generating thumbnails for package [/Game/ReDestiny/Widgets/Subclass/Subclass_HiddenClassesTooltip]
[2017.03.26-18.10.20:918][198]LogSavePackage: Save=12.63ms
[2017.03.26-18.10.20:918][198]LogSavePackage: Moving '../../../../../../Users/Steven4K/Desktop/ReDestiny/DestinyRedux/Saved/Subclass_HiddenClassesTooltip_Auto1A05E5ACD4BFBF840C51847BB94D34DCF.tmp' to '../../../../../../Users/Steven4K/Desktop/ReDestiny/DestinyRedux/Saved/Autosaves/Game/ReDestiny/Widgets/Subclass/Subclass_HiddenClassesTooltip_Auto1.uasset'
[2017.03.26-18.10.20:919][198]LogSavePackage:Display: Finished SavePackage ../../../../../../Users/Steven4K/Desktop/ReDestiny/DestinyRedux/Saved/Autosaves/Game/ReDestiny/Widgets/Subclass/Subclass_HiddenClassesTooltip_Auto1.uasset
[2017.03.26-18.10.20:919][198]LogFileHelpers: Auto-saving content packages took 0.088
[2017.03.26-18.10.51:554][837]LogSlate: Took 0.026890 seconds to synchronously load lazily loaded font '../../../Engine/Content/Editor/Slate/Fonts/Roboto-BoldCondensedItalic.ttf' (160K)
[2017.03.26-18.10.57:122][493]BlueprintLog: New page: Compile Subclass_HiddenClassesTooltip
[2017.03.26-18.10.57:323][493]LogSavePackage: Save=12.95ms
[2017.03.26-18.10.57:323][493]LogSavePackage: Moving '../../../../../../Users/Steven4K/Desktop/ReDestiny/DestinyRedux/Saved/Subclass_HiddenClassesTooltip458967D34E1BA220AE2EAEA99DC27528.tmp' to '../../../../../../Users/Steven4K/Desktop/ReDestiny/DestinyRedux/Content/ReDestiny/Widgets/Subclass/Subclass_HiddenClassesTooltip.uasset'
[2017.03.26-18.10.57:326][493]LogSavePackage:Display: Finished SavePackage ../../../../../../Users/Steven4K/Desktop/ReDestiny/DestinyRedux/Content/ReDestiny/Widgets/Subclass/Subclass_HiddenClassesTooltip.uasset
[2017.03.26-18.11.09:918][972]LogClass:Warning: Property SubclassArray of SubclassArray has a struct type mismatch (tag S_SubclassElement != prop S_SubclassContents) in package:  FObjectReader. If that struct got renamed, add an entry to ActiveStructRedirects.
[2017.03.26-18.11.11:956][207]BlueprintLog: New page: Compile Subclass_HiddenClassesTooltip
[2017.03.26-18.11.11:962][207]LogClass:Warning: Property SubclassArray of SubclassArray has a struct type mismatch (tag S_SubclassElement != prop S_SubclassContents) in package:  FObjectReader. If that struct got renamed, add an entry to ActiveStructRedirects.
[2017.03.26-18.11.12:148][207]LogSavePackage: Save=13.14ms
[2017.03.26-18.11.12:148][207]LogSavePackage: Moving '../../../../../../Users/Steven4K/Desktop/ReDestiny/DestinyRedux/Saved/Subclass_HiddenClassesTooltip156E550E4B4740DAE0197CBFEA73DA84.tmp' to '../../../../../../Users/Steven4K/Desktop/ReDestiny/DestinyRedux/Content/ReDestiny/Widgets/Subclass/Subclass_HiddenClassesTooltip.uasset'
[2017.03.26-18.11.12:151][207]LogSavePackage:Display: Finished SavePackage ../../../../../../Users/Steven4K/Desktop/ReDestiny/DestinyRedux/Content/ReDestiny/Widgets/Subclass/Subclass_HiddenClassesTooltip.uasset
[2017.03.26-18.11.41:816][623]LogClass:Warning: Type mismatch in SubclassArray of SKEL_Subclass_HiddenClassesTooltip_C - Previous (StructProperty) Current(ObjectProperty) for package:  FObjectReader
[2017.03.26-18.11.43:580][817]BlueprintLog: New page: Compile Subclass_HiddenClassesTooltip
[2017.03.26-18.11.43:586][817]LogClass:Warning: Type mismatch in SubclassArray of Subclass_HiddenClassesTooltip_C - Previous (StructProperty) Current(ObjectProperty) for package:  FObjectReader
[2017.03.26-18.11.43:783][817]LogSavePackage: Save=12.83ms
[2017.03.26-18.11.43:783][817]LogSavePackage: Moving '../../../../../../Users/Steven4K/Desktop/ReDestiny/DestinyRedux/Saved/Subclass_HiddenClassesTooltip11D78C3141FB3BE5F227B6AE9C35AD57.tmp' to '../../../../../../Users/Steven4K/Desktop/ReDestiny/DestinyRedux/Content/ReDestiny/Widgets/Subclass/Subclass_HiddenClassesTooltip.uasset'
[2017.03.26-18.11.43:785][817]LogSavePackage:Display: Finished SavePackage ../../../../../../Users/Steven4K/Desktop/ReDestiny/DestinyRedux/Content/ReDestiny/Widgets/Subclass/Subclass_HiddenClassesTooltip.uasset
[2017.03.26-18.12.59:247][763]BlueprintLog: New page: Compile Subclass_HiddenClassesTooltip
[2017.03.26-18.12.59:454][763]LogSavePackage: Save=13.91ms
[2017.03.26-18.12.59:454][763]LogSavePackage: Moving '../../../../../../Users/Steven4K/Desktop/ReDestiny/DestinyRedux/Saved/Subclass_HiddenClassesTooltipEE58ED9C4FBB00EA972BCB827E598364.tmp' to '../../../../../../Users/Steven4K/Desktop/ReDestiny/DestinyRedux/Content/ReDestiny/Widgets/Subclass/Subclass_HiddenClassesTooltip.uasset'
[2017.03.26-18.12.59:456][763]LogSavePackage:Display: Finished SavePackage ../../../../../../Users/Steven4K/Desktop/ReDestiny/DestinyRedux/Content/ReDestiny/Widgets/Subclass/Subclass_HiddenClassesTooltip.uasset
[2017.03.26-18.14.32:218][308]BlueprintLog: New page: Compile Subclass_HiddenClassesTooltip
[2017.03.26-18.14.32:420][308]LogSavePackage: Save=14.00ms
[2017.03.26-18.14.32:420][308]LogSavePackage: Moving '../../../../../../Users/Steven4K/Desktop/ReDestiny/DestinyRedux/Saved/Subclass_HiddenClassesTooltip10C90C9547AED39B94C9DBA790C449B5.tmp' to '../../../../../../Users/Steven4K/Desktop/ReDestiny/DestinyRedux/Content/ReDestiny/Widgets/Subclass/Subclass_HiddenClassesTooltip.uasset'
[2017.03.26-18.14.32:423][308]LogSavePackage:Display: Finished SavePackage ../../../../../../Users/Steven4K/Desktop/ReDestiny/DestinyRedux/Content/ReDestiny/Widgets/Subclass/Subclass_HiddenClassesTooltip.uasset
[2017.03.26-18.14.54:420][376]LogSlate:Warning: Prevented a slow task dialog from being summoned while a context menu was open
[2017.03.26-18.15.04:505][191]BlueprintLog: New page: Compile PlayerMenu_Subclass
[2017.03.26-18.15.04:809][191]LogSavePackage: Save=35.45ms
[2017.03.26-18.15.04:809][191]LogSavePackage: Moving '../../../../../../Users/Steven4K/Desktop/ReDestiny/DestinyRedux/Saved/PlayerMenu_SubclassB68A1C5D45FF788FF0ED459E57087456.tmp' to '../../../../../../Users/Steven4K/Desktop/ReDestiny/DestinyRedux/Content/ReDestiny/Widgets/PlayerMenu/PlayerMenu_Subclass.uasset'
[2017.03.26-18.15.04:811][191]LogSavePackage:Display: Finished SavePackage ../../../../../../Users/Steven4K/Desktop/ReDestiny/DestinyRedux/Content/ReDestiny/Widgets/PlayerMenu/PlayerMenu_Subclass.uasset
[2017.03.26-18.21.33:208][590]BlueprintLog: New page: Compile PlayerMenu_Subclass
[2017.03.26-18.21.33:804][590]LogSavePackage: Save=37.32ms
[2017.03.26-18.21.33:804][590]LogSavePackage: Moving '../../../../../../Users/Steven4K/Desktop/ReDestiny/DestinyRedux/Saved/PlayerMenu_Subclass460B3EDE40E7A200116D6C9004C6981A.tmp' to '../../../../../../Users/Steven4K/Desktop/ReDestiny/DestinyRedux/Content/ReDestiny/Widgets/PlayerMenu/PlayerMenu_Subclass.uasset'
[2017.03.26-18.21.33:806][590]LogSavePackage:Display: Finished SavePackage ../../../../../../Users/Steven4K/Desktop/ReDestiny/DestinyRedux/Content/ReDestiny/Widgets/PlayerMenu/PlayerMenu_Subclass.uasset
[2017.03.26-18.22.25:381][567]LogSlate:Warning: Prevented a slow task dialog from being summoned while a context menu was open
[2017.03.26-18.22.59:658][397]BlueprintLog: New page: Compile PlayerMenu_Subclass
[2017.03.26-18.22.59:971][397]LogSavePackage: Save=39.36ms
[2017.03.26-18.22.59:971][397]LogSavePackage: Moving '../../../../../../Users/Steven4K/Desktop/ReDestiny/DestinyRedux/Saved/PlayerMenu_Subclass34EA5BD44CFDCF302D8C3DA11687B563.tmp' to '../../../../../../Users/Steven4K/Desktop/ReDestiny/DestinyRedux/Content/ReDestiny/Widgets/PlayerMenu/PlayerMenu_Subclass.uasset'
[2017.03.26-18.22.59:973][397]LogSavePackage:Display: Finished SavePackage ../../../../../../Users/Steven4K/Desktop/ReDestiny/DestinyRedux/Content/ReDestiny/Widgets/PlayerMenu/PlayerMenu_Subclass.uasset
[2017.03.26-18.23.17:127][294]LogTemp: Repeting last play command: New Editor Window (PIE)
[2017.03.26-18.23.17:155][294]BlueprintLog: New page: Pre-Play auto-recompile
[2017.03.26-18.23.17:155][294]LogPlayLevel: [PlayLevel] Compiling Subclass_HiddenClassesTooltip before play...
[2017.03.26-18.23.17:359][294]LogSavePackage: Save=12.83ms
[2017.03.26-18.23.17:359][294]LogSavePackage: Moving '../../../../../../Users/Steven4K/Desktop/ReDestiny/DestinyRedux/Saved/Subclass_HiddenClassesTooltipFF76AD324EBF6B428A01B0ADFD38299D.tmp' to '../../../../../../Users/Steven4K/Desktop/ReDestiny/DestinyRedux/Content/ReDestiny/Widgets/Subclass/Subclass_HiddenClassesTooltip.uasset'
[2017.03.26-18.23.17:361][294]LogSavePackage:Display: Finished SavePackage ../../../../../../Users/Steven4K/Desktop/ReDestiny/DestinyRedux/Content/ReDestiny/Widgets/Subclass/Subclass_HiddenClassesTooltip.uasset
[2017.03.26-18.23.17:382][294]LogPlayLevel: PlayLevel: Blueprint regeneration took 227 ms (1 blueprints)
[2017.03.26-18.23.17:382][294]LogOnline:Display: OSS: FOnlineSubsystemNull::Shutdown()
[2017.03.26-18.23.17:394][294]PIE: New page: PIE session: Level_ShipModular (Mar 26, 2017, 4:23:17 AM)
[2017.03.26-18.23.17:394][294]LogPlayLevel: Creating play world package: /Game/ReDestiny/Maps/UEDPIE_0_Level_ShipModular
[2017.03.26-18.23.17:404][294]LogPlayLevel: PIE: StaticDuplicateObject took: (0.009894s)
[2017.03.26-18.23.17:404][294]LogAIModule: Creating AISystem for world Level_ShipModular
[2017.03.26-18.23.17:405][294]LogPlayLevel: PIE: World Init took: (0.000617s)
[2017.03.26-18.23.17:405][294]LogPlayLevel: PIE: Created PIE world by copying editor world from /Game/ReDestiny/Maps/Level_ShipModular.Level_ShipModular to /Game/ReDestiny/Maps/UEDPIE_0_Level_ShipModular.Level_ShipModular (0.010773s)
[2017.03.26-18.23.17:431][294]LogInit: XAudio2 using 'Speakers (High Definition Audio Device)' : 2 channels at 44.1 kHz using 16 bits per sample (channel mask 0x3)
[2017.03.26-18.23.17:437][294]LogInit: FAudioDevice initialized.
[2017.03.26-18.23.17:463][294]LogStats:Warning: MetaData mismatch. Did you assign a stat to two groups? New //STATGROUP_Threads//OnlineAsyncTaskThreadNull DefaultInstance///Thread_230_0///####STATCAT_Advanced#### old //STATGROUP_Threads//OnlineAsyncTaskThreadNull DefaultInstance///Thread_2cf4_0///####STATCAT_Advanced####
[2017.03.26-18.23.17:582][294]LogLoad: Game class is 'FirstPersonGameMode_C'
[2017.03.26-18.23.17:587][294]LogWorld: Bringing World /Game/ReDestiny/Maps/UEDPIE_0_Level_ShipModular.Level_ShipModular up for play (max tick rate 0) at 2017.03.26-11.23.17
[2017.03.26-18.23.17:588][294]LogWorld: Bringing up level for play took: 0.004527
[2017.03.26-18.23.17:689][294]LogContentBrowser: Native class hierarchy updated for 'MovieSceneCapture' in 0.0005 seconds. Added 11 classes and 0 folders.
[2017.03.26-18.23.17:772][294]LogScriptCore:Warning: Script Msg: Attempted to access index 3 from array ItemsForSale of length 3!
[2017.03.26-18.23.17:772][294]LogScriptCore:Warning: Script Msg: Attempted to access index 3 from array ItemsForSale of length 3!
[2017.03.26-18.23.17:772][294]LogScriptCore:Warning: Script Msg: Attempted to access index 4 from array ItemsForSale of length 3!
[2017.03.26-18.23.17:772][294]LogScriptCore:Warning: Script Msg: Attempted to access index 4 from array ItemsForSale of length 3!
[2017.03.26-18.23.17:772][294]LogScriptCore:Warning: Script Msg: Attempted to access index 5 from array ItemsForSale of length 3!
[2017.03.26-18.23.17:772][294]LogScriptCore:Warning: Script Msg: Attempted to access index 5 from array ItemsForSale of length 3!
[2017.03.26-18.23.17:798][294]LogScriptCore:Warning: Script Msg: Attempted to access index 1 from array ItemsForSale of length 1!
[2017.03.26-18.23.17:798][294]LogScriptCore:Warning: Script Msg: Attempted to access index 1 from array ItemsForSale of length 1!
[2017.03.26-18.23.17:798][294]LogScriptCore:Warning: Script Msg: Attempted to access index 2 from array ItemsForSale of length 1!
[2017.03.26-18.23.17:798][294]LogScriptCore:Warning: Script Msg: Attempted to access index 2 from array ItemsForSale of length 1!
[2017.03.26-18.23.17:798][294]LogScriptCore:Warning: Script Msg: Attempted to access index 3 from array ItemsForSale of length 1!
[2017.03.26-18.23.17:798][294]LogScriptCore:Warning: Script Msg: Attempted to access index 3 from array ItemsForSale of length 1!
[2017.03.26-18.23.17:798][294]LogScriptCore:Warning: Script Msg: Attempted to access index 4 from array ItemsForSale of length 1!
[2017.03.26-18.23.17:798][294]LogScriptCore:Warning: Script Msg: Attempted to access index 4 from array ItemsForSale of length 1!
[2017.03.26-18.23.17:798][294]LogScriptCore:Warning: Script Msg: Attempted to access index 5 from array ItemsForSale of length 1!
[2017.03.26-18.23.17:798][294]LogScriptCore:Warning: Script Msg: Attempted to access index 5 from array ItemsForSale of length 1!
[2017.03.26-18.23.17:822][294]LogScriptCore:Warning: Script Msg: Attempted to access index 2 from array ItemsForSale of length 2!
[2017.03.26-18.23.17:822][294]LogScriptCore:Warning: Script Msg: Attempted to access index 2 from array ItemsForSale of length 2!
[2017.03.26-18.23.17:822][294]LogScriptCore:Warning: Script Msg: Attempted to access index 3 from array ItemsForSale of length 2!
[2017.03.26-18.23.17:822][294]LogScriptCore:Warning: Script Msg: Attempted to access index 3 from array ItemsForSale of length 2!
[2017.03.26-18.23.17:822][294]LogScriptCore:Warning: Script Msg: Attempted to access index 4 from array ItemsForSale of length 2!
[2017.03.26-18.23.17:822][294]LogScriptCore:Warning: Script Msg: Attempted to access index 4 from array ItemsForSale of length 2!
[2017.03.26-18.23.17:822][294]LogScriptCore:Warning: Script Msg: Attempted to access index 5 from array ItemsForSale of length 2!
[2017.03.26-18.23.17:822][294]LogScriptCore:Warning: Script Msg: Attempted to access index 5 from array ItemsForSale of length 2!
[2017.03.26-18.23.17:823][294]LogScriptCore:Warning: Script Msg: Attempted to access index 3 from array ItemsForSale of length 3!
[2017.03.26-18.23.17:823][294]LogScriptCore:Warning: Script Msg: Attempted to access index 3 from array ItemsForSale of length 3!
[2017.03.26-18.23.17:823][294]LogScriptCore:Warning: Script Msg: Attempted to access index 4 from array ItemsForSale of length 3!
[2017.03.26-18.23.17:823][294]LogScriptCore:Warning: Script Msg: Attempted to access index 4 from array ItemsForSale of length 3!
[2017.03.26-18.23.17:823][294]LogScriptCore:Warning: Script Msg: Attempted to access index 5 from array ItemsForSale of length 3!
[2017.03.26-18.23.17:823][294]LogScriptCore:Warning: Script Msg: Attempted to access index 5 from array ItemsForSale of length 3!
[2017.03.26-18.23.17:823][294]LogScriptCore:Warning: Script Msg: Attempted to access index 1 from array ItemsForSale of length 1!
[2017.03.26-18.23.17:823][294]LogScriptCore:Warning: Script Msg: Attempted to access index 1 from array ItemsForSale of length 1!
[2017.03.26-18.23.17:823][294]LogScriptCore:Warning: Script Msg: Attempted to access index 2 from array ItemsForSale of length 1!
[2017.03.26-18.23.17:823][294]LogScriptCore:Warning: Script Msg: Attempted to access index 2 from array ItemsForSale of length 1!
[2017.03.26-18.23.17:823][294]LogScriptCore:Warning: Script Msg: Attempted to access index 3 from array ItemsForSale of length 1!
[2017.03.26-18.23.17:823][294]LogScriptCore:Warning: Script Msg: Attempted to access index 3 from array ItemsForSale of length 1!
[2017.03.26-18.23.17:823][294]LogScriptCore:Warning: Script Msg: Attempted to access index 4 from array ItemsForSale of length 1!
[2017.03.26-18.23.17:823][294]LogScriptCore:Warning: Script Msg: Attempted to access index 4 from array ItemsForSale of length 1!
[2017.03.26-18.23.17:823][294]LogScriptCore:Warning: Script Msg: Attempted to access index 5 from array ItemsForSale of length 1!
[2017.03.26-18.23.17:823][294]LogScriptCore:Warning: Script Msg: Attempted to access index 5 from array ItemsForSale of length 1!
[2017.03.26-18.23.17:823][294]LogScriptCore:Warning: Script Msg: Attempted to access index 2 from array ItemsForSale of length 2!
[2017.03.26-18.23.17:823][294]LogScriptCore:Warning: Script Msg: Attempted to access index 2 from array ItemsForSale of length 2!
[2017.03.26-18.23.17:823][294]LogScriptCore:Warning: Script Msg: Attempted to access index 3 from array ItemsForSale of length 2!
[2017.03.26-18.23.17:823][294]LogScriptCore:Warning: Script Msg: Attempted to access index 3 from array ItemsForSale of length 2!
[2017.03.26-18.23.17:823][294]LogScriptCore:Warning: Script Msg: Attempted to access index 4 from array ItemsForSale of length 2!
[2017.03.26-18.23.17:824][294]LogScriptCore:Warning: Script Msg: Attempted to access index 4 from array ItemsForSale of length 2!
[2017.03.26-18.23.17:824][294]LogScriptCore:Warning: Script Msg: Attempted to access index 5 from array ItemsForSale of length 2!
[2017.03.26-18.23.17:824][294]LogScriptCore:Warning: Script Msg: Attempted to access index 5 from array ItemsForSale of length 2!
[2017.03.26-18.23.17:972][294]PIE: Info Play in editor start time for /Game/ReDestiny/Maps/UEDPIE_0_Level_ShipModular 0.839
[2017.03.26-18.23.18:047][294]LogRenderer: Reallocating scene render targets to support 1612x936 NumSamples 1 (Frame:289099).
[2017.03.26-18.23.22:438][644]LogOnline:Display: OSS: FOnlineSubsystemNull::Shutdown()
[2017.03.26-18.23.22:439][644]LogPlayLevel:Display: Shutting down PIE online subsystems
[2017.03.26-18.23.22:490][645]LogPlayLevel:Display: Destroying online subsystem :Context_11
[2017.03.26-18.23.22:490][645]LogOnline:Display: OSS: FOnlineSubsystemNull::Shutdown()
[2017.03.26-18.25.21:502][455]BlueprintLog: New page: Compile PlayerMenu_Subclass
[2017.03.26-18.25.22:073][455]LogSavePackage: Save=40.67ms
[2017.03.26-18.25.22:073][455]LogSavePackage: Moving '../../../../../../Users/Steven4K/Desktop/ReDestiny/DestinyRedux/Saved/PlayerMenu_SubclassE83B67E4429B19C51928898364E6E087.tmp' to '../../../../../../Users/Steven4K/Desktop/ReDestiny/DestinyRedux/Content/ReDestiny/Widgets/PlayerMenu/PlayerMenu_Subclass.uasset'
[2017.03.26-18.25.22:075][455]LogSavePackage:Display: Finished SavePackage ../../../../../../Users/Steven4K/Desktop/ReDestiny/DestinyRedux/Content/ReDestiny/Widgets/PlayerMenu/PlayerMenu_Subclass.uasset
[2017.03.26-18.27.13:090][536]BlueprintLog: New page: Compile PlayerMenu_Subclass
[2017.03.26-18.27.13:699][536]LogSavePackage: Save=42.42ms
[2017.03.26-18.27.13:699][536]LogSavePackage: Moving '../../../../../../Users/Steven4K/Desktop/ReDestiny/DestinyRedux/Saved/PlayerMenu_SubclassF2C060E54477F8CF261F12BC0FC53638.tmp' to '../../../../../../Users/Steven4K/Desktop/ReDestiny/DestinyRedux/Content/ReDestiny/Widgets/PlayerMenu/PlayerMenu_Subclass.uasset'
[2017.03.26-18.27.13:701][536]LogSavePackage:Display: Finished SavePackage ../../../../../../Users/Steven4K/Desktop/ReDestiny/DestinyRedux/Content/ReDestiny/Widgets/PlayerMenu/PlayerMenu_Subclass.uasset
[2017.03.26-18.27.16:275][782]LogTemp: Repeting last play command: New Editor Window (PIE)
[2017.03.26-18.27.16:303][782]LogPlayLevel: PlayLevel: No blueprints needed recompiling
[2017.03.26-18.27.16:303][782]PIE: New page: PIE session: Level_ShipModular (Mar 26, 2017, 4:27:16 AM)
[2017.03.26-18.27.16:303][782]LogPlayLevel: Creating play world package: /Game/ReDestiny/Maps/UEDPIE_0_Level_ShipModular
[2017.03.26-18.27.16:309][782]LogPlayLevel: PIE: StaticDuplicateObject took: (0.006336s)
[2017.03.26-18.27.16:310][782]LogAIModule: Creating AISystem for world Level_ShipModular
[2017.03.26-18.27.16:310][782]LogPlayLevel: PIE: World Init took: (0.000701s)
[2017.03.26-18.27.16:310][782]LogPlayLevel: PIE: Created PIE world by copying editor world from /Game/ReDestiny/Maps/Level_ShipModular.Level_ShipModular to /Game/ReDestiny/Maps/UEDPIE_0_Level_ShipModular.Level_ShipModular (0.007277s)
[2017.03.26-18.27.16:337][782]LogInit: XAudio2 using 'Speakers (High Definition Audio Device)' : 2 channels at 44.1 kHz using 16 bits per sample (channel mask 0x3)
[2017.03.26-18.27.16:344][782]LogInit: FAudioDevice initialized.
[2017.03.26-18.27.16:382][782]LogLoad: Game class is 'FirstPersonGameMode_C'
[2017.03.26-18.27.16:386][782]LogWorld: Bringing World /Game/ReDestiny/Maps/UEDPIE_0_Level_ShipModular.Level_ShipModular up for play (max tick rate 0) at 2017.03.26-11.27.16
[2017.03.26-18.27.16:387][782]LogWorld: Bringing up level for play took: 0.004499
[2017.03.26-18.27.16:487][782]LogScriptCore:Warning: Script Msg: Attempted to access index 3 from array ItemsForSale of length 3!
[2017.03.26-18.27.16:487][782]LogScriptCore:Warning: Script Msg: Attempted to access index 3 from array ItemsForSale of length 3!
[2017.03.26-18.27.16:487][782]LogScriptCore:Warning: Script Msg: Attempted to access index 4 from array ItemsForSale of length 3!
[2017.03.26-18.27.16:487][782]LogScriptCore:Warning: Script Msg: Attempted to access index 4 from array ItemsForSale of length 3!
[2017.03.26-18.27.16:487][782]LogScriptCore:Warning: Script Msg: Attempted to access index 5 from array ItemsForSale of length 3!
[2017.03.26-18.27.16:487][782]LogScriptCore:Warning: Script Msg: Attempted to access index 5 from array ItemsForSale of length 3!
[2017.03.26-18.27.16:514][782]LogScriptCore:Warning: Script Msg: Attempted to access index 1 from array ItemsForSale of length 1!
[2017.03.26-18.27.16:514][782]LogScriptCore:Warning: Script Msg: Attempted to access index 1 from array ItemsForSale of length 1!
[2017.03.26-18.27.16:514][782]LogScriptCore:Warning: Script Msg: Attempted to access index 2 from array ItemsForSale of length 1!
[2017.03.26-18.27.16:514][782]LogScriptCore:Warning: Script Msg: Attempted to access index 2 from array ItemsForSale of length 1!
[2017.03.26-18.27.16:514][782]LogScriptCore:Warning: Script Msg: Attempted to access index 3 from array ItemsForSale of length 1!
[2017.03.26-18.27.16:514][782]LogScriptCore:Warning: Script Msg: Attempted to access index 3 from array ItemsForSale of length 1!
[2017.03.26-18.27.16:514][782]LogScriptCore:Warning: Script Msg: Attempted to access index 4 from array ItemsForSale of length 1!
[2017.03.26-18.27.16:514][782]LogScriptCore:Warning: Script Msg: Attempted to access index 4 from array ItemsForSale of length 1!
[2017.03.26-18.27.16:514][782]LogScriptCore:Warning: Script Msg: Attempted to access index 5 from array ItemsForSale of length 1!
[2017.03.26-18.27.16:514][782]LogScriptCore:Warning: Script Msg: Attempted to access index 5 from array ItemsForSale of length 1!
[2017.03.26-18.27.16:539][782]LogScriptCore:Warning: Script Msg: Attempted to access index 2 from array ItemsForSale of length 2!
[2017.03.26-18.27.16:539][782]LogScriptCore:Warning: Script Msg: Attempted to access index 2 from array ItemsForSale of length 2!
[2017.03.26-18.27.16:539][782]LogScriptCore:Warning: Script Msg: Attempted to access index 3 from array ItemsForSale of length 2!
[2017.03.26-18.27.16:539][782]LogScriptCore:Warning: Script Msg: Attempted to access index 3 from array ItemsForSale of length 2!
[2017.03.26-18.27.16:539][782]LogScriptCore:Warning: Script Msg: Attempted to access index 4 from array ItemsForSale of length 2!
[2017.03.26-18.27.16:540][782]LogScriptCore:Warning: Script Msg: Attempted to access index 4 from array ItemsForSale of length 2!
[2017.03.26-18.27.16:540][782]LogScriptCore:Warning: Script Msg: Attempted to access index 5 from array ItemsForSale of length 2!
[2017.03.26-18.27.16:540][782]LogScriptCore:Warning: Script Msg: Attempted to access index 5 from array ItemsForSale of length 2!
[2017.03.26-18.27.16:540][782]LogScriptCore:Warning: Script Msg: Attempted to access index 3 from array ItemsForSale of length 3!
[2017.03.26-18.27.16:540][782]LogScriptCore:Warning: Script Msg: Attempted to access index 3 from array ItemsForSale of length 3!
[2017.03.26-18.27.16:540][782]LogScriptCore:Warning: Script Msg: Attempted to access index 4 from array ItemsForSale of length 3!
[2017.03.26-18.27.16:540][782]LogScriptCore:Warning: Script Msg: Attempted to access index 4 from array ItemsForSale of length 3!
[2017.03.26-18.27.16:540][782]LogScriptCore:Warning: Script Msg: Attempted to access index 5 from array ItemsForSale of length 3!
[2017.03.26-18.27.16:540][782]LogScriptCore:Warning: Script Msg: Attempted to access index 5 from array ItemsForSale of length 3!
[2017.03.26-18.27.16:540][782]LogScriptCore:Warning: Script Msg: Attempted to access index 1 from array ItemsForSale of length 1!
[2017.03.26-18.27.16:540][782]LogScriptCore:Warning: Script Msg: Attempted to access index 1 from array ItemsForSale of length 1!
[2017.03.26-18.27.16:540][782]LogScriptCore:Warning: Script Msg: Attempted to access index 2 from array ItemsForSale of length 1!
[2017.03.26-18.27.16:540][782]LogScriptCore:Warning: Script Msg: Attempted to access index 2 from array ItemsForSale of length 1!
[2017.03.26-18.27.16:540][782]LogScriptCore:Warning: Script Msg: Attempted to access index 3 from array ItemsForSale of length 1!
[2017.03.26-18.27.16:540][782]LogScriptCore:Warning: Script Msg: Attempted to access index 3 from array ItemsForSale of length 1!
[2017.03.26-18.27.16:540][782]LogScriptCore:Warning: Script Msg: Attempted to access index 4 from array ItemsForSale of length 1!
[2017.03.26-18.27.16:540][782]LogScriptCore:Warning: Script Msg: Attempted to access index 4 from array ItemsForSale of length 1!
[2017.03.26-18.27.16:541][782]LogScriptCore:Warning: Script Msg: Attempted to access index 5 from array ItemsForSale of length 1!
[2017.03.26-18.27.16:541][782]LogScriptCore:Warning: Script Msg: Attempted to access index 5 from array ItemsForSale of length 1!
[2017.03.26-18.27.16:541][782]LogScriptCore:Warning: Script Msg: Attempted to access index 2 from array ItemsForSale of length 2!
[2017.03.26-18.27.16:541][782]LogScriptCore:Warning: Script Msg: Attempted to access index 2 from array ItemsForSale of length 2!
[2017.03.26-18.27.16:541][782]LogScriptCore:Warning: Script Msg: Attempted to access index 3 from array ItemsForSale of length 2!
[2017.03.26-18.27.16:541][782]LogScriptCore:Warning: Script Msg: Attempted to access index 3 from array ItemsForSale of length 2!
[2017.03.26-18.27.16:541][782]LogScriptCore:Warning: Script Msg: Attempted to access index 4 from array ItemsForSale of length 2!
[2017.03.26-18.27.16:541][782]LogScriptCore:Warning: Script Msg: Attempted to access index 4 from array ItemsForSale of length 2!
[2017.03.26-18.27.16:541][782]LogScriptCore:Warning: Script Msg: Attempted to access index 5 from array ItemsForSale of length 2!
[2017.03.26-18.27.16:541][782]LogScriptCore:Warning: Script Msg: Attempted to access index 5 from array ItemsForSale of length 2!
[2017.03.26-18.27.16:695][782]PIE: Info Play in editor start time for /Game/ReDestiny/Maps/UEDPIE_0_Level_ShipModular -0.438
[2017.03.26-18.27.24:575][406]LogOnline:Display: OSS: FOnlineSubsystemNull::Shutdown()
[2017.03.26-18.27.24:575][406]LogPlayLevel:Display: Shutting down PIE online subsystems
[2017.03.26-18.27.24:654][407]LogPlayLevel:Display: Destroying online subsystem :Context_14
[2017.03.26-18.27.24:655][407]LogOnline:Display: OSS: FOnlineSubsystemNull::Shutdown()
[2017.03.26-18.29.11:530][331]BlueprintLog: New page: Compile PlayerMenu_Subclass
[2017.03.26-18.29.12:147][331]LogSavePackage: Save=43.79ms
[2017.03.26-18.29.12:147][331]LogSavePackage: Moving '../../../../../../Users/Steven4K/Desktop/ReDestiny/DestinyRedux/Saved/PlayerMenu_SubclassECCECFA54FFE1EEA87F6CC900D70BB19.tmp' to '../../../../../../Users/Steven4K/Desktop/ReDestiny/DestinyRedux/Content/ReDestiny/Widgets/PlayerMenu/PlayerMenu_Subclass.uasset'
[2017.03.26-18.29.12:149][331]LogSavePackage:Display: Finished SavePackage ../../../../../../Users/Steven4K/Desktop/ReDestiny/DestinyRedux/Content/ReDestiny/Widgets/PlayerMenu/PlayerMenu_Subclass.uasset
[2017.03.26-18.30.00:751][476]BlueprintLog: New page: Compile PlayerMenu_Subclass
[2017.03.26-18.30.00:771][476]LogBlueprint:Error: [Compiler PlayerMenu_Subclass] Error Map Property  SubclassesAvailable  has key type of Text which cannot be hashed and is therefore invalid
[2017.03.26-18.30.01:275][476]BlueprintEditorCompileResults:Error: Error Map Property  SubclassesAvailable  has key type of Text which cannot be hashed and is therefore invalid
[2017.03.26-18.30.01:276][476]LogBlueprint:Warning: [Compiler PlayerMenu_Subclass] Warning [6074.44] Compile of PlayerMenu_Subclass failed. 1 Fatal Issue(s) 0 Warning(s) [in 524 ms] (/Game/ReDestiny/Widgets/PlayerMenu/PlayerMenu_Subclass.PlayerMenu_Subclass)
[2017.03.26-18.30.12:001][650]LogWindows: Windows GetLastError: The operation completed successfully. (0)
