Log file open, 04/10/17 18:11:29
LogInit:Display: Running engine for game: DestinyRedux
LogPlatformFile: Not using cached read wrapper
LogInit:Display: RandInit(285922023) SRandInit(285922023).
LogTaskGraph: Started task graph with 5 named threads and 8 total threads with 1 sets of task threads.
LogStats: Stats thread started at 0.074317
LogInit: Using libcurl 7.47.1
LogInit:  - built for x86_64-pc-win32
LogInit:  - supports SSL with OpenSSL/1.0.2g
LogInit:  - supports HTTP deflate (compression) using libz 1.2.8
LogInit:  - other features:
LogInit:      CURL_VERSION_SSL
LogInit:      CURL_VERSION_LIBZ
LogInit:      CURL_VERSION_IPV6
LogInit:      CURL_VERSION_ASYNCHDNS
LogInit:      CURL_VERSION_LARGEFILE
LogInit:      CURL_VERSION_IDN
LogInit:  CurlRequestOptions (configurable via config and command line):
LogInit:  - bVerifyPeer = false  - Libcurl will NOT verify peer certificate
LogInit:  - bUseHttpProxy = false  - Libcurl will NOT use HTTP proxy
LogInit:  - bDontReuseConnections = false  - Libcurl will reuse connections
LogInit:  - CertBundlePath = nullptr  - Libcurl will use whatever was configured at build time.
LogInit: WinSock: version 1.1 (2.2), MaxSocks=32767, MaxUdp=65467
LogInit: Build: ++UE4+Release-4.15-CL-3348071
LogInit: Engine Version: 4.15.1-3348071+++UE4+Release-4.15
LogInit: Compatible Engine Version: 4.15.0-3299760+++UE4+Release-4.15
LogInit: Net CL: 3299760
LogDevObjectVersion: Number of dev versions registered: 14
LogDevObjectVersion:   Dev-Blueprints (B0D832E4-1F89-4F0D-ACCF-7EB736FD4AA2): 8
LogDevObjectVersion:   Dev-Build (E1C64328-A22C-4D53-A36C-8E866417BD8C): 0
LogDevObjectVersion:   Dev-Core (375EC13C-06E4-48FB-B500-84F0262A717E): 2
LogDevObjectVersion:   Dev-Editor (E4B068ED-F494-42E9-A231-DA0B2E46BB41): 14
LogDevObjectVersion:   Dev-Framework (CFFC743F-43B0-4480-9391-14DF171D2073): 22
LogDevObjectVersion:   Dev-Mobile (B02B49B5-BB20-44E9-A304-32B752E40360): 0
LogDevObjectVersion:   Dev-Networking (A4E4105C-59A1-49B5-A7C5-40C4547EDFEE): 0
LogDevObjectVersion:   Dev-Online (39C831C9-5AE6-47DC-9A44-9C173E1C8E7C): 0
LogDevObjectVersion:   Dev-Physics (78F01B33-EBEA-4F98-B9B4-84EACCB95AA2): 0
LogDevObjectVersion:   Dev-Platform (6631380F-2D4D-43E0-8009-CF276956A95A): 0
LogDevObjectVersion:   Dev-Rendering (12F88B9F-8875-4AFC-A67C-D90C383ABD29): 12
LogDevObjectVersion:   Dev-Sequencer (7B5AE74C-D270-4C10-A958-57980B212A5A): 3
LogDevObjectVersion:   Dev-VR (D7296918-1DD6-4BDD-9DE2-64A83CC13884): 0
LogDevObjectVersion:   Dev-LoadTimes (C2A15278-BFE7-4AFE-6C17-90FF531DF755): 1
LogInit: Compiled (64-bit): Mar 15 2017 16:52:47
LogInit: Compiled with Visual C++: 19.00.23026.00
LogInit: Build Configuration: Development
LogInit: Branch Name: ++UE4+Release-4.15
LogInit: Command line:  
LogInit: Base directory: C:/Program Files/Epic Games/UE_4.15/Engine/Binaries/Win64/
LogInit: Installed Engine Build: 1
LogInit: Presizing for max 8388607 objects, including 0 objects not considered by GC, pre-allocating 0 bytes for permanent pool.
LogInit: Object subsystem initialized
[2017.04.11-01.11.30:223][  0]LogInit: Selected Device Profile: [Windows]
[2017.04.11-01.11.30:223][  0]LogInit: Applying CVar settings loaded from the selected device profile: [Windows]
[2017.04.11-01.11.30:232][  0]LogInit: Computer: CLU
[2017.04.11-01.11.30:232][  0]LogInit: User: Steven4K
[2017.04.11-01.11.30:232][  0]LogInit: CPU Page size=65536, Cores=4
[2017.04.11-01.11.30:232][  0]LogInit: High frequency timer resolution =3.914070 MHz
[2017.04.11-01.11.30:232][  0]LogMemory: Memory total: Physical=16.0GB (16GB approx)
[2017.04.11-01.11.30:232][  0]LogMemory: Platform Memory Stats for Windows
[2017.04.11-01.11.30:232][  0]LogMemory: Process Physical Memory: 264.54 MB used, 264.54 MB peak
[2017.04.11-01.11.30:232][  0]LogMemory: Process Virtual Memory: 262.69 MB used, 262.69 MB peak
[2017.04.11-01.11.30:232][  0]LogMemory: Physical Memory: 5261.77 MB used,  11071.35 MB free, 16333.11 MB total
[2017.04.11-01.11.30:232][  0]LogMemory: Virtual Memory: 646.95 MB used,  11071.35 MB free, 134217728.00 MB total
[2017.04.11-01.11.30:296][  0]LogTextLocalizationManager: No specific translations for ('en-US') exist, so ('en') translations will be used.
[2017.04.11-01.11.30:734][  0]LogD3D11RHI: D3D11 adapters:
[2017.04.11-01.11.30:759][  0]LogD3D11RHI:    0. 'NVIDIA GeForce GTX 1080' (Feature Level 11_0)
[2017.04.11-01.11.30:759][  0]LogD3D11RHI:       8110/0/8166 MB DedicatedVideo/DedicatedSystem/SharedSystem, Outputs:1, VendorId:0x10de
[2017.04.11-01.11.30:760][  0]LogD3D11RHI:    1. 'Microsoft Basic Render Driver' (Feature Level 11_0)
[2017.04.11-01.11.30:760][  0]LogD3D11RHI:       0/0/8166 MB DedicatedVideo/DedicatedSystem/SharedSystem, Outputs:0, VendorId:0x1414
[2017.04.11-01.11.30:760][  0]LogD3D11RHI: Chosen D3D11 Adapter: 0
[2017.04.11-01.11.30:763][  0]LogD3D11RHI: Creating new Direct3DDevice
[2017.04.11-01.11.30:763][  0]LogD3D11RHI:     GPU DeviceId: 0x1b80 (for the marketing name, search the web for "GPU Device Id")
[2017.04.11-01.11.30:763][  0]LogWindows: EnumDisplayDevices:
[2017.04.11-01.11.30:763][  0]LogWindows:    0. 'NVIDIA GeForce GTX 1080' (P:1 D:1)
[2017.04.11-01.11.30:763][  0]LogWindows:    1. 'NVIDIA GeForce GTX 1080' (P:0 D:0)
[2017.04.11-01.11.30:763][  0]LogWindows:    2. 'NVIDIA GeForce GTX 1080' (P:0 D:0)
[2017.04.11-01.11.30:763][  0]LogWindows:    3. 'NVIDIA GeForce GTX 1080' (P:0 D:0)
[2017.04.11-01.11.30:763][  0]LogWindows: DebugString: FoundDriverCount:4 
[2017.04.11-01.11.30:763][  0]LogD3D11RHI:     Adapter Name: NVIDIA GeForce GTX 1080
[2017.04.11-01.11.30:763][  0]LogD3D11RHI:   Driver Version: 381.65 (internal:22.21.13.8165, unified:381.65)
[2017.04.11-01.11.30:763][  0]LogD3D11RHI:      Driver Date: 3-31-2017
[2017.04.11-01.11.30:763][  0]LogRHI: Texture pool is 1361 MB (70% of 1945 MB)
[2017.04.11-01.11.30:779][  0]LogD3D11RHI: Async texture creation enabled
[2017.04.11-01.11.30:788][  0]LogD3D11RHI: GPU Timing Frequency: 1000.000000 (Debug: 2 1)
[2017.04.11-01.11.30:836][  0]LogShaderCompilers: Guid format shader working directory is -14 characters bigger than the processId version (../../../../../../Users/Steven4K/Desktop/ReDestiny/DestinyRedux/Intermediate/Shaders/WorkingDirectory/5624/).
[2017.04.11-01.11.30:836][  0]LogShaderCompilers: Cleaned the shader compiler working directory 'C:/Users/Steven4K/AppData/Local/Temp/UnrealShaderWorkingDir/D41A6DAE418A14A8CEDE9680C02D5065/'.
[2017.04.11-01.11.30:836][  0]LogShaderCompilers:Display: Using Local Shader Compiler.
[2017.04.11-01.11.31:599][  0]LogTemp:Display: Loaded TP AllDesktopTargetPlatform
[2017.04.11-01.11.31:642][  0]LogTemp:Display: Loaded TP MacClientTargetPlatform
[2017.04.11-01.11.31:683][  0]LogTemp:Display: Loaded TP MacNoEditorTargetPlatform
[2017.04.11-01.11.31:726][  0]LogTemp:Display: Loaded TP MacServerTargetPlatform
[2017.04.11-01.11.31:769][  0]LogTemp:Display: Loaded TP MacTargetPlatform
[2017.04.11-01.11.31:813][  0]LogTemp:Display: Loaded TP WindowsClientTargetPlatform
[2017.04.11-01.11.31:854][  0]LogTemp:Display: Loaded TP WindowsNoEditorTargetPlatform
[2017.04.11-01.11.31:896][  0]LogTemp:Display: Loaded TP WindowsServerTargetPlatform
[2017.04.11-01.11.31:931][  0]LogTemp:Display: Loaded TP WindowsTargetPlatform
[2017.04.11-01.11.31:971][  0]LogTemp:Display: Loaded TP AndroidTargetPlatform
[2017.04.11-01.11.32:013][  0]LogTemp:Display: Loaded TP Android_ASTCTargetPlatform
[2017.04.11-01.11.32:055][  0]LogTemp:Display: Loaded TP Android_ATCTargetPlatform
[2017.04.11-01.11.32:095][  0]LogTemp:Display: Loaded TP Android_DXTTargetPlatform
[2017.04.11-01.11.32:137][  0]LogTemp:Display: Loaded TP Android_ETC1TargetPlatform
[2017.04.11-01.11.32:177][  0]LogTemp:Display: Loaded TP Android_ETC2TargetPlatform
[2017.04.11-01.11.32:259][  0]LogTemp:Display: Loaded TP Android_MultiTargetPlatform
[2017.04.11-01.11.32:259][  0]LogTemp:Display: Loaded TP Android_PVRTCTargetPlatform
[2017.04.11-01.11.32:289][  0]LogTemp:Display: Loaded TP HTML5TargetPlatform
[2017.04.11-01.11.32:367][  0]LogTemp:Display: Loaded TP IOSTargetPlatform
[2017.04.11-01.11.32:394][  0]LogTemp:Display: Loaded TP TVOSTargetPlatform
[2017.04.11-01.11.32:436][  0]LogTemp:Display: Loaded TP LinuxClientTargetPlatform
[2017.04.11-01.11.32:478][  0]LogTemp:Display: Loaded TP LinuxNoEditorTargetPlatform
[2017.04.11-01.11.32:518][  0]LogTemp:Display: Loaded TP LinuxServerTargetPlatform
[2017.04.11-01.11.32:558][  0]LogTemp:Display: Loaded TP LinuxTargetPlatform
[2017.04.11-01.11.32:558][  0]LogTargetPlatformManager:Display: Building Assets For Windows
[2017.04.11-01.11.32:905][  0]LogDerivedDataCache:Display: Max Cache Size: 512 MB
[2017.04.11-01.11.32:950][  0]LogDerivedDataCache: Loaded boot cache 0.05s 50MB C:/Users/Steven4K/AppData/Local/UnrealEngine/4.15/DerivedDataCache/Boot.ddc.
[2017.04.11-01.11.32:950][  0]LogDerivedDataCache:Display: Loaded Boot cache: C:/Users/Steven4K/AppData/Local/UnrealEngine/4.15/DerivedDataCache/Boot.ddc
[2017.04.11-01.11.32:950][  0]LogDerivedDataCache: FDerivedDataBackendGraph:  Pak pak cache file ../../../../../../Users/Steven4K/Desktop/ReDestiny/DestinyRedux/DerivedDataCache/DDC.ddp not found, will not use a pak cache.
[2017.04.11-01.11.32:950][  0]LogDerivedDataCache: Unable to find inner node Pak for hierarchical cache Hierarchy.
[2017.04.11-01.11.32:950][  0]LogDerivedDataCache: FDerivedDataBackendGraph:  CompressedPak pak cache file ../../../../../../Users/Steven4K/Desktop/ReDestiny/DestinyRedux/DerivedDataCache/Compressed.ddp not found, will not use a pak cache.
[2017.04.11-01.11.32:950][  0]LogDerivedDataCache: Unable to find inner node CompressedPak for hierarchical cache Hierarchy.
[2017.04.11-01.11.32:964][  0]LogDerivedDataCache:Display: Pak cache opened for reading ../../../Engine/DerivedDataCache/Compressed.ddp.
[2017.04.11-01.11.32:976][  0]LogDerivedDataCache: Using Local data cache path C:/Users/Steven4K/AppData/Local/UnrealEngine/Common/DerivedDataCache: Writable
[2017.04.11-01.11.32:983][  0]LogSlate: Using Freetype 2.6.0
[2017.04.11-01.11.32:983][  0]LogSlate: SlateFontCache - WITH_FREETYPE: 1, WITH_HARFBUZZ: 1
[2017.04.11-01.11.32:984][  0]LogSlate: SlateFontCache - WITH_FREETYPE: 1, WITH_HARFBUZZ: 1
[2017.04.11-01.11.33:181][  0]LogInit: Selected Device Profile: [Windows]
[2017.04.11-01.11.33:183][  0]LogContentStreaming: Texture pool size is 0.00 MB
[2017.04.11-01.11.33:340][  0]LogMeshUtilities: Using QuadricMeshReduction for automatic static mesh reduction
[2017.04.11-01.11.33:373][  0]LogSimplygon: Simplygon DLL not present - disabling.
[2017.04.11-01.11.33:410][  0]LogMeshUtilities: Using SimplygonSwarm for distributed automatic mesh merging
[2017.04.11-01.11.33:410][  0]LogMeshUtilities: No automatic skeletal mesh reduction module available
[2017.04.11-01.11.33:410][  0]LogMeshUtilities: No automatic mesh merging module available
[2017.04.11-01.11.33:825][  0]LogNetVersion: GetLocalNetworkVersion: CL: 3299760, ProjectName: destinyredux, ProjectVersion: , EngineNetworkVersion: 2, GameNetworkVersion: 0, NetworkChecksum: 2158004914
[2017.04.11-01.11.33:865][  0]LogAssetRegistry: FAssetRegistry took 0.0215 seconds to start up
[2017.04.11-01.11.33:907][  0]LogPackageLocalizationCache: Processed 3 localized package path(s) for 2 prioritized culture(s) in 0.023178 seconds
[2017.04.11-01.11.33:910][  0]LogUObjectArray: 32493 objects as part of root set at end of initial load.
[2017.04.11-01.11.33:910][  0]LogUObjectAllocator: 7077024 out of 0 bytes used by permanent object pool.
[2017.04.11-01.11.33:910][  0]LogUObjectArray: CloseDisregardForGC: 0/0 objects in disregard for GC pool
[2017.04.11-01.11.35:152][  0]LogTcpMessaging: Initializing TcpMessaging bridge
[2017.04.11-01.11.35:187][  0]LogUdpMessaging: Initializing bridge on interface 0.0.0.0:0 to multicast group 230.0.0.1:6666.
[2017.04.11-01.11.35:548][  0]LogMaterial: Uniform references updated for custom material expression Custom.
[2017.04.11-01.11.35:837][  0]SourceControl: Info Source control is disabled
[2017.04.11-01.11.35:866][  0]SourceControl: Info Source control is disabled
[2017.04.11-01.11.35:902][  0]SourceControl: Info Source control is disabled
[2017.04.11-01.11.35:938][  0]SourceControl: Info Source control is disabled
[2017.04.11-01.11.36:866][  0]LogEngine: Initializing Engine...
[2017.04.11-01.11.37:092][  0]LogHMD: Failed to initialize OpenVR with code 108
[2017.04.11-01.11.37:270][  0]LogAIModule: Creating AISystem for world Untitled
[2017.04.11-01.11.37:285][  0]LogInit: XAudio2 using 'Speakers (High Definition Audio Device)' : 2 channels at 44.1 kHz using 16 bits per sample (channel mask 0x3)
[2017.04.11-01.11.37:295][  0]LogInit: FAudioDevice initialized.
[2017.04.11-01.11.37:321][  0]LogDerivedDataCache: Saved boot cache 0.03s 50MB C:/Users/Steven4K/AppData/Local/UnrealEngine/4.15/DerivedDataCache/Boot.ddc.
[2017.04.11-01.11.37:333][  0]LogInit: Texture streaming: Enabled
[2017.04.11-01.11.37:410][  0]LogEngineSessionManager: EngineSessionManager initialized
[2017.04.11-01.11.37:410][  0]LogEngineSessionManager: EngineSessionManager sent abnormal shutdown report. Type=Crashed, SessionId={B66BB023-4BA8-5368-4D59-3BB5CB980D8D}
[2017.04.11-01.11.37:478][  0]LogInit: Transaction tracking system initialized
[2017.04.11-01.11.37:748][  0]BlueprintLog: New page: Editor Load
[2017.04.11-01.11.38:412][  0]LocalizationService: Info Localization service is disabled
[2017.04.11-01.11.38:929][  0]LogConsoleResponse:Display: 
[2017.04.11-01.11.39:025][  0]LogCook:Display: Max memory allowance for cook 16384mb min free memory 0mb
[2017.04.11-01.11.39:025][  0]LogCook:Display: Mobile HDR setting 1
[2017.04.11-01.11.39:273][  0]LogFileCache: Scanning file cache for directory 'C:/Users/Steven4K/Desktop/ReDestiny/DestinyRedux/Content/' took 0.02s
[2017.04.11-01.11.39:831][  0]SourceControl: Info Source control is disabled
[2017.04.11-01.11.39:964][  0]LogSlate: Took 0.000224 seconds to synchronously load lazily loaded font '../../../Engine/Content/Slate/Fonts/Roboto-Regular.ttf' (155K)
[2017.04.11-01.11.45:183][  0]LogWindowsTextInputMethodSystem:Display: IME system now deactivated.
[2017.04.11-01.11.45:243][  0]LogWindowsTextInputMethodSystem:Display: IME system now deactivated.
[2017.04.11-01.11.47:147][  0]LogWindowsTextInputMethodSystem:Display: IME system now deactivated.
[2017.04.11-01.11.47:156][  0]LogWindowsTextInputMethodSystem:Display: IME system now deactivated.
[2017.04.11-01.11.47:156][  0]Cmd: MAP LOAD FILE="../../../../../../Users/Steven4K/Desktop/ReDestiny/DestinyRedux/Content/ReDestiny/Maps/Level_ShipModular.umap" TEMPLATE=0 SHOWPROGRESS=1 FEATURELEVEL=3
[2017.04.11-01.11.47:157][  0]LightingResults: New page: Lighting Build
[2017.04.11-01.11.47:189][  0]MapCheck: New page: Map Check
[2017.04.11-01.11.47:189][  0]LightingResults: New page: Lighting Build
[2017.04.11-01.11.47:403][  0]LogStats: UGameplayTagsManager::ConstructGameplayTagTree: Construct from data asset -  0.000 s
[2017.04.11-01.11.47:403][  0]LogStats: UGameplayTagsManager::ConstructGameplayTagTree: ImportINI -  0.000 s
[2017.04.11-01.11.47:403][  0]LogStats: UGameplayTagsManager::ConstructGameplayTagTree: GameplayTagTreeChangedEvent.Broadcast -  0.000 s
[2017.04.11-01.11.47:574][  0]LogLinker: Can't find file '/Game/ReDestiny/Textures/ButtonIcons/XboxOne/XboxMainButton'
[2017.04.11-01.11.47:574][  0]LogLinker: Can't find file '/Game/ReDestiny/Textures/ButtonIcons/XboxOne/XboxMainButton'
[2017.04.11-01.11.50:144][  0]LogAIModule: Creating AISystem for world Level_ShipModular
[2017.04.11-01.11.50:179][  0]LogEditorServer: Finished looking for orphan Actors (0.000 secs)
[2017.04.11-01.11.50:179][  0]Cmd: MAP CHECKDEP NOCLEARLOG
[2017.04.11-01.11.50:294][  0]MapCheck: Info Map check complete: 0 Error(s), 0 Warning(s), took 114.212ms to complete.
[2017.04.11-01.11.50:294][  0]LogFileHelpers: Loading map 'Level_ShipModular' took 3.137
[2017.04.11-01.11.50:387][  0]LogStats:Warning: MetaData mismatch. Did you assign a stat to two groups? New //STATGROUP_Threads//SplashScreenThread///Thread_32d0_0///####STATCAT_Advanced#### old //STATGROUP_Threads//SplashScreenThread///Thread_1234_0///####STATCAT_Advanced####
[2017.04.11-01.11.50:387][  0]LogCollectionManager: Loaded 1 collections in 0.002198 seconds
[2017.04.11-01.11.50:453][  0]LogFileCache: Scanning file cache for directory 'C:/Users/Steven4K/Desktop/ReDestiny/DestinyRedux/Saved/Collections/' took 0.01s
[2017.04.11-01.11.50:453][  0]LogFileCache: Scanning file cache for directory 'C:/Users/Steven4K/Desktop/ReDestiny/DestinyRedux/Content/Developers/Steven4K/Collections/' took 0.01s
[2017.04.11-01.11.50:453][  0]LogFileCache: Scanning file cache for directory 'C:/Users/Steven4K/Desktop/ReDestiny/DestinyRedux/Content/Collections/' took 0.01s
[2017.04.11-01.11.50:453][  0]LogCollectionManager: Rebuilt the GUID cache for 1 collections in 0.000003 seconds
[2017.04.11-01.11.50:453][  0]LogCollectionManager: Rebuilt the hierarchy cache for 1 collections in 0.000000 seconds
[2017.04.11-01.11.50:461][  0]LogContentBrowser: Native class hierarchy populated in 0.0067 seconds. Added 2245 classes and 453 folders.
[2017.04.11-01.11.50:510][  0]LogContentBrowser: Native class hierarchy updated for 'WidgetCarousel' in 0.0004 seconds. Added 0 classes and 0 folders.
[2017.04.11-01.11.50:539][  0]LogContentBrowser: Native class hierarchy updated for 'AddContentDialog' in 0.0004 seconds. Added 0 classes and 0 folders.
[2017.04.11-01.11.50:575][  0]LogContentBrowser: Native class hierarchy updated for 'SceneOutliner' in 0.0004 seconds. Added 1 classes and 2 folders.
[2017.04.11-01.11.50:614][  0]LogCrashTracker: Crashtracker disabled due to settings.
[2017.04.11-01.11.50:619][  0]LogUObjectGlobals:Warning: Failed to find object 'Class None.'
[2017.04.11-01.11.50:674][  0]LogContentBrowser: Native class hierarchy updated for 'HierarchicalLODOutliner' in 0.0004 seconds. Added 1 classes and 2 folders.
[2017.04.11-01.11.50:675][  0]LogLoad: (Engine Initialization) Total time: 22.14 seconds
[2017.04.11-01.11.50:675][  0]LogLoad: (Engine Initialization) Total Blueprint compile time: 1.25 seconds
[2017.04.11-01.11.50:675][  0]LogExternalProfiler: Found external profiler: VSPerf
[2017.04.11-01.11.50:675][  0]LogExternalProfiler: Using external profiler: VSPerf
[2017.04.11-01.11.50:684][  0]LogOcInput: OculusInput pre-init called
[2017.04.11-01.11.50:703][  0]LogContentStreaming: Texture pool size now 1000 MB
[2017.04.11-01.11.50:706][  0]LogSlate: Took 0.000132 seconds to synchronously load lazily loaded font '../../../Engine/Content/Slate/Fonts/Roboto-Bold.ttf' (160K)
[2017.04.11-01.11.50:708][  0]LogSlate: Took 0.000160 seconds to synchronously load lazily loaded font '../../../Engine/Content/Editor/Slate/Fonts/FontAwesome.ttf' (139K)
[2017.04.11-01.11.50:794][  0]LogSlate: Took 0.000143 seconds to synchronously load lazily loaded font '../../../Engine/Content/Slate/Fonts/Roboto-Light.ttf' (159K)
[2017.04.11-01.11.50:831][  1]LogRenderer: Reallocating scene render targets to support 972x512 NumSamples 1 (Frame:2).
[2017.04.11-01.11.50:890][  2]LogAssetRegistry: Asset discovery search completed in 17.0466 seconds
[2017.04.11-01.11.50:890][  2]LogCollectionManager: Rebuilt the object cache for 1 collections in 0.000006 seconds (found 0 objects)
[2017.04.11-01.11.50:890][  2]LogCollectionManager: Fixed up redirectors for 1 collections in 0.000017 seconds (updated 0 objects)
[2017.04.11-01.11.54:542][368]LogRenderer: Reallocating scene render targets to support 972x592 NumSamples 1 (Frame:371).
[2017.04.11-01.13.19:488][969]LogSlate: Took 0.000128 seconds to synchronously load lazily loaded font '../../../Engine/Content/Slate/Fonts/Roboto-Light.ttf' (159K)
[2017.04.11-01.13.19:828][969]LogContentBrowser: Native class hierarchy updated for 'BlueprintGraph' in 0.0006 seconds. Added 112 classes and 0 folders.
[2017.04.11-01.13.20:414][969]LogSlate: Took 0.000146 seconds to synchronously load lazily loaded font '../../../Engine/Content/Slate/Fonts/Roboto-Light.ttf' (159K)
[2017.04.11-01.13.20:415][969]LogSlate: Took 0.000144 seconds to synchronously load lazily loaded font '../../../Engine/Content/Editor/Slate/Fonts/Roboto-BoldCondensed.ttf' (158K)
[2017.04.11-01.13.21:968][120]LogSlate: Took 0.000155 seconds to synchronously load lazily loaded font '../../../Engine/Content/Editor/Slate/Fonts/Roboto-Italic.ttf' (157K)
[2017.04.11-01.13.51:082][575]BlueprintLog: New page: Compile SingleQuest
[2017.04.11-01.13.51:095][575]LogBlueprint:Error: [Compiler SingleQuest] Error The type of  Object  is undetermined.  Connect something to  Cast To Quest1  to imply a specific type.
[2017.04.11-01.13.51:095][575]LogBlueprint:Error: [Compiler SingleQuest] Error The current value of the ' Object ' pin is invalid: Unsupported type Wildcard on pin Object
[2017.04.11-01.13.51:439][575]BlueprintEditorCompileResults:Error: Error The type of  Object  is undetermined.  Connect something to  Cast To Quest1  to imply a specific type.
[2017.04.11-01.13.51:439][575]BlueprintEditorCompileResults:Error: Error The current value of the ' Object ' pin is invalid: Unsupported type Wildcard on pin Object
[2017.04.11-01.13.51:439][575]LogBlueprint:Warning: [Compiler SingleQuest] Warning [0142.90] Compile of SingleQuest failed. 2 Fatal Issue(s) 0 Warning(s) [in 357 ms] (/Game/ReDestiny/Widgets/ProgressMenu/SingleQuest.SingleQuest)
[2017.04.11-01.13.56:881][170]BlueprintLog: New page: Compile SingleQuest
[2017.04.11-01.13.57:114][170]LogSavePackage: Save=26.61ms
[2017.04.11-01.13.57:114][170]LogSavePackage: Moving '../../../../../../Users/Steven4K/Desktop/ReDestiny/DestinyRedux/Saved/SingleQuestC729D37D4E24BBE9886F98A0966B6E9E.tmp' to '../../../../../../Users/Steven4K/Desktop/ReDestiny/DestinyRedux/Content/ReDestiny/Widgets/ProgressMenu/SingleQuest.uasset'
[2017.04.11-01.13.57:116][170]LogSavePackage:Display: Finished SavePackage ../../../../../../Users/Steven4K/Desktop/ReDestiny/DestinyRedux/Content/ReDestiny/Widgets/ProgressMenu/SingleQuest.uasset
[2017.04.11-01.14.01:179][643]BlueprintLog: New page: Compile SingleQuest
[2017.04.11-01.14.01:426][643]LogSavePackage: Save=49.44ms
[2017.04.11-01.14.01:426][643]LogSavePackage: Moving '../../../../../../Users/Steven4K/Desktop/ReDestiny/DestinyRedux/Saved/SingleQuest2DE90D804677C17C344906B5CD1E59FB.tmp' to '../../../../../../Users/Steven4K/Desktop/ReDestiny/DestinyRedux/Content/ReDestiny/Widgets/ProgressMenu/SingleQuest.uasset'
[2017.04.11-01.14.01:428][643]LogSavePackage:Display: Finished SavePackage ../../../../../../Users/Steven4K/Desktop/ReDestiny/DestinyRedux/Content/ReDestiny/Widgets/ProgressMenu/SingleQuest.uasset
[2017.04.11-01.21.14:595][754]LogSavePackage: Save=6.72ms
[2017.04.11-01.21.14:595][754]LogSavePackage: Moving '../../../../../../Users/Steven4K/Desktop/ReDestiny/DestinyRedux/Saved/Quest10DBE01224FFCF4D93A448BBE9C07AE05.tmp' to '../../../../../../Users/Steven4K/Desktop/ReDestiny/DestinyRedux/Content/ReDestiny/Blueprints/MissionsAndQuests/Quest1.uasset'
[2017.04.11-01.21.14:597][754]LogSavePackage:Display: Finished SavePackage ../../../../../../Users/Steven4K/Desktop/ReDestiny/DestinyRedux/Content/ReDestiny/Blueprints/MissionsAndQuests/Quest1.uasset
[2017.04.11-01.21.15:076][754]LogObjectTools:Warning: ForceReplaceReferences replaced references for a transient object 'DEADCLASS_BP_MasterMissionQuest_C_0' or package '/Engine/Transient'.
[2017.04.11-01.21.15:076][754]LogObjectTools:Warning: ForceReplaceReferences replaced references for a transient object 'DEADCLASS_BP_MasterMissionQuest_C_1' or package '/Engine/Transient'.
[2017.04.11-01.21.15:076][754]LogObjectTools:Warning: ForceReplaceReferences replaced references for a transient object 'ObjectProperty_1109' or package '/Engine/Transient'.
[2017.04.11-01.21.15:076][754]LogObjectTools:Warning: ForceReplaceReferences replaced references for a transient object 'FunctionalTestRef' or package '/Engine/Transient'.
[2017.04.11-01.21.15:076][754]LogObjectTools:Warning: ForceReplaceReferences replaced references for a transient object 'Default_CurrentStep' or package '/Engine/Transient'.
[2017.04.11-01.21.15:076][754]LogObjectTools:Warning: ForceReplaceReferences replaced references for a transient object 'Default_CurrentSubsteps' or package '/Engine/Transient'.
[2017.04.11-01.21.15:076][754]LogObjectTools:Warning: ForceReplaceReferences replaced references for a transient object 'Default_SubstepStatuses' or package '/Engine/Transient'.
[2017.04.11-01.21.15:076][754]LogObjectTools:Warning: ForceReplaceReferences replaced references for a transient object 'Default_SubstepsPerStep' or package '/Engine/Transient'.
[2017.04.11-01.21.15:076][754]LogObjectTools:Warning: ForceReplaceReferences replaced references for a transient object 'Default_MissionQuestInfo' or package '/Engine/Transient'.
[2017.04.11-01.21.15:076][754]LogObjectTools:Warning: ForceReplaceReferences replaced references for a transient object 'UpdateSubstepStatus' or package '/Engine/Transient'.
[2017.04.11-01.21.15:076][754]LogObjectTools:Warning: ForceReplaceReferences replaced references for a transient object 'UpdateCurrentSubsteps' or package '/Engine/Transient'.
[2017.04.11-01.21.15:076][754]LogObjectTools:Warning: ForceReplaceReferences replaced references for a transient object 'CompleteSubstep' or package '/Engine/Transient'.
[2017.04.11-01.21.15:076][754]LogObjectTools:Warning: ForceReplaceReferences replaced references for a transient object 'CompleteMissionQuest(Stub)' or package '/Engine/Transient'.
[2017.04.11-01.21.15:076][754]LogObjectTools:Warning: ForceReplaceReferences replaced references for a transient object 'AutomationChecks' or package '/Engine/Transient'.
[2017.04.11-01.21.15:076][754]LogObjectTools:Warning: ForceReplaceReferences replaced references for a transient object 'EnsureSanity' or package '/Engine/Transient'.
[2017.04.11-01.21.15:076][754]LogObjectTools:Warning: ForceReplaceReferences replaced references for a transient object 'InitMissionQuest' or package '/Engine/Transient'.
[2017.04.11-01.21.15:076][754]LogObjectTools:Warning: ForceReplaceReferences replaced references for a transient object 'REINST_SKEL_BP_MasterMissionQuest_C_238' or package '/Engine/Transient'.
[2017.04.11-01.21.15:076][754]LogObjectTools:Warning: ForceReplaceReferences replaced references for a transient object 'REINST_BP_MasterMissionQuest_C_237' or package '/Engine/Transient'.
[2017.04.11-01.21.15:076][754]LogObjectTools:Warning: ForceReplaceReferences replaced references for a transient object 'ObjectProperty_1216' or package '/Engine/Transient'.
[2017.04.11-01.21.15:076][754]LogObjectTools:Warning: ForceReplaceReferences replaced references for a transient object 'QuestRef' or package '/Game/ReDestiny/Widgets/ProgressMenu/SingleQuest'.
[2017.04.11-01.21.15:076][754]LogObjectTools:Warning: ForceReplaceReferences replaced references for a transient object 'QuestRef' or package '/Engine/Transient'.
[2017.04.11-01.22.54:885][576]LogFileHelpers: Editor autosave (incl. sublevels) for '/Game/ReDestiny/Maps/Level_ShipModular' took 0.018
[2017.04.11-01.22.54:887][576]OBJ SavePackage: Generating thumbnails for [0] asset(s) in package [/Game/ReDestiny/Widgets/ProgressMenu/SingleQuest] ([1] browsable assets)...
[2017.04.11-01.22.54:887][576]OBJ SavePackage: Finished generating thumbnails for package [/Game/ReDestiny/Widgets/ProgressMenu/SingleQuest]
[2017.04.11-01.22.54:992][576]LogSavePackage: Save=26.77ms
[2017.04.11-01.22.54:992][576]LogSavePackage: Moving '../../../../../../Users/Steven4K/Desktop/ReDestiny/DestinyRedux/Saved/SingleQuest_Auto13FD143404C04E8D25D29A39D7CCACC8C.tmp' to '../../../../../../Users/Steven4K/Desktop/ReDestiny/DestinyRedux/Saved/Autosaves/Game/ReDestiny/Widgets/ProgressMenu/SingleQuest_Auto1.uasset'
[2017.04.11-01.22.54:993][576]LogSavePackage:Display: Finished SavePackage ../../../../../../Users/Steven4K/Desktop/ReDestiny/DestinyRedux/Saved/Autosaves/Game/ReDestiny/Widgets/ProgressMenu/SingleQuest_Auto1.uasset
[2017.04.11-01.22.54:993][576]LogFileHelpers: Auto-saving content packages took 0.108
[2017.04.11-01.25.28:015][861]LogSavePackage: Save=116.13ms
[2017.04.11-01.25.28:015][861]LogSavePackage: Moving '../../../../../../Users/Steven4K/Desktop/ReDestiny/DestinyRedux/Saved/BP_MasterMissionQuestDC9F7C6F4C2568B32585418C61ACDAD6.tmp' to '../../../../../../Users/Steven4K/Desktop/ReDestiny/DestinyRedux/Content/ReDestiny/Blueprints/MissionsAndQuests/BP_MasterMissionQuest.uasset'
[2017.04.11-01.25.28:017][861]LogSavePackage:Display: Finished SavePackage ../../../../../../Users/Steven4K/Desktop/ReDestiny/DestinyRedux/Content/ReDestiny/Blueprints/MissionsAndQuests/BP_MasterMissionQuest.uasset
[2017.04.11-01.25.28:018][861]LogMetaData: Removing '/Game/ReDestiny/Blueprints/MissionsAndQuests/BP_MasterMissionQuest.BP_MasterMissionQuest:UserConstructionScript.K2Node_FunctionEntry_0' ref from Metadata '/Game/ReDestiny/Blueprints/MissionsAndQuests/BP_MasterMissionQuest2.PackageMetaData'
[2017.04.11-01.25.28:018][861]LogMetaData: Removing '/Game/ReDestiny/Blueprints/MissionsAndQuests/BP_MasterMissionQuest.BP_MasterMissionQuest_C' ref from Metadata '/Game/ReDestiny/Blueprints/MissionsAndQuests/BP_MasterMissionQuest2.PackageMetaData'
[2017.04.11-01.25.28:019][861]LogMetaData: Removing '/Game/ReDestiny/Blueprints/MissionsAndQuests/BP_MasterMissionQuest.BP_MasterMissionQuest:EventGraph.K2Node_Event_0' ref from Metadata '/Game/ReDestiny/Blueprints/MissionsAndQuests/BP_MasterMissionQuest2.PackageMetaData'
[2017.04.11-01.25.28:019][861]LogMetaData: Removing '/Game/ReDestiny/Blueprints/MissionsAndQuests/BP_MasterMissionQuest.BP_MasterMissionQuest:UpdateSubstepStatus.K2Node_FunctionEntry_1' ref from Metadata '/Game/ReDestiny/Blueprints/MissionsAndQuests/BP_MasterMissionQuest2.PackageMetaData'
[2017.04.11-01.25.28:019][861]LogMetaData: Removing '/Game/ReDestiny/Blueprints/MissionsAndQuests/BP_MasterMissionQuest.BP_MasterMissionQuest:UpdateCurrentSubsteps.K2Node_FunctionEntry_2' ref from Metadata '/Game/ReDestiny/Blueprints/MissionsAndQuests/BP_MasterMissionQuest2.PackageMetaData'
[2017.04.11-01.25.28:019][861]LogMetaData: Removing '/Game/ReDestiny/Blueprints/MissionsAndQuests/BP_MasterMissionQuest.BP_MasterMissionQuest:CompleteSubstep.K2Node_FunctionEntry_3' ref from Metadata '/Game/ReDestiny/Blueprints/MissionsAndQuests/BP_MasterMissionQuest2.PackageMetaData'
[2017.04.11-01.25.28:019][861]LogMetaData: Removing '/Game/ReDestiny/Blueprints/MissionsAndQuests/BP_MasterMissionQuest.BP_MasterMissionQuest:CompleteMissionQuest(Stub).K2Node_FunctionEntry_4' ref from Metadata '/Game/ReDestiny/Blueprints/MissionsAndQuests/BP_MasterMissionQuest2.PackageMetaData'
[2017.04.11-01.25.28:019][861]LogMetaData: Removing '/Game/ReDestiny/Blueprints/MissionsAndQuests/BP_MasterMissionQuest.BP_MasterMissionQuest:AutomationTests.K2Node_FunctionEntry_5' ref from Metadata '/Game/ReDestiny/Blueprints/MissionsAndQuests/BP_MasterMissionQuest2.PackageMetaData'
[2017.04.11-01.25.28:019][861]LogMetaData: Removing '/Game/ReDestiny/Blueprints/MissionsAndQuests/BP_MasterMissionQuest.BP_MasterMissionQuest:EnsureSanity.K2Node_FunctionEntry_6' ref from Metadata '/Game/ReDestiny/Blueprints/MissionsAndQuests/BP_MasterMissionQuest2.PackageMetaData'
[2017.04.11-01.25.28:019][861]LogMetaData: Removing '/Game/ReDestiny/Blueprints/MissionsAndQuests/BP_MasterMissionQuest.BP_MasterMissionQuest:InitMissionQuest.K2Node_FunctionEntry_7' ref from Metadata '/Game/ReDestiny/Blueprints/MissionsAndQuests/BP_MasterMissionQuest2.PackageMetaData'
[2017.04.11-01.25.28:019][861]LogMetaData: Removing '/Game/ReDestiny/Blueprints/MissionsAndQuests/BP_MasterMissionQuest.SKEL_BP_MasterMissionQuest_C' ref from Metadata '/Game/ReDestiny/Blueprints/MissionsAndQuests/BP_MasterMissionQuest2.PackageMetaData'
[2017.04.11-01.25.28:315][861]LogSavePackage: Save=115.29ms
[2017.04.11-01.25.28:316][861]LogSavePackage: Moving '../../../../../../Users/Steven4K/Desktop/ReDestiny/DestinyRedux/Saved/BP_MasterMissionQuest08E8558D4DFD2F0FCB388FABAA7D81ED.tmp' to '../../../../../../Users/Steven4K/Desktop/ReDestiny/DestinyRedux/Content/ReDestiny/Blueprints/MissionsAndQuests/BP_MasterMissionQuest.uasset'
[2017.04.11-01.25.28:320][861]LogSavePackage:Display: Finished SavePackage ../../../../../../Users/Steven4K/Desktop/ReDestiny/DestinyRedux/Content/ReDestiny/Blueprints/MissionsAndQuests/BP_MasterMissionQuest.uasset
[2017.04.11-01.26.33:850][620]LogSlate: Took 0.000165 seconds to synchronously load lazily loaded font '../../../Engine/Content/Editor/Slate/Fonts/Roboto-BoldCondensedItalic.ttf' (160K)
[2017.04.11-01.26.46:504][121]BlueprintLog: New page: Compile Quest01
[2017.04.11-01.26.46:724][121]LogSavePackage: Save=9.70ms
[2017.04.11-01.26.46:724][121]LogSavePackage: Moving '../../../../../../Users/Steven4K/Desktop/ReDestiny/DestinyRedux/Saved/Quest0116E2D3CE4AC26A7C0D2CA9A0040833B4.tmp' to '../../../../../../Users/Steven4K/Desktop/ReDestiny/DestinyRedux/Content/ReDestiny/Blueprints/MissionsAndQuests/Quest01.uasset'
[2017.04.11-01.26.46:726][121]LogSavePackage:Display: Finished SavePackage ../../../../../../Users/Steven4K/Desktop/ReDestiny/DestinyRedux/Content/ReDestiny/Blueprints/MissionsAndQuests/Quest01.uasset
[2017.04.11-01.26.51:624][700]BlueprintLog: New page: Compile Quest01
[2017.04.11-01.26.51:818][700]LogSavePackage: Save=8.77ms
[2017.04.11-01.26.51:818][700]LogSavePackage: Moving '../../../../../../Users/Steven4K/Desktop/ReDestiny/DestinyRedux/Saved/Quest01A4B9296047C6134A00E04D9B6D5ED166.tmp' to '../../../../../../Users/Steven4K/Desktop/ReDestiny/DestinyRedux/Content/ReDestiny/Blueprints/MissionsAndQuests/Quest01.uasset'
[2017.04.11-01.26.51:821][700]LogSavePackage:Display: Finished SavePackage ../../../../../../Users/Steven4K/Desktop/ReDestiny/DestinyRedux/Content/ReDestiny/Blueprints/MissionsAndQuests/Quest01.uasset
[2017.04.11-01.27.16:485][629]LogClass:Warning: Type mismatch in This_SubstepsPerStep of SKEL_Quest01_C - Previous (StructProperty) Current(IntProperty) for package:  FObjectReader
[2017.04.11-01.27.17:837][787]BlueprintLog: New page: Compile Quest01
[2017.04.11-01.27.18:105][787]LogSavePackage: Save=9.32ms
[2017.04.11-01.27.18:105][787]LogSavePackage: Moving '../../../../../../Users/Steven4K/Desktop/ReDestiny/DestinyRedux/Saved/Quest01DA1D38B344C78467522277882201A854.tmp' to '../../../../../../Users/Steven4K/Desktop/ReDestiny/DestinyRedux/Content/ReDestiny/Blueprints/MissionsAndQuests/Quest01.uasset'
[2017.04.11-01.27.18:108][787]LogSavePackage:Display: Finished SavePackage ../../../../../../Users/Steven4K/Desktop/ReDestiny/DestinyRedux/Content/ReDestiny/Blueprints/MissionsAndQuests/Quest01.uasset
[2017.04.11-01.27.27:965][952]BlueprintLog: New page: Compile Quest01
[2017.04.11-01.27.28:297][952]LogSavePackage: Save=76.17ms
[2017.04.11-01.27.28:297][952]LogSavePackage: Moving '../../../../../../Users/Steven4K/Desktop/ReDestiny/DestinyRedux/Saved/Quest01FED961C448751B27DC4C7DB9D0A16723.tmp' to '../../../../../../Users/Steven4K/Desktop/ReDestiny/DestinyRedux/Content/ReDestiny/Blueprints/MissionsAndQuests/Quest01.uasset'
[2017.04.11-01.27.28:299][952]LogSavePackage:Display: Finished SavePackage ../../../../../../Users/Steven4K/Desktop/ReDestiny/DestinyRedux/Content/ReDestiny/Blueprints/MissionsAndQuests/Quest01.uasset
[2017.04.11-01.27.31:635][346]BlueprintLog: New page: Compile Quest01
[2017.04.11-01.27.31:827][346]LogSavePackage: Save=11.12ms
[2017.04.11-01.27.31:827][346]LogSavePackage: Moving '../../../../../../Users/Steven4K/Desktop/ReDestiny/DestinyRedux/Saved/Quest013C22B7D247F6D264AA1ED28986A09F3C.tmp' to '../../../../../../Users/Steven4K/Desktop/ReDestiny/DestinyRedux/Content/ReDestiny/Blueprints/MissionsAndQuests/Quest01.uasset'
[2017.04.11-01.27.31:829][346]LogSavePackage:Display: Finished SavePackage ../../../../../../Users/Steven4K/Desktop/ReDestiny/DestinyRedux/Content/ReDestiny/Blueprints/MissionsAndQuests/Quest01.uasset
[2017.04.11-01.27.57:085][350]BlueprintLog: New page: Compile Quest01
[2017.04.11-01.27.57:354][350]LogSavePackage: Save=9.48ms
[2017.04.11-01.27.57:354][350]LogSavePackage: Moving '../../../../../../Users/Steven4K/Desktop/ReDestiny/DestinyRedux/Saved/Quest010D77DB524FA669095E702B8834B056FA.tmp' to '../../../../../../Users/Steven4K/Desktop/ReDestiny/DestinyRedux/Content/ReDestiny/Blueprints/MissionsAndQuests/Quest01.uasset'
[2017.04.11-01.27.57:357][350]LogSavePackage:Display: Finished SavePackage ../../../../../../Users/Steven4K/Desktop/ReDestiny/DestinyRedux/Content/ReDestiny/Blueprints/MissionsAndQuests/Quest01.uasset
[2017.04.11-01.28.07:348][524]BlueprintLog: New page: Compile Quest01
[2017.04.11-01.28.07:622][524]LogSavePackage: Save=9.90ms
[2017.04.11-01.28.07:622][524]LogSavePackage: Moving '../../../../../../Users/Steven4K/Desktop/ReDestiny/DestinyRedux/Saved/Quest013F6315DA4FC7422FD04A7A9881541709.tmp' to '../../../../../../Users/Steven4K/Desktop/ReDestiny/DestinyRedux/Content/ReDestiny/Blueprints/MissionsAndQuests/Quest01.uasset'
[2017.04.11-01.28.07:624][524]LogSavePackage:Display: Finished SavePackage ../../../../../../Users/Steven4K/Desktop/ReDestiny/DestinyRedux/Content/ReDestiny/Blueprints/MissionsAndQuests/Quest01.uasset
[2017.04.11-01.28.10:230][832]BlueprintLog: New page: Compile Quest01
[2017.04.11-01.28.10:423][832]LogSavePackage: Save=9.23ms
[2017.04.11-01.28.10:423][832]LogSavePackage: Moving '../../../../../../Users/Steven4K/Desktop/ReDestiny/DestinyRedux/Saved/Quest01031354C44672ABCFF5E4AB9A08C29E3B.tmp' to '../../../../../../Users/Steven4K/Desktop/ReDestiny/DestinyRedux/Content/ReDestiny/Blueprints/MissionsAndQuests/Quest01.uasset'
[2017.04.11-01.28.10:425][832]LogSavePackage:Display: Finished SavePackage ../../../../../../Users/Steven4K/Desktop/ReDestiny/DestinyRedux/Content/ReDestiny/Blueprints/MissionsAndQuests/Quest01.uasset
[2017.04.11-01.28.39:780][324]BlueprintLog: New page: Compile Quest01
[2017.04.11-01.28.40:050][324]LogSavePackage: Save=9.56ms
[2017.04.11-01.28.40:050][324]LogSavePackage: Moving '../../../../../../Users/Steven4K/Desktop/ReDestiny/DestinyRedux/Saved/Quest019C4CA4FB4C29EC2CB52129A6B254A781.tmp' to '../../../../../../Users/Steven4K/Desktop/ReDestiny/DestinyRedux/Content/ReDestiny/Blueprints/MissionsAndQuests/Quest01.uasset'
[2017.04.11-01.28.40:052][324]LogSavePackage:Display: Finished SavePackage ../../../../../../Users/Steven4K/Desktop/ReDestiny/DestinyRedux/Content/ReDestiny/Blueprints/MissionsAndQuests/Quest01.uasset
[2017.04.11-01.28.47:410][190]BlueprintLog: New page: Compile Quest01
[2017.04.11-01.28.47:603][190]LogSavePackage: Save=9.52ms
[2017.04.11-01.28.47:603][190]LogSavePackage: Moving '../../../../../../Users/Steven4K/Desktop/ReDestiny/DestinyRedux/Saved/Quest01594845904DEA22FC30BCDA9F997C52AF.tmp' to '../../../../../../Users/Steven4K/Desktop/ReDestiny/DestinyRedux/Content/ReDestiny/Blueprints/MissionsAndQuests/Quest01.uasset'
[2017.04.11-01.28.47:605][190]LogSavePackage:Display: Finished SavePackage ../../../../../../Users/Steven4K/Desktop/ReDestiny/DestinyRedux/Content/ReDestiny/Blueprints/MissionsAndQuests/Quest01.uasset
[2017.04.11-01.29.06:315][406]BlueprintLog: New page: Compile Quest01
[2017.04.11-01.29.06:587][406]LogSavePackage: Save=10.45ms
[2017.04.11-01.29.06:587][406]LogSavePackage: Moving '../../../../../../Users/Steven4K/Desktop/ReDestiny/DestinyRedux/Saved/Quest01ECAE0C8B4A335AEDBB67489790EB3871.tmp' to '../../../../../../Users/Steven4K/Desktop/ReDestiny/DestinyRedux/Content/ReDestiny/Blueprints/MissionsAndQuests/Quest01.uasset'
[2017.04.11-01.29.06:590][406]LogSavePackage:Display: Finished SavePackage ../../../../../../Users/Steven4K/Desktop/ReDestiny/DestinyRedux/Content/ReDestiny/Blueprints/MissionsAndQuests/Quest01.uasset
[2017.04.11-01.29.09:357][732]BlueprintLog: New page: Compile Quest01
[2017.04.11-01.29.09:548][732]LogSavePackage: Save=10.19ms
[2017.04.11-01.29.09:548][732]LogSavePackage: Moving '../../../../../../Users/Steven4K/Desktop/ReDestiny/DestinyRedux/Saved/Quest0152E162FA4A119B942010A797EBA8B355.tmp' to '../../../../../../Users/Steven4K/Desktop/ReDestiny/DestinyRedux/Content/ReDestiny/Blueprints/MissionsAndQuests/Quest01.uasset'
[2017.04.11-01.29.09:550][732]LogSavePackage:Display: Finished SavePackage ../../../../../../Users/Steven4K/Desktop/ReDestiny/DestinyRedux/Content/ReDestiny/Blueprints/MissionsAndQuests/Quest01.uasset
[2017.04.11-01.33.18:070][601]LogActorComponent: UnregisterComponent: (/Engine/Transient.EditorFloorComp) Not registered. Aborting.
[2017.04.11-01.33.18:226][601]LogObjectTools:Warning: ForceReplaceReferences replaced references for a transient object 'DEADCLASS_Quest1_C_2' or package '/Engine/Transient'.
[2017.04.11-01.33.18:226][601]LogObjectTools:Warning: ForceReplaceReferences replaced references for a transient object 'DEADCLASS_Quest1_C_3' or package '/Engine/Transient'.
[2017.04.11-01.33.18:226][601]LogObjectTools:Warning: ForceReplaceReferences replaced references for a transient object 'This_MissionQuestInfo' or package '/Engine/Transient'.
[2017.04.11-01.33.18:226][601]LogObjectTools:Warning: ForceReplaceReferences replaced references for a transient object 'REINST_SKEL_Quest1_C_368' or package '/Engine/Transient'.
[2017.04.11-01.33.18:226][601]LogObjectTools:Warning: ForceReplaceReferences replaced references for a transient object 'This_SubstepsPerStep' or package '/Engine/Transient'.
[2017.04.11-01.33.18:226][601]LogObjectTools:Warning: ForceReplaceReferences replaced references for a transient object 'This_SubstepStatuses' or package '/Engine/Transient'.
[2017.04.11-01.33.18:226][601]LogObjectTools:Warning: ForceReplaceReferences replaced references for a transient object 'This_CurrentSubsteps' or package '/Engine/Transient'.
[2017.04.11-01.33.18:226][601]LogObjectTools:Warning: ForceReplaceReferences replaced references for a transient object 'This_CurrentStep' or package '/Engine/Transient'.
[2017.04.11-01.33.18:226][601]LogObjectTools:Warning: ForceReplaceReferences replaced references for a transient object 'REINST_Quest1_C_367' or package '/Engine/Transient'.
[2017.04.11-01.33.24:675][342]LogSavePackage: Save=10.12ms
[2017.04.11-01.33.24:675][342]LogSavePackage: Moving '../../../../../../Users/Steven4K/Desktop/ReDestiny/DestinyRedux/Saved/Quest1BEA133774DC7880495FD6BB08333D046.tmp' to '../../../../../../Users/Steven4K/Desktop/ReDestiny/DestinyRedux/Content/ReDestiny/Blueprints/MissionsAndQuests/Quest1.uasset'
[2017.04.11-01.33.24:677][342]LogSavePackage:Display: Finished SavePackage ../../../../../../Users/Steven4K/Desktop/ReDestiny/DestinyRedux/Content/ReDestiny/Blueprints/MissionsAndQuests/Quest1.uasset
[2017.04.11-01.33.24:678][342]LogMetaData: Removing '/Game/ReDestiny/Blueprints/MissionsAndQuests/Quest1.Quest1:UserConstructionScript.K2Node_FunctionEntry_0' ref from Metadata '/Game/ReDestiny/Blueprints/MissionsAndQuests/Quest01.PackageMetaData'
[2017.04.11-01.33.24:678][342]LogMetaData: Removing '/Game/ReDestiny/Blueprints/MissionsAndQuests/Quest1.SKEL_Quest1_C' ref from Metadata '/Game/ReDestiny/Blueprints/MissionsAndQuests/Quest01.PackageMetaData'
[2017.04.11-01.33.24:678][342]LogMetaData: Removing '/Game/ReDestiny/Blueprints/MissionsAndQuests/Quest1.Quest1_C' ref from Metadata '/Game/ReDestiny/Blueprints/MissionsAndQuests/Quest01.PackageMetaData'
[2017.04.11-01.33.24:678][342]LogMetaData: Removing '/Game/ReDestiny/Blueprints/MissionsAndQuests/Quest1.Quest1:EventGraph.K2Node_Event_0' ref from Metadata '/Game/ReDestiny/Blueprints/MissionsAndQuests/Quest01.PackageMetaData'
[2017.04.11-01.33.24:678][342]LogMetaData: Removing '/Game/ReDestiny/Blueprints/MissionsAndQuests/Quest1.Quest1:EventGraph.K2Node_Event_1' ref from Metadata '/Game/ReDestiny/Blueprints/MissionsAndQuests/Quest01.PackageMetaData'
[2017.04.11-01.33.24:678][342]LogMetaData: Removing '/Game/ReDestiny/Blueprints/MissionsAndQuests/Quest1.Quest1:EventGraph.K2Node_Event_2' ref from Metadata '/Game/ReDestiny/Blueprints/MissionsAndQuests/Quest01.PackageMetaData'
[2017.04.11-01.33.24:782][342]LogSavePackage: Save=10.66ms
[2017.04.11-01.33.24:782][342]LogSavePackage: Moving '../../../../../../Users/Steven4K/Desktop/ReDestiny/DestinyRedux/Saved/Quest169DEF71D468A98C281684C9C75DF782D.tmp' to '../../../../../../Users/Steven4K/Desktop/ReDestiny/DestinyRedux/Content/ReDestiny/Blueprints/MissionsAndQuests/Quest1.uasset'
[2017.04.11-01.33.24:784][342]LogSavePackage:Display: Finished SavePackage ../../../../../../Users/Steven4K/Desktop/ReDestiny/DestinyRedux/Content/ReDestiny/Blueprints/MissionsAndQuests/Quest1.uasset
[2017.04.11-01.33.26:626][520]LogSavePackage: Save=66.95ms
[2017.04.11-01.33.26:626][520]LogSavePackage: Moving '../../../../../../Users/Steven4K/Desktop/ReDestiny/DestinyRedux/Saved/Level_ShipModular7063B31047997C441F26AEBCA496AA7C.tmp' to '../../../../../../Users/Steven4K/Desktop/ReDestiny/DestinyRedux/Content/ReDestiny/Maps/Level_ShipModular.umap'
[2017.04.11-01.33.26:627][520]LogSavePackage:Display: Finished SavePackage ../../../../../../Users/Steven4K/Desktop/ReDestiny/DestinyRedux/Content/ReDestiny/Maps/Level_ShipModular.umap
[2017.04.11-01.33.26:750][520]LogSavePackage: Save=16.63ms
[2017.04.11-01.33.26:750][520]LogSavePackage: Moving '../../../../../../Users/Steven4K/Desktop/ReDestiny/DestinyRedux/Saved/Level_ShipModular_BuiltData7A2421CF4705090036E6228D0B2DCB02.tmp' to '../../../../../../Users/Steven4K/Desktop/ReDestiny/DestinyRedux/Content/ReDestiny/Maps/Level_ShipModular_BuiltData.uasset'
[2017.04.11-01.33.26:751][520]LogSavePackage:Display: Finished SavePackage ../../../../../../Users/Steven4K/Desktop/ReDestiny/DestinyRedux/Content/ReDestiny/Maps/Level_ShipModular_BuiltData.uasset
[2017.04.11-01.35.36:697][103]LogEditorViewport: Clicking on Actor (LMB): Actor (Actor)
[2017.04.11-01.35.40:396][543]Cmd: DELETE
[2017.04.11-01.35.40:396][543]Cmd: ACTOR DELETE
[2017.04.11-01.35.40:615][543]LogEditorActor: Deleted Actor: Actor
[2017.04.11-01.35.40:632][543]LogEditorActor: Deleted 1 Actors (0.019 secs)
[2017.04.11-01.35.55:423][288]LogSavePackage: Save=67.14ms
[2017.04.11-01.35.55:423][288]LogSavePackage: Moving '../../../../../../Users/Steven4K/Desktop/ReDestiny/DestinyRedux/Saved/Level_ShipModular504C3A114D1A8528C75CB09008FD52F0.tmp' to '../../../../../../Users/Steven4K/Desktop/ReDestiny/DestinyRedux/Content/ReDestiny/Maps/Level_ShipModular.umap'
[2017.04.11-01.35.55:426][288]LogSavePackage:Display: Finished SavePackage ../../../../../../Users/Steven4K/Desktop/ReDestiny/DestinyRedux/Content/ReDestiny/Maps/Level_ShipModular.umap
[2017.04.11-01.35.55:546][288]LogSavePackage: Save=15.83ms
[2017.04.11-01.35.55:546][288]LogSavePackage: Moving '../../../../../../Users/Steven4K/Desktop/ReDestiny/DestinyRedux/Saved/Level_ShipModular_BuiltData3FD99B2C4DC1F63FEC20E2818A959A9A.tmp' to '../../../../../../Users/Steven4K/Desktop/ReDestiny/DestinyRedux/Content/ReDestiny/Maps/Level_ShipModular_BuiltData.uasset'
[2017.04.11-01.35.55:548][288]LogSavePackage:Display: Finished SavePackage ../../../../../../Users/Steven4K/Desktop/ReDestiny/DestinyRedux/Content/ReDestiny/Maps/Level_ShipModular_BuiltData.uasset
[2017.04.11-01.36.15:047][723]LogWindows: Windows GetLastError: The operation completed successfully. (0)
